{"/workspaces/21-kintone/packages/ktplug-read-felica/src/ErrorFallback.tsx": {"path":"/workspaces/21-kintone/packages/ktplug-read-felica/src/ErrorFallback.tsx","all":false,"statementMap":{"0":{"start":{"line":1,"column":0},"end":{"line":1,"column":31}},"1":{"start":{"line":2,"column":0},"end":{"line":2,"column":8}},"2":{"start":{"line":3,"column":0},"end":{"line":3,"column":21}},"3":{"start":{"line":4,"column":0},"end":{"line":4,"column":54}},"4":{"start":{"line":5,"column":0},"end":{"line":5,"column":10}},"5":{"start":{"line":6,"column":0},"end":{"line":6,"column":22}},"6":{"start":{"line":7,"column":0},"end":{"line":7,"column":24}},"7":{"start":{"line":8,"column":0},"end":{"line":8,"column":32}},"8":{"start":{"line":9,"column":0},"end":{"line":9,"column":57}},"10":{"start":{"line":11,"column":0},"end":{"line":11,"column":15}},"11":{"start":{"line":12,"column":0},"end":{"line":12,"column":10}},"13":{"start":{"line":14,"column":0},"end":{"line":14,"column":1}}},"s":{"0":1,"1":2,"2":2,"3":2,"4":2,"5":2,"6":2,"7":2,"8":2,"10":2,"11":2,"13":2},"branchMap":{"0":{"type":"branch","line":1,"loc":{"start":{"line":1,"column":7},"end":{"line":14,"column":1}},"locations":[{"start":{"line":1,"column":7},"end":{"line":14,"column":1}}]}},"b":{"0":[2]},"fnMap":{"0":{"name":"ErrorFallback","decl":{"start":{"line":1,"column":7},"end":{"line":14,"column":1}},"loc":{"start":{"line":1,"column":7},"end":{"line":14,"column":1}},"line":1}},"f":{"0":2}}
,"/workspaces/21-kintone/packages/ktplug-read-felica/src/config.tsx": {"path":"/workspaces/21-kintone/packages/ktplug-read-felica/src/config.tsx","all":false,"statementMap":{"0":{"start":{"line":1,"column":0},"end":{"line":1,"column":73}},"1":{"start":{"line":2,"column":0},"end":{"line":2,"column":33}},"2":{"start":{"line":3,"column":0},"end":{"line":3,"column":46}},"3":{"start":{"line":4,"column":0},"end":{"line":4,"column":53}},"4":{"start":{"line":5,"column":0},"end":{"line":5,"column":48}},"5":{"start":{"line":6,"column":0},"end":{"line":6,"column":46}},"7":{"start":{"line":8,"column":0},"end":{"line":8,"column":23}},"8":{"start":{"line":9,"column":0},"end":{"line":9,"column":61}},"9":{"start":{"line":10,"column":0},"end":{"line":10,"column":16}},"10":{"start":{"line":11,"column":0},"end":{"line":11,"column":44}},"11":{"start":{"line":12,"column":0},"end":{"line":12,"column":11}},"12":{"start":{"line":13,"column":0},"end":{"line":13,"column":3}},"13":{"start":{"line":14,"column":0},"end":{"line":14,"column":34}},"15":{"start":{"line":16,"column":0},"end":{"line":16,"column":40}},"17":{"start":{"line":18,"column":0},"end":{"line":18,"column":14}},"18":{"start":{"line":19,"column":0},"end":{"line":19,"column":53}},"19":{"start":{"line":20,"column":0},"end":{"line":20,"column":48}},"20":{"start":{"line":21,"column":0},"end":{"line":21,"column":51}},"21":{"start":{"line":22,"column":0},"end":{"line":22,"column":39}},"22":{"start":{"line":23,"column":0},"end":{"line":23,"column":19}},"23":{"start":{"line":24,"column":0},"end":{"line":24,"column":28}},"24":{"start":{"line":25,"column":0},"end":{"line":25,"column":21}},"25":{"start":{"line":26,"column":0},"end":{"line":26,"column":4}},"26":{"start":{"line":27,"column":0},"end":{"line":27,"column":23}}},"s":{"0":1,"1":1,"2":1,"3":1,"4":1,"5":1,"7":1,"8":2,"9":2,"10":1,"11":1,"12":1,"13":1,"15":1,"17":1,"18":1,"19":1,"20":1,"21":1,"22":1,"23":1,"24":1,"25":1,"26":1},"branchMap":{"0":{"type":"branch","line":8,"loc":{"start":{"line":8,"column":1},"end":{"line":27,"column":3}},"locations":[{"start":{"line":8,"column":1},"end":{"line":27,"column":3}}]},"1":{"type":"branch","line":10,"loc":{"start":{"line":10,"column":15},"end":{"line":27,"column":3}},"locations":[{"start":{"line":10,"column":15},"end":{"line":27,"column":3}}]}},"b":{"0":[2],"1":[1]},"fnMap":{},"f":{}}
,"/workspaces/21-kintone/packages/ktplug-read-felica/src/customize.tsx": {"path":"/workspaces/21-kintone/packages/ktplug-read-felica/src/customize.tsx","all":false,"statementMap":{"0":{"start":{"line":1,"column":0},"end":{"line":1,"column":66}},"1":{"start":{"line":2,"column":0},"end":{"line":2,"column":46}},"2":{"start":{"line":3,"column":0},"end":{"line":3,"column":8}},"7":{"start":{"line":8,"column":0},"end":{"line":8,"column":45}},"9":{"start":{"line":10,"column":0},"end":{"line":10,"column":17}},"11":{"start":{"line":12,"column":0},"end":{"line":12,"column":20}},"12":{"start":{"line":13,"column":0},"end":{"line":13,"column":5}},"13":{"start":{"line":14,"column":0},"end":{"line":14,"column":29}},"14":{"start":{"line":15,"column":0},"end":{"line":15,"column":31}},"16":{"start":{"line":17,"column":0},"end":{"line":17,"column":6}},"17":{"start":{"line":18,"column":0},"end":{"line":18,"column":16}},"19":{"start":{"line":20,"column":0},"end":{"line":20,"column":72}},"20":{"start":{"line":21,"column":0},"end":{"line":21,"column":28}},"21":{"start":{"line":22,"column":0},"end":{"line":22,"column":45}},"22":{"start":{"line":23,"column":0},"end":{"line":23,"column":7}},"23":{"start":{"line":24,"column":0},"end":{"line":24,"column":33}},"25":{"start":{"line":26,"column":0},"end":{"line":26,"column":77}},"26":{"start":{"line":27,"column":0},"end":{"line":27,"column":15}},"28":{"start":{"line":29,"column":0},"end":{"line":29,"column":72}},"29":{"start":{"line":30,"column":0},"end":{"line":30,"column":52}},"30":{"start":{"line":31,"column":0},"end":{"line":31,"column":43}},"31":{"start":{"line":32,"column":0},"end":{"line":32,"column":8}},"32":{"start":{"line":33,"column":0},"end":{"line":33,"column":15}},"33":{"start":{"line":34,"column":0},"end":{"line":34,"column":36}},"34":{"start":{"line":35,"column":0},"end":{"line":35,"column":57}},"35":{"start":{"line":36,"column":0},"end":{"line":36,"column":14}},"36":{"start":{"line":37,"column":0},"end":{"line":37,"column":24}},"37":{"start":{"line":38,"column":0},"end":{"line":38,"column":61}},"38":{"start":{"line":39,"column":0},"end":{"line":39,"column":10}},"39":{"start":{"line":40,"column":0},"end":{"line":40,"column":7}},"40":{"start":{"line":41,"column":0},"end":{"line":41,"column":19}},"41":{"start":{"line":42,"column":0},"end":{"line":42,"column":6}},"42":{"start":{"line":43,"column":0},"end":{"line":43,"column":4}},"44":{"start":{"line":45,"column":0},"end":{"line":45,"column":59}},"46":{"start":{"line":47,"column":0},"end":{"line":47,"column":70}},"47":{"start":{"line":48,"column":0},"end":{"line":48,"column":26}},"48":{"start":{"line":49,"column":0},"end":{"line":49,"column":43}},"49":{"start":{"line":50,"column":0},"end":{"line":50,"column":5}},"50":{"start":{"line":51,"column":0},"end":{"line":51,"column":31}},"53":{"start":{"line":54,"column":0},"end":{"line":54,"column":48}},"54":{"start":{"line":55,"column":0},"end":{"line":55,"column":8}},"55":{"start":{"line":56,"column":0},"end":{"line":56,"column":34}},"56":{"start":{"line":57,"column":0},"end":{"line":57,"column":65}},"57":{"start":{"line":58,"column":0},"end":{"line":58,"column":7}},"58":{"start":{"line":59,"column":0},"end":{"line":59,"column":22}},"59":{"start":{"line":60,"column":0},"end":{"line":60,"column":5}},"60":{"start":{"line":61,"column":0},"end":{"line":61,"column":8}},"61":{"start":{"line":62,"column":0},"end":{"line":62,"column":34}},"62":{"start":{"line":63,"column":0},"end":{"line":63,"column":65}},"63":{"start":{"line":64,"column":0},"end":{"line":64,"column":7}},"64":{"start":{"line":65,"column":0},"end":{"line":65,"column":22}},"65":{"start":{"line":66,"column":0},"end":{"line":66,"column":5}},"67":{"start":{"line":68,"column":0},"end":{"line":68,"column":15}},"68":{"start":{"line":69,"column":0},"end":{"line":69,"column":53}},"69":{"start":{"line":70,"column":0},"end":{"line":70,"column":16}},"70":{"start":{"line":71,"column":0},"end":{"line":71,"column":54}},"71":{"start":{"line":72,"column":0},"end":{"line":72,"column":7}},"72":{"start":{"line":73,"column":0},"end":{"line":73,"column":34}},"73":{"start":{"line":74,"column":0},"end":{"line":74,"column":71}},"74":{"start":{"line":75,"column":0},"end":{"line":75,"column":5}},"75":{"start":{"line":76,"column":0},"end":{"line":76,"column":17}},"76":{"start":{"line":77,"column":0},"end":{"line":77,"column":5}},"77":{"start":{"line":78,"column":0},"end":{"line":78,"column":23}}},"s":{"0":1,"1":1,"2":1,"7":1,"9":1,"11":1,"12":1,"13":1,"14":1,"16":1,"17":1,"19":6,"20":6,"21":1,"22":1,"23":5,"25":6,"26":6,"28":3,"29":3,"30":3,"31":3,"32":6,"33":2,"34":2,"35":6,"36":1,"37":1,"38":1,"39":1,"40":2,"41":6,"42":1,"44":1,"46":4,"47":4,"48":1,"49":1,"50":3,"53":3,"54":3,"55":3,"56":2,"57":4,"58":2,"59":2,"60":3,"61":3,"62":1,"63":4,"64":1,"65":1,"67":3,"68":3,"69":3,"70":1,"71":1,"72":2,"73":2,"74":2,"75":2,"76":1,"77":1},"branchMap":{"0":{"type":"branch","line":10,"loc":{"start":{"line":10,"column":1},"end":{"line":78,"column":3}},"locations":[{"start":{"line":10,"column":1},"end":{"line":78,"column":3}}]},"1":{"type":"branch","line":18,"loc":{"start":{"line":18,"column":4},"end":{"line":42,"column":6}},"locations":[{"start":{"line":18,"column":4},"end":{"line":42,"column":6}}]},"2":{"type":"branch","line":21,"loc":{"start":{"line":21,"column":27},"end":{"line":23,"column":7}},"locations":[{"start":{"line":21,"column":27},"end":{"line":23,"column":7}}]},"3":{"type":"branch","line":23,"loc":{"start":{"line":23,"column":6},"end":{"line":26,"column":54}},"locations":[{"start":{"line":23,"column":6},"end":{"line":26,"column":54}}]},"4":{"type":"branch","line":26,"loc":{"start":{"line":26,"column":49},"end":{"line":26,"column":77}},"locations":[{"start":{"line":26,"column":49},"end":{"line":26,"column":77}}]},"5":{"type":"branch","line":27,"loc":{"start":{"line":27,"column":8},"end":{"line":27,"column":15}},"locations":[{"start":{"line":27,"column":8},"end":{"line":27,"column":15}}]},"6":{"type":"branch","line":27,"loc":{"start":{"line":27,"column":8},"end":{"line":33,"column":14}},"locations":[{"start":{"line":27,"column":8},"end":{"line":33,"column":14}}]},"7":{"type":"branch","line":33,"loc":{"start":{"line":33,"column":14},"end":{"line":36,"column":13}},"locations":[{"start":{"line":33,"column":14},"end":{"line":36,"column":13}}]},"8":{"type":"branch","line":36,"loc":{"start":{"line":36,"column":6},"end":{"line":40,"column":7}},"locations":[{"start":{"line":36,"column":6},"end":{"line":40,"column":7}}]},"9":{"type":"branch","line":40,"loc":{"start":{"line":40,"column":6},"end":{"line":41,"column":19}},"locations":[{"start":{"line":40,"column":6},"end":{"line":41,"column":19}}]},"10":{"type":"branch","line":45,"loc":{"start":{"line":45,"column":47},"end":{"line":77,"column":3}},"locations":[{"start":{"line":45,"column":47},"end":{"line":77,"column":3}}]},"11":{"type":"branch","line":48,"loc":{"start":{"line":48,"column":25},"end":{"line":50,"column":5}},"locations":[{"start":{"line":48,"column":25},"end":{"line":50,"column":5}}]},"12":{"type":"branch","line":50,"loc":{"start":{"line":50,"column":4},"end":{"line":56,"column":34}},"locations":[{"start":{"line":50,"column":4},"end":{"line":56,"column":34}}]},"13":{"type":"branch","line":56,"loc":{"start":{"line":56,"column":21},"end":{"line":57,"column":65}},"locations":[{"start":{"line":56,"column":21},"end":{"line":57,"column":65}}]},"14":{"type":"branch","line":58,"loc":{"start":{"line":58,"column":6},"end":{"line":60,"column":5}},"locations":[{"start":{"line":58,"column":6},"end":{"line":60,"column":5}}]},"15":{"type":"branch","line":60,"loc":{"start":{"line":60,"column":4},"end":{"line":62,"column":34}},"locations":[{"start":{"line":60,"column":4},"end":{"line":62,"column":34}}]},"16":{"type":"branch","line":62,"loc":{"start":{"line":62,"column":21},"end":{"line":63,"column":65}},"locations":[{"start":{"line":62,"column":21},"end":{"line":63,"column":65}}]},"17":{"type":"branch","line":64,"loc":{"start":{"line":64,"column":6},"end":{"line":66,"column":5}},"locations":[{"start":{"line":64,"column":6},"end":{"line":66,"column":5}}]},"18":{"type":"branch","line":66,"loc":{"start":{"line":66,"column":4},"end":{"line":75,"column":5}},"locations":[{"start":{"line":66,"column":4},"end":{"line":75,"column":5}}]},"19":{"type":"branch","line":70,"loc":{"start":{"line":70,"column":15},"end":{"line":72,"column":7}},"locations":[{"start":{"line":70,"column":15},"end":{"line":72,"column":7}}]},"20":{"type":"branch","line":72,"loc":{"start":{"line":72,"column":6},"end":{"line":75,"column":5}},"locations":[{"start":{"line":72,"column":6},"end":{"line":75,"column":5}}]},"21":{"type":"branch","line":75,"loc":{"start":{"line":75,"column":4},"end":{"line":76,"column":17}},"locations":[{"start":{"line":75,"column":4},"end":{"line":76,"column":17}}]}},"b":{"0":[1],"1":[6],"2":[1],"3":[5],"4":[4],"5":[2],"6":[3],"7":[2],"8":[1],"9":[2],"10":[4],"11":[1],"12":[3],"13":[2],"14":[2],"15":[3],"16":[1],"17":[1],"18":[3],"19":[1],"20":[2],"21":[2]},"fnMap":{},"f":{}}
,"/workspaces/21-kintone/packages/ktplug-read-felica/src/types.ts": {"path":"/workspaces/21-kintone/packages/ktplug-read-felica/src/types.ts","all":false,"statementMap":{"0":{"start":{"line":1,"column":0},"end":{"line":1,"column":8}},"11":{"start":{"line":12,"column":0},"end":{"line":12,"column":79}},"16":{"start":{"line":17,"column":0},"end":{"line":17,"column":26}},"17":{"start":{"line":18,"column":0},"end":{"line":18,"column":9}},"18":{"start":{"line":19,"column":0},"end":{"line":19,"column":14}},"19":{"start":{"line":20,"column":0},"end":{"line":20,"column":35}},"20":{"start":{"line":21,"column":0},"end":{"line":21,"column":14}},"21":{"start":{"line":22,"column":0},"end":{"line":22,"column":17}},"22":{"start":{"line":23,"column":0},"end":{"line":23,"column":56}},"23":{"start":{"line":24,"column":0},"end":{"line":24,"column":7}},"24":{"start":{"line":25,"column":0},"end":{"line":25,"column":3}},"25":{"start":{"line":26,"column":0},"end":{"line":26,"column":10}},"31":{"start":{"line":32,"column":0},"end":{"line":32,"column":45}},"32":{"start":{"line":33,"column":0},"end":{"line":33,"column":40}},"33":{"start":{"line":34,"column":0},"end":{"line":34,"column":27}},"34":{"start":{"line":35,"column":0},"end":{"line":35,"column":55}},"35":{"start":{"line":36,"column":0},"end":{"line":36,"column":35}},"36":{"start":{"line":37,"column":0},"end":{"line":37,"column":48}},"37":{"start":{"line":38,"column":0},"end":{"line":38,"column":29}},"38":{"start":{"line":39,"column":0},"end":{"line":39,"column":27}},"39":{"start":{"line":40,"column":0},"end":{"line":40,"column":3}},"45":{"start":{"line":46,"column":0},"end":{"line":46,"column":44}},"46":{"start":{"line":47,"column":0},"end":{"line":47,"column":49}},"47":{"start":{"line":48,"column":0},"end":{"line":48,"column":5}},"48":{"start":{"line":49,"column":0},"end":{"line":49,"column":44}},"49":{"start":{"line":50,"column":0},"end":{"line":50,"column":41}},"50":{"start":{"line":51,"column":0},"end":{"line":51,"column":6}},"51":{"start":{"line":52,"column":0},"end":{"line":52,"column":5}},"52":{"start":{"line":53,"column":0},"end":{"line":53,"column":36}},"53":{"start":{"line":54,"column":0},"end":{"line":54,"column":54}},"54":{"start":{"line":55,"column":0},"end":{"line":55,"column":6}},"55":{"start":{"line":56,"column":0},"end":{"line":56,"column":5}},"56":{"start":{"line":57,"column":0},"end":{"line":57,"column":29}},"57":{"start":{"line":58,"column":0},"end":{"line":58,"column":2}},"62":{"start":{"line":63,"column":0},"end":{"line":63,"column":41}},"63":{"start":{"line":64,"column":0},"end":{"line":64,"column":40}},"64":{"start":{"line":65,"column":0},"end":{"line":65,"column":41}},"65":{"start":{"line":66,"column":0},"end":{"line":66,"column":33}},"66":{"start":{"line":67,"column":0},"end":{"line":67,"column":29}},"67":{"start":{"line":68,"column":0},"end":{"line":68,"column":27}},"68":{"start":{"line":69,"column":0},"end":{"line":69,"column":3}},"73":{"start":{"line":74,"column":0},"end":{"line":74,"column":37}},"74":{"start":{"line":75,"column":0},"end":{"line":75,"column":38}},"75":{"start":{"line":76,"column":0},"end":{"line":76,"column":3}},"82":{"start":{"line":83,"column":0},"end":{"line":83,"column":34}},"83":{"start":{"line":84,"column":0},"end":{"line":84,"column":23}},"84":{"start":{"line":85,"column":0},"end":{"line":85,"column":37}},"85":{"start":{"line":86,"column":0},"end":{"line":86,"column":37}},"86":{"start":{"line":87,"column":0},"end":{"line":87,"column":20}},"87":{"start":{"line":88,"column":0},"end":{"line":88,"column":3}},"88":{"start":{"line":89,"column":0},"end":{"line":89,"column":6}},"89":{"start":{"line":90,"column":0},"end":{"line":90,"column":33}},"90":{"start":{"line":91,"column":0},"end":{"line":91,"column":33}},"91":{"start":{"line":92,"column":0},"end":{"line":92,"column":63}},"92":{"start":{"line":93,"column":0},"end":{"line":93,"column":5}},"93":{"start":{"line":94,"column":0},"end":{"line":94,"column":34}},"94":{"start":{"line":95,"column":0},"end":{"line":95,"column":18}},"95":{"start":{"line":96,"column":0},"end":{"line":96,"column":34}},"96":{"start":{"line":97,"column":0},"end":{"line":97,"column":19}},"97":{"start":{"line":98,"column":0},"end":{"line":98,"column":38}},"98":{"start":{"line":99,"column":0},"end":{"line":99,"column":7}},"99":{"start":{"line":100,"column":0},"end":{"line":100,"column":18}},"100":{"start":{"line":101,"column":0},"end":{"line":101,"column":34}},"101":{"start":{"line":102,"column":0},"end":{"line":102,"column":19}},"102":{"start":{"line":103,"column":0},"end":{"line":103,"column":38}},"103":{"start":{"line":104,"column":0},"end":{"line":104,"column":7}},"104":{"start":{"line":105,"column":0},"end":{"line":105,"column":3}},"105":{"start":{"line":106,"column":0},"end":{"line":106,"column":1}},"110":{"start":{"line":111,"column":0},"end":{"line":111,"column":40}},"111":{"start":{"line":112,"column":0},"end":{"line":112,"column":42}},"112":{"start":{"line":113,"column":0},"end":{"line":113,"column":42}},"113":{"start":{"line":114,"column":0},"end":{"line":114,"column":36}},"114":{"start":{"line":115,"column":0},"end":{"line":115,"column":11}},"119":{"start":{"line":120,"column":0},"end":{"line":120,"column":73}},"123":{"start":{"line":124,"column":0},"end":{"line":124,"column":47}},"129":{"start":{"line":130,"column":0},"end":{"line":130,"column":36}},"130":{"start":{"line":131,"column":0},"end":{"line":131,"column":43}},"131":{"start":{"line":132,"column":0},"end":{"line":132,"column":48}},"132":{"start":{"line":133,"column":0},"end":{"line":133,"column":48}},"133":{"start":{"line":134,"column":0},"end":{"line":134,"column":40}},"134":{"start":{"line":135,"column":0},"end":{"line":135,"column":3}},"140":{"start":{"line":141,"column":0},"end":{"line":141,"column":35}},"141":{"start":{"line":142,"column":0},"end":{"line":142,"column":66}},"142":{"start":{"line":143,"column":0},"end":{"line":143,"column":47}},"143":{"start":{"line":144,"column":0},"end":{"line":144,"column":33}},"144":{"start":{"line":145,"column":0},"end":{"line":145,"column":47}},"145":{"start":{"line":146,"column":0},"end":{"line":146,"column":12}},"146":{"start":{"line":147,"column":0},"end":{"line":147,"column":45}},"147":{"start":{"line":148,"column":0},"end":{"line":148,"column":41}},"148":{"start":{"line":149,"column":0},"end":{"line":149,"column":11}},"149":{"start":{"line":150,"column":0},"end":{"line":150,"column":24}},"150":{"start":{"line":151,"column":0},"end":{"line":151,"column":40}},"151":{"start":{"line":152,"column":0},"end":{"line":152,"column":53}},"152":{"start":{"line":153,"column":0},"end":{"line":153,"column":32}},"153":{"start":{"line":154,"column":0},"end":{"line":154,"column":13}},"154":{"start":{"line":155,"column":0},"end":{"line":155,"column":9}},"155":{"start":{"line":156,"column":0},"end":{"line":156,"column":7}},"158":{"start":{"line":159,"column":0},"end":{"line":159,"column":70}},"159":{"start":{"line":160,"column":0},"end":{"line":160,"column":7}},"160":{"start":{"line":161,"column":0},"end":{"line":161,"column":2}},"166":{"start":{"line":167,"column":0},"end":{"line":167,"column":38}},"167":{"start":{"line":168,"column":0},"end":{"line":168,"column":34}},"168":{"start":{"line":169,"column":0},"end":{"line":169,"column":34}},"169":{"start":{"line":170,"column":0},"end":{"line":170,"column":3}},"175":{"start":{"line":176,"column":0},"end":{"line":176,"column":41}},"176":{"start":{"line":177,"column":0},"end":{"line":177,"column":36}},"177":{"start":{"line":178,"column":0},"end":{"line":178,"column":16}},"178":{"start":{"line":179,"column":0},"end":{"line":179,"column":13}},"179":{"start":{"line":180,"column":0},"end":{"line":180,"column":14}},"180":{"start":{"line":181,"column":0},"end":{"line":181,"column":38}},"181":{"start":{"line":182,"column":0},"end":{"line":182,"column":19}},"182":{"start":{"line":183,"column":0},"end":{"line":183,"column":27}},"183":{"start":{"line":184,"column":0},"end":{"line":184,"column":25}},"184":{"start":{"line":185,"column":0},"end":{"line":185,"column":5}},"185":{"start":{"line":186,"column":0},"end":{"line":186,"column":19}},"186":{"start":{"line":187,"column":0},"end":{"line":187,"column":27}},"187":{"start":{"line":188,"column":0},"end":{"line":188,"column":36}},"188":{"start":{"line":189,"column":0},"end":{"line":189,"column":5}},"189":{"start":{"line":190,"column":0},"end":{"line":190,"column":34}},"190":{"start":{"line":191,"column":0},"end":{"line":191,"column":34}},"191":{"start":{"line":192,"column":0},"end":{"line":192,"column":3}},"197":{"start":{"line":198,"column":0},"end":{"line":198,"column":37}},"198":{"start":{"line":199,"column":0},"end":{"line":199,"column":34}},"199":{"start":{"line":200,"column":0},"end":{"line":200,"column":37}},"200":{"start":{"line":201,"column":0},"end":{"line":201,"column":32}},"201":{"start":{"line":202,"column":0},"end":{"line":202,"column":11}},"206":{"start":{"line":207,"column":0},"end":{"line":207,"column":67}},"210":{"start":{"line":211,"column":0},"end":{"line":211,"column":41}},"217":{"start":{"line":218,"column":0},"end":{"line":218,"column":59}},"221":{"start":{"line":222,"column":0},"end":{"line":222,"column":12}},"222":{"start":{"line":223,"column":0},"end":{"line":223,"column":31}},"223":{"start":{"line":224,"column":0},"end":{"line":224,"column":29}},"224":{"start":{"line":225,"column":0},"end":{"line":225,"column":5}},"225":{"start":{"line":226,"column":0},"end":{"line":226,"column":12}},"226":{"start":{"line":227,"column":0},"end":{"line":227,"column":34}},"227":{"start":{"line":228,"column":0},"end":{"line":228,"column":35}},"228":{"start":{"line":229,"column":0},"end":{"line":229,"column":5}},"229":{"start":{"line":230,"column":0},"end":{"line":230,"column":12}},"230":{"start":{"line":231,"column":0},"end":{"line":231,"column":32}},"231":{"start":{"line":232,"column":0},"end":{"line":232,"column":29}},"232":{"start":{"line":233,"column":0},"end":{"line":233,"column":35}},"233":{"start":{"line":234,"column":0},"end":{"line":234,"column":65}},"234":{"start":{"line":235,"column":0},"end":{"line":235,"column":5}},"235":{"start":{"line":236,"column":0},"end":{"line":236,"column":3}},"240":{"start":{"line":241,"column":0},"end":{"line":241,"column":44}},"241":{"start":{"line":242,"column":0},"end":{"line":242,"column":25}},"242":{"start":{"line":243,"column":0},"end":{"line":243,"column":31}},"243":{"start":{"line":244,"column":0},"end":{"line":244,"column":3}}},"s":{"0":1,"11":1,"16":1,"17":1,"18":1,"19":1,"20":1,"21":1,"22":1,"23":1,"24":1,"25":1,"31":1,"32":1,"33":1,"34":1,"35":1,"36":1,"37":1,"38":1,"39":1,"45":1,"46":1,"47":1,"48":1,"49":1,"50":1,"51":1,"52":1,"53":1,"54":1,"55":1,"56":1,"57":1,"62":1,"63":1,"64":1,"65":1,"66":1,"67":1,"68":1,"73":1,"74":1,"75":1,"82":8,"83":8,"84":8,"85":8,"86":8,"87":8,"88":8,"89":8,"90":5,"91":3,"92":8,"93":1,"94":1,"95":1,"96":1,"97":1,"98":1,"99":1,"100":1,"101":1,"102":1,"103":1,"104":1,"105":8,"110":1,"111":1,"112":1,"113":1,"114":1,"119":1,"123":1,"129":1,"130":1,"131":1,"132":1,"133":1,"134":1,"140":1,"141":1,"142":1,"143":1,"144":8,"145":24,"146":24,"147":16,"148":24,"149":1,"150":1,"151":1,"152":1,"153":1,"154":1,"155":24,"158":8,"159":1,"160":1,"166":1,"167":1,"168":1,"169":1,"175":1,"176":1,"177":1,"178":1,"179":1,"180":1,"181":1,"182":1,"183":1,"184":1,"185":1,"186":1,"187":1,"188":1,"189":1,"190":1,"191":1,"197":1,"198":1,"199":1,"200":1,"201":1,"206":1,"210":1,"217":1,"221":1,"222":1,"223":1,"224":1,"225":1,"226":1,"227":1,"228":1,"229":1,"230":1,"231":1,"232":1,"233":1,"234":1,"235":1,"240":1,"241":1,"242":1,"243":1},"branchMap":{"0":{"type":"branch","line":83,"loc":{"start":{"line":83,"column":0},"end":{"line":106,"column":1}},"locations":[{"start":{"line":83,"column":0},"end":{"line":106,"column":1}}]},"1":{"type":"branch","line":90,"loc":{"start":{"line":90,"column":29},"end":{"line":91,"column":33}},"locations":[{"start":{"line":90,"column":29},"end":{"line":91,"column":33}}]},"2":{"type":"branch","line":91,"loc":{"start":{"line":91,"column":29},"end":{"line":92,"column":63}},"locations":[{"start":{"line":91,"column":29},"end":{"line":92,"column":63}}]},"3":{"type":"branch","line":93,"loc":{"start":{"line":93,"column":4},"end":{"line":105,"column":3}},"locations":[{"start":{"line":93,"column":4},"end":{"line":105,"column":3}}]},"4":{"type":"branch","line":120,"loc":{"start":{"line":120,"column":49},"end":{"line":120,"column":67}},"locations":[{"start":{"line":120,"column":49},"end":{"line":120,"column":67}}]},"5":{"type":"branch","line":144,"loc":{"start":{"line":144,"column":17},"end":{"line":160,"column":5}},"locations":[{"start":{"line":144,"column":17},"end":{"line":160,"column":5}}]},"6":{"type":"branch","line":145,"loc":{"start":{"line":145,"column":46},"end":{"line":156,"column":7}},"locations":[{"start":{"line":145,"column":46},"end":{"line":156,"column":7}}]},"7":{"type":"branch","line":147,"loc":{"start":{"line":147,"column":41},"end":{"line":148,"column":41}},"locations":[{"start":{"line":147,"column":41},"end":{"line":148,"column":41}}]},"8":{"type":"branch","line":149,"loc":{"start":{"line":149,"column":10},"end":{"line":155,"column":9}},"locations":[{"start":{"line":149,"column":10},"end":{"line":155,"column":9}}]},"9":{"type":"branch","line":207,"loc":{"start":{"line":207,"column":43},"end":{"line":207,"column":61}},"locations":[{"start":{"line":207,"column":43},"end":{"line":207,"column":61}}]}},"b":{"0":[8],"1":[5],"2":[3],"3":[1],"4":[15],"5":[8],"6":[24],"7":[16],"8":[1],"9":[15]},"fnMap":{"0":{"name":"validateDifferentTargets","decl":{"start":{"line":83,"column":0},"end":{"line":106,"column":1}},"loc":{"start":{"line":83,"column":0},"end":{"line":106,"column":1}},"line":83}},"f":{"0":8}}
,"/workspaces/21-kintone/packages/ktplug-read-felica/src/components/config/App.tsx": {"path":"/workspaces/21-kintone/packages/ktplug-read-felica/src/components/config/App.tsx","all":false,"statementMap":{"0":{"start":{"line":1,"column":0},"end":{"line":1,"column":8}},"6":{"start":{"line":7,"column":0},"end":{"line":7,"column":54}},"7":{"start":{"line":8,"column":0},"end":{"line":8,"column":8}},"15":{"start":{"line":16,"column":0},"end":{"line":16,"column":8}},"21":{"start":{"line":22,"column":0},"end":{"line":22,"column":30}},"22":{"start":{"line":23,"column":0},"end":{"line":23,"column":57}},"23":{"start":{"line":24,"column":0},"end":{"line":24,"column":33}},"24":{"start":{"line":25,"column":0},"end":{"line":25,"column":77}},"26":{"start":{"line":27,"column":0},"end":{"line":27,"column":59}},"27":{"start":{"line":28,"column":0},"end":{"line":28,"column":33}},"28":{"start":{"line":29,"column":0},"end":{"line":29,"column":36}},"30":{"start":{"line":31,"column":0},"end":{"line":31,"column":46}},"32":{"start":{"line":33,"column":0},"end":{"line":33,"column":64}},"35":{"start":{"line":36,"column":0},"end":{"line":36,"column":70}},"37":{"start":{"line":38,"column":0},"end":{"line":38,"column":35}},"38":{"start":{"line":39,"column":0},"end":{"line":39,"column":39}},"39":{"start":{"line":40,"column":0},"end":{"line":40,"column":10}},"40":{"start":{"line":41,"column":0},"end":{"line":41,"column":32}},"41":{"start":{"line":42,"column":0},"end":{"line":42,"column":62}},"42":{"start":{"line":43,"column":0},"end":{"line":43,"column":10}},"47":{"start":{"line":48,"column":0},"end":{"line":48,"column":80}},"49":{"start":{"line":50,"column":0},"end":{"line":50,"column":63}},"50":{"start":{"line":51,"column":0},"end":{"line":51,"column":25}},"51":{"start":{"line":52,"column":0},"end":{"line":52,"column":13}},"52":{"start":{"line":53,"column":0},"end":{"line":53,"column":17}},"53":{"start":{"line":54,"column":0},"end":{"line":54,"column":18}},"54":{"start":{"line":55,"column":0},"end":{"line":55,"column":18}},"55":{"start":{"line":56,"column":0},"end":{"line":56,"column":24}},"56":{"start":{"line":57,"column":0},"end":{"line":57,"column":21}},"57":{"start":{"line":58,"column":0},"end":{"line":58,"column":15}},"58":{"start":{"line":59,"column":0},"end":{"line":59,"column":21}},"59":{"start":{"line":60,"column":0},"end":{"line":60,"column":18}},"60":{"start":{"line":61,"column":0},"end":{"line":61,"column":7}},"61":{"start":{"line":62,"column":0},"end":{"line":62,"column":32}},"62":{"start":{"line":63,"column":0},"end":{"line":63,"column":57}},"64":{"start":{"line":65,"column":0},"end":{"line":65,"column":70}},"66":{"start":{"line":67,"column":0},"end":{"line":67,"column":12}},"67":{"start":{"line":68,"column":0},"end":{"line":68,"column":17}},"68":{"start":{"line":69,"column":0},"end":{"line":69,"column":19}},"69":{"start":{"line":70,"column":0},"end":{"line":70,"column":17}},"70":{"start":{"line":71,"column":0},"end":{"line":71,"column":27}},"71":{"start":{"line":72,"column":0},"end":{"line":72,"column":22}},"72":{"start":{"line":73,"column":0},"end":{"line":73,"column":20}},"73":{"start":{"line":74,"column":0},"end":{"line":74,"column":6}},"74":{"start":{"line":75,"column":0},"end":{"line":75,"column":4}},"77":{"start":{"line":78,"column":0},"end":{"line":78,"column":9}},"78":{"start":{"line":79,"column":0},"end":{"line":79,"column":15}},"79":{"start":{"line":80,"column":0},"end":{"line":80,"column":17}},"80":{"start":{"line":81,"column":0},"end":{"line":81,"column":15}},"81":{"start":{"line":82,"column":0},"end":{"line":82,"column":25}},"82":{"start":{"line":83,"column":0},"end":{"line":83,"column":20}},"83":{"start":{"line":84,"column":0},"end":{"line":84,"column":18}},"84":{"start":{"line":85,"column":0},"end":{"line":85,"column":24}},"85":{"start":{"line":86,"column":0},"end":{"line":86,"column":28}},"86":{"start":{"line":87,"column":0},"end":{"line":87,"column":23}},"87":{"start":{"line":88,"column":0},"end":{"line":88,"column":32}},"88":{"start":{"line":89,"column":0},"end":{"line":89,"column":10}},"91":{"start":{"line":92,"column":0},"end":{"line":92,"column":68}},"92":{"start":{"line":93,"column":0},"end":{"line":93,"column":50}},"93":{"start":{"line":94,"column":0},"end":{"line":94,"column":51}},"94":{"start":{"line":95,"column":0},"end":{"line":95,"column":40}},"95":{"start":{"line":96,"column":0},"end":{"line":96,"column":46}},"96":{"start":{"line":97,"column":0},"end":{"line":97,"column":77}},"97":{"start":{"line":98,"column":0},"end":{"line":98,"column":68}},"100":{"start":{"line":101,"column":0},"end":{"line":101,"column":41}},"101":{"start":{"line":102,"column":0},"end":{"line":102,"column":30}},"102":{"start":{"line":103,"column":0},"end":{"line":103,"column":46}},"103":{"start":{"line":104,"column":0},"end":{"line":104,"column":5}},"104":{"start":{"line":105,"column":0},"end":{"line":105,"column":42}},"107":{"start":{"line":108,"column":0},"end":{"line":108,"column":48}},"108":{"start":{"line":109,"column":0},"end":{"line":109,"column":45}},"109":{"start":{"line":110,"column":0},"end":{"line":110,"column":64}},"110":{"start":{"line":111,"column":0},"end":{"line":111,"column":64}},"111":{"start":{"line":112,"column":0},"end":{"line":112,"column":56}},"112":{"start":{"line":113,"column":0},"end":{"line":113,"column":62}},"113":{"start":{"line":114,"column":0},"end":{"line":114,"column":41}},"114":{"start":{"line":115,"column":0},"end":{"line":115,"column":45}},"115":{"start":{"line":116,"column":0},"end":{"line":116,"column":4}},"121":{"start":{"line":122,"column":0},"end":{"line":122,"column":59}},"122":{"start":{"line":123,"column":0},"end":{"line":123,"column":35}},"123":{"start":{"line":124,"column":0},"end":{"line":124,"column":41}},"124":{"start":{"line":125,"column":0},"end":{"line":125,"column":69}},"125":{"start":{"line":126,"column":0},"end":{"line":126,"column":7}},"126":{"start":{"line":127,"column":0},"end":{"line":127,"column":4}},"128":{"start":{"line":129,"column":0},"end":{"line":129,"column":10}},"129":{"start":{"line":130,"column":0},"end":{"line":130,"column":6}},"130":{"start":{"line":131,"column":0},"end":{"line":131,"column":35}},"131":{"start":{"line":132,"column":0},"end":{"line":132,"column":57}},"132":{"start":{"line":133,"column":0},"end":{"line":133,"column":19}},"133":{"start":{"line":134,"column":0},"end":{"line":134,"column":12}},"134":{"start":{"line":135,"column":0},"end":{"line":135,"column":9}},"136":{"start":{"line":137,"column":0},"end":{"line":137,"column":46}},"137":{"start":{"line":138,"column":0},"end":{"line":138,"column":56}},"139":{"start":{"line":140,"column":0},"end":{"line":140,"column":25}},"140":{"start":{"line":141,"column":0},"end":{"line":141,"column":22}},"141":{"start":{"line":142,"column":0},"end":{"line":142,"column":49}},"142":{"start":{"line":143,"column":0},"end":{"line":143,"column":30}},"143":{"start":{"line":144,"column":0},"end":{"line":144,"column":36}},"144":{"start":{"line":145,"column":0},"end":{"line":145,"column":40}},"145":{"start":{"line":146,"column":0},"end":{"line":146,"column":18}},"146":{"start":{"line":147,"column":0},"end":{"line":147,"column":10}},"148":{"start":{"line":149,"column":0},"end":{"line":149,"column":57}},"149":{"start":{"line":150,"column":0},"end":{"line":150,"column":19}},"150":{"start":{"line":151,"column":0},"end":{"line":151,"column":59}},"152":{"start":{"line":153,"column":0},"end":{"line":153,"column":30}},"153":{"start":{"line":154,"column":0},"end":{"line":154,"column":31}},"154":{"start":{"line":155,"column":0},"end":{"line":155,"column":124}},"155":{"start":{"line":156,"column":0},"end":{"line":156,"column":44}},"156":{"start":{"line":157,"column":0},"end":{"line":157,"column":34}},"157":{"start":{"line":158,"column":0},"end":{"line":158,"column":40}},"158":{"start":{"line":159,"column":0},"end":{"line":159,"column":22}},"159":{"start":{"line":160,"column":0},"end":{"line":160,"column":14}},"161":{"start":{"line":162,"column":0},"end":{"line":162,"column":30}},"162":{"start":{"line":163,"column":0},"end":{"line":163,"column":31}},"163":{"start":{"line":164,"column":0},"end":{"line":164,"column":65}},"164":{"start":{"line":165,"column":0},"end":{"line":165,"column":44}},"165":{"start":{"line":166,"column":0},"end":{"line":166,"column":34}},"166":{"start":{"line":167,"column":0},"end":{"line":167,"column":40}},"167":{"start":{"line":168,"column":0},"end":{"line":168,"column":14}},"168":{"start":{"line":169,"column":0},"end":{"line":169,"column":20}},"170":{"start":{"line":171,"column":0},"end":{"line":171,"column":60}},"171":{"start":{"line":172,"column":0},"end":{"line":172,"column":19}},"172":{"start":{"line":173,"column":0},"end":{"line":173,"column":59}},"173":{"start":{"line":174,"column":0},"end":{"line":174,"column":34}},"174":{"start":{"line":175,"column":0},"end":{"line":175,"column":27}},"175":{"start":{"line":176,"column":0},"end":{"line":176,"column":53}},"176":{"start":{"line":177,"column":0},"end":{"line":177,"column":43}},"177":{"start":{"line":178,"column":0},"end":{"line":178,"column":34}},"178":{"start":{"line":179,"column":0},"end":{"line":179,"column":14}},"180":{"start":{"line":181,"column":0},"end":{"line":181,"column":30}},"181":{"start":{"line":182,"column":0},"end":{"line":182,"column":34}},"182":{"start":{"line":183,"column":0},"end":{"line":183,"column":127}},"183":{"start":{"line":184,"column":0},"end":{"line":184,"column":47}},"184":{"start":{"line":185,"column":0},"end":{"line":185,"column":40}},"185":{"start":{"line":186,"column":0},"end":{"line":186,"column":34}},"186":{"start":{"line":187,"column":0},"end":{"line":187,"column":22}},"187":{"start":{"line":188,"column":0},"end":{"line":188,"column":14}},"189":{"start":{"line":190,"column":0},"end":{"line":190,"column":30}},"190":{"start":{"line":191,"column":0},"end":{"line":191,"column":34}},"191":{"start":{"line":192,"column":0},"end":{"line":192,"column":68}},"192":{"start":{"line":193,"column":0},"end":{"line":193,"column":47}},"193":{"start":{"line":194,"column":0},"end":{"line":194,"column":40}},"194":{"start":{"line":195,"column":0},"end":{"line":195,"column":34}},"195":{"start":{"line":196,"column":0},"end":{"line":196,"column":14}},"197":{"start":{"line":198,"column":0},"end":{"line":198,"column":34}},"198":{"start":{"line":199,"column":0},"end":{"line":199,"column":29}},"199":{"start":{"line":200,"column":0},"end":{"line":200,"column":87}},"200":{"start":{"line":201,"column":0},"end":{"line":201,"column":50}},"201":{"start":{"line":202,"column":0},"end":{"line":202,"column":34}},"202":{"start":{"line":203,"column":0},"end":{"line":203,"column":22}},"203":{"start":{"line":204,"column":0},"end":{"line":204,"column":14}},"205":{"start":{"line":206,"column":0},"end":{"line":206,"column":34}},"206":{"start":{"line":207,"column":0},"end":{"line":207,"column":30}},"207":{"start":{"line":208,"column":0},"end":{"line":208,"column":63}},"208":{"start":{"line":209,"column":0},"end":{"line":209,"column":50}},"209":{"start":{"line":210,"column":0},"end":{"line":210,"column":34}},"210":{"start":{"line":211,"column":0},"end":{"line":211,"column":22}},"211":{"start":{"line":212,"column":0},"end":{"line":212,"column":14}},"213":{"start":{"line":214,"column":0},"end":{"line":214,"column":34}},"214":{"start":{"line":215,"column":0},"end":{"line":215,"column":30}},"215":{"start":{"line":216,"column":0},"end":{"line":216,"column":63}},"216":{"start":{"line":217,"column":0},"end":{"line":217,"column":48}},"217":{"start":{"line":218,"column":0},"end":{"line":218,"column":34}},"218":{"start":{"line":219,"column":0},"end":{"line":219,"column":22}},"219":{"start":{"line":220,"column":0},"end":{"line":220,"column":14}},"221":{"start":{"line":222,"column":0},"end":{"line":222,"column":34}},"222":{"start":{"line":223,"column":0},"end":{"line":223,"column":31}},"223":{"start":{"line":224,"column":0},"end":{"line":224,"column":57}},"224":{"start":{"line":225,"column":0},"end":{"line":225,"column":50}},"225":{"start":{"line":226,"column":0},"end":{"line":226,"column":34}},"226":{"start":{"line":227,"column":0},"end":{"line":227,"column":22}},"227":{"start":{"line":228,"column":0},"end":{"line":228,"column":14}},"229":{"start":{"line":230,"column":0},"end":{"line":230,"column":34}},"230":{"start":{"line":231,"column":0},"end":{"line":231,"column":31}},"231":{"start":{"line":232,"column":0},"end":{"line":232,"column":57}},"232":{"start":{"line":233,"column":0},"end":{"line":233,"column":48}},"233":{"start":{"line":234,"column":0},"end":{"line":234,"column":34}},"234":{"start":{"line":235,"column":0},"end":{"line":235,"column":22}},"235":{"start":{"line":236,"column":0},"end":{"line":236,"column":14}},"236":{"start":{"line":237,"column":0},"end":{"line":237,"column":20}},"239":{"start":{"line":240,"column":0},"end":{"line":240,"column":33}},"240":{"start":{"line":241,"column":0},"end":{"line":241,"column":28}},"241":{"start":{"line":242,"column":0},"end":{"line":242,"column":24}},"242":{"start":{"line":243,"column":0},"end":{"line":243,"column":94}},"243":{"start":{"line":244,"column":0},"end":{"line":244,"column":40}},"244":{"start":{"line":245,"column":0},"end":{"line":245,"column":22}},"245":{"start":{"line":246,"column":0},"end":{"line":246,"column":38}},"246":{"start":{"line":247,"column":0},"end":{"line":247,"column":50}},"247":{"start":{"line":248,"column":0},"end":{"line":248,"column":56}},"248":{"start":{"line":249,"column":0},"end":{"line":249,"column":14}},"249":{"start":{"line":250,"column":0},"end":{"line":250,"column":32}},"250":{"start":{"line":251,"column":0},"end":{"line":251,"column":20}},"251":{"start":{"line":252,"column":0},"end":{"line":252,"column":12}},"253":{"start":{"line":254,"column":0},"end":{"line":254,"column":14}},"255":{"start":{"line":256,"column":0},"end":{"line":256,"column":55}},"257":{"start":{"line":258,"column":0},"end":{"line":258,"column":28}},"258":{"start":{"line":259,"column":0},"end":{"line":259,"column":22}},"259":{"start":{"line":260,"column":0},"end":{"line":260,"column":50}},"260":{"start":{"line":261,"column":0},"end":{"line":261,"column":30}},"261":{"start":{"line":262,"column":0},"end":{"line":262,"column":43}},"262":{"start":{"line":263,"column":0},"end":{"line":263,"column":30}},"263":{"start":{"line":264,"column":0},"end":{"line":264,"column":18}},"264":{"start":{"line":265,"column":0},"end":{"line":265,"column":10}},"266":{"start":{"line":267,"column":0},"end":{"line":267,"column":31}},"267":{"start":{"line":268,"column":0},"end":{"line":268,"column":19}},"268":{"start":{"line":269,"column":0},"end":{"line":269,"column":61}},"269":{"start":{"line":270,"column":0},"end":{"line":270,"column":30}},"270":{"start":{"line":271,"column":0},"end":{"line":271,"column":25}},"271":{"start":{"line":272,"column":0},"end":{"line":272,"column":51}},"272":{"start":{"line":273,"column":0},"end":{"line":273,"column":54}},"273":{"start":{"line":274,"column":0},"end":{"line":274,"column":33}},"274":{"start":{"line":275,"column":0},"end":{"line":275,"column":34}},"275":{"start":{"line":276,"column":0},"end":{"line":276,"column":22}},"276":{"start":{"line":277,"column":0},"end":{"line":277,"column":14}},"278":{"start":{"line":279,"column":0},"end":{"line":279,"column":39}},"279":{"start":{"line":280,"column":0},"end":{"line":280,"column":34}},"280":{"start":{"line":281,"column":0},"end":{"line":281,"column":30}},"281":{"start":{"line":282,"column":0},"end":{"line":282,"column":73}},"282":{"start":{"line":283,"column":0},"end":{"line":283,"column":38}},"283":{"start":{"line":284,"column":0},"end":{"line":284,"column":51}},"284":{"start":{"line":285,"column":0},"end":{"line":285,"column":14}},"286":{"start":{"line":287,"column":0},"end":{"line":287,"column":29}},"287":{"start":{"line":288,"column":0},"end":{"line":288,"column":36}},"288":{"start":{"line":289,"column":0},"end":{"line":289,"column":36}},"289":{"start":{"line":290,"column":0},"end":{"line":290,"column":38}},"290":{"start":{"line":291,"column":0},"end":{"line":291,"column":130}},"291":{"start":{"line":292,"column":0},"end":{"line":292,"column":71}},"292":{"start":{"line":293,"column":0},"end":{"line":293,"column":41}},"293":{"start":{"line":294,"column":0},"end":{"line":294,"column":16}},"296":{"start":{"line":297,"column":0},"end":{"line":297,"column":39}},"297":{"start":{"line":298,"column":0},"end":{"line":298,"column":34}},"298":{"start":{"line":299,"column":0},"end":{"line":299,"column":30}},"299":{"start":{"line":300,"column":0},"end":{"line":300,"column":59}},"300":{"start":{"line":301,"column":0},"end":{"line":301,"column":34}},"301":{"start":{"line":302,"column":0},"end":{"line":302,"column":59}},"302":{"start":{"line":303,"column":0},"end":{"line":303,"column":14}},"304":{"start":{"line":305,"column":0},"end":{"line":305,"column":42}},"305":{"start":{"line":306,"column":0},"end":{"line":306,"column":31}},"306":{"start":{"line":307,"column":0},"end":{"line":307,"column":36}},"307":{"start":{"line":308,"column":0},"end":{"line":308,"column":29}},"308":{"start":{"line":309,"column":0},"end":{"line":309,"column":178}},"309":{"start":{"line":310,"column":0},"end":{"line":310,"column":58}},"310":{"start":{"line":311,"column":0},"end":{"line":311,"column":55}},"311":{"start":{"line":312,"column":0},"end":{"line":312,"column":29}},"312":{"start":{"line":313,"column":0},"end":{"line":313,"column":19}},"313":{"start":{"line":314,"column":0},"end":{"line":314,"column":35}},"314":{"start":{"line":315,"column":0},"end":{"line":315,"column":33}},"315":{"start":{"line":316,"column":0},"end":{"line":316,"column":38}},"316":{"start":{"line":317,"column":0},"end":{"line":317,"column":36}},"317":{"start":{"line":318,"column":0},"end":{"line":318,"column":20}},"318":{"start":{"line":319,"column":0},"end":{"line":319,"column":19}},"319":{"start":{"line":320,"column":0},"end":{"line":320,"column":39}},"320":{"start":{"line":321,"column":0},"end":{"line":321,"column":33}},"321":{"start":{"line":322,"column":0},"end":{"line":322,"column":33}},"322":{"start":{"line":323,"column":0},"end":{"line":323,"column":28}},"323":{"start":{"line":324,"column":0},"end":{"line":324,"column":36}},"324":{"start":{"line":325,"column":0},"end":{"line":325,"column":22}},"325":{"start":{"line":326,"column":0},"end":{"line":326,"column":20}},"326":{"start":{"line":327,"column":0},"end":{"line":327,"column":18}},"327":{"start":{"line":328,"column":0},"end":{"line":328,"column":16}},"330":{"start":{"line":331,"column":0},"end":{"line":331,"column":39}},"331":{"start":{"line":332,"column":0},"end":{"line":332,"column":27}},"332":{"start":{"line":333,"column":0},"end":{"line":333,"column":65}},"333":{"start":{"line":334,"column":0},"end":{"line":334,"column":34}},"334":{"start":{"line":335,"column":0},"end":{"line":335,"column":34}},"335":{"start":{"line":336,"column":0},"end":{"line":336,"column":53}},"336":{"start":{"line":337,"column":0},"end":{"line":337,"column":14}},"338":{"start":{"line":339,"column":0},"end":{"line":339,"column":39}},"339":{"start":{"line":340,"column":0},"end":{"line":340,"column":27}},"340":{"start":{"line":341,"column":0},"end":{"line":341,"column":58}},"341":{"start":{"line":342,"column":0},"end":{"line":342,"column":34}},"342":{"start":{"line":343,"column":0},"end":{"line":343,"column":34}},"343":{"start":{"line":344,"column":0},"end":{"line":344,"column":51}},"344":{"start":{"line":345,"column":0},"end":{"line":345,"column":14}},"345":{"start":{"line":346,"column":0},"end":{"line":346,"column":20}},"348":{"start":{"line":349,"column":0},"end":{"line":349,"column":31}},"349":{"start":{"line":350,"column":0},"end":{"line":350,"column":19}},"350":{"start":{"line":351,"column":0},"end":{"line":351,"column":61}},"351":{"start":{"line":352,"column":0},"end":{"line":352,"column":30}},"352":{"start":{"line":353,"column":0},"end":{"line":353,"column":25}},"353":{"start":{"line":354,"column":0},"end":{"line":354,"column":51}},"354":{"start":{"line":355,"column":0},"end":{"line":355,"column":54}},"355":{"start":{"line":356,"column":0},"end":{"line":356,"column":33}},"356":{"start":{"line":357,"column":0},"end":{"line":357,"column":34}},"357":{"start":{"line":358,"column":0},"end":{"line":358,"column":22}},"358":{"start":{"line":359,"column":0},"end":{"line":359,"column":14}},"360":{"start":{"line":361,"column":0},"end":{"line":361,"column":34}},"361":{"start":{"line":362,"column":0},"end":{"line":362,"column":34}},"362":{"start":{"line":363,"column":0},"end":{"line":363,"column":28}},"363":{"start":{"line":364,"column":0},"end":{"line":364,"column":128}},"364":{"start":{"line":365,"column":0},"end":{"line":365,"column":55}},"365":{"start":{"line":366,"column":0},"end":{"line":366,"column":39}},"366":{"start":{"line":367,"column":0},"end":{"line":367,"column":14}},"368":{"start":{"line":369,"column":0},"end":{"line":369,"column":29}},"369":{"start":{"line":370,"column":0},"end":{"line":370,"column":34}},"370":{"start":{"line":371,"column":0},"end":{"line":371,"column":25}},"371":{"start":{"line":372,"column":0},"end":{"line":372,"column":176}},"372":{"start":{"line":373,"column":0},"end":{"line":373,"column":52}},"373":{"start":{"line":374,"column":0},"end":{"line":374,"column":53}},"374":{"start":{"line":375,"column":0},"end":{"line":375,"column":27}},"375":{"start":{"line":376,"column":0},"end":{"line":376,"column":17}},"376":{"start":{"line":377,"column":0},"end":{"line":377,"column":33}},"377":{"start":{"line":378,"column":0},"end":{"line":378,"column":31}},"378":{"start":{"line":379,"column":0},"end":{"line":379,"column":36}},"379":{"start":{"line":380,"column":0},"end":{"line":380,"column":34}},"380":{"start":{"line":381,"column":0},"end":{"line":381,"column":18}},"381":{"start":{"line":382,"column":0},"end":{"line":382,"column":17}},"382":{"start":{"line":383,"column":0},"end":{"line":383,"column":37}},"383":{"start":{"line":384,"column":0},"end":{"line":384,"column":31}},"384":{"start":{"line":385,"column":0},"end":{"line":385,"column":31}},"385":{"start":{"line":386,"column":0},"end":{"line":386,"column":43}},"386":{"start":{"line":387,"column":0},"end":{"line":387,"column":18}},"387":{"start":{"line":388,"column":0},"end":{"line":388,"column":16}},"388":{"start":{"line":389,"column":0},"end":{"line":389,"column":14}},"390":{"start":{"line":391,"column":0},"end":{"line":391,"column":39}},"391":{"start":{"line":392,"column":0},"end":{"line":392,"column":27}},"392":{"start":{"line":393,"column":0},"end":{"line":393,"column":65}},"393":{"start":{"line":394,"column":0},"end":{"line":394,"column":34}},"394":{"start":{"line":395,"column":0},"end":{"line":395,"column":34}},"395":{"start":{"line":396,"column":0},"end":{"line":396,"column":53}},"396":{"start":{"line":397,"column":0},"end":{"line":397,"column":14}},"398":{"start":{"line":399,"column":0},"end":{"line":399,"column":39}},"399":{"start":{"line":400,"column":0},"end":{"line":400,"column":27}},"400":{"start":{"line":401,"column":0},"end":{"line":401,"column":58}},"401":{"start":{"line":402,"column":0},"end":{"line":402,"column":34}},"402":{"start":{"line":403,"column":0},"end":{"line":403,"column":34}},"403":{"start":{"line":404,"column":0},"end":{"line":404,"column":51}},"404":{"start":{"line":405,"column":0},"end":{"line":405,"column":14}},"405":{"start":{"line":406,"column":0},"end":{"line":406,"column":20}},"408":{"start":{"line":409,"column":0},"end":{"line":409,"column":27}},"409":{"start":{"line":410,"column":0},"end":{"line":410,"column":19}},"410":{"start":{"line":411,"column":0},"end":{"line":411,"column":59}},"411":{"start":{"line":412,"column":0},"end":{"line":412,"column":30}},"412":{"start":{"line":413,"column":0},"end":{"line":413,"column":42}},"413":{"start":{"line":414,"column":0},"end":{"line":414,"column":66}},"414":{"start":{"line":415,"column":0},"end":{"line":415,"column":48}},"415":{"start":{"line":416,"column":0},"end":{"line":416,"column":35}},"416":{"start":{"line":417,"column":0},"end":{"line":417,"column":34}},"417":{"start":{"line":418,"column":0},"end":{"line":418,"column":22}},"418":{"start":{"line":419,"column":0},"end":{"line":419,"column":14}},"419":{"start":{"line":420,"column":0},"end":{"line":420,"column":20}},"422":{"start":{"line":423,"column":0},"end":{"line":423,"column":14}},"423":{"start":{"line":424,"column":0},"end":{"line":424,"column":49}},"424":{"start":{"line":425,"column":0},"end":{"line":425,"column":23}},"425":{"start":{"line":426,"column":0},"end":{"line":426,"column":23}},"426":{"start":{"line":427,"column":0},"end":{"line":427,"column":23}},"427":{"start":{"line":428,"column":0},"end":{"line":428,"column":10}},"428":{"start":{"line":429,"column":0},"end":{"line":429,"column":13}},"429":{"start":{"line":430,"column":0},"end":{"line":430,"column":7}},"431":{"start":{"line":432,"column":0},"end":{"line":432,"column":1}}},"s":{"0":1,"6":1,"7":1,"15":1,"21":1,"22":1,"23":1,"24":1,"26":1,"27":51,"28":15,"30":15,"32":14,"35":14,"37":14,"38":14,"39":13,"40":1,"41":1,"42":1,"47":15,"49":14,"50":14,"51":14,"52":14,"53":14,"54":14,"55":14,"56":14,"57":14,"58":14,"59":14,"60":14,"61":14,"62":14,"64":14,"66":14,"67":14,"68":14,"69":14,"70":14,"71":14,"72":14,"73":14,"74":15,"77":51,"78":51,"79":51,"80":51,"81":51,"82":51,"83":51,"84":51,"85":51,"86":51,"87":51,"88":51,"91":51,"92":51,"93":51,"94":51,"95":51,"96":51,"97":51,"100":51,"101":51,"102":51,"103":51,"104":51,"107":51,"108":51,"109":51,"110":51,"111":51,"112":51,"113":51,"114":51,"115":51,"121":51,"122":1,"123":1,"124":1,"125":1,"126":1,"128":51,"129":51,"130":51,"131":2,"132":2,"133":2,"134":51,"136":51,"137":51,"139":51,"140":51,"141":51,"142":51,"143":51,"144":51,"145":51,"146":51,"148":51,"149":16,"150":16,"152":16,"153":16,"154":16,"155":16,"156":16,"157":16,"158":16,"159":16,"161":16,"162":16,"163":16,"164":16,"165":16,"166":16,"167":16,"168":16,"170":51,"171":2,"172":2,"173":2,"174":2,"175":2,"176":2,"177":2,"178":2,"180":2,"181":2,"182":2,"183":2,"184":2,"185":2,"186":2,"187":2,"189":2,"190":2,"191":2,"192":2,"193":2,"194":2,"195":2,"197":2,"198":2,"199":2,"200":2,"201":2,"202":2,"203":2,"205":2,"206":2,"207":2,"208":2,"209":2,"210":2,"211":2,"213":2,"214":2,"215":2,"216":2,"217":2,"218":2,"219":2,"221":2,"222":2,"223":2,"224":2,"225":2,"226":2,"227":2,"229":2,"230":2,"231":2,"232":2,"233":2,"234":2,"235":2,"236":2,"239":51,"240":1,"241":1,"242":1,"243":1,"244":1,"245":1,"246":1,"247":1,"248":1,"249":1,"250":1,"251":1,"253":51,"255":51,"257":51,"258":51,"259":51,"260":51,"261":51,"262":51,"263":51,"264":51,"266":51,"267":8,"268":8,"269":8,"270":8,"271":8,"272":8,"273":8,"274":8,"275":8,"276":8,"278":8,"279":8,"280":8,"281":8,"282":8,"283":8,"284":8,"286":8,"287":5,"288":5,"289":5,"290":5,"291":5,"292":5,"293":5,"296":8,"297":8,"298":8,"299":8,"300":8,"301":8,"302":8,"304":8,"305":1,"306":1,"307":1,"308":1,"309":1,"310":1,"311":1,"312":1,"313":1,"314":1,"315":1,"316":1,"317":1,"318":1,"319":1,"320":1,"321":1,"322":1,"323":1,"324":1,"325":1,"326":1,"327":1,"330":8,"331":8,"332":8,"333":8,"334":8,"335":8,"336":8,"338":8,"339":8,"340":8,"341":8,"342":8,"343":8,"344":8,"345":8,"348":51,"349":9,"350":9,"351":9,"352":9,"353":9,"354":9,"355":9,"356":9,"357":9,"358":9,"360":9,"361":9,"362":9,"363":9,"364":9,"365":9,"366":9,"368":9,"369":9,"370":9,"371":9,"372":9,"373":9,"374":9,"375":9,"376":9,"377":9,"378":9,"379":9,"380":9,"381":9,"382":9,"383":9,"384":9,"385":9,"386":9,"387":9,"388":9,"390":9,"391":9,"392":9,"393":9,"394":9,"395":9,"396":9,"398":9,"399":9,"400":9,"401":9,"402":9,"403":9,"404":9,"405":9,"408":51,"409":14,"410":14,"411":14,"412":14,"413":14,"414":14,"415":14,"416":14,"417":14,"418":14,"419":14,"422":51,"423":51,"424":51,"425":51,"426":51,"427":51,"428":51,"429":51,"431":51},"branchMap":{"0":{"type":"branch","line":27,"loc":{"start":{"line":27,"column":7},"end":{"line":432,"column":1}},"locations":[{"start":{"line":27,"column":7},"end":{"line":432,"column":1}}]},"1":{"type":"branch","line":110,"loc":{"start":{"line":110,"column":28},"end":{"line":110,"column":50}},"locations":[{"start":{"line":110,"column":28},"end":{"line":110,"column":50}}]},"2":{"type":"branch","line":111,"loc":{"start":{"line":111,"column":28},"end":{"line":111,"column":50}},"locations":[{"start":{"line":111,"column":28},"end":{"line":111,"column":50}}]},"3":{"type":"branch","line":112,"loc":{"start":{"line":112,"column":24},"end":{"line":112,"column":46}},"locations":[{"start":{"line":112,"column":24},"end":{"line":112,"column":46}}]},"4":{"type":"branch","line":131,"loc":{"start":{"line":131,"column":7},"end":{"line":131,"column":21}},"locations":[{"start":{"line":131,"column":7},"end":{"line":131,"column":21}}]},"5":{"type":"branch","line":149,"loc":{"start":{"line":149,"column":23},"end":{"line":149,"column":57}},"locations":[{"start":{"line":149,"column":23},"end":{"line":149,"column":57}}]},"6":{"type":"branch","line":149,"loc":{"start":{"line":149,"column":45},"end":{"line":169,"column":20}},"locations":[{"start":{"line":149,"column":45},"end":{"line":169,"column":20}}]},"7":{"type":"branch","line":155,"loc":{"start":{"line":155,"column":80},"end":{"line":155,"column":119}},"locations":[{"start":{"line":155,"column":80},"end":{"line":155,"column":119}}]},"8":{"type":"branch","line":155,"loc":{"start":{"line":155,"column":89},"end":{"line":155,"column":121}},"locations":[{"start":{"line":155,"column":89},"end":{"line":155,"column":121}}]},"9":{"type":"branch","line":171,"loc":{"start":{"line":171,"column":23},"end":{"line":171,"column":60}},"locations":[{"start":{"line":171,"column":23},"end":{"line":171,"column":60}}]},"10":{"type":"branch","line":171,"loc":{"start":{"line":171,"column":48},"end":{"line":237,"column":20}},"locations":[{"start":{"line":171,"column":48},"end":{"line":237,"column":20}}]},"11":{"type":"branch","line":183,"loc":{"start":{"line":183,"column":83},"end":{"line":183,"column":122}},"locations":[{"start":{"line":183,"column":83},"end":{"line":183,"column":122}}]},"12":{"type":"branch","line":183,"loc":{"start":{"line":183,"column":92},"end":{"line":183,"column":124}},"locations":[{"start":{"line":183,"column":92},"end":{"line":183,"column":124}}]},"13":{"type":"branch","line":240,"loc":{"start":{"line":240,"column":22},"end":{"line":252,"column":12}},"locations":[{"start":{"line":240,"column":22},"end":{"line":252,"column":12}}]},"14":{"type":"branch","line":267,"loc":{"start":{"line":267,"column":9},"end":{"line":346,"column":20}},"locations":[{"start":{"line":267,"column":9},"end":{"line":346,"column":20}}]},"15":{"type":"branch","line":287,"loc":{"start":{"line":287,"column":13},"end":{"line":294,"column":16}},"locations":[{"start":{"line":287,"column":13},"end":{"line":294,"column":16}}]},"16":{"type":"branch","line":305,"loc":{"start":{"line":305,"column":13},"end":{"line":328,"column":16}},"locations":[{"start":{"line":305,"column":13},"end":{"line":328,"column":16}}]},"17":{"type":"branch","line":349,"loc":{"start":{"line":349,"column":9},"end":{"line":406,"column":20}},"locations":[{"start":{"line":349,"column":9},"end":{"line":406,"column":20}}]},"18":{"type":"branch","line":409,"loc":{"start":{"line":409,"column":9},"end":{"line":420,"column":20}},"locations":[{"start":{"line":409,"column":9},"end":{"line":420,"column":20}}]},"19":{"type":"branch","line":28,"loc":{"start":{"line":28,"column":20},"end":{"line":75,"column":4}},"locations":[{"start":{"line":28,"column":20},"end":{"line":75,"column":4}}]},"20":{"type":"branch","line":31,"loc":{"start":{"line":31,"column":14},"end":{"line":31,"column":46}},"locations":[{"start":{"line":31,"column":14},"end":{"line":31,"column":46}}]},"21":{"type":"branch","line":31,"loc":{"start":{"line":31,"column":44},"end":{"line":39,"column":39}},"locations":[{"start":{"line":31,"column":44},"end":{"line":39,"column":39}}]},"22":{"type":"branch","line":39,"loc":{"start":{"line":39,"column":32},"end":{"line":40,"column":10}},"locations":[{"start":{"line":39,"column":32},"end":{"line":40,"column":10}}]},"23":{"type":"branch","line":40,"loc":{"start":{"line":40,"column":9},"end":{"line":43,"column":10}},"locations":[{"start":{"line":40,"column":9},"end":{"line":43,"column":10}}]},"24":{"type":"branch","line":48,"loc":{"start":{"line":48,"column":78},"end":{"line":74,"column":6}},"locations":[{"start":{"line":48,"column":78},"end":{"line":74,"column":6}}]},"25":{"type":"branch","line":42,"loc":{"start":{"line":42,"column":10},"end":{"line":42,"column":62}},"locations":[{"start":{"line":42,"column":10},"end":{"line":42,"column":62}}]},"26":{"type":"branch","line":122,"loc":{"start":{"line":122,"column":48},"end":{"line":127,"column":4}},"locations":[{"start":{"line":122,"column":48},"end":{"line":127,"column":4}}]},"27":{"type":"branch","line":123,"loc":{"start":{"line":123,"column":28},"end":{"line":126,"column":5}},"locations":[{"start":{"line":123,"column":28},"end":{"line":126,"column":5}}]},"28":{"type":"branch","line":131,"loc":{"start":{"line":131,"column":21},"end":{"line":134,"column":12}},"locations":[{"start":{"line":131,"column":21},"end":{"line":134,"column":12}}]}},"b":{"0":[51],"1":[17],"2":[17],"3":[17],"4":[18],"5":[3],"6":[16],"7":[15],"8":[1],"9":[17],"10":[2],"11":[1],"12":[1],"13":[1],"14":[8],"15":[5],"16":[1],"17":[9],"18":[14],"19":[15],"20":[1],"21":[14],"22":[13],"23":[1],"24":[14],"25":[2],"26":[1],"27":[1],"28":[2]},"fnMap":{"0":{"name":"App","decl":{"start":{"line":27,"column":7},"end":{"line":432,"column":1}},"loc":{"start":{"line":27,"column":7},"end":{"line":432,"column":1}},"line":27},"1":{"name":"fetchData","decl":{"start":{"line":28,"column":20},"end":{"line":75,"column":4}},"loc":{"start":{"line":28,"column":20},"end":{"line":75,"column":4}},"line":28},"2":{"name":"onSubmit","decl":{"start":{"line":122,"column":48},"end":{"line":127,"column":4}},"loc":{"start":{"line":122,"column":48},"end":{"line":127,"column":4}},"line":122}},"f":{"0":51,"1":15,"2":1}}
,"/workspaces/21-kintone/packages/ktplug-read-felica/src/components/customize/App.tsx": {"path":"/workspaces/21-kintone/packages/ktplug-read-felica/src/components/customize/App.tsx","all":false,"statementMap":{"0":{"start":{"line":1,"column":0},"end":{"line":1,"column":8}},"5":{"start":{"line":6,"column":0},"end":{"line":6,"column":8}},"9":{"start":{"line":10,"column":0},"end":{"line":10,"column":8}},"13":{"start":{"line":14,"column":0},"end":{"line":14,"column":74}},"14":{"start":{"line":15,"column":0},"end":{"line":15,"column":44}},"23":{"start":{"line":24,"column":0},"end":{"line":24,"column":65}},"25":{"start":{"line":26,"column":0},"end":{"line":26,"column":68}},"26":{"start":{"line":27,"column":0},"end":{"line":27,"column":24}},"27":{"start":{"line":28,"column":0},"end":{"line":28,"column":41}},"28":{"start":{"line":29,"column":0},"end":{"line":29,"column":3}},"29":{"start":{"line":30,"column":0},"end":{"line":30,"column":29}},"31":{"start":{"line":32,"column":0},"end":{"line":32,"column":45}},"39":{"start":{"line":40,"column":0},"end":{"line":40,"column":22}},"40":{"start":{"line":41,"column":0},"end":{"line":41,"column":23}},"41":{"start":{"line":42,"column":0},"end":{"line":42,"column":24}},"42":{"start":{"line":43,"column":0},"end":{"line":43,"column":18}},"43":{"start":{"line":44,"column":0},"end":{"line":44,"column":8}},"44":{"start":{"line":45,"column":0},"end":{"line":45,"column":44}},"45":{"start":{"line":46,"column":0},"end":{"line":46,"column":43}},"47":{"start":{"line":48,"column":0},"end":{"line":48,"column":64}},"48":{"start":{"line":49,"column":0},"end":{"line":49,"column":46}},"49":{"start":{"line":50,"column":0},"end":{"line":50,"column":5}},"51":{"start":{"line":52,"column":0},"end":{"line":52,"column":21}},"52":{"start":{"line":53,"column":0},"end":{"line":53,"column":45}},"54":{"start":{"line":55,"column":0},"end":{"line":55,"column":66}},"55":{"start":{"line":56,"column":0},"end":{"line":56,"column":48}},"56":{"start":{"line":57,"column":0},"end":{"line":57,"column":7}},"57":{"start":{"line":58,"column":0},"end":{"line":58,"column":5}},"59":{"start":{"line":60,"column":0},"end":{"line":60,"column":35}},"60":{"start":{"line":61,"column":0},"end":{"line":61,"column":4}},"65":{"start":{"line":66,"column":0},"end":{"line":66,"column":38}},"67":{"start":{"line":68,"column":0},"end":{"line":68,"column":61}},"70":{"start":{"line":71,"column":0},"end":{"line":71,"column":26}},"71":{"start":{"line":72,"column":0},"end":{"line":72,"column":49}},"72":{"start":{"line":73,"column":0},"end":{"line":73,"column":19}},"73":{"start":{"line":74,"column":0},"end":{"line":74,"column":41}},"74":{"start":{"line":75,"column":0},"end":{"line":75,"column":41}},"75":{"start":{"line":76,"column":0},"end":{"line":76,"column":25}},"76":{"start":{"line":77,"column":0},"end":{"line":77,"column":10}},"77":{"start":{"line":78,"column":0},"end":{"line":78,"column":14}},"78":{"start":{"line":79,"column":0},"end":{"line":79,"column":19}},"79":{"start":{"line":80,"column":0},"end":{"line":80,"column":44}},"80":{"start":{"line":81,"column":0},"end":{"line":81,"column":44}},"81":{"start":{"line":82,"column":0},"end":{"line":82,"column":28}},"82":{"start":{"line":83,"column":0},"end":{"line":83,"column":10}},"84":{"start":{"line":85,"column":0},"end":{"line":85,"column":52}},"85":{"start":{"line":86,"column":0},"end":{"line":86,"column":21}},"86":{"start":{"line":87,"column":0},"end":{"line":87,"column":43}},"87":{"start":{"line":88,"column":0},"end":{"line":88,"column":43}},"88":{"start":{"line":89,"column":0},"end":{"line":89,"column":27}},"89":{"start":{"line":90,"column":0},"end":{"line":90,"column":12}},"90":{"start":{"line":91,"column":0},"end":{"line":91,"column":9}},"91":{"start":{"line":92,"column":0},"end":{"line":92,"column":7}},"92":{"start":{"line":93,"column":0},"end":{"line":93,"column":5}},"93":{"start":{"line":94,"column":0},"end":{"line":94,"column":4}},"95":{"start":{"line":96,"column":0},"end":{"line":96,"column":10}},"96":{"start":{"line":97,"column":0},"end":{"line":97,"column":40}},"97":{"start":{"line":98,"column":0},"end":{"line":98,"column":11}},"98":{"start":{"line":99,"column":0},"end":{"line":99,"column":55}},"100":{"start":{"line":101,"column":0},"end":{"line":101,"column":17}},"101":{"start":{"line":102,"column":0},"end":{"line":102,"column":12}},"102":{"start":{"line":103,"column":0},"end":{"line":103,"column":68}},"103":{"start":{"line":104,"column":0},"end":{"line":104,"column":10}},"105":{"start":{"line":106,"column":0},"end":{"line":106,"column":1}},"117":{"start":{"line":118,"column":0},"end":{"line":118,"column":26}},"118":{"start":{"line":119,"column":0},"end":{"line":119,"column":12}},"119":{"start":{"line":120,"column":0},"end":{"line":120,"column":12}},"120":{"start":{"line":121,"column":0},"end":{"line":121,"column":49}},"121":{"start":{"line":122,"column":0},"end":{"line":122,"column":45}},"123":{"start":{"line":124,"column":0},"end":{"line":124,"column":19}},"125":{"start":{"line":126,"column":0},"end":{"line":126,"column":69}},"126":{"start":{"line":127,"column":0},"end":{"line":127,"column":48}},"127":{"start":{"line":128,"column":0},"end":{"line":128,"column":29}},"128":{"start":{"line":129,"column":0},"end":{"line":129,"column":29}},"129":{"start":{"line":130,"column":0},"end":{"line":130,"column":5}},"130":{"start":{"line":131,"column":0},"end":{"line":131,"column":9}},"135":{"start":{"line":136,"column":0},"end":{"line":136,"column":38}},"136":{"start":{"line":137,"column":0},"end":{"line":137,"column":34}},"137":{"start":{"line":138,"column":0},"end":{"line":138,"column":38}},"139":{"start":{"line":140,"column":0},"end":{"line":140,"column":56}},"142":{"start":{"line":143,"column":0},"end":{"line":143,"column":72}},"143":{"start":{"line":144,"column":0},"end":{"line":144,"column":28}},"144":{"start":{"line":145,"column":0},"end":{"line":145,"column":45}},"145":{"start":{"line":146,"column":0},"end":{"line":146,"column":7}},"146":{"start":{"line":147,"column":0},"end":{"line":147,"column":33}},"149":{"start":{"line":150,"column":0},"end":{"line":150,"column":60}},"150":{"start":{"line":151,"column":0},"end":{"line":151,"column":30}},"153":{"start":{"line":154,"column":0},"end":{"line":154,"column":26}},"154":{"start":{"line":155,"column":0},"end":{"line":155,"column":22}},"155":{"start":{"line":156,"column":0},"end":{"line":156,"column":48}},"156":{"start":{"line":157,"column":0},"end":{"line":157,"column":16}},"157":{"start":{"line":158,"column":0},"end":{"line":158,"column":22}},"158":{"start":{"line":159,"column":0},"end":{"line":159,"column":48}},"159":{"start":{"line":160,"column":0},"end":{"line":160,"column":16}},"160":{"start":{"line":161,"column":0},"end":{"line":161,"column":7}},"161":{"start":{"line":162,"column":0},"end":{"line":162,"column":6}},"163":{"start":{"line":164,"column":0},"end":{"line":164,"column":15}},"164":{"start":{"line":165,"column":0},"end":{"line":165,"column":4}},"166":{"start":{"line":167,"column":0},"end":{"line":167,"column":10}},"167":{"start":{"line":168,"column":0},"end":{"line":168,"column":40}},"168":{"start":{"line":169,"column":0},"end":{"line":169,"column":13}},"169":{"start":{"line":170,"column":0},"end":{"line":170,"column":47}},"170":{"start":{"line":171,"column":0},"end":{"line":171,"column":21}},"171":{"start":{"line":172,"column":0},"end":{"line":172,"column":38}},"172":{"start":{"line":173,"column":0},"end":{"line":173,"column":7}},"174":{"start":{"line":175,"column":0},"end":{"line":175,"column":15}},"175":{"start":{"line":176,"column":0},"end":{"line":176,"column":68}},"176":{"start":{"line":177,"column":0},"end":{"line":177,"column":10}},"178":{"start":{"line":179,"column":0},"end":{"line":179,"column":1}},"183":{"start":{"line":184,"column":0},"end":{"line":184,"column":32}},"184":{"start":{"line":185,"column":0},"end":{"line":185,"column":37}},"185":{"start":{"line":186,"column":0},"end":{"line":186,"column":37}},"186":{"start":{"line":187,"column":0},"end":{"line":187,"column":3}},"187":{"start":{"line":188,"column":0},"end":{"line":188,"column":51}},"189":{"start":{"line":190,"column":0},"end":{"line":190,"column":67}},"190":{"start":{"line":191,"column":0},"end":{"line":191,"column":5}},"191":{"start":{"line":192,"column":0},"end":{"line":192,"column":31}},"192":{"start":{"line":193,"column":0},"end":{"line":193,"column":23}},"193":{"start":{"line":194,"column":0},"end":{"line":194,"column":29}},"194":{"start":{"line":195,"column":0},"end":{"line":195,"column":51}},"195":{"start":{"line":196,"column":0},"end":{"line":196,"column":47}},"196":{"start":{"line":197,"column":0},"end":{"line":197,"column":8}},"197":{"start":{"line":198,"column":0},"end":{"line":198,"column":6}},"198":{"start":{"line":199,"column":0},"end":{"line":199,"column":5}},"200":{"start":{"line":201,"column":0},"end":{"line":201,"column":30}},"201":{"start":{"line":202,"column":0},"end":{"line":202,"column":31}},"203":{"start":{"line":204,"column":0},"end":{"line":204,"column":61}},"204":{"start":{"line":205,"column":0},"end":{"line":205,"column":44}},"205":{"start":{"line":206,"column":0},"end":{"line":206,"column":78}},"206":{"start":{"line":207,"column":0},"end":{"line":207,"column":6}},"208":{"start":{"line":209,"column":0},"end":{"line":209,"column":31}},"209":{"start":{"line":210,"column":0},"end":{"line":210,"column":3}},"210":{"start":{"line":211,"column":0},"end":{"line":211,"column":19}},"211":{"start":{"line":212,"column":0},"end":{"line":212,"column":1}},"219":{"start":{"line":220,"column":0},"end":{"line":220,"column":24}},"220":{"start":{"line":221,"column":0},"end":{"line":221,"column":40}},"221":{"start":{"line":222,"column":0},"end":{"line":222,"column":23}},"222":{"start":{"line":223,"column":0},"end":{"line":223,"column":43}},"223":{"start":{"line":224,"column":0},"end":{"line":224,"column":36}},"225":{"start":{"line":226,"column":0},"end":{"line":226,"column":29}},"226":{"start":{"line":227,"column":0},"end":{"line":227,"column":58}},"227":{"start":{"line":228,"column":0},"end":{"line":228,"column":31}},"228":{"start":{"line":229,"column":0},"end":{"line":229,"column":49}},"229":{"start":{"line":230,"column":0},"end":{"line":230,"column":4}},"231":{"start":{"line":232,"column":0},"end":{"line":232,"column":26}},"232":{"start":{"line":233,"column":0},"end":{"line":233,"column":31}},"233":{"start":{"line":234,"column":0},"end":{"line":234,"column":36}},"234":{"start":{"line":235,"column":0},"end":{"line":235,"column":11}},"235":{"start":{"line":236,"column":0},"end":{"line":236,"column":3}},"238":{"start":{"line":239,"column":0},"end":{"line":239,"column":29}},"239":{"start":{"line":240,"column":0},"end":{"line":240,"column":35}},"240":{"start":{"line":241,"column":0},"end":{"line":241,"column":38}},"241":{"start":{"line":242,"column":0},"end":{"line":242,"column":19}},"242":{"start":{"line":243,"column":0},"end":{"line":243,"column":67}},"243":{"start":{"line":244,"column":0},"end":{"line":244,"column":15}},"244":{"start":{"line":245,"column":0},"end":{"line":245,"column":9}},"246":{"start":{"line":247,"column":0},"end":{"line":247,"column":52}},"248":{"start":{"line":249,"column":0},"end":{"line":249,"column":42}},"249":{"start":{"line":250,"column":0},"end":{"line":250,"column":42}},"250":{"start":{"line":251,"column":0},"end":{"line":251,"column":15}},"251":{"start":{"line":252,"column":0},"end":{"line":252,"column":7}},"254":{"start":{"line":255,"column":0},"end":{"line":255,"column":10}},"255":{"start":{"line":256,"column":0},"end":{"line":256,"column":51}},"256":{"start":{"line":257,"column":0},"end":{"line":257,"column":51}},"257":{"start":{"line":258,"column":0},"end":{"line":258,"column":11}},"258":{"start":{"line":259,"column":0},"end":{"line":259,"column":9}},"259":{"start":{"line":260,"column":0},"end":{"line":260,"column":31}},"260":{"start":{"line":261,"column":0},"end":{"line":261,"column":18}},"261":{"start":{"line":262,"column":0},"end":{"line":262,"column":76}},"262":{"start":{"line":263,"column":0},"end":{"line":263,"column":22}},"264":{"start":{"line":265,"column":0},"end":{"line":265,"column":47}},"265":{"start":{"line":266,"column":0},"end":{"line":266,"column":53}},"266":{"start":{"line":267,"column":0},"end":{"line":267,"column":17}},"267":{"start":{"line":268,"column":0},"end":{"line":268,"column":9}},"268":{"start":{"line":269,"column":0},"end":{"line":269,"column":7}},"269":{"start":{"line":270,"column":0},"end":{"line":270,"column":26}},"270":{"start":{"line":271,"column":0},"end":{"line":271,"column":57}},"271":{"start":{"line":272,"column":0},"end":{"line":272,"column":14}},"272":{"start":{"line":273,"column":0},"end":{"line":273,"column":5}},"273":{"start":{"line":274,"column":0},"end":{"line":274,"column":3}},"276":{"start":{"line":277,"column":0},"end":{"line":277,"column":95}},"277":{"start":{"line":278,"column":0},"end":{"line":278,"column":127}},"278":{"start":{"line":279,"column":0},"end":{"line":279,"column":24}},"279":{"start":{"line":280,"column":0},"end":{"line":280,"column":79}},"282":{"start":{"line":283,"column":0},"end":{"line":283,"column":43}},"284":{"start":{"line":285,"column":0},"end":{"line":285,"column":25}},"285":{"start":{"line":286,"column":0},"end":{"line":286,"column":1}},"294":{"start":{"line":295,"column":0},"end":{"line":295,"column":22}},"295":{"start":{"line":296,"column":0},"end":{"line":296,"column":14}},"296":{"start":{"line":297,"column":0},"end":{"line":297,"column":25}},"297":{"start":{"line":298,"column":0},"end":{"line":298,"column":23}},"298":{"start":{"line":299,"column":0},"end":{"line":299,"column":3}},"299":{"start":{"line":300,"column":0},"end":{"line":300,"column":6}},"300":{"start":{"line":301,"column":0},"end":{"line":301,"column":51}},"301":{"start":{"line":302,"column":0},"end":{"line":302,"column":30}},"303":{"start":{"line":304,"column":0},"end":{"line":304,"column":51}},"304":{"start":{"line":305,"column":0},"end":{"line":305,"column":44}},"306":{"start":{"line":307,"column":0},"end":{"line":307,"column":154}},"309":{"start":{"line":310,"column":0},"end":{"line":310,"column":48}},"310":{"start":{"line":311,"column":0},"end":{"line":311,"column":58}},"311":{"start":{"line":312,"column":0},"end":{"line":312,"column":25}},"312":{"start":{"line":313,"column":0},"end":{"line":313,"column":31}},"313":{"start":{"line":314,"column":0},"end":{"line":314,"column":13}},"314":{"start":{"line":315,"column":0},"end":{"line":315,"column":5}},"315":{"start":{"line":316,"column":0},"end":{"line":316,"column":3}},"318":{"start":{"line":319,"column":0},"end":{"line":319,"column":46}},"319":{"start":{"line":320,"column":0},"end":{"line":320,"column":65}},"322":{"start":{"line":323,"column":0},"end":{"line":323,"column":27}},"323":{"start":{"line":324,"column":0},"end":{"line":324,"column":62}},"324":{"start":{"line":325,"column":0},"end":{"line":325,"column":86}},"325":{"start":{"line":326,"column":0},"end":{"line":326,"column":58}},"329":{"start":{"line":330,"column":0},"end":{"line":330,"column":7}},"330":{"start":{"line":331,"column":0},"end":{"line":331,"column":10}},"331":{"start":{"line":332,"column":0},"end":{"line":332,"column":12}},"332":{"start":{"line":333,"column":0},"end":{"line":333,"column":7}},"335":{"start":{"line":336,"column":0},"end":{"line":336,"column":44}},"336":{"start":{"line":337,"column":0},"end":{"line":337,"column":43}},"337":{"start":{"line":338,"column":0},"end":{"line":338,"column":13}},"338":{"start":{"line":339,"column":0},"end":{"line":339,"column":5}},"339":{"start":{"line":340,"column":0},"end":{"line":340,"column":3}},"342":{"start":{"line":343,"column":0},"end":{"line":343,"column":35}},"343":{"start":{"line":344,"column":0},"end":{"line":344,"column":6}},"344":{"start":{"line":345,"column":0},"end":{"line":345,"column":43}},"345":{"start":{"line":346,"column":0},"end":{"line":346,"column":41}},"346":{"start":{"line":347,"column":0},"end":{"line":347,"column":5}},"347":{"start":{"line":348,"column":0},"end":{"line":348,"column":71}},"348":{"start":{"line":349,"column":0},"end":{"line":349,"column":41}},"349":{"start":{"line":350,"column":0},"end":{"line":350,"column":73}},"350":{"start":{"line":351,"column":0},"end":{"line":351,"column":5}},"351":{"start":{"line":352,"column":0},"end":{"line":352,"column":3}},"352":{"start":{"line":353,"column":0},"end":{"line":353,"column":6}},"353":{"start":{"line":354,"column":0},"end":{"line":354,"column":46}},"354":{"start":{"line":355,"column":0},"end":{"line":355,"column":41}},"355":{"start":{"line":356,"column":0},"end":{"line":356,"column":5}},"356":{"start":{"line":357,"column":0},"end":{"line":357,"column":77}},"357":{"start":{"line":358,"column":0},"end":{"line":358,"column":44}},"358":{"start":{"line":359,"column":0},"end":{"line":359,"column":79}},"359":{"start":{"line":360,"column":0},"end":{"line":360,"column":5}},"360":{"start":{"line":361,"column":0},"end":{"line":361,"column":3}},"361":{"start":{"line":362,"column":0},"end":{"line":362,"column":6}},"362":{"start":{"line":363,"column":0},"end":{"line":363,"column":52}},"363":{"start":{"line":364,"column":0},"end":{"line":364,"column":46}},"364":{"start":{"line":365,"column":0},"end":{"line":365,"column":5}},"366":{"start":{"line":367,"column":0},"end":{"line":367,"column":79}},"367":{"start":{"line":368,"column":0},"end":{"line":368,"column":72}},"368":{"start":{"line":369,"column":0},"end":{"line":369,"column":5}},"369":{"start":{"line":370,"column":0},"end":{"line":370,"column":3}},"372":{"start":{"line":373,"column":0},"end":{"line":373,"column":7}},"373":{"start":{"line":374,"column":0},"end":{"line":374,"column":51}},"375":{"start":{"line":376,"column":0},"end":{"line":376,"column":48}},"376":{"start":{"line":377,"column":0},"end":{"line":377,"column":33}},"377":{"start":{"line":378,"column":0},"end":{"line":378,"column":5}},"378":{"start":{"line":379,"column":0},"end":{"line":379,"column":62}},"379":{"start":{"line":380,"column":0},"end":{"line":380,"column":38}},"380":{"start":{"line":381,"column":0},"end":{"line":381,"column":24}},"381":{"start":{"line":382,"column":0},"end":{"line":382,"column":38}},"382":{"start":{"line":383,"column":0},"end":{"line":383,"column":40}},"383":{"start":{"line":384,"column":0},"end":{"line":384,"column":29}},"384":{"start":{"line":385,"column":0},"end":{"line":385,"column":3}},"385":{"start":{"line":386,"column":0},"end":{"line":386,"column":1}},"394":{"start":{"line":395,"column":0},"end":{"line":395,"column":22}},"395":{"start":{"line":396,"column":0},"end":{"line":396,"column":14}},"396":{"start":{"line":397,"column":0},"end":{"line":397,"column":25}},"397":{"start":{"line":398,"column":0},"end":{"line":398,"column":23}},"398":{"start":{"line":399,"column":0},"end":{"line":399,"column":3}},"399":{"start":{"line":400,"column":0},"end":{"line":400,"column":6}},"400":{"start":{"line":401,"column":0},"end":{"line":401,"column":51}},"401":{"start":{"line":402,"column":0},"end":{"line":402,"column":30}},"403":{"start":{"line":404,"column":0},"end":{"line":404,"column":51}},"405":{"start":{"line":406,"column":0},"end":{"line":406,"column":44}},"406":{"start":{"line":407,"column":0},"end":{"line":407,"column":154}},"409":{"start":{"line":410,"column":0},"end":{"line":410,"column":48}},"410":{"start":{"line":411,"column":0},"end":{"line":411,"column":58}},"411":{"start":{"line":412,"column":0},"end":{"line":412,"column":25}},"412":{"start":{"line":413,"column":0},"end":{"line":413,"column":31}},"413":{"start":{"line":414,"column":0},"end":{"line":414,"column
[...]
column":30}}]},"25":{"type":"branch","line":151,"loc":{"start":{"line":151,"column":23},"end":{"line":151,"column":30}},"locations":[{"start":{"line":151,"column":23},"end":{"line":151,"column":30}}]},"26":{"type":"branch","line":151,"loc":{"start":{"line":151,"column":23},"end":{"line":154,"column":26}},"locations":[{"start":{"line":151,"column":23},"end":{"line":154,"column":26}}]},"27":{"type":"branch","line":155,"loc":{"start":{"line":155,"column":8},"end":{"line":157,"column":16}},"locations":[{"start":{"line":155,"column":8},"end":{"line":157,"column":16}}]},"28":{"type":"branch","line":156,"loc":{"start":{"line":156,"column":46},"end":{"line":157,"column":16}},"locations":[{"start":{"line":156,"column":46},"end":{"line":157,"column":16}}]},"29":{"type":"branch","line":158,"loc":{"start":{"line":158,"column":8},"end":{"line":160,"column":16}},"locations":[{"start":{"line":158,"column":8},"end":{"line":160,"column":16}}]},"30":{"type":"branch","line":159,"loc":{"start":{"line":159,"column":46},"end":{"line":160,"column":16}},"locations":[{"start":{"line":159,"column":46},"end":{"line":160,"column":16}}]},"31":{"type":"branch","line":184,"loc":{"start":{"line":184,"column":0},"end":{"line":212,"column":1}},"locations":[{"start":{"line":184,"column":0},"end":{"line":212,"column":1}}]},"32":{"type":"branch","line":201,"loc":{"start":{"line":201,"column":6},"end":{"line":201,"column":29}},"locations":[{"start":{"line":201,"column":6},"end":{"line":201,"column":29}}]},"33":{"type":"branch","line":201,"loc":{"start":{"line":201,"column":29},"end":{"line":210,"column":3}},"locations":[{"start":{"line":201,"column":29},"end":{"line":210,"column":3}}]},"34":{"type":"branch","line":210,"loc":{"start":{"line":210,"column":2},"end":{"line":212,"column":1}},"locations":[{"start":{"line":210,"column":2},"end":{"line":212,"column":1}}]},"35":{"type":"branch","line":220,"loc":{"start":{"line":220,"column":0},"end":{"line":286,"column":1}},"locations":[{"start":{"line":220,"column":0},"end":{"line":286,"column":1}}]},"36":{"type":"branch","line":232,"loc":{"start":{"line":232,"column":25},"end":{"line":236,"column":3}},"locations":[{"start":{"line":232,"column":25},"end":{"line":236,"column":3}}]},"37":{"type":"branch","line":236,"loc":{"start":{"line":236,"column":2},"end":{"line":243,"column":66}},"locations":[{"start":{"line":236,"column":2},"end":{"line":243,"column":66}}]},"38":{"type":"branch","line":243,"loc":{"start":{"line":243,"column":31},"end":{"line":243,"column":66}},"locations":[{"start":{"line":243,"column":31},"end":{"line":243,"column":66}}]},"39":{"type":"branch","line":243,"loc":{"start":{"line":243,"column":66},"end":{"line":274,"column":3}},"locations":[{"start":{"line":243,"column":66},"end":{"line":274,"column":3}}]},"40":{"type":"branch","line":247,"loc":{"start":{"line":247,"column":44},"end":{"line":247,"column":48}},"locations":[{"start":{"line":247,"column":44},"end":{"line":247,"column":48}}]},"41":{"type":"branch","line":247,"loc":{"start":{"line":247,"column":44},"end":{"line":247,"column":52}},"locations":[{"start":{"line":247,"column":44},"end":{"line":247,"column":52}}]},"42":{"type":"branch","line":249,"loc":{"start":{"line":249,"column":11},"end":{"line":249,"column":41}},"locations":[{"start":{"line":249,"column":11},"end":{"line":249,"column":41}}]},"43":{"type":"branch","line":249,"loc":{"start":{"line":249,"column":41},"end":{"line":252,"column":7}},"locations":[{"start":{"line":249,"column":41},"end":{"line":252,"column":7}}]},"44":{"type":"branch","line":252,"loc":{"start":{"line":252,"column":6},"end":{"line":256,"column":51}},"locations":[{"start":{"line":252,"column":6},"end":{"line":256,"column":51}}]},"45":{"type":"branch","line":256,"loc":{"start":{"line":256,"column":40},"end":{"line":257,"column":51}},"locations":[{"start":{"line":256,"column":40},"end":{"line":257,"column":51}}]},"46":{"type":"branch","line":257,"loc":{"start":{"line":257,"column":41},"end":{"line":258,"column":11}},"locations":[{"start":{"line":257,"column":41},"end":{"line":258,"column":11}}]},"47":{"type":"branch","line":259,"loc":{"start":{"line":259,"column":8},"end":{"line":269,"column":7}},"locations":[{"start":{"line":259,"column":8},"end":{"line":269,"column":7}}]},"48":{"type":"branch","line":262,"loc":{"start":{"line":262,"column":75},"end":{"line":263,"column":22}},"locations":[{"start":{"line":262,"column":75},"end":{"line":263,"column":22}}]},"49":{"type":"branch","line":265,"loc":{"start":{"line":265,"column":13},"end":{"line":265,"column":46}},"locations":[{"start":{"line":265,"column":13},"end":{"line":265,"column":46}}]},"50":{"type":"branch","line":265,"loc":{"start":{"line":265,"column":46},"end":{"line":268,"column":9}},"locations":[{"start":{"line":265,"column":46},"end":{"line":268,"column":9}}]},"51":{"type":"branch","line":270,"loc":{"start":{"line":270,"column":4},"end":{"line":273,"column":5}},"locations":[{"start":{"line":270,"column":4},"end":{"line":273,"column":5}}]},"52":{"type":"branch","line":274,"loc":{"start":{"line":274,"column":2},"end":{"line":277,"column":73}},"locations":[{"start":{"line":274,"column":2},"end":{"line":277,"column":73}}]},"53":{"type":"branch","line":277,"loc":{"start":{"line":277,"column":62},"end":{"line":277,"column":90}},"locations":[{"start":{"line":277,"column":62},"end":{"line":277,"column":90}}]},"54":{"type":"branch","line":277,"loc":{"start":{"line":277,"column":85},"end":{"line":277,"column":92}},"locations":[{"start":{"line":277,"column":85},"end":{"line":277,"column":92}}]},"55":{"type":"branch","line":278,"loc":{"start":{"line":278,"column":65},"end":{"line":278,"column":122}},"locations":[{"start":{"line":278,"column":65},"end":{"line":278,"column":122}}]},"56":{"type":"branch","line":278,"loc":{"start":{"line":278,"column":117},"end":{"line":278,"column":124}},"locations":[{"start":{"line":278,"column":117},"end":{"line":278,"column":124}}]},"57":{"type":"branch","line":280,"loc":{"start":{"line":280,"column":25},"end":{"line":280,"column":52}},"locations":[{"start":{"line":280,"column":25},"end":{"line":280,"column":52}}]},"58":{"type":"branch","line":280,"loc":{"start":{"line":280,"column":45},"end":{"line":280,"column":58}},"locations":[{"start":{"line":280,"column":45},"end":{"line":280,"column":58}}]},"59":{"type":"branch","line":295,"loc":{"start":{"line":295,"column":0},"end":{"line":386,"column":1}},"locations":[{"start":{"line":295,"column":0},"end":{"line":386,"column":1}}]},"60":{"type":"branch","line":304,"loc":{"start":{"line":304,"column":4},"end":{"line":304,"column":51}},"locations":[{"start":{"line":304,"column":4},"end":{"line":304,"column":51}}]},"61":{"type":"branch","line":304,"loc":{"start":{"line":304,"column":49},"end":{"line":307,"column":84}},"locations":[{"start":{"line":304,"column":49},"end":{"line":307,"column":84}}]},"62":{"type":"branch","line":307,"loc":{"start":{"line":307,"column":76},"end":{"line":307,"column":90}},"locations":[{"start":{"line":307,"column":76},"end":{"line":307,"column":90}}]},"63":{"type":"branch","line":307,"loc":{"start":{"line":307,"column":84},"end":{"line":307,"column":92}},"locations":[{"start":{"line":307,"column":84},"end":{"line":307,"column":92}}]},"64":{"type":"branch","line":307,"loc":{"start":{"line":307,"column":106},"end":{"line":307,"column":148}},"locations":[{"start":{"line":307,"column":106},"end":{"line":307,"column":148}}]},"65":{"type":"branch","line":307,"loc":{"start":{"line":307,"column":143},"end":{"line":307,"column":150}},"locations":[{"start":{"line":307,"column":143},"end":{"line":307,"column":150}}]},"66":{"type":"branch","line":310,"loc":{"start":{"line":310,"column":47},"end":{"line":316,"column":3}},"locations":[{"start":{"line":310,"column":47},"end":{"line":316,"column":3}}]},"67":{"type":"branch","line":312,"loc":{"start":{"line":312,"column":24},"end":{"line":315,"column":5}},"locations":[{"start":{"line":312,"column":24},"end":{"line":315,"column":5}}]},"68":{"type":"branch","line":316,"loc":{"start":{"line":316,"column":2},"end":{"line":319,"column":45}},"locations":[{"start":{"line":316,"column":2},"end":{"line":319,"column":45}}]},"69":{"type":"branch","line":319,"loc":{"start":{"line":319,"column":45},"end":{"line":340,"column":3}},"locations":[{"start":{"line":319,"column":45},"end":{"line":340,"column":3}}]},"70":{"type":"branch","line":325,"loc":{"start":{"line":325,"column":35},"end":{"line":325,"column":81}},"locations":[{"start":{"line":325,"column":35},"end":{"line":325,"column":81}}]},"71":{"type":"branch","line":325,"loc":{"start":{"line":325,"column":76},"end":{"line":325,"column":83}},"locations":[{"start":{"line":325,"column":76},"end":{"line":325,"column":83}}]},"72":{"type":"branch","line":336,"loc":{"start":{"line":336,"column":43},"end":{"line":339,"column":5}},"locations":[{"start":{"line":336,"column":43},"end":{"line":339,"column":5}}]},"73":{"type":"branch","line":340,"loc":{"start":{"line":340,"column":2},"end":{"line":345,"column":43}},"locations":[{"start":{"line":340,"column":2},"end":{"line":345,"column":43}}]},"74":{"type":"branch","line":345,"loc":{"start":{"line":345,"column":35},"end":{"line":346,"column":41}},"locations":[{"start":{"line":345,"column":35},"end":{"line":346,"column":41}}]},"75":{"type":"branch","line":347,"loc":{"start":{"line":347,"column":4},"end":{"line":352,"column":3}},"locations":[{"start":{"line":347,"column":4},"end":{"line":352,"column":3}}]},"76":{"type":"branch","line":352,"loc":{"start":{"line":352,"column":2},"end":{"line":354,"column":46}},"locations":[{"start":{"line":352,"column":2},"end":{"line":354,"column":46}}]},"77":{"type":"branch","line":354,"loc":{"start":{"line":354,"column":35},"end":{"line":355,"column":41}},"locations":[{"start":{"line":354,"column":35},"end":{"line":355,"column":41}}]},"78":{"type":"branch","line":356,"loc":{"start":{"line":356,"column":4},"end":{"line":361,"column":3}},"locations":[{"start":{"line":356,"column":4},"end":{"line":361,"column":3}}]},"79":{"type":"branch","line":361,"loc":{"start":{"line":361,"column":2},"end":{"line":363,"column":52}},"locations":[{"start":{"line":361,"column":2},"end":{"line":363,"column":52}}]},"80":{"type":"branch","line":363,"loc":{"start":{"line":363,"column":30},"end":{"line":364,"column":46}},"locations":[{"start":{"line":363,"column":30},"end":{"line":364,"column":46}}]},"81":{"type":"branch","line":365,"loc":{"start":{"line":365,"column":4},"end":{"line":370,"column":3}},"locations":[{"start":{"line":365,"column":4},"end":{"line":370,"column":3}}]},"82":{"type":"branch","line":370,"loc":{"start":{"line":370,"column":2},"end":{"line":374,"column":51}},"locations":[{"start":{"line":370,"column":2},"end":{"line":374,"column":51}}]},"83":{"type":"branch","line":374,"loc":{"start":{"line":374,"column":49},"end":{"line":376,"column":47}},"locations":[{"start":{"line":374,"column":49},"end":{"line":376,"column":47}}]},"84":{"type":"branch","line":376,"loc":{"start":{"line":376,"column":47},"end":{"line":378,"column":5}},"locations":[{"start":{"line":376,"column":47},"end":{"line":378,"column":5}}]},"85":{"type":"branch","line":378,"loc":{"start":{"line":378,"column":4},"end":{"line":381,"column":11}},"locations":[{"start":{"line":378,"column":4},"end":{"line":381,"column":11}}]},"86":{"type":"branch","line":381,"loc":{"start":{"line":381,"column":2},"end":{"line":385,"column":3}},"locations":[{"start":{"line":381,"column":2},"end":{"line":385,"column":3}}]},"87":{"type":"branch","line":395,"loc":{"start":{"line":395,"column":0},"end":{"line":462,"column":1}},"locations":[{"start":{"line":395,"column":0},"end":{"line":462,"column":1}}]},"88":{"type":"branch","line":404,"loc":{"start":{"line":404,"column":4},"end":{"line":404,"column":51}},"locations":[{"start":{"line":404,"column":4},"end":{"line":404,"column":51}}]},"89":{"type":"branch","line":404,"loc":{"start":{"line":404,"column":49},"end":{"line":407,"column":84}},"locations":[{"start":{"line":404,"column":49},"end":{"line":407,"column":84}}]},"90":{"type":"branch","line":407,"loc":{"start":{"line":407,"column":76},"end":{"line":407,"column":90}},"locations":[{"start":{"line":407,"column":76},"end":{"line":407,"column":90}}]},"91":{"type":"branch","line":407,"loc":{"start":{"line":407,"column":84},"end":{"line":407,"column":92}},"locations":[{"start":{"line":407,"column":84},"end":{"line":407,"column":92}}]},"92":{"type":"branch","line":407,"loc":{"start":{"line":407,"column":106},"end":{"line":407,"column":148}},"locations":[{"start":{"line":407,"column":106},"end":{"line":407,"column":148}}]},"93":{"type":"branch","line":407,"loc":{"start":{"line":407,"column":143},"end":{"line":407,"column":150}},"locations":[{"start":{"line":407,"column":143},"end":{"line":407,"column":150}}]},"94":{"type":"branch","line":410,"loc":{"start":{"line":410,"column":47},"end":{"line":416,"column":3}},"locations":[{"start":{"line":410,"column":47},"end":{"line":416,"column":3}}]},"95":{"type":"branch","line":412,"loc":{"start":{"line":412,"column":24},"end":{"line":415,"column":5}},"locations":[{"start":{"line":412,"column":24},"end":{"line":415,"column":5}}]},"96":{"type":"branch","line":416,"loc":{"start":{"line":416,"column":2},"end":{"line":421,"column":51}},"locations":[{"start":{"line":416,"column":2},"end":{"line":421,"column":51}}]},"97":{"type":"branch","line":421,"loc":{"start":{"line":421,"column":33},"end":{"line":421,"column":79}},"locations":[{"start":{"line":421,"column":33},"end":{"line":421,"column":79}}]},"98":{"type":"branch","line":421,"loc":{"start":{"line":421,"column":74},"end":{"line":421,"column":81}},"locations":[{"start":{"line":421,"column":74},"end":{"line":421,"column":81}}]},"99":{"type":"branch","line":429,"loc":{"start":{"line":429,"column":3},"end":{"line":431,"column":43}},"locations":[{"start":{"line":429,"column":3},"end":{"line":431,"column":43}}]},"100":{"type":"branch","line":431,"loc":{"start":{"line":431,"column":43},"end":{"line":434,"column":3}},"locations":[{"start":{"line":431,"column":43},"end":{"line":434,"column":3}}]},"101":{"type":"branch","line":434,"loc":{"start":{"line":434,"column":2},"end":{"line":435,"column":41}},"locations":[{"start":{"line":434,"column":2},"end":{"line":435,"column":41}}]},"102":{"type":"branch","line":435,"loc":{"start":{"line":435,"column":41},"end":{"line":438,"column":3}},"locations":[{"start":{"line":435,"column":41},"end":{"line":438,"column":3}}]},"103":{"type":"branch","line":438,"loc":{"start":{"line":438,"column":2},"end":{"line":443,"column":68}},"locations":[{"start":{"line":438,"column":2},"end":{"line":443,"column":68}}]},"104":{"type":"branch","line":443,"loc":{"start":{"line":443,"column":68},"end":{"line":445,"column":3}},"locations":[{"start":{"line":443,"column":68},"end":{"line":445,"column":3}}]},"105":{"type":"branch","line":445,"loc":{"start":{"line":445,"column":2},"end":{"line":452,"column":7}},"locations":[{"start":{"line":445,"column":2},"end":{"line":452,"column":7}}]},"106":{"type":"branch","line":452,"loc":{"start":{"line":452,"column":5},"end":{"line":453,"column":47}},"locations":[{"start":{"line":452,"column":5},"end":{"line":453,"column":47}}]},"107":{"type":"branch","line":453,"loc":{"start":{"line":453,"column":47},"end":{"line":455,"column":5}},"locations":[{"start":{"line":453,"column":47},"end":{"line":455,"column":5}}]},"108":{"type":"branch","line":455,"loc":{"start":{"line":455,"column":4},"end":{"line":458,"column":11}},"locations":[{"start":{"line":455,"column":4},"end":{"line":458,"column":11}}]},"109":{"type":"branch","line":458,"loc":{"start":{"line":458,"column":2},"end":{"line":461,"column":3}},"locations":[{"start":{"line":458,"column":2},"end":{"line":461,"column":3}}]},"110":{"type":"branch","line":469,"loc":{"start":{"line":469,"column":0},"end":{"line":484,"column":1}},"locations":[{"start":{"line":469,"column":0},"end":{"line":484,"column":1}}]},"111":{"type":"branch","line":474,"loc":{"start":{"line":474,"column":4},"end":{"line":475,"column":71}},"locations":[{"start":{"line":474,"column":4},"end":{"line":475,"column":71}}]},"112":{"type":"branch","line":476,"loc":{"start":{"line":476,"column":4},"end":{"line":477,"column":77}},"locations":[{"start":{"line":476,"column":4},"end":{"line":477,"column":77}}]},"113":{"type":"branch","line":478,"loc":{"start":{"line":478,"column":4},"end":{"line":482,"column":77}},"locations":[{"start":{"line":478,"column":4},"end":{"line":482,"column":77}}]},"114":{"type":"branch","line":479,"loc":{"start":{"line":479,"column":50},"end":{"line":481,"column":7}},"locations":[{"start":{"line":479,"column":50},"end":{"line":481,"column":7}}]},"115":{"type":"branch","line":481,"loc":{"start":{"line":481,"column":6},"end":{"line":482,"column":77}},"locations":[{"start":{"line":481,"column":6},"end":{"line":482,"column":77}}]}},"b":{"0":[42],"1":[2],"2":[39],"3":[26],"4":[10],"5":[4],"6":[7],"7":[2],"8":[13],"9":[12],"10":[8],"11":[8],"12":[3],"13":[5],"14":[2],"15":[62],"16":[40],"17":[22],"18":[21],"19":[22],"20":[22],"21":[1],"22":[21],"23":[1],"24":[20],"25":[1],"26":[19],"27":[10],"28":[9],"29":[9],"30":[8],"31":[22],"32":[21],"33":[20],"34":[2],"35":[33],"36":[2],"37":[31],"38":[12],"39":[31],"40":[30],"41":[29],"42":[1],"43":[1],"44":[29],"45":[22],"46":[22],"47":[22],"48":[20],"49":[2],"50":[2],"51":[1],"52":[27],"53":[22],"54":[5],"55":[20],"56":[7],"57":[22],"58":[5],"59":[10],"60":[1],"61":[9],"62":[6],"63":[3],"64":[6],"65":[3],"66":[3],"67":[1],"68":[8],"69":[5],"70":[3],"71":[2],"72":[1],"73":[7],"74":[4],"75":[6],"76":[7],"77":[6],"78":[4],"79":[7],"80":[2],"81":[2],"82":[7],"83":[6],"84":[4],"85":[6],"86":[1],"87":[9],"88":[1],"89":[8],"90":[7],"91":[1],"92":[7],"93":[1],"94":[2],"95":[1],"96":[7],"97":[1],"98":[6],"99":[7],"100":[1],"101":[6],"102":[1],"103":[5],"104":[10],"105":[5],"106":[4],"107":[1],"108":[4],"109":[1],"110":[12],"111":[2],"112":[1],"113":[9],"114":[5],"115":[4]},"fnMap":{"0":{"name":"AppRecord","decl":{"start":{"line":24,"column":7},"end":{"line":106,"column":1}},"loc":{"start":{"line":24,"column":7},"end":{"line":106,"column":1}},"line":24},"1":{"name":"editRecord","decl":{"start":{"line":40,"column":21},"end":{"line":61,"column":4}},"loc":{"start":{"line":40,"column":21},"end":{"line":61,"column":4}},"line":40},"2":{"name":"readbtnHandler","decl":{"start":{"line":66,"column":25},"end":{"line":94,"column":4}},"loc":{"start":{"line":66,"column":25},"end":{"line":94,"column":4}},"line":66},"3":{"name":"AppIndex","decl":{"start":{"line":118,"column":7},"end":{"line":179,"column":1}},"loc":{"start":{"line":118,"column":7},"end":{"line":179,"column":1}},"line":118},"4":{"name":"btnCardReaderClicked","decl":{"start":{"line":136,"column":31},"end":{"line":165,"column":4}},"loc":{"start":{"line":136,"column":31},"end":{"line":165,"column":4}},"line":136},"5":{"name":"doAction","decl":{"start":{"line":137,"column":21},"end":{"line":162,"column":6}},"loc":{"start":{"line":137,"column":21},"end":{"line":162,"column":6}},"line":137},"6":{"name":"readIdmAndMemory","decl":{"start":{"line":184,"column":0},"end":{"line":212,"column":1}},"loc":{"start":{"line":184,"column":0},"end":{"line":212,"column":1}},"line":184},"7":{"name":"readCard","decl":{"start":{"line":220,"column":0},"end":{"line":286,"column":1}},"loc":{"start":{"line":220,"column":0},"end":{"line":286,"column":1}},"line":220},"8":{"name":"regist","decl":{"start":{"line":295,"column":0},"end":{"line":386,"column":1}},"loc":{"start":{"line":295,"column":0},"end":{"line":386,"column":1}},"line":295},"9":{"name":"update","decl":{"start":{"line":395,"column":0},"end":{"line":462,"column":1}},"loc":{"start":{"line":395,"column":0},"end":{"line":462,"column":1}},"line":395},"10":{"name":"constructKeyCriteria","decl":{"start":{"line":469,"column":0},"end":{"line":484,"column":1}},"loc":{"start":{"line":469,"column":0},"end":{"line":484,"column":1}},"line":469}},"f":{"0":42,"1":10,"2":13,"3":62,"4":22,"5":22,"6":22,"7":33,"8":10,"9":9,"10":12}}
}
