{"/workspaces/21-kintone/packages/ktplug-rcs300-felica-reader/src/config.tsx": {"path":"/workspaces/21-kintone/packages/ktplug-rcs300-felica-reader/src/config.tsx","all":false,"statementMap":{"0":{"start":{"line":1,"column":0},"end":{"line":1,"column":46}},"1":{"start":{"line":2,"column":0},"end":{"line":2,"column":46}},"3":{"start":{"line":4,"column":0},"end":{"line":4,"column":23}},"4":{"start":{"line":5,"column":0},"end":{"line":5,"column":61}},"5":{"start":{"line":6,"column":0},"end":{"line":6,"column":16}},"6":{"start":{"line":7,"column":0},"end":{"line":7,"column":44}},"7":{"start":{"line":8,"column":0},"end":{"line":8,"column":11}},"8":{"start":{"line":9,"column":0},"end":{"line":9,"column":3}},"9":{"start":{"line":10,"column":0},"end":{"line":10,"column":34}},"10":{"start":{"line":11,"column":0},"end":{"line":11,"column":45}},"11":{"start":{"line":12,"column":0},"end":{"line":12,"column":23}}},"s":{"0":1,"1":1,"3":1,"4":2,"5":2,"6":1,"7":1,"8":1,"9":1,"10":1,"11":1},"branchMap":{"0":{"type":"branch","line":4,"loc":{"start":{"line":4,"column":1},"end":{"line":12,"column":3}},"locations":[{"start":{"line":4,"column":1},"end":{"line":12,"column":3}}]},"1":{"type":"branch","line":6,"loc":{"start":{"line":6,"column":15},"end":{"line":12,"column":3}},"locations":[{"start":{"line":6,"column":15},"end":{"line":12,"column":3}}]}},"b":{"0":[2],"1":[1]},"fnMap":{},"f":{}}
,"/workspaces/21-kintone/packages/ktplug-rcs300-felica-reader/src/customize.tsx": {"path":"/workspaces/21-kintone/packages/ktplug-rcs300-felica-reader/src/customize.tsx","all":false,"statementMap":{"0":{"start":{"line":1,"column":0},"end":{"line":1,"column":66}},"1":{"start":{"line":2,"column":0},"end":{"line":2,"column":46}},"2":{"start":{"line":3,"column":0},"end":{"line":3,"column":8}},"7":{"start":{"line":8,"column":0},"end":{"line":8,"column":45}},"9":{"start":{"line":10,"column":0},"end":{"line":10,"column":17}},"11":{"start":{"line":12,"column":0},"end":{"line":12,"column":20}},"12":{"start":{"line":13,"column":0},"end":{"line":13,"column":5}},"13":{"start":{"line":14,"column":0},"end":{"line":14,"column":29}},"14":{"start":{"line":15,"column":0},"end":{"line":15,"column":31}},"16":{"start":{"line":17,"column":0},"end":{"line":17,"column":6}},"17":{"start":{"line":18,"column":0},"end":{"line":18,"column":16}},"19":{"start":{"line":20,"column":0},"end":{"line":20,"column":72}},"20":{"start":{"line":21,"column":0},"end":{"line":21,"column":28}},"21":{"start":{"line":22,"column":0},"end":{"line":22,"column":45}},"22":{"start":{"line":23,"column":0},"end":{"line":23,"column":7}},"23":{"start":{"line":24,"column":0},"end":{"line":24,"column":33}},"25":{"start":{"line":26,"column":0},"end":{"line":26,"column":77}},"26":{"start":{"line":27,"column":0},"end":{"line":27,"column":15}},"28":{"start":{"line":29,"column":0},"end":{"line":29,"column":72}},"29":{"start":{"line":30,"column":0},"end":{"line":30,"column":52}},"30":{"start":{"line":31,"column":0},"end":{"line":31,"column":43}},"31":{"start":{"line":32,"column":0},"end":{"line":32,"column":8}},"32":{"start":{"line":33,"column":0},"end":{"line":33,"column":15}},"33":{"start":{"line":34,"column":0},"end":{"line":34,"column":36}},"34":{"start":{"line":35,"column":0},"end":{"line":35,"column":57}},"35":{"start":{"line":36,"column":0},"end":{"line":36,"column":14}},"36":{"start":{"line":37,"column":0},"end":{"line":37,"column":24}},"37":{"start":{"line":38,"column":0},"end":{"line":38,"column":61}},"38":{"start":{"line":39,"column":0},"end":{"line":39,"column":10}},"39":{"start":{"line":40,"column":0},"end":{"line":40,"column":7}},"40":{"start":{"line":41,"column":0},"end":{"line":41,"column":19}},"41":{"start":{"line":42,"column":0},"end":{"line":42,"column":6}},"42":{"start":{"line":43,"column":0},"end":{"line":43,"column":4}},"44":{"start":{"line":45,"column":0},"end":{"line":45,"column":59}},"46":{"start":{"line":47,"column":0},"end":{"line":47,"column":70}},"47":{"start":{"line":48,"column":0},"end":{"line":48,"column":26}},"48":{"start":{"line":49,"column":0},"end":{"line":49,"column":43}},"49":{"start":{"line":50,"column":0},"end":{"line":50,"column":5}},"50":{"start":{"line":51,"column":0},"end":{"line":51,"column":31}},"53":{"start":{"line":54,"column":0},"end":{"line":54,"column":48}},"54":{"start":{"line":55,"column":0},"end":{"line":55,"column":8}},"55":{"start":{"line":56,"column":0},"end":{"line":56,"column":34}},"56":{"start":{"line":57,"column":0},"end":{"line":57,"column":65}},"57":{"start":{"line":58,"column":0},"end":{"line":58,"column":7}},"58":{"start":{"line":59,"column":0},"end":{"line":59,"column":22}},"59":{"start":{"line":60,"column":0},"end":{"line":60,"column":5}},"60":{"start":{"line":61,"column":0},"end":{"line":61,"column":8}},"61":{"start":{"line":62,"column":0},"end":{"line":62,"column":34}},"62":{"start":{"line":63,"column":0},"end":{"line":63,"column":65}},"63":{"start":{"line":64,"column":0},"end":{"line":64,"column":7}},"64":{"start":{"line":65,"column":0},"end":{"line":65,"column":22}},"65":{"start":{"line":66,"column":0},"end":{"line":66,"column":5}},"67":{"start":{"line":68,"column":0},"end":{"line":68,"column":15}},"68":{"start":{"line":69,"column":0},"end":{"line":69,"column":53}},"69":{"start":{"line":70,"column":0},"end":{"line":70,"column":16}},"70":{"start":{"line":71,"column":0},"end":{"line":71,"column":54}},"71":{"start":{"line":72,"column":0},"end":{"line":72,"column":7}},"72":{"start":{"line":73,"column":0},"end":{"line":73,"column":34}},"73":{"start":{"line":74,"column":0},"end":{"line":74,"column":71}},"74":{"start":{"line":75,"column":0},"end":{"line":75,"column":5}},"75":{"start":{"line":76,"column":0},"end":{"line":76,"column":17}},"76":{"start":{"line":77,"column":0},"end":{"line":77,"column":5}},"77":{"start":{"line":78,"column":0},"end":{"line":78,"column":23}}},"s":{"0":1,"1":1,"2":1,"7":1,"9":1,"11":1,"12":1,"13":1,"14":1,"16":1,"17":1,"19":6,"20":6,"21":1,"22":1,"23":5,"25":6,"26":6,"28":3,"29":3,"30":3,"31":3,"32":6,"33":2,"34":2,"35":6,"36":1,"37":1,"38":1,"39":1,"40":2,"41":6,"42":1,"44":1,"46":4,"47":4,"48":1,"49":1,"50":3,"53":3,"54":3,"55":3,"56":2,"57":4,"58":2,"59":2,"60":3,"61":3,"62":1,"63":4,"64":1,"65":1,"67":3,"68":3,"69":3,"70":1,"71":1,"72":2,"73":2,"74":2,"75":2,"76":1,"77":1},"branchMap":{"0":{"type":"branch","line":10,"loc":{"start":{"line":10,"column":1},"end":{"line":78,"column":3}},"locations":[{"start":{"line":10,"column":1},"end":{"line":78,"column":3}}]},"1":{"type":"branch","line":18,"loc":{"start":{"line":18,"column":4},"end":{"line":42,"column":6}},"locations":[{"start":{"line":18,"column":4},"end":{"line":42,"column":6}}]},"2":{"type":"branch","line":21,"loc":{"start":{"line":21,"column":27},"end":{"line":23,"column":7}},"locations":[{"start":{"line":21,"column":27},"end":{"line":23,"column":7}}]},"3":{"type":"branch","line":23,"loc":{"start":{"line":23,"column":6},"end":{"line":26,"column":54}},"locations":[{"start":{"line":23,"column":6},"end":{"line":26,"column":54}}]},"4":{"type":"branch","line":26,"loc":{"start":{"line":26,"column":49},"end":{"line":26,"column":77}},"locations":[{"start":{"line":26,"column":49},"end":{"line":26,"column":77}}]},"5":{"type":"branch","line":27,"loc":{"start":{"line":27,"column":8},"end":{"line":27,"column":15}},"locations":[{"start":{"line":27,"column":8},"end":{"line":27,"column":15}}]},"6":{"type":"branch","line":27,"loc":{"start":{"line":27,"column":8},"end":{"line":33,"column":14}},"locations":[{"start":{"line":27,"column":8},"end":{"line":33,"column":14}}]},"7":{"type":"branch","line":33,"loc":{"start":{"line":33,"column":14},"end":{"line":36,"column":13}},"locations":[{"start":{"line":33,"column":14},"end":{"line":36,"column":13}}]},"8":{"type":"branch","line":36,"loc":{"start":{"line":36,"column":6},"end":{"line":40,"column":7}},"locations":[{"start":{"line":36,"column":6},"end":{"line":40,"column":7}}]},"9":{"type":"branch","line":40,"loc":{"start":{"line":40,"column":6},"end":{"line":41,"column":19}},"locations":[{"start":{"line":40,"column":6},"end":{"line":41,"column":19}}]},"10":{"type":"branch","line":45,"loc":{"start":{"line":45,"column":47},"end":{"line":77,"column":3}},"locations":[{"start":{"line":45,"column":47},"end":{"line":77,"column":3}}]},"11":{"type":"branch","line":48,"loc":{"start":{"line":48,"column":25},"end":{"line":50,"column":5}},"locations":[{"start":{"line":48,"column":25},"end":{"line":50,"column":5}}]},"12":{"type":"branch","line":50,"loc":{"start":{"line":50,"column":4},"end":{"line":56,"column":34}},"locations":[{"start":{"line":50,"column":4},"end":{"line":56,"column":34}}]},"13":{"type":"branch","line":56,"loc":{"start":{"line":56,"column":21},"end":{"line":57,"column":65}},"locations":[{"start":{"line":56,"column":21},"end":{"line":57,"column":65}}]},"14":{"type":"branch","line":58,"loc":{"start":{"line":58,"column":6},"end":{"line":60,"column":5}},"locations":[{"start":{"line":58,"column":6},"end":{"line":60,"column":5}}]},"15":{"type":"branch","line":60,"loc":{"start":{"line":60,"column":4},"end":{"line":62,"column":34}},"locations":[{"start":{"line":60,"column":4},"end":{"line":62,"column":34}}]},"16":{"type":"branch","line":62,"loc":{"start":{"line":62,"column":21},"end":{"line":63,"column":65}},"locations":[{"start":{"line":62,"column":21},"end":{"line":63,"column":65}}]},"17":{"type":"branch","line":64,"loc":{"start":{"line":64,"column":6},"end":{"line":66,"column":5}},"locations":[{"start":{"line":64,"column":6},"end":{"line":66,"column":5}}]},"18":{"type":"branch","line":66,"loc":{"start":{"line":66,"column":4},"end":{"line":75,"column":5}},"locations":[{"start":{"line":66,"column":4},"end":{"line":75,"column":5}}]},"19":{"type":"branch","line":70,"loc":{"start":{"line":70,"column":15},"end":{"line":72,"column":7}},"locations":[{"start":{"line":70,"column":15},"end":{"line":72,"column":7}}]},"20":{"type":"branch","line":72,"loc":{"start":{"line":72,"column":6},"end":{"line":75,"column":5}},"locations":[{"start":{"line":72,"column":6},"end":{"line":75,"column":5}}]},"21":{"type":"branch","line":75,"loc":{"start":{"line":75,"column":4},"end":{"line":76,"column":17}},"locations":[{"start":{"line":75,"column":4},"end":{"line":76,"column":17}}]}},"b":{"0":[1],"1":[6],"2":[1],"3":[5],"4":[4],"5":[2],"6":[3],"7":[2],"8":[1],"9":[2],"10":[4],"11":[1],"12":[3],"13":[2],"14":[2],"15":[3],"16":[1],"17":[1],"18":[3],"19":[1],"20":[2],"21":[2]},"fnMap":{},"f":{}}
,"/workspaces/21-kintone/packages/ktplug-rcs300-felica-reader/src/types.ts": {"path":"/workspaces/21-kintone/packages/ktplug-rcs300-felica-reader/src/types.ts","all":false,"statementMap":{"0":{"start":{"line":1,"column":0},"end":{"line":1,"column":8}},"11":{"start":{"line":12,"column":0},"end":{"line":12,"column":79}},"16":{"start":{"line":17,"column":0},"end":{"line":17,"column":26}},"17":{"start":{"line":18,"column":0},"end":{"line":18,"column":9}},"18":{"start":{"line":19,"column":0},"end":{"line":19,"column":14}},"19":{"start":{"line":20,"column":0},"end":{"line":20,"column":35}},"20":{"start":{"line":21,"column":0},"end":{"line":21,"column":14}},"21":{"start":{"line":22,"column":0},"end":{"line":22,"column":17}},"22":{"start":{"line":23,"column":0},"end":{"line":23,"column":56}},"23":{"start":{"line":24,"column":0},"end":{"line":24,"column":7}},"24":{"start":{"line":25,"column":0},"end":{"line":25,"column":3}},"25":{"start":{"line":26,"column":0},"end":{"line":26,"column":10}},"31":{"start":{"line":32,"column":0},"end":{"line":32,"column":45}},"32":{"start":{"line":33,"column":0},"end":{"line":33,"column":40}},"33":{"start":{"line":34,"column":0},"end":{"line":34,"column":27}},"34":{"start":{"line":35,"column":0},"end":{"line":35,"column":55}},"35":{"start":{"line":36,"column":0},"end":{"line":36,"column":35}},"36":{"start":{"line":37,"column":0},"end":{"line":37,"column":48}},"37":{"start":{"line":38,"column":0},"end":{"line":38,"column":29}},"38":{"start":{"line":39,"column":0},"end":{"line":39,"column":27}},"39":{"start":{"line":40,"column":0},"end":{"line":40,"column":3}},"45":{"start":{"line":46,"column":0},"end":{"line":46,"column":44}},"46":{"start":{"line":47,"column":0},"end":{"line":47,"column":49}},"47":{"start":{"line":48,"column":0},"end":{"line":48,"column":5}},"48":{"start":{"line":49,"column":0},"end":{"line":49,"column":44}},"49":{"start":{"line":50,"column":0},"end":{"line":50,"column":41}},"50":{"start":{"line":51,"column":0},"end":{"line":51,"column":6}},"51":{"start":{"line":52,"column":0},"end":{"line":52,"column":5}},"52":{"start":{"line":53,"column":0},"end":{"line":53,"column":36}},"53":{"start":{"line":54,"column":0},"end":{"line":54,"column":54}},"54":{"start":{"line":55,"column":0},"end":{"line":55,"column":6}},"55":{"start":{"line":56,"column":0},"end":{"line":56,"column":5}},"56":{"start":{"line":57,"column":0},"end":{"line":57,"column":29}},"57":{"start":{"line":58,"column":0},"end":{"line":58,"column":2}},"62":{"start":{"line":63,"column":0},"end":{"line":63,"column":41}},"63":{"start":{"line":64,"column":0},"end":{"line":64,"column":40}},"64":{"start":{"line":65,"column":0},"end":{"line":65,"column":41}},"65":{"start":{"line":66,"column":0},"end":{"line":66,"column":33}},"66":{"start":{"line":67,"column":0},"end":{"line":67,"column":29}},"67":{"start":{"line":68,"column":0},"end":{"line":68,"column":27}},"68":{"start":{"line":69,"column":0},"end":{"line":69,"column":3}},"73":{"start":{"line":74,"column":0},"end":{"line":74,"column":37}},"74":{"start":{"line":75,"column":0},"end":{"line":75,"column":38}},"75":{"start":{"line":76,"column":0},"end":{"line":76,"column":3}},"82":{"start":{"line":83,"column":0},"end":{"line":83,"column":34}},"83":{"start":{"line":84,"column":0},"end":{"line":84,"column":23}},"84":{"start":{"line":85,"column":0},"end":{"line":85,"column":37}},"85":{"start":{"line":86,"column":0},"end":{"line":86,"column":37}},"86":{"start":{"line":87,"column":0},"end":{"line":87,"column":16}},"87":{"start":{"line":88,"column":0},"end":{"line":88,"column":3}},"88":{"start":{"line":89,"column":0},"end":{"line":89,"column":6}},"89":{"start":{"line":90,"column":0},"end":{"line":90,"column":33}},"90":{"start":{"line":91,"column":0},"end":{"line":91,"column":33}},"91":{"start":{"line":92,"column":0},"end":{"line":92,"column":63}},"92":{"start":{"line":93,"column":0},"end":{"line":93,"column":5}},"93":{"start":{"line":94,"column":0},"end":{"line":94,"column":34}},"94":{"start":{"line":95,"column":0},"end":{"line":95,"column":18}},"95":{"start":{"line":96,"column":0},"end":{"line":96,"column":34}},"96":{"start":{"line":97,"column":0},"end":{"line":97,"column":19}},"97":{"start":{"line":98,"column":0},"end":{"line":98,"column":38}},"98":{"start":{"line":99,"column":0},"end":{"line":99,"column":7}},"99":{"start":{"line":100,"column":0},"end":{"line":100,"column":18}},"100":{"start":{"line":101,"column":0},"end":{"line":101,"column":34}},"101":{"start":{"line":102,"column":0},"end":{"line":102,"column":19}},"102":{"start":{"line":103,"column":0},"end":{"line":103,"column":38}},"103":{"start":{"line":104,"column":0},"end":{"line":104,"column":7}},"104":{"start":{"line":105,"column":0},"end":{"line":105,"column":3}},"105":{"start":{"line":106,"column":0},"end":{"line":106,"column":1}},"110":{"start":{"line":111,"column":0},"end":{"line":111,"column":40}},"111":{"start":{"line":112,"column":0},"end":{"line":112,"column":42}},"112":{"start":{"line":113,"column":0},"end":{"line":113,"column":42}},"113":{"start":{"line":114,"column":0},"end":{"line":114,"column":36}},"114":{"start":{"line":115,"column":0},"end":{"line":115,"column":11}},"119":{"start":{"line":120,"column":0},"end":{"line":120,"column":73}},"123":{"start":{"line":124,"column":0},"end":{"line":124,"column":47}},"129":{"start":{"line":130,"column":0},"end":{"line":130,"column":36}},"130":{"start":{"line":131,"column":0},"end":{"line":131,"column":43}},"131":{"start":{"line":132,"column":0},"end":{"line":132,"column":48}},"132":{"start":{"line":133,"column":0},"end":{"line":133,"column":48}},"133":{"start":{"line":134,"column":0},"end":{"line":134,"column":40}},"134":{"start":{"line":135,"column":0},"end":{"line":135,"column":3}},"140":{"start":{"line":141,"column":0},"end":{"line":141,"column":35}},"141":{"start":{"line":142,"column":0},"end":{"line":142,"column":66}},"142":{"start":{"line":143,"column":0},"end":{"line":143,"column":47}},"143":{"start":{"line":144,"column":0},"end":{"line":144,"column":33}},"144":{"start":{"line":145,"column":0},"end":{"line":145,"column":47}},"145":{"start":{"line":146,"column":0},"end":{"line":146,"column":12}},"146":{"start":{"line":147,"column":0},"end":{"line":147,"column":45}},"147":{"start":{"line":148,"column":0},"end":{"line":148,"column":41}},"148":{"start":{"line":149,"column":0},"end":{"line":149,"column":11}},"149":{"start":{"line":150,"column":0},"end":{"line":150,"column":24}},"150":{"start":{"line":151,"column":0},"end":{"line":151,"column":40}},"151":{"start":{"line":152,"column":0},"end":{"line":152,"column":53}},"152":{"start":{"line":153,"column":0},"end":{"line":153,"column":32}},"153":{"start":{"line":154,"column":0},"end":{"line":154,"column":13}},"154":{"start":{"line":155,"column":0},"end":{"line":155,"column":9}},"155":{"start":{"line":156,"column":0},"end":{"line":156,"column":7}},"158":{"start":{"line":159,"column":0},"end":{"line":159,"column":70}},"159":{"start":{"line":160,"column":0},"end":{"line":160,"column":7}},"160":{"start":{"line":161,"column":0},"end":{"line":161,"column":2}},"166":{"start":{"line":167,"column":0},"end":{"line":167,"column":38}},"167":{"start":{"line":168,"column":0},"end":{"line":168,"column":34}},"168":{"start":{"line":169,"column":0},"end":{"line":169,"column":34}},"169":{"start":{"line":170,"column":0},"end":{"line":170,"column":3}},"175":{"start":{"line":176,"column":0},"end":{"line":176,"column":41}},"176":{"start":{"line":177,"column":0},"end":{"line":177,"column":36}},"177":{"start":{"line":178,"column":0},"end":{"line":178,"column":16}},"178":{"start":{"line":179,"column":0},"end":{"line":179,"column":13}},"179":{"start":{"line":180,"column":0},"end":{"line":180,"column":14}},"180":{"start":{"line":181,"column":0},"end":{"line":181,"column":38}},"181":{"start":{"line":182,"column":0},"end":{"line":182,"column":19}},"182":{"start":{"line":183,"column":0},"end":{"line":183,"column":27}},"183":{"start":{"line":184,"column":0},"end":{"line":184,"column":25}},"184":{"start":{"line":185,"column":0},"end":{"line":185,"column":5}},"185":{"start":{"line":186,"column":0},"end":{"line":186,"column":19}},"186":{"start":{"line":187,"column":0},"end":{"line":187,"column":27}},"187":{"start":{"line":188,"column":0},"end":{"line":188,"column":36}},"188":{"start":{"line":189,"column":0},"end":{"line":189,"column":5}},"189":{"start":{"line":190,"column":0},"end":{"line":190,"column":34}},"190":{"start":{"line":191,"column":0},"end":{"line":191,"column":34}},"191":{"start":{"line":192,"column":0},"end":{"line":192,"column":3}},"197":{"start":{"line":198,"column":0},"end":{"line":198,"column":37}},"198":{"start":{"line":199,"column":0},"end":{"line":199,"column":34}},"199":{"start":{"line":200,"column":0},"end":{"line":200,"column":37}},"200":{"start":{"line":201,"column":0},"end":{"line":201,"column":32}},"201":{"start":{"line":202,"column":0},"end":{"line":202,"column":11}},"206":{"start":{"line":207,"column":0},"end":{"line":207,"column":67}},"210":{"start":{"line":211,"column":0},"end":{"line":211,"column":41}},"217":{"start":{"line":218,"column":0},"end":{"line":218,"column":59}},"221":{"start":{"line":222,"column":0},"end":{"line":222,"column":12}},"222":{"start":{"line":223,"column":0},"end":{"line":223,"column":31}},"223":{"start":{"line":224,"column":0},"end":{"line":224,"column":29}},"224":{"start":{"line":225,"column":0},"end":{"line":225,"column":5}},"225":{"start":{"line":226,"column":0},"end":{"line":226,"column":12}},"226":{"start":{"line":227,"column":0},"end":{"line":227,"column":34}},"227":{"start":{"line":228,"column":0},"end":{"line":228,"column":35}},"228":{"start":{"line":229,"column":0},"end":{"line":229,"column":5}},"229":{"start":{"line":230,"column":0},"end":{"line":230,"column":12}},"230":{"start":{"line":231,"column":0},"end":{"line":231,"column":32}},"231":{"start":{"line":232,"column":0},"end":{"line":232,"column":29}},"232":{"start":{"line":233,"column":0},"end":{"line":233,"column":35}},"233":{"start":{"line":234,"column":0},"end":{"line":234,"column":65}},"234":{"start":{"line":235,"column":0},"end":{"line":235,"column":5}},"235":{"start":{"line":236,"column":0},"end":{"line":236,"column":3}},"240":{"start":{"line":241,"column":0},"end":{"line":241,"column":44}},"241":{"start":{"line":242,"column":0},"end":{"line":242,"column":25}},"242":{"start":{"line":243,"column":0},"end":{"line":243,"column":31}},"243":{"start":{"line":244,"column":0},"end":{"line":244,"column":3}}},"s":{"0":1,"11":1,"16":1,"17":1,"18":1,"19":1,"20":1,"21":1,"22":1,"23":1,"24":1,"25":1,"31":1,"32":1,"33":1,"34":1,"35":1,"36":1,"37":1,"38":1,"39":1,"45":1,"46":1,"47":1,"48":1,"49":1,"50":1,"51":1,"52":1,"53":1,"54":1,"55":1,"56":1,"57":1,"62":1,"63":1,"64":1,"65":1,"66":1,"67":1,"68":1,"73":1,"74":1,"75":1,"82":2,"83":2,"84":2,"85":2,"86":2,"87":2,"88":2,"89":2,"90":2,"91":2,"92":2,"93":0,"94":0,"95":0,"96":0,"97":0,"98":0,"99":0,"100":0,"101":0,"102":0,"103":0,"104":0,"105":2,"110":1,"111":1,"112":1,"113":1,"114":1,"119":1,"123":1,"129":1,"130":1,"131":1,"132":1,"133":1,"134":1,"140":1,"141":1,"142":1,"143":1,"144":2,"145":6,"146":6,"147":6,"148":6,"149":0,"150":0,"151":0,"152":0,"153":0,"154":0,"155":6,"158":2,"159":1,"160":1,"166":1,"167":1,"168":1,"169":1,"175":1,"176":1,"177":1,"178":1,"179":1,"180":1,"181":1,"182":1,"183":1,"184":1,"185":1,"186":1,"187":1,"188":1,"189":1,"190":1,"191":1,"197":1,"198":1,"199":1,"200":1,"201":1,"206":1,"210":1,"217":1,"221":1,"222":1,"223":1,"224":1,"225":1,"226":1,"227":1,"228":1,"229":1,"230":1,"231":1,"232":1,"233":1,"234":1,"235":1,"240":1,"241":1,"242":1,"243":1},"branchMap":{"0":{"type":"branch","line":83,"loc":{"start":{"line":83,"column":0},"end":{"line":106,"column":1}},"locations":[{"start":{"line":83,"column":0},"end":{"line":106,"column":1}}]},"1":{"type":"branch","line":93,"loc":{"start":{"line":93,"column":4},"end":{"line":105,"column":3}},"locations":[{"start":{"line":93,"column":4},"end":{"line":105,"column":3}}]},"2":{"type":"branch","line":120,"loc":{"start":{"line":120,"column":49},"end":{"line":120,"column":67}},"locations":[{"start":{"line":120,"column":49},"end":{"line":120,"column":67}}]},"3":{"type":"branch","line":144,"loc":{"start":{"line":144,"column":17},"end":{"line":160,"column":5}},"locations":[{"start":{"line":144,"column":17},"end":{"line":160,"column":5}}]},"4":{"type":"branch","line":145,"loc":{"start":{"line":145,"column":46},"end":{"line":156,"column":7}},"locations":[{"start":{"line":145,"column":46},"end":{"line":156,"column":7}}]},"5":{"type":"branch","line":149,"loc":{"start":{"line":149,"column":10},"end":{"line":155,"column":9}},"locations":[{"start":{"line":149,"column":10},"end":{"line":155,"column":9}}]},"6":{"type":"branch","line":207,"loc":{"start":{"line":207,"column":43},"end":{"line":207,"column":61}},"locations":[{"start":{"line":207,"column":43},"end":{"line":207,"column":61}}]}},"b":{"0":[2],"1":[0],"2":[12],"3":[2],"4":[6],"5":[0],"6":[12]},"fnMap":{"0":{"name":"validateDifferentTargets","decl":{"start":{"line":83,"column":0},"end":{"line":106,"column":1}},"loc":{"start":{"line":83,"column":0},"end":{"line":106,"column":1}},"line":83}},"f":{"0":2}}
,"/workspaces/21-kintone/packages/ktplug-rcs300-felica-reader/src/components/config/App.tsx": {"path":"/workspaces/21-kintone/packages/ktplug-rcs300-felica-reader/src/components/config/App.tsx","all":false,"statementMap":{"0":{"start":{"line":1,"column":0},"end":{"line":1,"column":8}},"6":{"start":{"line":7,"column":0},"end":{"line":7,"column":54}},"7":{"start":{"line":8,"column":0},"end":{"line":8,"column":8}},"15":{"start":{"line":16,"column":0},"end":{"line":16,"column":8}},"21":{"start":{"line":22,"column":0},"end":{"line":22,"column":30}},"22":{"start":{"line":23,"column":0},"end":{"line":23,"column":53}},"23":{"start":{"line":24,"column":0},"end":{"line":24,"column":62}},"25":{"start":{"line":26,"column":0},"end":{"line":26,"column":59}},"26":{"start":{"line":27,"column":0},"end":{"line":27,"column":34}},"27":{"start":{"line":28,"column":0},"end":{"line":28,"column":44}},"29":{"start":{"line":30,"column":0},"end":{"line":30,"column":41}},"30":{"start":{"line":31,"column":0},"end":{"line":31,"column":39}},"31":{"start":{"line":32,"column":0},"end":{"line":32,"column":7}},"32":{"start":{"line":33,"column":0},"end":{"line":33,"column":4}},"35":{"start":{"line":36,"column":0},"end":{"line":36,"column":59}},"36":{"start":{"line":37,"column":0},"end":{"line":37,"column":79}},"37":{"start":{"line":38,"column":0},"end":{"line":38,"column":69}},"38":{"start":{"line":39,"column":0},"end":{"line":39,"column":65}},"39":{"start":{"line":40,"column":0},"end":{"line":40,"column":57}},"42":{"start":{"line":43,"column":0},"end":{"line":43,"column":41}},"43":{"start":{"line":44,"column":0},"end":{"line":44,"column":22}},"44":{"start":{"line":45,"column":0},"end":{"line":45,"column":46}},"45":{"start":{"line":46,"column":0},"end":{"line":46,"column":5}},"46":{"start":{"line":47,"column":0},"end":{"line":47,"column":49}},"49":{"start":{"line":50,"column":0},"end":{"line":50,"column":48}},"50":{"start":{"line":51,"column":0},"end":{"line":51,"column":45}},"51":{"start":{"line":52,"column":0},"end":{"line":52,"column":39}},"52":{"start":{"line":53,"column":0},"end":{"line":53,"column":40}},"53":{"start":{"line":54,"column":0},"end":{"line":54,"column":16}},"54":{"start":{"line":55,"column":0},"end":{"line":55,"column":39}},"55":{"start":{"line":56,"column":0},"end":{"line":56,"column":40}},"56":{"start":{"line":57,"column":0},"end":{"line":57,"column":16}},"57":{"start":{"line":58,"column":0},"end":{"line":58,"column":35}},"58":{"start":{"line":59,"column":0},"end":{"line":59,"column":36}},"59":{"start":{"line":60,"column":0},"end":{"line":60,"column":16}},"60":{"start":{"line":61,"column":0},"end":{"line":61,"column":62}},"61":{"start":{"line":62,"column":0},"end":{"line":62,"column":41}},"62":{"start":{"line":63,"column":0},"end":{"line":63,"column":45}},"63":{"start":{"line":64,"column":0},"end":{"line":64,"column":4}},"65":{"start":{"line":66,"column":0},"end":{"line":66,"column":19}},"67":{"start":{"line":68,"column":0},"end":{"line":68,"column":70}},"69":{"start":{"line":70,"column":0},"end":{"line":70,"column":26}},"70":{"start":{"line":71,"column":0},"end":{"line":71,"column":18}},"71":{"start":{"line":72,"column":0},"end":{"line":72,"column":32}},"72":{"start":{"line":73,"column":0},"end":{"line":73,"column":62}},"73":{"start":{"line":74,"column":0},"end":{"line":74,"column":10}},"74":{"start":{"line":75,"column":0},"end":{"line":75,"column":8}},"75":{"start":{"line":76,"column":0},"end":{"line":76,"column":12}},"76":{"start":{"line":77,"column":0},"end":{"line":77,"column":22}},"77":{"start":{"line":78,"column":0},"end":{"line":78,"column":5}},"80":{"start":{"line":81,"column":0},"end":{"line":81,"column":41}},"83":{"start":{"line":84,"column":0},"end":{"line":84,"column":78}},"85":{"start":{"line":86,"column":0},"end":{"line":86,"column":61}},"86":{"start":{"line":87,"column":0},"end":{"line":87,"column":27}},"87":{"start":{"line":88,"column":0},"end":{"line":88,"column":15}},"88":{"start":{"line":89,"column":0},"end":{"line":89,"column":19}},"89":{"start":{"line":90,"column":0},"end":{"line":90,"column":20}},"90":{"start":{"line":91,"column":0},"end":{"line":91,"column":20}},"91":{"start":{"line":92,"column":0},"end":{"line":92,"column":26}},"92":{"start":{"line":93,"column":0},"end":{"line":93,"column":23}},"93":{"start":{"line":94,"column":0},"end":{"line":94,"column":17}},"94":{"start":{"line":95,"column":0},"end":{"line":95,"column":23}},"95":{"start":{"line":96,"column":0},"end":{"line":96,"column":20}},"96":{"start":{"line":97,"column":0},"end":{"line":97,"column":9}},"97":{"start":{"line":98,"column":0},"end":{"line":98,"column":30}},"98":{"start":{"line":99,"column":0},"end":{"line":99,"column":59}},"100":{"start":{"line":101,"column":0},"end":{"line":101,"column":68}},"102":{"start":{"line":103,"column":0},"end":{"line":103,"column":34}},"103":{"start":{"line":104,"column":0},"end":{"line":104,"column":24}},"104":{"start":{"line":105,"column":0},"end":{"line":105,"column":44}},"105":{"start":{"line":106,"column":0},"end":{"line":106,"column":30}},"109":{"start":{"line":110,"column":0},"end":{"line":110,"column":25}},"110":{"start":{"line":111,"column":0},"end":{"line":111,"column":6}},"112":{"start":{"line":113,"column":0},"end":{"line":113,"column":22}},"113":{"start":{"line":114,"column":0},"end":{"line":114,"column":49}},"119":{"start":{"line":120,"column":0},"end":{"line":120,"column":59}},"120":{"start":{"line":121,"column":0},"end":{"line":121,"column":35}},"121":{"start":{"line":122,"column":0},"end":{"line":122,"column":41}},"122":{"start":{"line":123,"column":0},"end":{"line":123,"column":69}},"123":{"start":{"line":124,"column":0},"end":{"line":124,"column":7}},"124":{"start":{"line":125,"column":0},"end":{"line":125,"column":4}},"126":{"start":{"line":127,"column":0},"end":{"line":127,"column":10}},"127":{"start":{"line":128,"column":0},"end":{"line":128,"column":6}},"128":{"start":{"line":129,"column":0},"end":{"line":129,"column":35}},"129":{"start":{"line":130,"column":0},"end":{"line":130,"column":57}},"130":{"start":{"line":131,"column":0},"end":{"line":131,"column":19}},"131":{"start":{"line":132,"column":0},"end":{"line":132,"column":12}},"132":{"start":{"line":133,"column":0},"end":{"line":133,"column":9}},"134":{"start":{"line":135,"column":0},"end":{"line":135,"column":46}},"135":{"start":{"line":136,"column":0},"end":{"line":136,"column":56}},"137":{"start":{"line":138,"column":0},"end":{"line":138,"column":25}},"138":{"start":{"line":139,"column":0},"end":{"line":139,"column":22}},"139":{"start":{"line":140,"column":0},"end":{"line":140,"column":49}},"140":{"start":{"line":141,"column":0},"end":{"line":141,"column":30}},"141":{"start":{"line":142,"column":0},"end":{"line":142,"column":36}},"142":{"start":{"line":143,"column":0},"end":{"line":143,"column":40}},"143":{"start":{"line":144,"column":0},"end":{"line":144,"column":18}},"144":{"start":{"line":145,"column":0},"end":{"line":145,"column":10}},"146":{"start":{"line":147,"column":0},"end":{"line":147,"column":57}},"147":{"start":{"line":148,"column":0},"end":{"line":148,"column":19}},"148":{"start":{"line":149,"column":0},"end":{"line":149,"column":59}},"150":{"start":{"line":151,"column":0},"end":{"line":151,"column":30}},"151":{"start":{"line":152,"column":0},"end":{"line":152,"column":31}},"152":{"start":{"line":153,"column":0},"end":{"line":153,"column":124}},"153":{"start":{"line":154,"column":0},"end":{"line":154,"column":44}},"154":{"start":{"line":155,"column":0},"end":{"line":155,"column":34}},"155":{"start":{"line":156,"column":0},"end":{"line":156,"column":40}},"156":{"start":{"line":157,"column":0},"end":{"line":157,"column":22}},"157":{"start":{"line":158,"column":0},"end":{"line":158,"column":14}},"159":{"start":{"line":160,"column":0},"end":{"line":160,"column":30}},"160":{"start":{"line":161,"column":0},"end":{"line":161,"column":31}},"161":{"start":{"line":162,"column":0},"end":{"line":162,"column":65}},"162":{"start":{"line":163,"column":0},"end":{"line":163,"column":44}},"163":{"start":{"line":164,"column":0},"end":{"line":164,"column":34}},"164":{"start":{"line":165,"column":0},"end":{"line":165,"column":40}},"165":{"start":{"line":166,"column":0},"end":{"line":166,"column":14}},"166":{"start":{"line":167,"column":0},"end":{"line":167,"column":20}},"168":{"start":{"line":169,"column":0},"end":{"line":169,"column":60}},"169":{"start":{"line":170,"column":0},"end":{"line":170,"column":19}},"170":{"start":{"line":171,"column":0},"end":{"line":171,"column":59}},"171":{"start":{"line":172,"column":0},"end":{"line":172,"column":34}},"172":{"start":{"line":173,"column":0},"end":{"line":173,"column":27}},"173":{"start":{"line":174,"column":0},"end":{"line":174,"column":53}},"174":{"start":{"line":175,"column":0},"end":{"line":175,"column":43}},"175":{"start":{"line":176,"column":0},"end":{"line":176,"column":34}},"176":{"start":{"line":177,"column":0},"end":{"line":177,"column":14}},"178":{"start":{"line":179,"column":0},"end":{"line":179,"column":30}},"179":{"start":{"line":180,"column":0},"end":{"line":180,"column":34}},"180":{"start":{"line":181,"column":0},"end":{"line":181,"column":127}},"181":{"start":{"line":182,"column":0},"end":{"line":182,"column":47}},"182":{"start":{"line":183,"column":0},"end":{"line":183,"column":40}},"183":{"start":{"line":184,"column":0},"end":{"line":184,"column":34}},"184":{"start":{"line":185,"column":0},"end":{"line":185,"column":22}},"185":{"start":{"line":186,"column":0},"end":{"line":186,"column":14}},"187":{"start":{"line":188,"column":0},"end":{"line":188,"column":30}},"188":{"start":{"line":189,"column":0},"end":{"line":189,"column":34}},"189":{"start":{"line":190,"column":0},"end":{"line":190,"column":68}},"190":{"start":{"line":191,"column":0},"end":{"line":191,"column":47}},"191":{"start":{"line":192,"column":0},"end":{"line":192,"column":40}},"192":{"start":{"line":193,"column":0},"end":{"line":193,"column":34}},"193":{"start":{"line":194,"column":0},"end":{"line":194,"column":14}},"195":{"start":{"line":196,"column":0},"end":{"line":196,"column":34}},"196":{"start":{"line":197,"column":0},"end":{"line":197,"column":29}},"197":{"start":{"line":198,"column":0},"end":{"line":198,"column":87}},"198":{"start":{"line":199,"column":0},"end":{"line":199,"column":50}},"199":{"start":{"line":200,"column":0},"end":{"line":200,"column":34}},"200":{"start":{"line":201,"column":0},"end":{"line":201,"column":22}},"201":{"start":{"line":202,"column":0},"end":{"line":202,"column":14}},"203":{"start":{"line":204,"column":0},"end":{"line":204,"column":34}},"204":{"start":{"line":205,"column":0},"end":{"line":205,"column":30}},"205":{"start":{"line":206,"column":0},"end":{"line":206,"column":63}},"206":{"start":{"line":207,"column":0},"end":{"line":207,"column":50}},"207":{"start":{"line":208,"column":0},"end":{"line":208,"column":34}},"208":{"start":{"line":209,"column":0},"end":{"line":209,"column":22}},"209":{"start":{"line":210,"column":0},"end":{"line":210,"column":14}},"211":{"start":{"line":212,"column":0},"end":{"line":212,"column":34}},"212":{"start":{"line":213,"column":0},"end":{"line":213,"column":30}},"213":{"start":{"line":214,"column":0},"end":{"line":214,"column":63}},"214":{"start":{"line":215,"column":0},"end":{"line":215,"column":48}},"215":{"start":{"line":216,"column":0},"end":{"line":216,"column":34}},"216":{"start":{"line":217,"column":0},"end":{"line":217,"column":22}},"217":{"start":{"line":218,"column":0},"end":{"line":218,"column":14}},"219":{"start":{"line":220,"column":0},"end":{"line":220,"column":34}},"220":{"start":{"line":221,"column":0},"end":{"line":221,"column":31}},"221":{"start":{"line":222,"column":0},"end":{"line":222,"column":57}},"222":{"start":{"line":223,"column":0},"end":{"line":223,"column":50}},"223":{"start":{"line":224,"column":0},"end":{"line":224,"column":34}},"224":{"start":{"line":225,"column":0},"end":{"line":225,"column":22}},"225":{"start":{"line":226,"column":0},"end":{"line":226,"column":14}},"227":{"start":{"line":228,"column":0},"end":{"line":228,"column":34}},"228":{"start":{"line":229,"column":0},"end":{"line":229,"column":31}},"229":{"start":{"line":230,"column":0},"end":{"line":230,"column":57}},"230":{"start":{"line":231,"column":0},"end":{"line":231,"column":48}},"231":{"start":{"line":232,"column":0},"end":{"line":232,"column":34}},"232":{"start":{"line":233,"column":0},"end":{"line":233,"column":22}},"233":{"start":{"line":234,"column":0},"end":{"line":234,"column":14}},"234":{"start":{"line":235,"column":0},"end":{"line":235,"column":20}},"237":{"start":{"line":238,"column":0},"end":{"line":238,"column":33}},"238":{"start":{"line":239,"column":0},"end":{"line":239,"column":28}},"239":{"start":{"line":240,"column":0},"end":{"line":240,"column":24}},"240":{"start":{"line":241,"column":0},"end":{"line":241,"column":94}},"241":{"start":{"line":242,"column":0},"end":{"line":242,"column":40}},"242":{"start":{"line":243,"column":0},"end":{"line":243,"column":22}},"243":{"start":{"line":244,"column":0},"end":{"line":244,"column":38}},"244":{"start":{"line":245,"column":0},"end":{"line":245,"column":50}},"245":{"start":{"line":246,"column":0},"end":{"line":246,"column":56}},"246":{"start":{"line":247,"column":0},"end":{"line":247,"column":14}},"247":{"start":{"line":248,"column":0},"end":{"line":248,"column":32}},"248":{"start":{"line":249,"column":0},"end":{"line":249,"column":20}},"249":{"start":{"line":250,"column":0},"end":{"line":250,"column":12}},"251":{"start":{"line":252,"column":0},"end":{"line":252,"column":14}},"253":{"start":{"line":254,"column":0},"end":{"line":254,"column":55}},"255":{"start":{"line":256,"column":0},"end":{"line":256,"column":28}},"256":{"start":{"line":257,"column":0},"end":{"line":257,"column":22}},"257":{"start":{"line":258,"column":0},"end":{"line":258,"column":50}},"258":{"start":{"line":259,"column":0},"end":{"line":259,"column":30}},"259":{"start":{"line":260,"column":0},"end":{"line":260,"column":43}},"260":{"start":{"line":261,"column":0},"end":{"line":261,"column":30}},"261":{"start":{"line":262,"column":0},"end":{"line":262,"column":18}},"262":{"start":{"line":263,"column":0},"end":{"line":263,"column":10}},"264":{"start":{"line":265,"column":0},"end":{"line":265,"column":31}},"265":{"start":{"line":266,"column":0},"end":{"line":266,"column":19}},"266":{"start":{"line":267,"column":0},"end":{"line":267,"column":61}},"267":{"start":{"line":268,"column":0},"end":{"line":268,"column":30}},"268":{"start":{"line":269,"column":0},"end":{"line":269,"column":25}},"269":{"start":{"line":270,"column":0},"end":{"line":270,"column":51}},"270":{"start":{"line":271,"column":0},"end":{"line":271,"column":54}},"271":{"start":{"line":272,"column":0},"end":{"line":272,"column":33}},"272":{"start":{"line":273,"column":0},"end":{"line":273,"column":34}},"273":{"start":{"line":274,"column":0},"end":{"line":274,"column":22}},"274":{"start":{"line":275,"column":0},"end":{"line":275,"column":14}},"276":{"start":{"line":277,"column":0},"end":{"line":277,"column":39}},"277":{"start":{"line":278,"column":0},"end":{"line":278,"column":34}},"278":{"start":{"line":279,"column":0},"end":{"line":279,"column":30}},"279":{"start":{"line":280,"column":0},"end":{"line":280,"column":73}},"280":{"start":{"line":281,"column":0},"end":{"line":281,"column":38}},"281":{"start":{"line":282,"column":0},"end":{"line":282,"column":51}},"282":{"start":{"line":283,"column":0},"end":{"line":283,"column":14}},"284":{"start":{"line":285,"column":0},"end":{"line":285,"column":29}},"285":{"start":{"line":286,"column":0},"end":{"line":286,"column":36}},"286":{"start":{"line":287,"column":0},"end":{"line":287,"column":36}},"287":{"start":{"line":288,"column":0},"end":{"line":288,"column":38}},"288":{"start":{"line":289,"column":0},"end":{"line":289,"column":130}},"289":{"start":{"line":290,"column":0},"end":{"line":290,"column":71}},"290":{"start":{"line":291,"column":0},"end":{"line":291,"column":41}},"291":{"start":{"line":292,"column":0},"end":{"line":292,"column":16}},"294":{"start":{"line":295,"column":0},"end":{"line":295,"column":39}},"295":{"start":{"line":296,"column":0},"end":{"line":296,"column":34}},"296":{"start":{"line":297,"column":0},"end":{"line":297,"column":30}},"297":{"start":{"line":298,"column":0},"end":{"line":298,"column":59}},"298":{"start":{"line":299,"column":0},"end":{"line":299,"column":34}},"299":{"start":{"line":300,"column":0},"end":{"line":300,"column":59}},"300":{"start":{"line":301,"column":0},"end":{"line":301,"column":14}},"302":{"start":{"line":303,"column":0},"end":{"line":303,"column":42}},"303":{"start":{"line":304,"column":0},"end":{"line":304,"column":31}},"304":{"start":{"line":305,"column":0},"end":{"line":305,"column":36}},"305":{"start":{"line":306,"column":0},"end":{"line":306,"column":29}},"306":{"start":{"line":307,"column":0},"end":{"line":307,"column":178}},"307":{"start":{"line":308,"column":0},"end":{"line":308,"column":58}},"308":{"start":{"line":309,"column":0},"end":{"line":309,"column":55}},"309":{"start":{"line":310,"column":0},"end":{"line":310,"column":29}},"310":{"start":{"line":311,"column":0},"end":{"line":311,"column":19}},"311":{"start":{"line":312,"column":0},"end":{"line":312,"column":35}},"312":{"start":{"line":313,"column":0},"end":{"line":313,"column":33}},"313":{"start":{"line":314,"column":0},"end":{"line":314,"column":38}},"314":{"start":{"line":315,"column":0},"end":{"line":315,"column":36}},"315":{"start":{"line":316,"column":0},"end":{"line":316,"column":20}},"316":{"start":{"line":317,"column":0},"end":{"line":317,"column":19}},"317":{"start":{"line":318,"column":0},"end":{"line":318,"column":39}},"318":{"start":{"line":319,"column":0},"end":{"line":319,"column":33}},"319":{"start":{"line":320,"column":0},"end":{"line":320,"column":33}},"320":{"start":{"line":321,"column":0},"end":{"line":321,"column":28}},"321":{"start":{"line":322,"column":0},"end":{"line":322,"column":36}},"322":{"start":{"line":323,"column":0},"end":{"line":323,"column":22}},"323":{"start":{"line":324,"column":0},"end":{"line":324,"column":20}},"324":{"start":{"line":325,"column":0},"end":{"line":325,"column":18}},"325":{"start":{"line":326,"column":0},"end":{"line":326,"column":16}},"328":{"start":{"line":329,"column":0},"end":{"line":329,"column":39}},"329":{"start":{"line":330,"column":0},"end":{"line":330,"column":27}},"330":{"start":{"line":331,"column":0},"end":{"line":331,"column":65}},"331":{"start":{"line":332,"column":0},"end":{"line":332,"column":34}},"332":{"start":{"line":333,"column":0},"end":{"line":333,"column":34}},"333":{"start":{"line":334,"column":0},"end":{"line":334,"column":53}},"334":{"start":{"line":335,"column":0},"end":{"line":335,"column":14}},"336":{"start":{"line":337,"column":0},"end":{"line":337,"column":39}},"337":{"start":{"line":338,"column":0},"end":{"line":338,"column":27}},"338":{"start":{"line":339,"column":0},"end":{"line":339,"column":58}},"339":{"start":{"line":340,"column":0},"end":{"line":340,"column":34}},"340":{"start":{"line":341,"column":0},"end":{"line":341,"column":34}},"341":{"start":{"line":342,"column":0},"end":{"line":342,"column":51}},"342":{"start":{"line":343,"column":0},"end":{"line":343,"column":14}},"343":{"start":{"line":344,"column":0},"end":{"line":344,"column":20}},"346":{"start":{"line":347,"column":0},"end":{"line":347,"column":31}},"347":{"start":{"line":348,"column":0},"end":{"line":348,"column":19}},"348":{"start":{"line":349,"column":0},"end":{"line":349,"column":61}},"349":{"start":{"line":350,"column":0},"end":{"line":350,"column":30}},"350":{"start":{"line":351,"column":0},"end":{"line":351,"column":25}},"351":{"start":{"line":352,"column":0},"end":{"line":352,"column":51}},"352":{"start":{"line":353,"column":0},"end":{"line":353,"column":54}},"353":{"start":{"line":354,"column":0},"end":{"line":354,"column":33}},"354":{"start":{"line":355,"column":0},"end":{"line":355,"column":34}},"355":{"start":{"line":356,"column":0},"end":{"line":356,"column":22}},"356":{"start":{"line":357,"column":0},"end":{"line":357,"column":14}},"358":{"start":{"line":359,"column":0},"end":{"line":359,"column":34}},"359":{"start":{"line":360,"column":0},"end":{"line":360,"column":34}},"360":{"start":{"line":361,"column":0},"end":{"line":361,"column":28}},"361":{"start":{"line":362,"column":0},"end":{"line":362,"column":128}},"362":{"start":{"line":363,"column":0},"end":{"line":363,"column":55}},"363":{"start":{"line":364,"column":0},"end":{"line":364,"column":39}},"364":{"start":{"line":365,"column":0},"end":{"line":365,"column":14}},"366":{"start":{"line":367,"column":0},"end":{"line":367,"column":29}},"367":{"start":{"line":368,"column":0},"end":{"line":368,"column":34}},"368":{"start":{"line":369,"column":0},"end":{"line":369,"column":25}},"369":{"start":{"line":370,"column":0},"end":{"line":370,"column":176}},"370":{"start":{"line":371,"column":0},"end":{"line":371,"column":52}},"371":{"start":{"line":372,"column":0},"end":{"line":372,"column":53}},"372":{"start":{"line":373,"column":0},"end":{"line":373,"column":27}},"373":{"start":{"line":374,"column":0},"end":{"line":374,"column":17}},"374":{"start":{"line":375,"column":0},"end":{"line":375,"column":33}},"375":{"start":{"line":376,"column":0},"end":{"line":376,"column":31}},"376":{"start":{"line":377,"column":0},"end":{"line":377,"column":36}},"377":{"start":{"line":378,"column":0},"end":{"line":378,"column":34}},"378":{"start":{"line":379,"column":0},"end":{"line":379,"column":18}},"379":{"start":{"line":380,"column":0},"end":{"line":380,"column":17}},"380":{"start":{"line":381,"column":0},"end":{"line":381,"column":37}},"381":{"start":{"line":382,"column":0},"end":{"line":382,"column":31}},"382":{"start":{"line":383,"column":0},"end":{"line":383,"column":31}},"383":{"start":{"line":384,"column":0},"end":{"line":384,"column":43}},"384":{"start":{"line":385,"column":0},"end":{"line":385,"column":18}},"385":{"start":{"line":386,"column":0},"end":{"line":386,"column":16}},"386":{"start":{"line":387,"column":0},"end":{"line":387,"column":14}},"388":{"start":{"line":389,"column":0},"end":{"line":389,"column":39}},"389":{"start":{"line":390,"column":0},"end":{"line":390,"column":27}},"390":{"start":{"line":391,"column":0},"end":{"line":391,"column":65}},"391":{"start":{"line":392,"column":0},"end":{"line":392,"column":34}},"392":{"start":{"line":393,"column":0},"end":{"line":393,"column":34}},"393":{"start":{"line":394,"column":0},"end":{"line":394,"column":53}},"394":{"start":{"line":395,"column":0},"end":{"line":395,"column":14}},"396":{"start":{"line":397,"column":0},"end":{"line":397,"column":39}},"397":{"start":{"line":398,"column":0},"end":{"line":398,"column":27}},"398":{"start":{"line":399,"column":0},"end":{"line":399,"column":58}},"399":{"start":{"line":400,"column":0},"end":{"line":400,"column":34}},"400":{"start":{"line":401,"column":0},"end":{"line":401,"column":34}},"401":{"start":{"line":402,"column":0},"end":{"line":402,"column":51}},"402":{"start":{"line":403,"column":0},"end":{"line":403,"column":14}},"403":{"start":{"line":404,"column":0},"end":{"line":404,"column":20}},"406":{"start":{"line":407,"column":0},"end":{"line":407,"column":27}},"407":{"start":{"line":408,"column":0},"end":{"line":408,"column":19}},"408":{"start":{"line":409,"column":0},"end":{"line":409,"column":59}},"409":{"start":{"line":410,"column":0},"end":{"line":410,"column":30}},"410":{"start":{"line":411,"column":0},"end":{"line":411,"column":42}},"411":{"start":{"line":412,"column":0},"end":{"line":412,"column":66}},"412":{"start":{"line":413,"column":0},"end":{"line":413,"column":48}},"413":{"start":{"line":414,"column":0},"end":{"line":414,"column":35}},"414":{"start":{"line":415,"column":0},"end":{"line":415,"column":34}},"415":{"start":{"line":416,"column":0},"end":{"line":416,"column":22}},"416":{"start":{"line":417,"column":0},"end":{"line":417,"column":14}},"417":{"start":{"line":418,"column":0},"end":{"line":418,"column":20}},"420":{"start":{"line":421,"column":0},"end":{"line":421,"column":14}},"421":{"start":{"line":422,"column":0},"end":{"line":422,"column":49}},"422":{"start":{"line":423,"column":0},"end":{"line":423,"column":23}},"423":{"start":{"line":424,"column":0},"end":{"line":424,"column":23}},"424":{"start":{"line":425,"column":0},"end":{"line":425,"column":23}},"425":{"start":{"line":426,"column":0},"end":{"line":426,"column":10}},"426":{"start":{"line":427,"column":0},"end":{"line":427,"column":13}},"427":{"start":{"line":428,"column":0},"end":{"line":428,"column":7}},"429":{"start":{"line":430,"column":0},"end":{"line":430,"column":1}}},"s":{"0":1,"6":1,"7":1,"15":1,"21":1,"22":1,"23":1,"25":1,"26":51,"27":51,"29":48,"30":48,"31":48,"32":48,"35":48,"36":48,"37":48,"38":48,"39":48,"42":48,"43":48,"44":48,"45":48,"46":48,"49":48,"50":48,"51":48,"52":19,"53":29,"54":51,"55":19,"56":29,"57":51,"58":19,"59":29,"60":51,"61":51,"62":51,"63":51,"65":51,"67":14,"69":14,"70":1,"71":1,"72":1,"73":1,"74":1,"75":14,"76":13,"77":13,"80":14,"83":14,"85":14,"86":14,"87":14,"88":14,"89":14,"90":14,"91":14,"92":14,"93":14,"94":14,"95":14,"96":14,"97":14,"98":14,"100":14,"102":14,"103":14,"104":14,"105":14,"109":14,"110":14,"112":14,"113":51,"119":51,"120":1,"121":1,"122":1,"123":1,"124":1,"126":51,"127":51,"128":51,"129":4,"130":4,"131":4,"132":51,"134":51,"135":51,"137":51,"138":51,"139":51,"140":51,"141":51,"142":51,"143":51,"144":51,"146":51,"147":18,"148":18,"150":18,"151":18,"152":18,"153":18,"154":18,"155":18,"156":18,"157":18,"159":18,"160":18,"161":18,"162":18,"163":18,"164":18,"165":18,"166":18,"168":51,"169":2,"170":2,"171":2,"172":2,"173":2,"174":2,"175":2,"176":2,"178":2,"179":2,"180":2,"181":2,"182":2,"183":2,"184":2,"185":2,"187":2,"188":2,"189":2,"190":2,"191":2,"192":2,"193":2,"195":2,"196":2,"197":2,"198":2,"199":2,"200":2,"201":2,"203":2,"204":2,"205":2,"206":2,"207":2,"208":2,"209":2,"211":2,"212":2,"213":2,"214":2,"215":2,"216":2,"217":2,"219":2,"220":2,"221":2,"222":2,"223":2,"224":2,"225":2,"227":2,"228":2,"229":2,"230":2,"231":2,"232":2,"233":2,"234":2,"237":51,"238":1,"239":1,"240":1,"241":1,"242":1,"243":1,"244":1,"245":1,"246":1,"247":1,"248":1,"249":1,"251":51,"253":51,"255":51,"256":51,"257":51,"258":51,"259":51,"260":51,"261":51,"262":51,"264":51,"265":10,"266":10,"267":10,"268":10,"269":10,"270":10,"271":10,"272":10,"273":10,"274":10,"276":10,"277":10,"278":10,"279":10,"280":10,"281":10,"282":10,"284":10,"285":7,"286":7,"287":7,"288":7,"289":7,"290":7,"291":7,"294":10,"295":10,"296":10,"297":10,"298":10,"299":10,"300":10,"302":10,"303":1,"304":1,"305":1,"306":1,"307":1,"308":1,"309":1,"310":1,"311":1,"312":1,"313":1,"314":1,"315":1,"316":1,"317":1,"318":1,"319":1,"320":1,"321":1,"322":1,"323":1,"324":1,"325":1,"328":10,"329":10,"330":10,"331":10,"332":10,"333":10,"334":10,"336":10,"337":10,"338":10,"339":10,"340":10,"341":10,"342":10,"343":10,"346":51,"347":11,"348":11,"349":11,"350":11,"351":11,"352":11,"353":11,"354":11,"355":11,"356":11,"358":11,"359":11,"360":11,"361":11,"362":11,"363":11,"364":11,"366":11,"367":11,"368":11,"369":11,"370":11,"371":11,"372":11,"373":11,"374":11,"375":11,"376":11,"377":11,"378":11,"379":11,"380":11,"381":11,"382":11,"383":11,"384":11,"385":11,"386":11,"388":11,"389":11,"390":11,"391":11,"392":11,"393":11,"394":11,"396":11,"397":11,"398":11,"399":11,"400":11,"401":11,"402":11,"403":11,"406":51,"407":16,"408":16,"409":16,"410":16,"411":16,"412":16,"413":16,"414":16,"415":16,"416":16,"417":16,"420":51,"421":51,"422":51,"423":51,"424":51,"425":51,"426":51,"427":51,"429":51},"branchMap":{"0":{"type":"branch","line":26,"loc":{"start":{"line":26,"column":7},"end":{"line":430,"column":1}},"locations":[{"start":{"line":26,"column":7},"end":{"line":430,"column":1}}]},"1":{"type":"branch","line":28,"loc":{"start":{"line":28,"column":12},"end":{"line":28,"column":44}},"locations":[{"start":{"line":28,"column":12},"end":{"line":28,"column":44}}]},"2":{"type":"branch","line":28,"loc":{"start":{"line":28,"column":42},"end":{"line":52,"column":39}},"locations":[{"start":{"line":28,"column":42},"end":{"line":52,"column":39}}]},"3":{"type":"branch","line":52,"loc":{"start":{"line":52,"column":28},"end":{"line":53,"column":40}},"locations":[{"start":{"line":52,"column":28},"end":{"line":53,"column":40}}]},"4":{"type":"branch","line":53,"loc":{"start":{"line":53,"column":39},"end":{"line":54,"column":16}},"locations":[{"start":{"line":53,"column":39},"end":{"line":54,"column":16}}]},"5":{"type":"branch","line":55,"loc":{"start":{"line":55,"column":28},"end":{"line":56,"column":40}},"locations":[{"start":{"line":55,"column":28},"end":{"line":56,"column":40}}]},"6":{"type":"branch","line":56,"loc":{"start":{"line":56,"column":39},"end":{"line":57,"column":16}},"locations":[{"start":{"line":56,"column":39},"end":{"line":57,"column":16}}]},"7":{"type":"branch","line":58,"loc":{"start":{"line":58,"column":24},"end":{"line":59,"column":36}},"locations":[{"start":{"line":58,"column":24},"end":{"line":59,"column":36}}]},"8":{"type":"branch","line":59,"loc":{"start":{"line":59,"column":35},"end":{"line":60,"column":16}},"locations":[{"start":{"line":59,"column":35},"end":{"line":60,"column":16}}]},"9":{"type":"branch","line":129,"loc":{"start":{"line":129,"column":7},"end":{"line":129,"column":21}},"locations":[{"start":{"line":129,"column":7},"end":{"line":129,"column":21}}]},"10":{"type":"branch","line":147,"loc":{"start":{"line":147,"column":23},"end":{"line":147,"column":57}},"locations":[{"start":{"line":147,"column":23},"end":{"line":147,"column":57}}]},"11":{"type":"branch","line":147,"loc":{"start":{"line":147,"column":45},"end":{"line":167,"column":20}},"locations":[{"start":{"line":147,"column":45},"end":{"line":167,"column":20}}]},"12":{"type":"branch","line":153,"loc":{"start":{"line":153,"column":80},"end":{"line":153,"column":119}},"locations":[{"start":{"line":153,"column":80},"end":{"line":153,"column":119}}]},"13":{"type":"branch","line":153,"loc":{"start":{"line":153,"column":89},"end":{"line":153,"column":121}},"locations":[{"start":{"line":153,"column":89},"end":{"line":153,"column":121}}]},"14":{"type":"branch","line":169,"loc":{"start":{"line":169,"column":23},"end":{"line":169,"column":60}},"locations":[{"start":{"line":169,"column":23},"end":{"line":169,"column":60}}]},"15":{"type":"branch","line":169,"loc":{"start":{"line":169,"column":48},"end":{"line":235,"column":20}},"locations":[{"start":{"line":169,"column":48},"end":{"line":235,"column":20}}]},"16":{"type":"branch","line":181,"loc":{"start":{"line":181,"column":83},"end":{"line":181,"column":122}},"locations":[{"start":{"line":181,"column":83},"end":{"line":181,"column":122}}]},"17":{"type":"branch","line":181,"loc":{"start":{"line":181,"column":92},"end":{"line":181,"column":124}},"locations":[{"start":{"line":181,"column":92},"end":{"line":181,"column":124}}]},"18":{"type":"branch","line":238,"loc":{"start":{"line":238,"column":22},"end":{"line":250,"column":12}},"locations":[{"start":{"line":238,"column":22},"end":{"line":250,"column":12}}]},"19":{"type":"branch","line":265,"loc":{"start":{"line":265,"column":9},"end":{"line":344,"column":20}},"locations":[{"start":{"line":265,"column":9},"end":{"line":344,"column":20}}]},"20":{"type":"branch","line":285,"loc":{"start":{"line":285,"column":13},"end":{"line":292,"column":16}},"locations":[{"start":{"line":285,"column":13},"end":{"line":292,"column":16}}]},"21":{"type":"branch","line":303,"loc":{"start":{"line":303,"column":13},"end":{"line":326,"column":16}},"locations":[{"start":{"line":303,"column":13},"end":{"line":326,"column":16}}]},"22":{"type":"branch","line":347,"loc":{"start":{"line":347,"column":9},"end":{"line":404,"column":20}},"locations":[{"start":{"line":347,"column":9},"end":{"line":404,"column":20}}]},"23":{"type":"branch","line":407,"loc":{"start":{"line":407,"column":9},"end":{"line":418,"column":20}},"locations":[{"start":{"line":407,"column":9},"end":{"line":418,"column":20}}]},"24":{"type":"branch","line":31,"loc":{"start":{"line":31,"column":4},"end":{"line":31,"column":39}},"locations":[{"start":{"line":31,"column":4},"end":{"line":31,"column":39}}]},"25":{"type":"branch","line":66,"loc":{"start":{"line":66,"column":12},"end":{"line":114,"column":5}},"locations":[{"start":{"line":66,"column":12},"end":{"line":114,"column":5}}]},"26":{"type":"branch","line":70,"loc":{"start":{"line":70,"column":25},"end":{"line":76,"column":11}},"locations":[{"start":{"line":70,"column":25},"end":{"line":76,"column":11}}]},"27":{"type":"branch","line":76,"loc":{"start":{"line":76,"column":4},"end":{"line":78,"column":5}},"locations":[{"start":{"line":76,"column":4},"end":{"line":78,"column":5}}]},"28":{"type":"branch","line":73,"loc":{"start":{"line":73,"column":10},"end":{"line":73,"column":62}},"locations":[{"start":{"line":73,"column":10},"end":{"line":73,"column":62}}]},"29":{"type":"branch","line":81,"loc":{"start":{"line":81,"column":28},"end":{"line":111,"column":6}},"locations":[{"start":{"line":81,"column":28},"end":{"line":111,"column":6}}]},"30":{"type":"branch","line":120,"loc":{"start":{"line":120,"column":48},"end":{"line":125,"column":4}},"locations":[{"start":{"line":120,"column":48},"end":{"line":125,"column":4}}]},"31":{"type":"branch","line":121,"loc":{"start":{"line":121,"column":28},"end":{"line":124,"column":5}},"locations":[{"start":{"line":121,"column":28},"end":{"line":124,"column":5}}]},"32":{"type":"branch","line":129,"loc":{"start":{"line":129,"column":21},"end":{"line":132,"column":12}},"locations":[{"start":{"line":129,"column":21},"end":{"line":132,"column":12}}]}},"b":{"0":[51],"1":[2],"2":[48],"3":[19],"4":[29],"5":[19],"6":[29],"7":[19],"8":[29],"9":[48],"10":[31],"11":[18],"12":[17],"13":[1],"14":[47],"15":[2],"16":[1],"17":[1],"18":[1],"19":[10],"20":[7],"21":[1],"22":[11],"23":[16],"24":[14],"25":[14],"26":[1],"27":[13],"28":[2],"29":[14],"30":[1],"31":[1],"32":[4]},"fnMap":{"0":{"name":"App","decl":{"start":{"line":26,"column":7},"end":{"line":430,"column":1}},"loc":{"start":{"line":26,"column":7},"end":{"line":430,"column":1}},"line":26},"1":{"name":"fetchFieldsInfo","decl":{"start":{"line":81,"column":28},"end":{"line":111,"column":6}},"loc":{"start":{"line":81,"column":28},"end":{"line":111,"column":6}},"line":81},"2":{"name":"onSubmit","decl":{"start":{"line":120,"column":48},"end":{"line":125,"column":4}},"loc":{"start":{"line":120,"column":48},"end":{"line":125,"column":4}},"line":120}},"f":{"0":51,"1":14,"2":1}}
,"/workspaces/21-kintone/packages/ktplug-rcs300-felica-reader/src/components/customize/App.tsx": {"path":"/workspaces/21-kintone/packages/ktplug-rcs300-felica-reader/src/components/customize/App.tsx","all":false,"statementMap":{"0":{"start":{"line":1,"column":0},"end":{"line":1,"column":62}},"1":{"start":{"line":2,"column":0},"end":{"line":2,"column":45}},"2":{"start":{"line":3,"column":0},"end":{"line":3,"column":8}},"7":{"start":{"line":8,"column":0},"end":{"line":8,"column":8}},"11":{"start":{"line":12,"column":0},"end":{"line":12,"column":8}},"15":{"start":{"line":16,"column":0},"end":{"line":16,"column":44}},"24":{"start":{"line":25,"column":0},"end":{"line":25,"column":65}},"26":{"start":{"line":27,"column":0},"end":{"line":27,"column":68}},"27":{"start":{"line":28,"column":0},"end":{"line":28,"column":24}},"28":{"start":{"line":29,"column":0},"end":{"line":29,"column":41}},"29":{"start":{"line":30,"column":0},"end":{"line":30,"column":3}},"30":{"start":{"line":31,"column":0},"end":{"line":31,"column":29}},"38":{"start":{"line":39,"column":0},"end":{"line":39,"column":22}},"39":{"start":{"line":40,"column":0},"end":{"line":40,"column":17}},"40":{"start":{"line":41,"column":0},"end":{"line":41,"column":23}},"41":{"start":{"line":42,"column":0},"end":{"line":42,"column":24}},"42":{"start":{"line":43,"column":0},"end":{"line":43,"column":8}},"43":{"start":{"line":44,"column":0},"end":{"line":44,"column":44}},"44":{"start":{"line":45,"column":0},"end":{"line":45,"column":43}},"46":{"start":{"line":47,"column":0},"end":{"line":47,"column":64}},"47":{"start":{"line":48,"column":0},"end":{"line":48,"column":46}},"48":{"start":{"line":49,"column":0},"end":{"line":49,"column":5}},"50":{"start":{"line":51,"column":0},"end":{"line":51,"column":21}},"51":{"start":{"line":52,"column":0},"end":{"line":52,"column":45}},"53":{"start":{"line":54,"column":0},"end":{"line":54,"column":66}},"54":{"start":{"line":55,"column":0},"end":{"line":55,"column":48}},"55":{"start":{"line":56,"column":0},"end":{"line":56,"column":7}},"56":{"start":{"line":57,"column":0},"end":{"line":57,"column":5}},"58":{"start":{"line":59,"column":0},"end":{"line":59,"column":35}},"59":{"start":{"line":60,"column":0},"end":{"line":60,"column":4}},"64":{"start":{"line":65,"column":0},"end":{"line":65,"column":32}},"66":{"start":{"line":67,"column":0},"end":{"line":67,"column":34}},"67":{"start":{"line":68,"column":0},"end":{"line":68,"column":62}},"68":{"start":{"line":69,"column":0},"end":{"line":69,"column":53}},"69":{"start":{"line":70,"column":0},"end":{"line":70,"column":8}},"70":{"start":{"line":71,"column":0},"end":{"line":71,"column":30}},"71":{"start":{"line":72,"column":0},"end":{"line":72,"column":35}},"72":{"start":{"line":73,"column":0},"end":{"line":73,"column":15}},"73":{"start":{"line":74,"column":0},"end":{"line":74,"column":7}},"75":{"start":{"line":76,"column":0},"end":{"line":76,"column":49}},"76":{"start":{"line":77,"column":0},"end":{"line":77,"column":60}},"77":{"start":{"line":78,"column":0},"end":{"line":78,"column":26}},"78":{"start":{"line":79,"column":0},"end":{"line":79,"column":44}},"79":{"start":{"line":80,"column":0},"end":{"line":80,"column":17}},"80":{"start":{"line":81,"column":0},"end":{"line":81,"column":9}},"81":{"start":{"line":82,"column":0},"end":{"line":82,"column":19}},"82":{"start":{"line":83,"column":0},"end":{"line":83,"column":25}},"83":{"start":{"line":84,"column":0},"end":{"line":84,"column":41}},"84":{"start":{"line":85,"column":0},"end":{"line":85,"column":41}},"85":{"start":{"line":86,"column":0},"end":{"line":86,"column":10}},"86":{"start":{"line":87,"column":0},"end":{"line":87,"column":14}},"87":{"start":{"line":88,"column":0},"end":{"line":88,"column":46}},"88":{"start":{"line":89,"column":0},"end":{"line":89,"column":27}},"89":{"start":{"line":90,"column":0},"end":{"line":90,"column":35}},"90":{"start":{"line":91,"column":0},"end":{"line":91,"column":10}},"91":{"start":{"line":92,"column":0},"end":{"line":92,"column":22}},"92":{"start":{"line":93,"column":0},"end":{"line":93,"column":53}},"93":{"start":{"line":94,"column":0},"end":{"line":94,"column":17}},"94":{"start":{"line":95,"column":0},"end":{"line":95,"column":9}},"95":{"start":{"line":96,"column":0},"end":{"line":96,"column":19}},"96":{"start":{"line":97,"column":0},"end":{"line":97,"column":28}},"97":{"start":{"line":98,"column":0},"end":{"line":98,"column":44}},"98":{"start":{"line":99,"column":0},"end":{"line":99,"column":44}},"99":{"start":{"line":100,"column":0},"end":{"line":100,"column":10}},"101":{"start":{"line":102,"column":0},"end":{"line":102,"column":52}},"102":{"start":{"line":103,"column":0},"end":{"line":103,"column":21}},"103":{"start":{"line":104,"column":0},"end":{"line":104,"column":23}},"104":{"start":{"line":105,"column":0},"end":{"line":105,"column":43}},"105":{"start":{"line":106,"column":0},"end":{"line":106,"column":43}},"106":{"start":{"line":107,"column":0},"end":{"line":107,"column":12}},"107":{"start":{"line":108,"column":0},"end":{"line":108,"column":9}},"108":{"start":{"line":109,"column":0},"end":{"line":109,"column":7}},"109":{"start":{"line":110,"column":0},"end":{"line":110,"column":6}},"111":{"start":{"line":112,"column":0},"end":{"line":112,"column":15}},"112":{"start":{"line":113,"column":0},"end":{"line":113,"column":4}},"114":{"start":{"line":115,"column":0},"end":{"line":115,"column":10}},"115":{"start":{"line":116,"column":0},"end":{"line":116,"column":40}},"116":{"start":{"line":117,"column":0},"end":{"line":117,"column":11}},"117":{"start":{"line":118,"column":0},"end":{"line":118,"column":55}},"119":{"start":{"line":120,"column":0},"end":{"line":120,"column":17}},"120":{"start":{"line":121,"column":0},"end":{"line":121,"column":12}},"121":{"start":{"line":122,"column":0},"end":{"line":122,"column":10}},"123":{"start":{"line":124,"column":0},"end":{"line":124,"column":1}},"135":{"start":{"line":136,"column":0},"end":{"line":136,"column":26}},"136":{"start":{"line":137,"column":0},"end":{"line":137,"column":12}},"137":{"start":{"line":138,"column":0},"end":{"line":138,"column":12}},"138":{"start":{"line":139,"column":0},"end":{"line":139,"column":49}},"139":{"start":{"line":140,"column":0},"end":{"line":140,"column":45}},"141":{"start":{"line":142,"column":0},"end":{"line":142,"column":19}},"143":{"start":{"line":144,"column":0},"end":{"line":144,"column":69}},"144":{"start":{"line":145,"column":0},"end":{"line":145,"column":48}},"145":{"start":{"line":146,"column":0},"end":{"line":146,"column":29}},"146":{"start":{"line":147,"column":0},"end":{"line":147,"column":29}},"147":{"start":{"line":148,"column":0},"end":{"line":148,"column":5}},"148":{"start":{"line":149,"column":0},"end":{"line":149,"column":9}},"153":{"start":{"line":154,"column":0},"end":{"line":154,"column":38}},"154":{"start":{"line":155,"column":0},"end":{"line":155,"column":34}},"155":{"start":{"line":156,"column":0},"end":{"line":156,"column":38}},"156":{"start":{"line":157,"column":0},"end":{"line":157,"column":56}},"159":{"start":{"line":160,"column":0},"end":{"line":160,"column":72}},"160":{"start":{"line":161,"column":0},"end":{"line":161,"column":28}},"161":{"start":{"line":162,"column":0},"end":{"line":162,"column":45}},"162":{"start":{"line":163,"column":0},"end":{"line":163,"column":7}},"163":{"start":{"line":164,"column":0},"end":{"line":164,"column":33}},"166":{"start":{"line":167,"column":0},"end":{"line":167,"column":60}},"167":{"start":{"line":168,"column":0},"end":{"line":168,"column":30}},"170":{"start":{"line":171,"column":0},"end":{"line":171,"column":26}},"171":{"start":{"line":172,"column":0},"end":{"line":172,"column":22}},"172":{"start":{"line":173,"column":0},"end":{"line":173,"column":48}},"173":{"start":{"line":174,"column":0},"end":{"line":174,"column":16}},"174":{"start":{"line":175,"column":0},"end":{"line":175,"column":22}},"175":{"start":{"line":176,"column":0},"end":{"line":176,"column":48}},"176":{"start":{"line":177,"column":0},"end":{"line":177,"column":16}},"177":{"start":{"line":178,"column":0},"end":{"line":178,"column":7}},"178":{"start":{"line":179,"column":0},"end":{"line":179,"column":6}},"180":{"start":{"line":181,"column":0},"end":{"line":181,"column":15}},"181":{"start":{"line":182,"column":0},"end":{"line":182,"column":4}},"183":{"start":{"line":184,"column":0},"end":{"line":184,"column":10}},"184":{"start":{"line":185,"column":0},"end":{"line":185,"column":40}},"185":{"start":{"line":186,"column":0},"end":{"line":186,"column":13}},"186":{"start":{"line":187,"column":0},"end":{"line":187,"column":47}},"187":{"start":{"line":188,"column":0},"end":{"line":188,"column":21}},"188":{"start":{"line":189,"column":0},"end":{"line":189,"column":38}},"189":{"start":{"line":190,"column":0},"end":{"line":190,"column":7}},"191":{"start":{"line":192,"column":0},"end":{"line":192,"column":15}},"192":{"start":{"line":193,"column":0},"end":{"line":193,"column":68}},"193":{"start":{"line":194,"column":0},"end":{"line":194,"column":10}},"195":{"start":{"line":196,"column":0},"end":{"line":196,"column":1}},"200":{"start":{"line":201,"column":0},"end":{"line":201,"column":32}},"201":{"start":{"line":202,"column":0},"end":{"line":202,"column":37}},"202":{"start":{"line":203,"column":0},"end":{"line":203,"column":37}},"203":{"start":{"line":204,"column":0},"end":{"line":204,"column":3}},"204":{"start":{"line":205,"column":0},"end":{"line":205,"column":51}},"206":{"start":{"line":207,"column":0},"end":{"line":207,"column":67}},"207":{"start":{"line":208,"column":0},"end":{"line":208,"column":5}},"208":{"start":{"line":209,"column":0},"end":{"line":209,"column":31}},"209":{"start":{"line":210,"column":0},"end":{"line":210,"column":23}},"210":{"start":{"line":211,"column":0},"end":{"line":211,"column":29}},"211":{"start":{"line":212,"column":0},"end":{"line":212,"column":51}},"212":{"start":{"line":213,"column":0},"end":{"line":213,"column":47}},"213":{"start":{"line":214,"column":0},"end":{"line":214,"column":8}},"214":{"start":{"line":215,"column":0},"end":{"line":215,"column":6}},"215":{"start":{"line":216,"column":0},"end":{"line":216,"column":5}},"217":{"start":{"line":218,"column":0},"end":{"line":218,"column":30}},"218":{"start":{"line":219,"column":0},"end":{"line":219,"column":31}},"220":{"start":{"line":221,"column":0},"end":{"line":221,"column":61}},"221":{"start":{"line":222,"column":0},"end":{"line":222,"column":34}},"222":{"start":{"line":223,"column":0},"end":{"line":223,"column":78}},"223":{"start":{"line":224,"column":0},"end":{"line":224,"column":6}},"225":{"start":{"line":226,"column":0},"end":{"line":226,"column":31}},"226":{"start":{"line":227,"column":0},"end":{"line":227,"column":3}},"227":{"start":{"line":228,"column":0},"end":{"line":228,"column":19}},"228":{"start":{"line":229,"column":0},"end":{"line":229,"column":1}},"236":{"start":{"line":237,"column":0},"end":{"line":237,"column":24}},"237":{"start":{"line":238,"column":0},"end":{"line":238,"column":40}},"238":{"start":{"line":239,"column":0},"end":{"line":239,"column":23}},"239":{"start":{"line":240,"column":0},"end":{"line":240,"column":36}},"241":{"start":{"line":242,"column":0},"end":{"line":242,"column":29}},"242":{"start":{"line":243,"column":0},"end":{"line":243,"column":58}},"243":{"start":{"line":244,"column":0},"end":{"line":244,"column":49}},"244":{"start":{"line":245,"column":0},"end":{"line":245,"column":4}},"246":{"start":{"line":247,"column":0},"end":{"line":247,"column":26}},"247":{"start":{"line":248,"column":0},"end":{"line":248,"column":31}},"248":{"start":{"line":249,"column":0},"end":{"line":249,"column":36}},"249":{"start":{"line":250,"column":0},"end":{"line":250,"column":11}},"250":{"start":{"line":251,"column":0},"end":{"line":251,"column":3}},"253":{"start":{"line":254,"column":0},"end":{"line":254,"column":29}},"254":{"start":{"line":255,"column":0},"end":{"line":255,"column":35}},"255":{"start":{"line":256,"column":0},"end":{"line":256,"column":38}},"256":{"start":{"line":257,"column":0},"end":{"line":257,"column":16}},"257":{"start":{"line":258,"column":0},"end":{"line":258,"column":9}},"259":{"start":{"line":260,"column":0},"end":{"line":260,"column":52}},"261":{"start":{"line":262,"column":0},"end":{"line":262,"column":10}},"262":{"start":{"line":263,"column":0},"end":{"line":263,"column":51}},"263":{"start":{"line":264,"column":0},"end":{"line":264,"column":51}},"264":{"start":{"line":265,"column":0},"end":{"line":265,"column":11}},"265":{"start":{"line":266,"column":0},"end":{"line":266,"column":9}},"266":{"start":{"line":267,"column":0},"end":{"line":267,"column":31}},"267":{"start":{"line":268,"column":0},"end":{"line":268,"column":18}},"268":{"start":{"line":269,"column":0},"end":{"line":269,"column":76}},"269":{"start":{"line":270,"column":0},"end":{"line":270,"column":22}},"270":{"start":{"line":271,"column":0},"end":{"line":271,"column":7}},"271":{"start":{"line":272,"column":0},"end":{"line":272,"column":26}},"272":{"start":{"line":273,"column":0},"end":{"line":273,"column":57}},"273":{"start":{"line":274,"column":0},"end":{"line":274,"column":14}},"274":{"start":{"line":275,"column":0},"end":{"line":275,"column":5}},"275":{"start":{"line":276,"column":0},"end":{"line":276,"column":3}},"278":{"start":{"line":279,"column":0},"end":{"line":279,"column":95}},"279":{"start":{"line":280,"column":0},"end":{"line":280,"column":127}},"280":{"start":{"line":281,"column":0},"end":{"line":281,"column":24}},"281":{"start":{"line":282,"column":0},"end":{"line":282,"column":79}},"284":{"start":{"line":285,"column":0},"end":{"line":285,"column":43}},"286":{"start":{"line":287,"column":0},"end":{"line":287,"column":25}},"287":{"start":{"line":288,"column":0},"end":{"line":288,"column":1}},"296":{"start":{"line":297,"column":0},"end":{"line":297,"column":22}},"297":{"start":{"line":298,"column":0},"end":{"line":298,"column":14}},"298":{"start":{"line":299,"column":0},"end":{"line":299,"column":25}},"299":{"start":{"line":300,"column":0},"end":{"line":300,"column":23}},"300":{"start":{"line":301,"column":0},"end":{"line":301,"column":3}},"301":{"start":{"line":302,"column":0},"end":{"line":302,"column":6}},"302":{"start":{"line":303,"column":0},"end":{"line":303,"column":51}},"303":{"start":{"line":304,"column":0},"end":{"line":304,"column":30}},"305":{"start":{"line":306,"column":0},"end":{"line":306,"column":51}},"306":{"start":{"line":307,"column":0},"end":{"line":307,"column":44}},"308":{"start":{"line":309,"column":0},"end":{"line":309,"column":125}},"311":{"start":{"line":312,"column":0},"end":{"line":312,"column":48}},"312":{"start":{"line":313,"column":0},"end":{"line":313,"column":58}},"313":{"start":{"line":314,"column":0},"end":{"line":314,"column":25}},"314":{"start":{"line":315,"column":0},"end":{"line":315,"column":31}},"315":{"start":{"line":316,"column":0},"end":{"line":316,"column":13}},"316":{"start":{"line":317,"column":0},"end":{"line":317,"column":5}},"317":{"start":{"line":318,"column":0},"end":{"line":318,"column":3}},"320":{"start":{"line":321,"column":0},"end":{"line":321,"column":46}},"321":{"start":{"line":322,"column":0},"end":{"line":322,"column":65}},"324":{"start":{"line":325,"column":0},"end":{"line":325,"column":27}},"325":{"start":{"line":326,"column":0},"end":{"line":326,"column":62}},"326":{"start":{"line":327,"column":0},"end":{"line":327,"column":86}},"327":{"start":{"line":328,"column":0},"end":{"line":328,"column":58}},"331":{"start":{"line":332,"column":0},"end":{"line":332,"column":7}},"332":{"start":{"line":333,"column":0},"end":{"line":333,"column":10}},"333":{"start":{"line":334,"column":0},"end":{"line":334,"column":12}},"334":{"start":{"line":335,"column":0},"end":{"line":335,"column":7}},"337":{"start":{"line":338,"column":0},"end":{"line":338,"column":44}},"338":{"start":{"line":339,"column":0},"end":{"line":339,"column":43}},"339":{"start":{"line":340,"column":0},"end":{"line":340,"column":13}},"340":{"start":{"line":341,"column":0},"end":{"line":341,"column":5}},"341":{"start":{"line":342,"column":0},"end":{"line":342,"column":3}},"344":{"start":{"line":345,"column":0},"end":{"line":345,"column":35}},"345":{"start":{"line":346,"column":0},"end":{"line":346,"column":6}},"346":{"start":{"line":347,"column":0},"end":{"line":347,"column":43}},"347":{"start":{"line":348,"column":0},"end":{"line":348,"column":41}},"348":{"start":{"line":349,"column":0},"end":{"line":349,"column":5}},"349":{"start":{"line":350,"column":0},"end":{"line":350,"column":71}},"350":{"start":{"line":351,"column":0},"end":{"line":351,"column":41}},"351":{"start":{"line":352,"column":0},"end":{"line":352,"column":73}},"352":{"start":{"line":353,"column":0},"end":{"line":353,"column":5}},"353":{"start":{"line":354,"column":0},"end":{"line":354,"column":3}},"354":{"start":{"line":355,"column":0},"end":{"line":355,"column":6}},"355":{"start":{"line":356,"column":0},"end":{"line":356,"column":46}},"356":{"start":{"line":357,"column":0},"end":{"line":357,"column":41}},"357":{"start":{"line":358,"column":0},"end":{"line":358,"column":5}},"358":{"start":{"line":359,"column":0},"end":{"line":359,"column":77}},"359":{"start":{"line":360,"column":0},"end":{"line":360,"column":44}},"360":{"start":{"line":361,"column":0},"end":{"line":361,"column":79}},"361":{"start":{"line":362,"column":0},"end":{"line":362,"column":5}},"362":{"start":{"line":363,"column":0},"end":{"line":363,"column":3}},"363":{"start":{"line":364,"column":0},"end":{"line":364,"column":6}},"364":{"start":{"line":365,"column":0},"end":{"line":365,"column":52}},"365":{"start":{"line":366,"column":0},"end":{"line":366,"column":46}},"366":{"start":{"line":367,"column":0},"end":{"line":367,"column":5}},"368":{"start":{"line":369,"column":0},"end":{"line":369,"column":79}},"369":{"start":{"line":370,"column":0},"end":{"line":370,"column":72}},"370":{"start":{"line":371,"column":0},"end":{"line":371,"column":5}},"371":{"start":{"line":372,"column":0},"end":{"line":372,"column":3}},"374":{"start":{"line":375,"column":0},"end":{"line":375,"column":7}},"375":{"start":{"line":376,"column":0},"end":{"line":376,"column":51}},"377":{"start":{"line":378,"column":0},"end":{"line":378,"column":48}},"378":{"start":{"line":379,"column":0},"end":{"line":379,"column":33}},"379":{"start":{"line":380,"column":0},"end":{"line":380,"column":5}},"380":{"start":{"line":381,"column":0},"end":{"line":381,"column":62}},"381":{"start":{"line":382,"column":0},"end":{"line":382,"column":38}},"382":{"start":{"line":383,"column":0},"end":{"line":383,"column":24}},"383":{"start":{"line":384,"column":0},"end":{"line":384,"column":38}},"384":{"start":{"line":385,"column":0},"end":{"line":385,"column":40}},"385":{"start":{"line":386,"column":0},"end":{"line":386,"column":29}},"386":{"start":{"line":387,"column":0},"end":{"line":387,"column":3}},"387":{"start":{"line":388,"column":0},"end":{"line":388,"column":1}},"396":{"start":{"line":397,"column":0},"end":{"line":397,"column":22}},"397":{"start":{"line":398,"column":0},"end":{"line":398,"column":14}},"398":{"start":{"line":399,"column":0},"end":{"line":399,"column":25}},"399":{"start":{"line":400,"column":0},"end":{"line":400,"column":23}},"400":{"start":{"line":401,"column":0},"end":{"line":401,"column":3}},"401":{"start":{"line":402,"column":0},"end":{"line":402,"column":6}},"402":{"start":{"line":403,"column":0},"end":{"line":403,"column":51}},"403":{"start":{"line":404,"column":0},"end":{"line":404,"column":30}},"405":{"start":{"line":406,"column":0},"end":{"line":406,"column":51}},"407":{"start":{"line":408,"column":0},"end":{"line":408,"column":44}},"408":{"start":{"line":409,"column":0},"end":{"line":409,"column":125}},"411":{"start":{"line":412,"column":0},"end":{"line":412,"column":48}},"412":{"start":{"line":413,"column":0},"end":{"line":413,"column":58}},"413":{"start":{"line":414,"column":0},"end":{"line":414,"column":25}},"414":{"start":{"line":415,"column":0},"end":{"line":415,"column":31}},"415":{"start":{"line":416,"column":0},"end":{"line":416,"column":13}},"416":{"start":{"line":417,"column":0},"end":{"line":417,"column":5}},"417":{"start":{"line":418,"column":0},"end":{"line":418,"column":3}},"420":{"start":{"line":421,"column":0},"end":{"line":421,"column":63}},"421":{"start":{"line":422,"column":0},"end":{"line":422,"column":68}},"422":{"start":{"line":423,"column":0},"end":{"line":423,"column":84}},"423":{"start":{"line":424,"column":0},"end":{"line":424,"column":56}},"427":{"start":{"line":428,"column":0},"end":{"line":428,"column":5}},"428":{"start":{"line":429,"column":0},"end":{"line":429,"column":8}},"429":{"start":{"line":430,"column":0},"end":{"line":430,"column":10}},"430":{"start":{"line":431,"column":0},"end":{"line":431,"column":5}},"432":{"start":{"line":433,"column":0},"end":{"line":433,"column":44}},"433":{"start":{"line":434,"column":0},"end":{"line":434,"column":43}},"434":{"start":{"line":435,"column":0},"end":{"line":435,"column":11}},"435":{"start":{"line":436,"column":0},"end":{"line":436,"column":3}},"436":{"start":{"line":437,"column":0},"end":{"line":437,"column":42}},"437":{"start":{"line":438,"column":0},"end":{"line":438,"column":50}},"438":{"start":{"line":439,"column":0},"end":{"line":439,"column":11}},"439":{"start":{"line":440,"column":0},"end":{"line":440,"column":3}},"440":{"start":{"line":441,"column":0},"end":{"line":441,"column":50}},"443":{"start":{"line":444,"column":0},"end":{"line":444,"column":35}},"444":{"start":{"line":445,"column":0},"end":{"line":445,"column":69}},"445":{"start":{"line":446,"column":0},"end":{"line":446,"column":62}},"446":{"start":{"line":447,"column":0},"end":{"line":447,"column":3}},"448":{"start":{"line":449,"column":0},"end":{"line":449,"column":7}},"449":{"start":{"line":450,"column":0},"end":{"line":450,"column":38}},"450":{"start":{"line":451,"column":0},"end":{"line":451,"column
[...]
,"column":0},"end":{"line":106,"column":21}},"106":{"start":{"line":107,"column":0},"end":{"line":107,"column":8}},"107":{"start":{"line":108,"column":0},"end":{"line":108,"column":45}},"109":{"start":{"line":110,"column":0},"end":{"line":110,"column":20}},"110":{"start":{"line":111,"column":0},"end":{"line":111,"column":26}},"111":{"start":{"line":112,"column":0},"end":{"line":112,"column":41}},"112":{"start":{"line":113,"column":0},"end":{"line":113,"column":47}},"113":{"start":{"line":114,"column":0},"end":{"line":114,"column":14}},"114":{"start":{"line":115,"column":0},"end":{"line":115,"column":5}},"115":{"start":{"line":116,"column":0},"end":{"line":116,"column":3}},"121":{"start":{"line":122,"column":0},"end":{"line":122,"column":66}},"122":{"start":{"line":123,"column":0},"end":{"line":123,"column":9}},"123":{"start":{"line":124,"column":0},"end":{"line":124,"column":51}},"125":{"start":{"line":126,"column":0},"end":{"line":126,"column":29}},"126":{"start":{"line":127,"column":0},"end":{"line":127,"column":25}},"127":{"start":{"line":128,"column":0},"end":{"line":128,"column":7}},"129":{"start":{"line":130,"column":0},"end":{"line":130,"column":44}},"130":{"start":{"line":131,"column":0},"end":{"line":131,"column":68}},"131":{"start":{"line":132,"column":0},"end":{"line":132,"column":28}},"132":{"start":{"line":133,"column":0},"end":{"line":133,"column":15}},"133":{"start":{"line":134,"column":0},"end":{"line":134,"column":8}},"134":{"start":{"line":135,"column":0},"end":{"line":135,"column":45}},"137":{"start":{"line":138,"column":0},"end":{"line":138,"column":20}},"138":{"start":{"line":139,"column":0},"end":{"line":139,"column":26}},"139":{"start":{"line":140,"column":0},"end":{"line":140,"column":41}},"140":{"start":{"line":141,"column":0},"end":{"line":141,"column":47}},"141":{"start":{"line":142,"column":0},"end":{"line":142,"column":14}},"142":{"start":{"line":143,"column":0},"end":{"line":143,"column":5}},"143":{"start":{"line":144,"column":0},"end":{"line":144,"column":3}},"144":{"start":{"line":145,"column":0},"end":{"line":145,"column":1}}},"s":{"0":1,"1":1,"14":1,"19":1,"25":1,"26":17,"27":17,"28":17,"29":17,"31":17,"34":17,"35":17,"36":15,"37":18,"38":18,"39":23,"40":17,"41":18,"42":18,"43":14,"44":14,"45":14,"46":18,"47":15,"50":17,"51":3,"52":3,"53":3,"54":3,"55":3,"56":2,"57":1,"58":1,"59":3,"61":15,"62":17,"68":1,"69":12,"70":12,"71":12,"73":12,"74":12,"75":32,"76":32,"77":32,"78":31,"79":32,"80":32,"81":12,"82":1,"83":1,"84":1,"85":1,"87":11,"88":12,"94":1,"95":4,"96":4,"98":4,"99":1,"100":1,"102":3,"103":3,"104":3,"105":3,"106":3,"107":2,"109":2,"110":4,"111":1,"112":1,"113":1,"114":1,"115":4,"121":1,"122":4,"123":4,"125":4,"126":1,"127":1,"129":3,"130":3,"131":3,"132":3,"133":3,"134":2,"137":2,"138":4,"139":1,"140":1,"141":1,"142":1,"143":4,"144":1},"branchMap":{"0":{"type":"branch","line":20,"loc":{"start":{"line":20,"column":10},"end":{"line":20,"column":61}},"locations":[{"start":{"line":20,"column":10},"end":{"line":20,"column":61}}]},"1":{"type":"branch","line":26,"loc":{"start":{"line":26,"column":2},"end":{"line":63,"column":3}},"locations":[{"start":{"line":26,"column":2},"end":{"line":63,"column":3}}]},"2":{"type":"branch","line":36,"loc":{"start":{"line":36,"column":23},"end":{"line":48,"column":5}},"locations":[{"start":{"line":36,"column":23},"end":{"line":48,"column":5}}]},"3":{"type":"branch","line":37,"loc":{"start":{"line":37,"column":28},"end":{"line":47,"column":7}},"locations":[{"start":{"line":37,"column":28},"end":{"line":47,"column":7}}]},"4":{"type":"branch","line":43,"loc":{"start":{"line":43,"column":30},"end":{"line":46,"column":9}},"locations":[{"start":{"line":43,"column":30},"end":{"line":46,"column":9}}]},"5":{"type":"branch","line":51,"loc":{"start":{"line":51,"column":20},"end":{"line":60,"column":5}},"locations":[{"start":{"line":51,"column":20},"end":{"line":60,"column":5}}]},"6":{"type":"branch","line":55,"loc":{"start":{"line":55,"column":9},"end":{"line":56,"column":15}},"locations":[{"start":{"line":55,"column":9},"end":{"line":56,"column":15}}]},"7":{"type":"branch","line":56,"loc":{"start":{"line":56,"column":6},"end":{"line":59,"column":7}},"locations":[{"start":{"line":56,"column":6},"end":{"line":59,"column":7}}]},"8":{"type":"branch","line":57,"loc":{"start":{"line":57,"column":42},"end":{"line":59,"column":7}},"locations":[{"start":{"line":57,"column":42},"end":{"line":59,"column":7}}]},"9":{"type":"branch","line":60,"loc":{"start":{"line":60,"column":4},"end":{"line":62,"column":71}},"locations":[{"start":{"line":60,"column":4},"end":{"line":62,"column":71}}]},"10":{"type":"branch","line":39,"loc":{"start":{"line":39,"column":10},"end":{"line":41,"column":53}},"locations":[{"start":{"line":39,"column":10},"end":{"line":41,"column":53}}]},"11":{"type":"branch","line":40,"loc":{"start":{"line":40,"column":42},"end":{"line":41,"column":53}},"locations":[{"start":{"line":40,"column":42},"end":{"line":41,"column":53}}]},"12":{"type":"branch","line":69,"loc":{"start":{"line":69,"column":2},"end":{"line":89,"column":3}},"locations":[{"start":{"line":69,"column":2},"end":{"line":89,"column":3}}]},"13":{"type":"branch","line":75,"loc":{"start":{"line":75,"column":14},"end":{"line":75,"column":55}},"locations":[{"start":{"line":75,"column":14},"end":{"line":75,"column":55}}]},"14":{"type":"branch","line":75,"loc":{"start":{"line":75,"column":55},"end":{"line":81,"column":7}},"locations":[{"start":{"line":75,"column":55},"end":{"line":81,"column":7}}]},"15":{"type":"branch","line":78,"loc":{"start":{"line":78,"column":52},"end":{"line":80,"column":29}},"locations":[{"start":{"line":78,"column":52},"end":{"line":80,"column":29}}]},"16":{"type":"branch","line":80,"loc":{"start":{"line":80,"column":23},"end":{"line":80,"column":41}},"locations":[{"start":{"line":80,"column":23},"end":{"line":80,"column":41}}]},"17":{"type":"branch","line":82,"loc":{"start":{"line":82,"column":4},"end":{"line":86,"column":5}},"locations":[{"start":{"line":82,"column":4},"end":{"line":86,"column":5}}]},"18":{"type":"branch","line":86,"loc":{"start":{"line":86,"column":4},"end":{"line":88,"column":20}},"locations":[{"start":{"line":86,"column":4},"end":{"line":88,"column":20}}]},"19":{"type":"branch","line":95,"loc":{"start":{"line":95,"column":2},"end":{"line":116,"column":3}},"locations":[{"start":{"line":95,"column":2},"end":{"line":116,"column":3}}]},"20":{"type":"branch","line":99,"loc":{"start":{"line":99,"column":28},"end":{"line":101,"column":7}},"locations":[{"start":{"line":99,"column":28},"end":{"line":101,"column":7}}]},"21":{"type":"branch","line":101,"loc":{"start":{"line":101,"column":6},"end":{"line":107,"column":8}},"locations":[{"start":{"line":101,"column":6},"end":{"line":107,"column":8}}]},"22":{"type":"branch","line":107,"loc":{"start":{"line":107,"column":6},"end":{"line":111,"column":13}},"locations":[{"start":{"line":107,"column":6},"end":{"line":111,"column":13}}]},"23":{"type":"branch","line":111,"loc":{"start":{"line":111,"column":4},"end":{"line":115,"column":5}},"locations":[{"start":{"line":111,"column":4},"end":{"line":115,"column":5}}]},"24":{"type":"branch","line":122,"loc":{"start":{"line":122,"column":2},"end":{"line":144,"column":3}},"locations":[{"start":{"line":122,"column":2},"end":{"line":144,"column":3}}]},"25":{"type":"branch","line":126,"loc":{"start":{"line":126,"column":28},"end":{"line":128,"column":7}},"locations":[{"start":{"line":126,"column":28},"end":{"line":128,"column":7}}]},"26":{"type":"branch","line":128,"loc":{"start":{"line":128,"column":6},"end":{"line":134,"column":8}},"locations":[{"start":{"line":128,"column":6},"end":{"line":134,"column":8}}]},"27":{"type":"branch","line":134,"loc":{"start":{"line":134,"column":6},"end":{"line":139,"column":13}},"locations":[{"start":{"line":134,"column":6},"end":{"line":139,"column":13}}]},"28":{"type":"branch","line":139,"loc":{"start":{"line":139,"column":4},"end":{"line":143,"column":5}},"locations":[{"start":{"line":139,"column":4},"end":{"line":143,"column":5}}]}},"b":{"0":[15],"1":[17],"2":[15],"3":[18],"4":[14],"5":[3],"6":[1],"7":[2],"8":[1],"9":[15],"10":[23],"11":[17],"12":[12],"13":[35],"14":[32],"15":[31],"16":[23],"17":[1],"18":[11],"19":[4],"20":[1],"21":[3],"22":[2],"23":[1],"24":[4],"25":[1],"26":[3],"27":[2],"28":[1]},"fnMap":{"0":{"name":"WebUsbCardReader","decl":{"start":{"line":20,"column":10},"end":{"line":20,"column":61}},"loc":{"start":{"line":20,"column":10},"end":{"line":20,"column":61}},"line":20},"1":{"name":"connect","decl":{"start":{"line":26,"column":2},"end":{"line":63,"column":3}},"loc":{"start":{"line":26,"column":2},"end":{"line":63,"column":3}},"line":26},"2":{"name":"polling","decl":{"start":{"line":69,"column":2},"end":{"line":89,"column":3}},"loc":{"start":{"line":69,"column":2},"end":{"line":89,"column":3}},"line":69},"3":{"name":"requestService","decl":{"start":{"line":95,"column":2},"end":{"line":116,"column":3}},"loc":{"start":{"line":95,"column":2},"end":{"line":116,"column":3}},"line":95},"4":{"name":"readWithoutEncryption","decl":{"start":{"line":122,"column":2},"end":{"line":144,"column":3}},"loc":{"start":{"line":122,"column":2},"end":{"line":144,"column":3}},"line":122}},"f":{"0":15,"1":17,"2":12,"3":4,"4":4}}
,"/workspaces/21-kintone/packages/ktplug-rcs300-felica-reader/src/lib/utils.ts": {"path":"/workspaces/21-kintone/packages/ktplug-rcs300-felica-reader/src/lib/utils.ts","all":false,"statementMap":{"0":{"start":{"line":1,"column":0},"end":{"line":1,"column":55}},"2":{"start":{"line":3,"column":0},"end":{"line":3,"column":55}},"5":{"start":{"line":6,"column":0},"end":{"line":6,"column":40}},"6":{"start":{"line":7,"column":0},"end":{"line":7,"column":64}},"7":{"start":{"line":8,"column":0},"end":{"line":8,"column":3}},"10":{"start":{"line":11,"column":0},"end":{"line":11,"column":23}},"11":{"start":{"line":12,"column":0},"end":{"line":12,"column":54}},"12":{"start":{"line":13,"column":0},"end":{"line":13,"column":63}},"13":{"start":{"line":14,"column":0},"end":{"line":14,"column":52}},"16":{"start":{"line":17,"column":0},"end":{"line":17,"column":35}},"17":{"start":{"line":18,"column":0},"end":{"line":18,"column":54}},"18":{"start":{"line":19,"column":0},"end":{"line":19,"column":5}},"20":{"start":{"line":21,"column":0},"end":{"line":21,"column":51}},"21":{"start":{"line":22,"column":0},"end":{"line":22,"column":3}},"23":{"start":{"line":24,"column":0},"end":{"line":24,"column":21}},"24":{"start":{"line":25,"column":0},"end":{"line":25,"column":1}},"26":{"start":{"line":27,"column":0},"end":{"line":27,"column":71}},"27":{"start":{"line":28,"column":0},"end":{"line":28,"column":18}},"28":{"start":{"line":29,"column":0},"end":{"line":29,"column":30}},"29":{"start":{"line":30,"column":0},"end":{"line":30,"column":31}},"31":{"start":{"line":32,"column":0},"end":{"line":32,"column":39}},"32":{"start":{"line":33,"column":0},"end":{"line":33,"column":38}},"33":{"start":{"line":34,"column":0},"end":{"line":34,"column":3}},"34":{"start":{"line":35,"column":0},"end":{"line":35,"column":52}},"35":{"start":{"line":36,"column":0},"end":{"line":36,"column":1}},"37":{"start":{"line":38,"column":0},"end":{"line":38,"column":70}},"38":{"start":{"line":39,"column":0},"end":{"line":39,"column":26}},"39":{"start":{"line":40,"column":0},"end":{"line":40,"column":18}},"40":{"start":{"line":41,"column":0},"end":{"line":41,"column":54}},"41":{"start":{"line":42,"column":0},"end":{"line":42,"column":37}},"42":{"start":{"line":43,"column":0},"end":{"line":43,"column":30}},"43":{"start":{"line":44,"column":0},"end":{"line":44,"column":38}},"44":{"start":{"line":45,"column":0},"end":{"line":45,"column":38}},"45":{"start":{"line":46,"column":0},"end":{"line":46,"column":3}},"46":{"start":{"line":47,"column":0},"end":{"line":47,"column":16}},"47":{"start":{"line":48,"column":0},"end":{"line":48,"column":1}},"49":{"start":{"line":50,"column":0},"end":{"line":50,"column":69}},"50":{"start":{"line":51,"column":0},"end":{"line":51,"column":52}},"51":{"start":{"line":52,"column":0},"end":{"line":52,"column":48}},"52":{"start":{"line":53,"column":0},"end":{"line":53,"column":36}},"53":{"start":{"line":54,"column":0},"end":{"line":54,"column":3}},"54":{"start":{"line":55,"column":0},"end":{"line":55,"column":16}},"55":{"start":{"line":56,"column":0},"end":{"line":56,"column":1}},"57":{"start":{"line":58,"column":0},"end":{"line":58,"column":43}},"58":{"start":{"line":59,"column":0},"end":{"line":59,"column":61}},"59":{"start":{"line":60,"column":0},"end":{"line":60,"column":1}},"64":{"start":{"line":65,"column":0},"end":{"line":65,"column":67}},"65":{"start":{"line":66,"column":0},"end":{"line":66,"column":47}},"66":{"start":{"line":67,"column":0},"end":{"line":67,"column":20}},"67":{"start":{"line":68,"column":0},"end":{"line":68,"column":66}},"68":{"start":{"line":69,"column":0},"end":{"line":69,"column":6}},"69":{"start":{"line":70,"column":0},"end":{"line":70,"column":3}},"70":{"start":{"line":71,"column":0},"end":{"line":71,"column":33}},"71":{"start":{"line":72,"column":0},"end":{"line":72,"column":49}},"72":{"start":{"line":73,"column":0},"end":{"line":73,"column":67}},"73":{"start":{"line":74,"column":0},"end":{"line":74,"column":3}},"74":{"start":{"line":75,"column":0},"end":{"line":75,"column":19}},"75":{"start":{"line":76,"column":0},"end":{"line":76,"column":1}}},"s":{"0":1,"2":9,"5":9,"6":1,"7":1,"10":8,"11":9,"12":23,"13":23,"16":23,"17":1,"18":1,"20":22,"21":22,"23":7,"24":7,"26":1,"27":24,"28":24,"29":126,"31":126,"32":126,"33":126,"34":24,"35":24,"37":1,"38":4,"39":3,"40":3,"41":3,"42":3,"43":3,"44":3,"45":3,"46":3,"47":3,"49":1,"50":4,"51":4,"52":24,"53":24,"54":4,"55":4,"57":1,"58":1,"59":1,"64":1,"65":12,"66":2,"67":2,"68":2,"69":2,"70":10,"71":12,"72":59,"73":59,"74":10,"75":10},"branchMap":{"0":{"type":"branch","line":1,"loc":{"start":{"line":1,"column":7},"end":{"line":25,"column":1}},"locations":[{"start":{"line":1,"column":7},"end":{"line":25,"column":1}}]},"1":{"type":"branch","line":6,"loc":{"start":{"line":6,"column":39},"end":{"line":8,"column":3}},"locations":[{"start":{"line":6,"column":39},"end":{"line":8,"column":3}}]},"2":{"type":"branch","line":8,"loc":{"start":{"line":8,"column":2},"end":{"line":12,"column":53}},"locations":[{"start":{"line":8,"column":2},"end":{"line":12,"column":53}}]},"3":{"type":"branch","line":12,"loc":{"start":{"line":12,"column":53},"end":{"line":22,"column":3}},"locations":[{"start":{"line":12,"column":53},"end":{"line":22,"column":3}}]},"4":{"type":"branch","line":17,"loc":{"start":{"line":17,"column":34},"end":{"line":19,"column":5}},"locations":[{"start":{"line":17,"column":34},"end":{"line":19,"column":5}}]},"5":{"type":"branch","line":19,"loc":{"start":{"line":19,"column":4},"end":{"line":22,"column":3}},"locations":[{"start":{"line":19,"column":4},"end":{"line":22,"column":3}}]},"6":{"type":"branch","line":22,"loc":{"start":{"line":22,"column":2},"end":{"line":25,"column":1}},"locations":[{"start":{"line":22,"column":2},"end":{"line":25,"column":1}}]},"7":{"type":"branch","line":27,"loc":{"start":{"line":27,"column":7},"end":{"line":36,"column":1}},"locations":[{"start":{"line":27,"column":7},"end":{"line":36,"column":1}}]},"8":{"type":"branch","line":29,"loc":{"start":{"line":29,"column":29},"end":{"line":34,"column":3}},"locations":[{"start":{"line":29,"column":29},"end":{"line":34,"column":3}}]},"9":{"type":"branch","line":32,"loc":{"start":{"line":32,"column":16},"end":{"line":32,"column":35}},"locations":[{"start":{"line":32,"column":16},"end":{"line":32,"column":35}}]},"10":{"type":"branch","line":32,"loc":{"start":{"line":32,"column":30},"end":{"line":32,"column":39}},"locations":[{"start":{"line":32,"column":30},"end":{"line":32,"column":39}}]},"11":{"type":"branch","line":35,"loc":{"start":{"line":35,"column":9},"end":{"line":35,"column":45}},"locations":[{"start":{"line":35,"column":9},"end":{"line":35,"column":45}}]},"12":{"type":"branch","line":35,"loc":{"start":{"line":35,"column":41},"end":{"line":35,"column":52}},"locations":[{"start":{"line":35,"column":41},"end":{"line":35,"column":52}}]},"13":{"type":"branch","line":38,"loc":{"start":{"line":38,"column":7},"end":{"line":48,"column":1}},"locations":[{"start":{"line":38,"column":7},"end":{"line":48,"column":1}}]},"14":{"type":"branch","line":39,"loc":{"start":{"line":39,"column":16},"end":{"line":48,"column":1}},"locations":[{"start":{"line":39,"column":16},"end":{"line":48,"column":1}}]},"15":{"type":"branch","line":39,"loc":{"start":{"line":39,"column":16},"end":{"line":39,"column":26}},"locations":[{"start":{"line":39,"column":16},"end":{"line":39,"column":26}}]},"16":{"type":"branch","line":44,"loc":{"start":{"line":44,"column":15},"end":{"line":44,"column":34}},"locations":[{"start":{"line":44,"column":15},"end":{"line":44,"column":34}}]},"17":{"type":"branch","line":44,"loc":{"start":{"line":44,"column":29},"end":{"line":44,"column":38}},"locations":[{"start":{"line":44,"column":29},"end":{"line":44,"column":38}}]},"18":{"type":"branch","line":50,"loc":{"start":{"line":50,"column":7},"end":{"line":56,"column":1}},"locations":[{"start":{"line":50,"column":7},"end":{"line":56,"column":1}}]},"19":{"type":"branch","line":52,"loc":{"start":{"line":52,"column":47},"end":{"line":54,"column":3}},"locations":[{"start":{"line":52,"column":47},"end":{"line":54,"column":3}}]},"20":{"type":"branch","line":58,"loc":{"start":{"line":58,"column":0},"end":{"line":60,"column":1}},"locations":[{"start":{"line":58,"column":0},"end":{"line":60,"column":1}}]},"21":{"type":"branch","line":59,"loc":{"start":{"line":59,"column":21},"end":{"line":59,"column":59}},"locations":[{"start":{"line":59,"column":21},"end":{"line":59,"column":59}}]},"22":{"type":"branch","line":65,"loc":{"start":{"line":65,"column":7},"end":{"line":76,"column":1}},"locations":[{"start":{"line":65,"column":7},"end":{"line":76,"column":1}}]},"23":{"type":"branch","line":66,"loc":{"start":{"line":66,"column":46},"end":{"line":70,"column":3}},"locations":[{"start":{"line":66,"column":46},"end":{"line":70,"column":3}}]},"24":{"type":"branch","line":70,"loc":{"start":{"line":70,"column":2},"end":{"line":72,"column":48}},"locations":[{"start":{"line":70,"column":2},"end":{"line":72,"column":48}}]},"25":{"type":"branch","line":72,"loc":{"start":{"line":72,"column":48},"end":{"line":74,"column":3}},"locations":[{"start":{"line":72,"column":48},"end":{"line":74,"column":3}}]},"26":{"type":"branch","line":74,"loc":{"start":{"line":74,"column":2},"end":{"line":76,"column":1}},"locations":[{"start":{"line":74,"column":2},"end":{"line":76,"column":1}}]}},"b":{"0":[9],"1":[1],"2":[8],"3":[23],"4":[1],"5":[22],"6":[7],"7":[24],"8":[126],"9":[72],"10":[54],"11":[10],"12":[14],"13":[4],"14":[3],"15":[1],"16":[2],"17":[1],"18":[4],"19":[24],"20":[1],"21":[1],"22":[12],"23":[2],"24":[10],"25":[59],"26":[10]},"fnMap":{"0":{"name":"hexToAscii","decl":{"start":{"line":1,"column":7},"end":{"line":25,"column":1}},"loc":{"start":{"line":1,"column":7},"end":{"line":25,"column":1}},"line":1},"1":{"name":"arrayToHex","decl":{"start":{"line":27,"column":7},"end":{"line":36,"column":1}},"loc":{"start":{"line":27,"column":7},"end":{"line":36,"column":1}},"line":27},"2":{"name":"binArrayToHex","decl":{"start":{"line":38,"column":7},"end":{"line":48,"column":1}},"loc":{"start":{"line":38,"column":7},"end":{"line":48,"column":1}},"line":38},"3":{"name":"dataViewToUint8Array","decl":{"start":{"line":50,"column":7},"end":{"line":56,"column":1}},"loc":{"start":{"line":50,"column":7},"end":{"line":56,"column":1}},"line":50},"4":{"name":"sleep","decl":{"start":{"line":58,"column":0},"end":{"line":60,"column":1}},"loc":{"start":{"line":58,"column":0},"end":{"line":60,"column":1}},"line":58},"5":{"name":"hexStringToByteArray","decl":{"start":{"line":65,"column":7},"end":{"line":76,"column":1}},"loc":{"start":{"line":65,"column":7},"end":{"line":76,"column":1}},"line":65}},"f":{"0":9,"1":24,"2":4,"3":4,"4":1,"5":12}}
}
