{"/workspaces/21-kintone/packages/ktplug-rcs300-felica-reader/src/config.tsx": {"path":"/workspaces/21-kintone/packages/ktplug-rcs300-felica-reader/src/config.tsx","all":false,"statementMap":{"0":{"start":{"line":1,"column":0},"end":{"line":1,"column":46}},"1":{"start":{"line":2,"column":0},"end":{"line":2,"column":46}},"3":{"start":{"line":4,"column":0},"end":{"line":4,"column":23}},"4":{"start":{"line":5,"column":0},"end":{"line":5,"column":61}},"5":{"start":{"line":6,"column":0},"end":{"line":6,"column":16}},"6":{"start":{"line":7,"column":0},"end":{"line":7,"column":44}},"7":{"start":{"line":8,"column":0},"end":{"line":8,"column":11}},"8":{"start":{"line":9,"column":0},"end":{"line":9,"column":3}},"9":{"start":{"line":10,"column":0},"end":{"line":10,"column":34}},"10":{"start":{"line":11,"column":0},"end":{"line":11,"column":45}},"11":{"start":{"line":12,"column":0},"end":{"line":12,"column":23}}},"s":{"0":1,"1":1,"3":1,"4":2,"5":2,"6":1,"7":1,"8":1,"9":1,"10":1,"11":1},"branchMap":{"0":{"type":"branch","line":4,"loc":{"start":{"line":4,"column":1},"end":{"line":12,"column":3}},"locations":[{"start":{"line":4,"column":1},"end":{"line":12,"column":3}}]},"1":{"type":"branch","line":6,"loc":{"start":{"line":6,"column":15},"end":{"line":12,"column":3}},"locations":[{"start":{"line":6,"column":15},"end":{"line":12,"column":3}}]}},"b":{"0":[2],"1":[1]},"fnMap":{},"f":{}}
,"/workspaces/21-kintone/packages/ktplug-rcs300-felica-reader/src/customize.tsx": {"path":"/workspaces/21-kintone/packages/ktplug-rcs300-felica-reader/src/customize.tsx","all":false,"statementMap":{"0":{"start":{"line":1,"column":0},"end":{"line":1,"column":66}},"1":{"start":{"line":2,"column":0},"end":{"line":2,"column":46}},"2":{"start":{"line":3,"column":0},"end":{"line":3,"column":8}},"7":{"start":{"line":8,"column":0},"end":{"line":8,"column":45}},"9":{"start":{"line":10,"column":0},"end":{"line":10,"column":17}},"11":{"start":{"line":12,"column":0},"end":{"line":12,"column":20}},"12":{"start":{"line":13,"column":0},"end":{"line":13,"column":5}},"13":{"start":{"line":14,"column":0},"end":{"line":14,"column":29}},"14":{"start":{"line":15,"column":0},"end":{"line":15,"column":31}},"16":{"start":{"line":17,"column":0},"end":{"line":17,"column":6}},"17":{"start":{"line":18,"column":0},"end":{"line":18,"column":16}},"19":{"start":{"line":20,"column":0},"end":{"line":20,"column":72}},"20":{"start":{"line":21,"column":0},"end":{"line":21,"column":28}},"21":{"start":{"line":22,"column":0},"end":{"line":22,"column":45}},"22":{"start":{"line":23,"column":0},"end":{"line":23,"column":7}},"23":{"start":{"line":24,"column":0},"end":{"line":24,"column":33}},"25":{"start":{"line":26,"column":0},"end":{"line":26,"column":77}},"26":{"start":{"line":27,"column":0},"end":{"line":27,"column":15}},"28":{"start":{"line":29,"column":0},"end":{"line":29,"column":72}},"29":{"start":{"line":30,"column":0},"end":{"line":30,"column":52}},"30":{"start":{"line":31,"column":0},"end":{"line":31,"column":43}},"31":{"start":{"line":32,"column":0},"end":{"line":32,"column":8}},"32":{"start":{"line":33,"column":0},"end":{"line":33,"column":15}},"33":{"start":{"line":34,"column":0},"end":{"line":34,"column":36}},"34":{"start":{"line":35,"column":0},"end":{"line":35,"column":57}},"35":{"start":{"line":36,"column":0},"end":{"line":36,"column":14}},"36":{"start":{"line":37,"column":0},"end":{"line":37,"column":24}},"37":{"start":{"line":38,"column":0},"end":{"line":38,"column":61}},"38":{"start":{"line":39,"column":0},"end":{"line":39,"column":10}},"39":{"start":{"line":40,"column":0},"end":{"line":40,"column":7}},"40":{"start":{"line":41,"column":0},"end":{"line":41,"column":19}},"41":{"start":{"line":42,"column":0},"end":{"line":42,"column":6}},"42":{"start":{"line":43,"column":0},"end":{"line":43,"column":4}},"44":{"start":{"line":45,"column":0},"end":{"line":45,"column":59}},"46":{"start":{"line":47,"column":0},"end":{"line":47,"column":70}},"47":{"start":{"line":48,"column":0},"end":{"line":48,"column":26}},"48":{"start":{"line":49,"column":0},"end":{"line":49,"column":43}},"49":{"start":{"line":50,"column":0},"end":{"line":50,"column":5}},"50":{"start":{"line":51,"column":0},"end":{"line":51,"column":31}},"53":{"start":{"line":54,"column":0},"end":{"line":54,"column":48}},"54":{"start":{"line":55,"column":0},"end":{"line":55,"column":8}},"55":{"start":{"line":56,"column":0},"end":{"line":56,"column":34}},"56":{"start":{"line":57,"column":0},"end":{"line":57,"column":65}},"57":{"start":{"line":58,"column":0},"end":{"line":58,"column":7}},"58":{"start":{"line":59,"column":0},"end":{"line":59,"column":22}},"59":{"start":{"line":60,"column":0},"end":{"line":60,"column":5}},"60":{"start":{"line":61,"column":0},"end":{"line":61,"column":8}},"61":{"start":{"line":62,"column":0},"end":{"line":62,"column":34}},"62":{"start":{"line":63,"column":0},"end":{"line":63,"column":65}},"63":{"start":{"line":64,"column":0},"end":{"line":64,"column":7}},"64":{"start":{"line":65,"column":0},"end":{"line":65,"column":22}},"65":{"start":{"line":66,"column":0},"end":{"line":66,"column":5}},"67":{"start":{"line":68,"column":0},"end":{"line":68,"column":15}},"68":{"start":{"line":69,"column":0},"end":{"line":69,"column":53}},"69":{"start":{"line":70,"column":0},"end":{"line":70,"column":16}},"70":{"start":{"line":71,"column":0},"end":{"line":71,"column":54}},"71":{"start":{"line":72,"column":0},"end":{"line":72,"column":7}},"72":{"start":{"line":73,"column":0},"end":{"line":73,"column":34}},"73":{"start":{"line":74,"column":0},"end":{"line":74,"column":71}},"74":{"start":{"line":75,"column":0},"end":{"line":75,"column":5}},"75":{"start":{"line":76,"column":0},"end":{"line":76,"column":17}},"76":{"start":{"line":77,"column":0},"end":{"line":77,"column":5}},"77":{"start":{"line":78,"column":0},"end":{"line":78,"column":23}}},"s":{"0":1,"1":1,"2":1,"7":1,"9":1,"11":1,"12":1,"13":1,"14":1,"16":1,"17":1,"19":5,"20":5,"21":0,"22":0,"23":5,"25":5,"26":5,"28":3,"29":3,"30":3,"31":3,"32":5,"33":2,"34":2,"35":5,"36":1,"37":1,"38":1,"39":1,"40":2,"41":5,"42":1,"44":1,"46":3,"47":3,"48":0,"49":0,"50":3,"53":3,"54":3,"55":3,"56":2,"57":3,"58":2,"59":2,"60":3,"61":3,"62":1,"63":3,"64":1,"65":1,"67":3,"68":3,"69":3,"70":1,"71":1,"72":2,"73":2,"74":2,"75":2,"76":1,"77":1},"branchMap":{"0":{"type":"branch","line":10,"loc":{"start":{"line":10,"column":1},"end":{"line":78,"column":3}},"locations":[{"start":{"line":10,"column":1},"end":{"line":78,"column":3}}]},"1":{"type":"branch","line":18,"loc":{"start":{"line":18,"column":4},"end":{"line":42,"column":6}},"locations":[{"start":{"line":18,"column":4},"end":{"line":42,"column":6}}]},"2":{"type":"branch","line":21,"loc":{"start":{"line":21,"column":27},"end":{"line":23,"column":7}},"locations":[{"start":{"line":21,"column":27},"end":{"line":23,"column":7}}]},"3":{"type":"branch","line":26,"loc":{"start":{"line":26,"column":49},"end":{"line":26,"column":77}},"locations":[{"start":{"line":26,"column":49},"end":{"line":26,"column":77}}]},"4":{"type":"branch","line":27,"loc":{"start":{"line":27,"column":8},"end":{"line":27,"column":15}},"locations":[{"start":{"line":27,"column":8},"end":{"line":27,"column":15}}]},"5":{"type":"branch","line":27,"loc":{"start":{"line":27,"column":8},"end":{"line":33,"column":14}},"locations":[{"start":{"line":27,"column":8},"end":{"line":33,"column":14}}]},"6":{"type":"branch","line":33,"loc":{"start":{"line":33,"column":14},"end":{"line":36,"column":13}},"locations":[{"start":{"line":33,"column":14},"end":{"line":36,"column":13}}]},"7":{"type":"branch","line":36,"loc":{"start":{"line":36,"column":6},"end":{"line":40,"column":7}},"locations":[{"start":{"line":36,"column":6},"end":{"line":40,"column":7}}]},"8":{"type":"branch","line":40,"loc":{"start":{"line":40,"column":6},"end":{"line":41,"column":19}},"locations":[{"start":{"line":40,"column":6},"end":{"line":41,"column":19}}]},"9":{"type":"branch","line":45,"loc":{"start":{"line":45,"column":47},"end":{"line":77,"column":3}},"locations":[{"start":{"line":45,"column":47},"end":{"line":77,"column":3}}]},"10":{"type":"branch","line":48,"loc":{"start":{"line":48,"column":25},"end":{"line":50,"column":5}},"locations":[{"start":{"line":48,"column":25},"end":{"line":50,"column":5}}]},"11":{"type":"branch","line":56,"loc":{"start":{"line":56,"column":21},"end":{"line":57,"column":65}},"locations":[{"start":{"line":56,"column":21},"end":{"line":57,"column":65}}]},"12":{"type":"branch","line":58,"loc":{"start":{"line":58,"column":6},"end":{"line":60,"column":5}},"locations":[{"start":{"line":58,"column":6},"end":{"line":60,"column":5}}]},"13":{"type":"branch","line":62,"loc":{"start":{"line":62,"column":21},"end":{"line":63,"column":65}},"locations":[{"start":{"line":62,"column":21},"end":{"line":63,"column":65}}]},"14":{"type":"branch","line":64,"loc":{"start":{"line":64,"column":6},"end":{"line":66,"column":5}},"locations":[{"start":{"line":64,"column":6},"end":{"line":66,"column":5}}]},"15":{"type":"branch","line":70,"loc":{"start":{"line":70,"column":15},"end":{"line":72,"column":7}},"locations":[{"start":{"line":70,"column":15},"end":{"line":72,"column":7}}]},"16":{"type":"branch","line":72,"loc":{"start":{"line":72,"column":6},"end":{"line":76,"column":17}},"locations":[{"start":{"line":72,"column":6},"end":{"line":76,"column":17}}]}},"b":{"0":[1],"1":[5],"2":[0],"3":[4],"4":[2],"5":[3],"6":[2],"7":[1],"8":[2],"9":[3],"10":[0],"11":[2],"12":[2],"13":[1],"14":[1],"15":[1],"16":[2]},"fnMap":{},"f":{}}
,"/workspaces/21-kintone/packages/ktplug-rcs300-felica-reader/src/types.ts": {"path":"/workspaces/21-kintone/packages/ktplug-rcs300-felica-reader/src/types.ts","all":false,"statementMap":{"0":{"start":{"line":1,"column":0},"end":{"line":1,"column":8}},"11":{"start":{"line":12,"column":0},"end":{"line":12,"column":79}},"16":{"start":{"line":17,"column":0},"end":{"line":17,"column":26}},"17":{"start":{"line":18,"column":0},"end":{"line":18,"column":9}},"18":{"start":{"line":19,"column":0},"end":{"line":19,"column":14}},"19":{"start":{"line":20,"column":0},"end":{"line":20,"column":35}},"20":{"start":{"line":21,"column":0},"end":{"line":21,"column":14}},"21":{"start":{"line":22,"column":0},"end":{"line":22,"column":17}},"22":{"start":{"line":23,"column":0},"end":{"line":23,"column":56}},"23":{"start":{"line":24,"column":0},"end":{"line":24,"column":7}},"24":{"start":{"line":25,"column":0},"end":{"line":25,"column":3}},"25":{"start":{"line":26,"column":0},"end":{"line":26,"column":10}},"31":{"start":{"line":32,"column":0},"end":{"line":32,"column":45}},"32":{"start":{"line":33,"column":0},"end":{"line":33,"column":40}},"33":{"start":{"line":34,"column":0},"end":{"line":34,"column":27}},"34":{"start":{"line":35,"column":0},"end":{"line":35,"column":55}},"35":{"start":{"line":36,"column":0},"end":{"line":36,"column":35}},"36":{"start":{"line":37,"column":0},"end":{"line":37,"column":48}},"37":{"start":{"line":38,"column":0},"end":{"line":38,"column":29}},"38":{"start":{"line":39,"column":0},"end":{"line":39,"column":27}},"39":{"start":{"line":40,"column":0},"end":{"line":40,"column":3}},"45":{"start":{"line":46,"column":0},"end":{"line":46,"column":44}},"46":{"start":{"line":47,"column":0},"end":{"line":47,"column":49}},"47":{"start":{"line":48,"column":0},"end":{"line":48,"column":5}},"48":{"start":{"line":49,"column":0},"end":{"line":49,"column":44}},"49":{"start":{"line":50,"column":0},"end":{"line":50,"column":41}},"50":{"start":{"line":51,"column":0},"end":{"line":51,"column":6}},"51":{"start":{"line":52,"column":0},"end":{"line":52,"column":5}},"52":{"start":{"line":53,"column":0},"end":{"line":53,"column":36}},"53":{"start":{"line":54,"column":0},"end":{"line":54,"column":54}},"54":{"start":{"line":55,"column":0},"end":{"line":55,"column":6}},"55":{"start":{"line":56,"column":0},"end":{"line":56,"column":5}},"56":{"start":{"line":57,"column":0},"end":{"line":57,"column":29}},"57":{"start":{"line":58,"column":0},"end":{"line":58,"column":2}},"62":{"start":{"line":63,"column":0},"end":{"line":63,"column":41}},"63":{"start":{"line":64,"column":0},"end":{"line":64,"column":40}},"64":{"start":{"line":65,"column":0},"end":{"line":65,"column":41}},"65":{"start":{"line":66,"column":0},"end":{"line":66,"column":33}},"66":{"start":{"line":67,"column":0},"end":{"line":67,"column":29}},"67":{"start":{"line":68,"column":0},"end":{"line":68,"column":27}},"68":{"start":{"line":69,"column":0},"end":{"line":69,"column":3}},"73":{"start":{"line":74,"column":0},"end":{"line":74,"column":37}},"74":{"start":{"line":75,"column":0},"end":{"line":75,"column":38}},"75":{"start":{"line":76,"column":0},"end":{"line":76,"column":3}},"82":{"start":{"line":83,"column":0},"end":{"line":83,"column":34}},"83":{"start":{"line":84,"column":0},"end":{"line":84,"column":23}},"84":{"start":{"line":85,"column":0},"end":{"line":85,"column":37}},"85":{"start":{"line":86,"column":0},"end":{"line":86,"column":37}},"86":{"start":{"line":87,"column":0},"end":{"line":87,"column":16}},"87":{"start":{"line":88,"column":0},"end":{"line":88,"column":3}},"88":{"start":{"line":89,"column":0},"end":{"line":89,"column":6}},"89":{"start":{"line":90,"column":0},"end":{"line":90,"column":33}},"90":{"start":{"line":91,"column":0},"end":{"line":91,"column":33}},"91":{"start":{"line":92,"column":0},"end":{"line":92,"column":63}},"92":{"start":{"line":93,"column":0},"end":{"line":93,"column":5}},"93":{"start":{"line":94,"column":0},"end":{"line":94,"column":34}},"94":{"start":{"line":95,"column":0},"end":{"line":95,"column":18}},"95":{"start":{"line":96,"column":0},"end":{"line":96,"column":34}},"96":{"start":{"line":97,"column":0},"end":{"line":97,"column":19}},"97":{"start":{"line":98,"column":0},"end":{"line":98,"column":38}},"98":{"start":{"line":99,"column":0},"end":{"line":99,"column":7}},"99":{"start":{"line":100,"column":0},"end":{"line":100,"column":18}},"100":{"start":{"line":101,"column":0},"end":{"line":101,"column":34}},"101":{"start":{"line":102,"column":0},"end":{"line":102,"column":19}},"102":{"start":{"line":103,"column":0},"end":{"line":103,"column":38}},"103":{"start":{"line":104,"column":0},"end":{"line":104,"column":7}},"104":{"start":{"line":105,"column":0},"end":{"line":105,"column":3}},"105":{"start":{"line":106,"column":0},"end":{"line":106,"column":1}},"110":{"start":{"line":111,"column":0},"end":{"line":111,"column":40}},"111":{"start":{"line":112,"column":0},"end":{"line":112,"column":42}},"112":{"start":{"line":113,"column":0},"end":{"line":113,"column":42}},"113":{"start":{"line":114,"column":0},"end":{"line":114,"column":36}},"114":{"start":{"line":115,"column":0},"end":{"line":115,"column":11}},"119":{"start":{"line":120,"column":0},"end":{"line":120,"column":73}},"123":{"start":{"line":124,"column":0},"end":{"line":124,"column":47}},"129":{"start":{"line":130,"column":0},"end":{"line":130,"column":36}},"130":{"start":{"line":131,"column":0},"end":{"line":131,"column":43}},"131":{"start":{"line":132,"column":0},"end":{"line":132,"column":48}},"132":{"start":{"line":133,"column":0},"end":{"line":133,"column":48}},"133":{"start":{"line":134,"column":0},"end":{"line":134,"column":40}},"134":{"start":{"line":135,"column":0},"end":{"line":135,"column":3}},"140":{"start":{"line":141,"column":0},"end":{"line":141,"column":35}},"141":{"start":{"line":142,"column":0},"end":{"line":142,"column":66}},"142":{"start":{"line":143,"column":0},"end":{"line":143,"column":47}},"143":{"start":{"line":144,"column":0},"end":{"line":144,"column":33}},"144":{"start":{"line":145,"column":0},"end":{"line":145,"column":47}},"145":{"start":{"line":146,"column":0},"end":{"line":146,"column":12}},"146":{"start":{"line":147,"column":0},"end":{"line":147,"column":45}},"147":{"start":{"line":148,"column":0},"end":{"line":148,"column":41}},"148":{"start":{"line":149,"column":0},"end":{"line":149,"column":11}},"149":{"start":{"line":150,"column":0},"end":{"line":150,"column":24}},"150":{"start":{"line":151,"column":0},"end":{"line":151,"column":40}},"151":{"start":{"line":152,"column":0},"end":{"line":152,"column":53}},"152":{"start":{"line":153,"column":0},"end":{"line":153,"column":32}},"153":{"start":{"line":154,"column":0},"end":{"line":154,"column":13}},"154":{"start":{"line":155,"column":0},"end":{"line":155,"column":9}},"155":{"start":{"line":156,"column":0},"end":{"line":156,"column":7}},"158":{"start":{"line":159,"column":0},"end":{"line":159,"column":70}},"159":{"start":{"line":160,"column":0},"end":{"line":160,"column":7}},"160":{"start":{"line":161,"column":0},"end":{"line":161,"column":2}},"166":{"start":{"line":167,"column":0},"end":{"line":167,"column":38}},"167":{"start":{"line":168,"column":0},"end":{"line":168,"column":34}},"168":{"start":{"line":169,"column":0},"end":{"line":169,"column":34}},"169":{"start":{"line":170,"column":0},"end":{"line":170,"column":3}},"175":{"start":{"line":176,"column":0},"end":{"line":176,"column":41}},"176":{"start":{"line":177,"column":0},"end":{"line":177,"column":36}},"177":{"start":{"line":178,"column":0},"end":{"line":178,"column":16}},"178":{"start":{"line":179,"column":0},"end":{"line":179,"column":13}},"179":{"start":{"line":180,"column":0},"end":{"line":180,"column":14}},"180":{"start":{"line":181,"column":0},"end":{"line":181,"column":38}},"181":{"start":{"line":182,"column":0},"end":{"line":182,"column":19}},"182":{"start":{"line":183,"column":0},"end":{"line":183,"column":27}},"183":{"start":{"line":184,"column":0},"end":{"line":184,"column":25}},"184":{"start":{"line":185,"column":0},"end":{"line":185,"column":5}},"185":{"start":{"line":186,"column":0},"end":{"line":186,"column":19}},"186":{"start":{"line":187,"column":0},"end":{"line":187,"column":27}},"187":{"start":{"line":188,"column":0},"end":{"line":188,"column":36}},"188":{"start":{"line":189,"column":0},"end":{"line":189,"column":5}},"189":{"start":{"line":190,"column":0},"end":{"line":190,"column":34}},"190":{"start":{"line":191,"column":0},"end":{"line":191,"column":34}},"191":{"start":{"line":192,"column":0},"end":{"line":192,"column":3}},"197":{"start":{"line":198,"column":0},"end":{"line":198,"column":37}},"198":{"start":{"line":199,"column":0},"end":{"line":199,"column":34}},"199":{"start":{"line":200,"column":0},"end":{"line":200,"column":37}},"200":{"start":{"line":201,"column":0},"end":{"line":201,"column":32}},"201":{"start":{"line":202,"column":0},"end":{"line":202,"column":11}},"206":{"start":{"line":207,"column":0},"end":{"line":207,"column":67}},"210":{"start":{"line":211,"column":0},"end":{"line":211,"column":41}},"217":{"start":{"line":218,"column":0},"end":{"line":218,"column":59}},"218":{"start":{"line":219,"column":0},"end":{"line":219,"column":12}},"219":{"start":{"line":220,"column":0},"end":{"line":220,"column":31}},"220":{"start":{"line":221,"column":0},"end":{"line":221,"column":29}},"221":{"start":{"line":222,"column":0},"end":{"line":222,"column":5}},"222":{"start":{"line":223,"column":0},"end":{"line":223,"column":12}},"223":{"start":{"line":224,"column":0},"end":{"line":224,"column":34}},"224":{"start":{"line":225,"column":0},"end":{"line":225,"column":35}},"225":{"start":{"line":226,"column":0},"end":{"line":226,"column":5}},"226":{"start":{"line":227,"column":0},"end":{"line":227,"column":12}},"227":{"start":{"line":228,"column":0},"end":{"line":228,"column":32}},"228":{"start":{"line":229,"column":0},"end":{"line":229,"column":29}},"229":{"start":{"line":230,"column":0},"end":{"line":230,"column":35}},"230":{"start":{"line":231,"column":0},"end":{"line":231,"column":65}},"231":{"start":{"line":232,"column":0},"end":{"line":232,"column":5}},"232":{"start":{"line":233,"column":0},"end":{"line":233,"column":3}},"237":{"start":{"line":238,"column":0},"end":{"line":238,"column":44}},"238":{"start":{"line":239,"column":0},"end":{"line":239,"column":25}},"239":{"start":{"line":240,"column":0},"end":{"line":240,"column":31}},"240":{"start":{"line":241,"column":0},"end":{"line":241,"column":3}}},"s":{"0":1,"11":1,"16":1,"17":1,"18":1,"19":1,"20":1,"21":1,"22":1,"23":1,"24":1,"25":1,"31":1,"32":1,"33":1,"34":1,"35":1,"36":1,"37":1,"38":1,"39":1,"45":1,"46":1,"47":1,"48":1,"49":1,"50":1,"51":1,"52":1,"53":1,"54":1,"55":1,"56":1,"57":1,"62":1,"63":1,"64":1,"65":1,"66":1,"67":1,"68":1,"73":1,"74":1,"75":1,"82":2,"83":2,"84":2,"85":2,"86":2,"87":2,"88":2,"89":2,"90":2,"91":2,"92":2,"93":0,"94":0,"95":0,"96":0,"97":0,"98":0,"99":0,"100":0,"101":0,"102":0,"103":0,"104":0,"105":2,"110":1,"111":1,"112":1,"113":1,"114":1,"119":1,"123":1,"129":1,"130":1,"131":1,"132":1,"133":1,"134":1,"140":1,"141":1,"142":1,"143":1,"144":2,"145":6,"146":6,"147":6,"148":6,"149":0,"150":0,"151":0,"152":0,"153":0,"154":0,"155":6,"158":2,"159":1,"160":1,"166":1,"167":1,"168":1,"169":1,"175":1,"176":1,"177":1,"178":1,"179":1,"180":1,"181":1,"182":1,"183":1,"184":1,"185":1,"186":1,"187":1,"188":1,"189":1,"190":1,"191":1,"197":1,"198":1,"199":1,"200":1,"201":1,"206":1,"210":1,"217":1,"218":1,"219":1,"220":1,"221":1,"222":1,"223":1,"224":1,"225":1,"226":1,"227":1,"228":1,"229":1,"230":1,"231":1,"232":1,"237":1,"238":1,"239":1,"240":1},"branchMap":{"0":{"type":"branch","line":83,"loc":{"start":{"line":83,"column":0},"end":{"line":106,"column":1}},"locations":[{"start":{"line":83,"column":0},"end":{"line":106,"column":1}}]},"1":{"type":"branch","line":93,"loc":{"start":{"line":93,"column":4},"end":{"line":105,"column":3}},"locations":[{"start":{"line":93,"column":4},"end":{"line":105,"column":3}}]},"2":{"type":"branch","line":120,"loc":{"start":{"line":120,"column":49},"end":{"line":120,"column":67}},"locations":[{"start":{"line":120,"column":49},"end":{"line":120,"column":67}}]},"3":{"type":"branch","line":144,"loc":{"start":{"line":144,"column":17},"end":{"line":160,"column":5}},"locations":[{"start":{"line":144,"column":17},"end":{"line":160,"column":5}}]},"4":{"type":"branch","line":145,"loc":{"start":{"line":145,"column":46},"end":{"line":156,"column":7}},"locations":[{"start":{"line":145,"column":46},"end":{"line":156,"column":7}}]},"5":{"type":"branch","line":149,"loc":{"start":{"line":149,"column":10},"end":{"line":155,"column":9}},"locations":[{"start":{"line":149,"column":10},"end":{"line":155,"column":9}}]},"6":{"type":"branch","line":207,"loc":{"start":{"line":207,"column":43},"end":{"line":207,"column":61}},"locations":[{"start":{"line":207,"column":43},"end":{"line":207,"column":61}}]}},"b":{"0":[2],"1":[0],"2":[9],"3":[2],"4":[6],"5":[0],"6":[9]},"fnMap":{"0":{"name":"validateDifferentTargets","decl":{"start":{"line":83,"column":0},"end":{"line":106,"column":1}},"loc":{"start":{"line":83,"column":0},"end":{"line":106,"column":1}},"line":83}},"f":{"0":2}}
,"/workspaces/21-kintone/packages/ktplug-rcs300-felica-reader/src/components/config/App.tsx": {"path":"/workspaces/21-kintone/packages/ktplug-rcs300-felica-reader/src/components/config/App.tsx","all":false,"statementMap":{"0":{"start":{"line":1,"column":0},"end":{"line":1,"column":8}},"6":{"start":{"line":7,"column":0},"end":{"line":7,"column":54}},"7":{"start":{"line":8,"column":0},"end":{"line":8,"column":8}},"15":{"start":{"line":16,"column":0},"end":{"line":16,"column":8}},"21":{"start":{"line":22,"column":0},"end":{"line":22,"column":30}},"22":{"start":{"line":23,"column":0},"end":{"line":23,"column":53}},"23":{"start":{"line":24,"column":0},"end":{"line":24,"column":62}},"25":{"start":{"line":26,"column":0},"end":{"line":26,"column":59}},"27":{"start":{"line":28,"column":0},"end":{"line":28,"column":41}},"28":{"start":{"line":29,"column":0},"end":{"line":29,"column":39}},"29":{"start":{"line":30,"column":0},"end":{"line":30,"column":7}},"30":{"start":{"line":31,"column":0},"end":{"line":31,"column":4}},"33":{"start":{"line":34,"column":0},"end":{"line":34,"column":59}},"34":{"start":{"line":35,"column":0},"end":{"line":35,"column":79}},"35":{"start":{"line":36,"column":0},"end":{"line":36,"column":69}},"36":{"start":{"line":37,"column":0},"end":{"line":37,"column":65}},"37":{"start":{"line":38,"column":0},"end":{"line":38,"column":57}},"40":{"start":{"line":41,"column":0},"end":{"line":41,"column":41}},"41":{"start":{"line":42,"column":0},"end":{"line":42,"column":29}},"42":{"start":{"line":43,"column":0},"end":{"line":43,"column":46}},"43":{"start":{"line":44,"column":0},"end":{"line":44,"column":5}},"44":{"start":{"line":45,"column":0},"end":{"line":45,"column":49}},"47":{"start":{"line":48,"column":0},"end":{"line":48,"column":48}},"48":{"start":{"line":49,"column":0},"end":{"line":49,"column":45}},"49":{"start":{"line":50,"column":0},"end":{"line":50,"column":39}},"50":{"start":{"line":51,"column":0},"end":{"line":51,"column":40}},"51":{"start":{"line":52,"column":0},"end":{"line":52,"column":16}},"52":{"start":{"line":53,"column":0},"end":{"line":53,"column":39}},"53":{"start":{"line":54,"column":0},"end":{"line":54,"column":40}},"54":{"start":{"line":55,"column":0},"end":{"line":55,"column":16}},"55":{"start":{"line":56,"column":0},"end":{"line":56,"column":35}},"56":{"start":{"line":57,"column":0},"end":{"line":57,"column":36}},"57":{"start":{"line":58,"column":0},"end":{"line":58,"column":16}},"58":{"start":{"line":59,"column":0},"end":{"line":59,"column":62}},"59":{"start":{"line":60,"column":0},"end":{"line":60,"column":41}},"60":{"start":{"line":61,"column":0},"end":{"line":61,"column":45}},"61":{"start":{"line":62,"column":0},"end":{"line":62,"column":4}},"63":{"start":{"line":64,"column":0},"end":{"line":64,"column":19}},"65":{"start":{"line":66,"column":0},"end":{"line":66,"column":70}},"67":{"start":{"line":68,"column":0},"end":{"line":68,"column":26}},"68":{"start":{"line":69,"column":0},"end":{"line":69,"column":69}},"69":{"start":{"line":70,"column":0},"end":{"line":70,"column":12}},"70":{"start":{"line":71,"column":0},"end":{"line":71,"column":22}},"71":{"start":{"line":72,"column":0},"end":{"line":72,"column":5}},"73":{"start":{"line":74,"column":0},"end":{"line":74,"column":36}},"74":{"start":{"line":75,"column":0},"end":{"line":75,"column":46}},"77":{"start":{"line":78,"column":0},"end":{"line":78,"column":41}},"80":{"start":{"line":81,"column":0},"end":{"line":81,"column":78}},"82":{"start":{"line":83,"column":0},"end":{"line":83,"column":61}},"83":{"start":{"line":84,"column":0},"end":{"line":84,"column":27}},"84":{"start":{"line":85,"column":0},"end":{"line":85,"column":15}},"85":{"start":{"line":86,"column":0},"end":{"line":86,"column":19}},"86":{"start":{"line":87,"column":0},"end":{"line":87,"column":20}},"87":{"start":{"line":88,"column":0},"end":{"line":88,"column":20}},"88":{"start":{"line":89,"column":0},"end":{"line":89,"column":26}},"89":{"start":{"line":90,"column":0},"end":{"line":90,"column":23}},"90":{"start":{"line":91,"column":0},"end":{"line":91,"column":17}},"91":{"start":{"line":92,"column":0},"end":{"line":92,"column":23}},"92":{"start":{"line":93,"column":0},"end":{"line":93,"column":20}},"93":{"start":{"line":94,"column":0},"end":{"line":94,"column":9}},"94":{"start":{"line":95,"column":0},"end":{"line":95,"column":30}},"95":{"start":{"line":96,"column":0},"end":{"line":96,"column":59}},"97":{"start":{"line":98,"column":0},"end":{"line":98,"column":68}},"99":{"start":{"line":100,"column":0},"end":{"line":100,"column":34}},"100":{"start":{"line":101,"column":0},"end":{"line":101,"column":24}},"101":{"start":{"line":102,"column":0},"end":{"line":102,"column":44}},"102":{"start":{"line":103,"column":0},"end":{"line":103,"column":30}},"106":{"start":{"line":107,"column":0},"end":{"line":107,"column":25}},"107":{"start":{"line":108,"column":0},"end":{"line":108,"column":6}},"109":{"start":{"line":110,"column":0},"end":{"line":110,"column":22}},"110":{"start":{"line":111,"column":0},"end":{"line":111,"column":49}},"116":{"start":{"line":117,"column":0},"end":{"line":117,"column":59}},"117":{"start":{"line":118,"column":0},"end":{"line":118,"column":35}},"118":{"start":{"line":119,"column":0},"end":{"line":119,"column":41}},"119":{"start":{"line":120,"column":0},"end":{"line":120,"column":69}},"120":{"start":{"line":121,"column":0},"end":{"line":121,"column":7}},"121":{"start":{"line":122,"column":0},"end":{"line":122,"column":4}},"123":{"start":{"line":124,"column":0},"end":{"line":124,"column":10}},"124":{"start":{"line":125,"column":0},"end":{"line":125,"column":6}},"125":{"start":{"line":126,"column":0},"end":{"line":126,"column":35}},"126":{"start":{"line":127,"column":0},"end":{"line":127,"column":57}},"127":{"start":{"line":128,"column":0},"end":{"line":128,"column":19}},"128":{"start":{"line":129,"column":0},"end":{"line":129,"column":12}},"129":{"start":{"line":130,"column":0},"end":{"line":130,"column":9}},"131":{"start":{"line":132,"column":0},"end":{"line":132,"column":46}},"132":{"start":{"line":133,"column":0},"end":{"line":133,"column":56}},"134":{"start":{"line":135,"column":0},"end":{"line":135,"column":25}},"135":{"start":{"line":136,"column":0},"end":{"line":136,"column":22}},"136":{"start":{"line":137,"column":0},"end":{"line":137,"column":49}},"137":{"start":{"line":138,"column":0},"end":{"line":138,"column":30}},"138":{"start":{"line":139,"column":0},"end":{"line":139,"column":36}},"139":{"start":{"line":140,"column":0},"end":{"line":140,"column":40}},"140":{"start":{"line":141,"column":0},"end":{"line":141,"column":18}},"141":{"start":{"line":142,"column":0},"end":{"line":142,"column":10}},"143":{"start":{"line":144,"column":0},"end":{"line":144,"column":57}},"144":{"start":{"line":145,"column":0},"end":{"line":145,"column":19}},"145":{"start":{"line":146,"column":0},"end":{"line":146,"column":59}},"147":{"start":{"line":148,"column":0},"end":{"line":148,"column":30}},"148":{"start":{"line":149,"column":0},"end":{"line":149,"column":31}},"149":{"start":{"line":150,"column":0},"end":{"line":150,"column":124}},"150":{"start":{"line":151,"column":0},"end":{"line":151,"column":44}},"151":{"start":{"line":152,"column":0},"end":{"line":152,"column":34}},"152":{"start":{"line":153,"column":0},"end":{"line":153,"column":40}},"153":{"start":{"line":154,"column":0},"end":{"line":154,"column":22}},"154":{"start":{"line":155,"column":0},"end":{"line":155,"column":14}},"156":{"start":{"line":157,"column":0},"end":{"line":157,"column":30}},"157":{"start":{"line":158,"column":0},"end":{"line":158,"column":31}},"158":{"start":{"line":159,"column":0},"end":{"line":159,"column":65}},"159":{"start":{"line":160,"column":0},"end":{"line":160,"column":44}},"160":{"start":{"line":161,"column":0},"end":{"line":161,"column":34}},"161":{"start":{"line":162,"column":0},"end":{"line":162,"column":40}},"162":{"start":{"line":163,"column":0},"end":{"line":163,"column":14}},"163":{"start":{"line":164,"column":0},"end":{"line":164,"column":20}},"165":{"start":{"line":166,"column":0},"end":{"line":166,"column":60}},"166":{"start":{"line":167,"column":0},"end":{"line":167,"column":19}},"167":{"start":{"line":168,"column":0},"end":{"line":168,"column":59}},"168":{"start":{"line":169,"column":0},"end":{"line":169,"column":34}},"169":{"start":{"line":170,"column":0},"end":{"line":170,"column":27}},"170":{"start":{"line":171,"column":0},"end":{"line":171,"column":53}},"171":{"start":{"line":172,"column":0},"end":{"line":172,"column":43}},"172":{"start":{"line":173,"column":0},"end":{"line":173,"column":34}},"173":{"start":{"line":174,"column":0},"end":{"line":174,"column":14}},"175":{"start":{"line":176,"column":0},"end":{"line":176,"column":30}},"176":{"start":{"line":177,"column":0},"end":{"line":177,"column":34}},"177":{"start":{"line":178,"column":0},"end":{"line":178,"column":127}},"178":{"start":{"line":179,"column":0},"end":{"line":179,"column":47}},"179":{"start":{"line":180,"column":0},"end":{"line":180,"column":40}},"180":{"start":{"line":181,"column":0},"end":{"line":181,"column":34}},"181":{"start":{"line":182,"column":0},"end":{"line":182,"column":22}},"182":{"start":{"line":183,"column":0},"end":{"line":183,"column":14}},"184":{"start":{"line":185,"column":0},"end":{"line":185,"column":30}},"185":{"start":{"line":186,"column":0},"end":{"line":186,"column":34}},"186":{"start":{"line":187,"column":0},"end":{"line":187,"column":68}},"187":{"start":{"line":188,"column":0},"end":{"line":188,"column":47}},"188":{"start":{"line":189,"column":0},"end":{"line":189,"column":40}},"189":{"start":{"line":190,"column":0},"end":{"line":190,"column":34}},"190":{"start":{"line":191,"column":0},"end":{"line":191,"column":14}},"192":{"start":{"line":193,"column":0},"end":{"line":193,"column":34}},"193":{"start":{"line":194,"column":0},"end":{"line":194,"column":29}},"194":{"start":{"line":195,"column":0},"end":{"line":195,"column":87}},"195":{"start":{"line":196,"column":0},"end":{"line":196,"column":50}},"196":{"start":{"line":197,"column":0},"end":{"line":197,"column":34}},"197":{"start":{"line":198,"column":0},"end":{"line":198,"column":22}},"198":{"start":{"line":199,"column":0},"end":{"line":199,"column":14}},"200":{"start":{"line":201,"column":0},"end":{"line":201,"column":34}},"201":{"start":{"line":202,"column":0},"end":{"line":202,"column":30}},"202":{"start":{"line":203,"column":0},"end":{"line":203,"column":63}},"203":{"start":{"line":204,"column":0},"end":{"line":204,"column":50}},"204":{"start":{"line":205,"column":0},"end":{"line":205,"column":34}},"205":{"start":{"line":206,"column":0},"end":{"line":206,"column":22}},"206":{"start":{"line":207,"column":0},"end":{"line":207,"column":14}},"208":{"start":{"line":209,"column":0},"end":{"line":209,"column":34}},"209":{"start":{"line":210,"column":0},"end":{"line":210,"column":30}},"210":{"start":{"line":211,"column":0},"end":{"line":211,"column":63}},"211":{"start":{"line":212,"column":0},"end":{"line":212,"column":48}},"212":{"start":{"line":213,"column":0},"end":{"line":213,"column":34}},"213":{"start":{"line":214,"column":0},"end":{"line":214,"column":22}},"214":{"start":{"line":215,"column":0},"end":{"line":215,"column":14}},"216":{"start":{"line":217,"column":0},"end":{"line":217,"column":34}},"217":{"start":{"line":218,"column":0},"end":{"line":218,"column":31}},"218":{"start":{"line":219,"column":0},"end":{"line":219,"column":57}},"219":{"start":{"line":220,"column":0},"end":{"line":220,"column":50}},"220":{"start":{"line":221,"column":0},"end":{"line":221,"column":34}},"221":{"start":{"line":222,"column":0},"end":{"line":222,"column":22}},"222":{"start":{"line":223,"column":0},"end":{"line":223,"column":14}},"224":{"start":{"line":225,"column":0},"end":{"line":225,"column":34}},"225":{"start":{"line":226,"column":0},"end":{"line":226,"column":31}},"226":{"start":{"line":227,"column":0},"end":{"line":227,"column":57}},"227":{"start":{"line":228,"column":0},"end":{"line":228,"column":48}},"228":{"start":{"line":229,"column":0},"end":{"line":229,"column":34}},"229":{"start":{"line":230,"column":0},"end":{"line":230,"column":22}},"230":{"start":{"line":231,"column":0},"end":{"line":231,"column":14}},"231":{"start":{"line":232,"column":0},"end":{"line":232,"column":20}},"234":{"start":{"line":235,"column":0},"end":{"line":235,"column":33}},"235":{"start":{"line":236,"column":0},"end":{"line":236,"column":28}},"236":{"start":{"line":237,"column":0},"end":{"line":237,"column":24}},"237":{"start":{"line":238,"column":0},"end":{"line":238,"column":94}},"238":{"start":{"line":239,"column":0},"end":{"line":239,"column":40}},"239":{"start":{"line":240,"column":0},"end":{"line":240,"column":22}},"240":{"start":{"line":241,"column":0},"end":{"line":241,"column":38}},"241":{"start":{"line":242,"column":0},"end":{"line":242,"column":50}},"242":{"start":{"line":243,"column":0},"end":{"line":243,"column":56}},"243":{"start":{"line":244,"column":0},"end":{"line":244,"column":14}},"244":{"start":{"line":245,"column":0},"end":{"line":245,"column":32}},"245":{"start":{"line":246,"column":0},"end":{"line":246,"column":20}},"246":{"start":{"line":247,"column":0},"end":{"line":247,"column":12}},"248":{"start":{"line":249,"column":0},"end":{"line":249,"column":14}},"250":{"start":{"line":251,"column":0},"end":{"line":251,"column":55}},"252":{"start":{"line":253,"column":0},"end":{"line":253,"column":28}},"253":{"start":{"line":254,"column":0},"end":{"line":254,"column":22}},"254":{"start":{"line":255,"column":0},"end":{"line":255,"column":50}},"255":{"start":{"line":256,"column":0},"end":{"line":256,"column":30}},"256":{"start":{"line":257,"column":0},"end":{"line":257,"column":43}},"257":{"start":{"line":258,"column":0},"end":{"line":258,"column":30}},"258":{"start":{"line":259,"column":0},"end":{"line":259,"column":18}},"259":{"start":{"line":260,"column":0},"end":{"line":260,"column":10}},"261":{"start":{"line":262,"column":0},"end":{"line":262,"column":31}},"262":{"start":{"line":263,"column":0},"end":{"line":263,"column":19}},"263":{"start":{"line":264,"column":0},"end":{"line":264,"column":61}},"264":{"start":{"line":265,"column":0},"end":{"line":265,"column":30}},"265":{"start":{"line":266,"column":0},"end":{"line":266,"column":25}},"266":{"start":{"line":267,"column":0},"end":{"line":267,"column":51}},"267":{"start":{"line":268,"column":0},"end":{"line":268,"column":54}},"268":{"start":{"line":269,"column":0},"end":{"line":269,"column":33}},"269":{"start":{"line":270,"column":0},"end":{"line":270,"column":34}},"270":{"start":{"line":271,"column":0},"end":{"line":271,"column":22}},"271":{"start":{"line":272,"column":0},"end":{"line":272,"column":14}},"273":{"start":{"line":274,"column":0},"end":{"line":274,"column":39}},"274":{"start":{"line":275,"column":0},"end":{"line":275,"column":34}},"275":{"start":{"line":276,"column":0},"end":{"line":276,"column":30}},"276":{"start":{"line":277,"column":0},"end":{"line":277,"column":73}},"277":{"start":{"line":278,"column":0},"end":{"line":278,"column":38}},"278":{"start":{"line":279,"column":0},"end":{"line":279,"column":51}},"279":{"start":{"line":280,"column":0},"end":{"line":280,"column":14}},"281":{"start":{"line":282,"column":0},"end":{"line":282,"column":29}},"282":{"start":{"line":283,"column":0},"end":{"line":283,"column":36}},"283":{"start":{"line":284,"column":0},"end":{"line":284,"column":36}},"284":{"start":{"line":285,"column":0},"end":{"line":285,"column":38}},"285":{"start":{"line":286,"column":0},"end":{"line":286,"column":130}},"286":{"start":{"line":287,"column":0},"end":{"line":287,"column":71}},"287":{"start":{"line":288,"column":0},"end":{"line":288,"column":41}},"288":{"start":{"line":289,"column":0},"end":{"line":289,"column":16}},"291":{"start":{"line":292,"column":0},"end":{"line":292,"column":39}},"292":{"start":{"line":293,"column":0},"end":{"line":293,"column":34}},"293":{"start":{"line":294,"column":0},"end":{"line":294,"column":30}},"294":{"start":{"line":295,"column":0},"end":{"line":295,"column":59}},"295":{"start":{"line":296,"column":0},"end":{"line":296,"column":34}},"296":{"start":{"line":297,"column":0},"end":{"line":297,"column":59}},"297":{"start":{"line":298,"column":0},"end":{"line":298,"column":14}},"299":{"start":{"line":300,"column":0},"end":{"line":300,"column":42}},"300":{"start":{"line":301,"column":0},"end":{"line":301,"column":31}},"301":{"start":{"line":302,"column":0},"end":{"line":302,"column":36}},"302":{"start":{"line":303,"column":0},"end":{"line":303,"column":29}},"303":{"start":{"line":304,"column":0},"end":{"line":304,"column":178}},"304":{"start":{"line":305,"column":0},"end":{"line":305,"column":58}},"305":{"start":{"line":306,"column":0},"end":{"line":306,"column":55}},"306":{"start":{"line":307,"column":0},"end":{"line":307,"column":29}},"307":{"start":{"line":308,"column":0},"end":{"line":308,"column":19}},"308":{"start":{"line":309,"column":0},"end":{"line":309,"column":35}},"309":{"start":{"line":310,"column":0},"end":{"line":310,"column":33}},"310":{"start":{"line":311,"column":0},"end":{"line":311,"column":38}},"311":{"start":{"line":312,"column":0},"end":{"line":312,"column":36}},"312":{"start":{"line":313,"column":0},"end":{"line":313,"column":20}},"313":{"start":{"line":314,"column":0},"end":{"line":314,"column":19}},"314":{"start":{"line":315,"column":0},"end":{"line":315,"column":39}},"315":{"start":{"line":316,"column":0},"end":{"line":316,"column":33}},"316":{"start":{"line":317,"column":0},"end":{"line":317,"column":33}},"317":{"start":{"line":318,"column":0},"end":{"line":318,"column":28}},"318":{"start":{"line":319,"column":0},"end":{"line":319,"column":36}},"319":{"start":{"line":320,"column":0},"end":{"line":320,"column":22}},"320":{"start":{"line":321,"column":0},"end":{"line":321,"column":20}},"321":{"start":{"line":322,"column":0},"end":{"line":322,"column":18}},"322":{"start":{"line":323,"column":0},"end":{"line":323,"column":16}},"325":{"start":{"line":326,"column":0},"end":{"line":326,"column":39}},"326":{"start":{"line":327,"column":0},"end":{"line":327,"column":27}},"327":{"start":{"line":328,"column":0},"end":{"line":328,"column":65}},"328":{"start":{"line":329,"column":0},"end":{"line":329,"column":34}},"329":{"start":{"line":330,"column":0},"end":{"line":330,"column":34}},"330":{"start":{"line":331,"column":0},"end":{"line":331,"column":53}},"331":{"start":{"line":332,"column":0},"end":{"line":332,"column":14}},"333":{"start":{"line":334,"column":0},"end":{"line":334,"column":39}},"334":{"start":{"line":335,"column":0},"end":{"line":335,"column":27}},"335":{"start":{"line":336,"column":0},"end":{"line":336,"column":58}},"336":{"start":{"line":337,"column":0},"end":{"line":337,"column":34}},"337":{"start":{"line":338,"column":0},"end":{"line":338,"column":34}},"338":{"start":{"line":339,"column":0},"end":{"line":339,"column":51}},"339":{"start":{"line":340,"column":0},"end":{"line":340,"column":14}},"340":{"start":{"line":341,"column":0},"end":{"line":341,"column":20}},"343":{"start":{"line":344,"column":0},"end":{"line":344,"column":31}},"344":{"start":{"line":345,"column":0},"end":{"line":345,"column":19}},"345":{"start":{"line":346,"column":0},"end":{"line":346,"column":61}},"346":{"start":{"line":347,"column":0},"end":{"line":347,"column":30}},"347":{"start":{"line":348,"column":0},"end":{"line":348,"column":25}},"348":{"start":{"line":349,"column":0},"end":{"line":349,"column":51}},"349":{"start":{"line":350,"column":0},"end":{"line":350,"column":54}},"350":{"start":{"line":351,"column":0},"end":{"line":351,"column":33}},"351":{"start":{"line":352,"column":0},"end":{"line":352,"column":34}},"352":{"start":{"line":353,"column":0},"end":{"line":353,"column":22}},"353":{"start":{"line":354,"column":0},"end":{"line":354,"column":14}},"355":{"start":{"line":356,"column":0},"end":{"line":356,"column":34}},"356":{"start":{"line":357,"column":0},"end":{"line":357,"column":34}},"357":{"start":{"line":358,"column":0},"end":{"line":358,"column":28}},"358":{"start":{"line":359,"column":0},"end":{"line":359,"column":128}},"359":{"start":{"line":360,"column":0},"end":{"line":360,"column":55}},"360":{"start":{"line":361,"column":0},"end":{"line":361,"column":39}},"361":{"start":{"line":362,"column":0},"end":{"line":362,"column":14}},"363":{"start":{"line":364,"column":0},"end":{"line":364,"column":29}},"364":{"start":{"line":365,"column":0},"end":{"line":365,"column":34}},"365":{"start":{"line":366,"column":0},"end":{"line":366,"column":25}},"366":{"start":{"line":367,"column":0},"end":{"line":367,"column":176}},"367":{"start":{"line":368,"column":0},"end":{"line":368,"column":52}},"368":{"start":{"line":369,"column":0},"end":{"line":369,"column":53}},"369":{"start":{"line":370,"column":0},"end":{"line":370,"column":27}},"370":{"start":{"line":371,"column":0},"end":{"line":371,"column":17}},"371":{"start":{"line":372,"column":0},"end":{"line":372,"column":33}},"372":{"start":{"line":373,"column":0},"end":{"line":373,"column":31}},"373":{"start":{"line":374,"column":0},"end":{"line":374,"column":36}},"374":{"start":{"line":375,"column":0},"end":{"line":375,"column":34}},"375":{"start":{"line":376,"column":0},"end":{"line":376,"column":18}},"376":{"start":{"line":377,"column":0},"end":{"line":377,"column":17}},"377":{"start":{"line":378,"column":0},"end":{"line":378,"column":37}},"378":{"start":{"line":379,"column":0},"end":{"line":379,"column":31}},"379":{"start":{"line":380,"column":0},"end":{"line":380,"column":31}},"380":{"start":{"line":381,"column":0},"end":{"line":381,"column":43}},"381":{"start":{"line":382,"column":0},"end":{"line":382,"column":18}},"382":{"start":{"line":383,"column":0},"end":{"line":383,"column":16}},"383":{"start":{"line":384,"column":0},"end":{"line":384,"column":14}},"385":{"start":{"line":386,"column":0},"end":{"line":386,"column":39}},"386":{"start":{"line":387,"column":0},"end":{"line":387,"column":27}},"387":{"start":{"line":388,"column":0},"end":{"line":388,"column":65}},"388":{"start":{"line":389,"column":0},"end":{"line":389,"column":34}},"389":{"start":{"line":390,"column":0},"end":{"line":390,"column":34}},"390":{"start":{"line":391,"column":0},"end":{"line":391,"column":53}},"391":{"start":{"line":392,"column":0},"end":{"line":392,"column":14}},"393":{"start":{"line":394,"column":0},"end":{"line":394,"column":39}},"394":{"start":{"line":395,"column":0},"end":{"line":395,"column":27}},"395":{"start":{"line":396,"column":0},"end":{"line":396,"column":58}},"396":{"start":{"line":397,"column":0},"end":{"line":397,"column":34}},"397":{"start":{"line":398,"column":0},"end":{"line":398,"column":34}},"398":{"start":{"line":399,"column":0},"end":{"line":399,"column":51}},"399":{"start":{"line":400,"column":0},"end":{"line":400,"column":14}},"400":{"start":{"line":401,"column":0},"end":{"line":401,"column":20}},"403":{"start":{"line":404,"column":0},"end":{"line":404,"column":27}},"404":{"start":{"line":405,"column":0},"end":{"line":405,"column":19}},"405":{"start":{"line":406,"column":0},"end":{"line":406,"column":59}},"406":{"start":{"line":407,"column":0},"end":{"line":407,"column":30}},"407":{"start":{"line":408,"column":0},"end":{"line":408,"column":42}},"408":{"start":{"line":409,"column":0},"end":{"line":409,"column":66}},"409":{"start":{"line":410,"column":0},"end":{"line":410,"column":48}},"410":{"start":{"line":411,"column":0},"end":{"line":411,"column":35}},"411":{"start":{"line":412,"column":0},"end":{"line":412,"column":34}},"412":{"start":{"line":413,"column":0},"end":{"line":413,"column":22}},"413":{"start":{"line":414,"column":0},"end":{"line":414,"column":14}},"414":{"start":{"line":415,"column":0},"end":{"line":415,"column":20}},"417":{"start":{"line":418,"column":0},"end":{"line":418,"column":14}},"418":{"start":{"line":419,"column":0},"end":{"line":419,"column":49}},"419":{"start":{"line":420,"column":0},"end":{"line":420,"column":23}},"420":{"start":{"line":421,"column":0},"end":{"line":421,"column":23}},"421":{"start":{"line":422,"column":0},"end":{"line":422,"column":23}},"422":{"start":{"line":423,"column":0},"end":{"line":423,"column":10}},"423":{"start":{"line":424,"column":0},"end":{"line":424,"column":13}},"424":{"start":{"line":425,"column":0},"end":{"line":425,"column":7}},"426":{"start":{"line":427,"column":0},"end":{"line":427,"column":1}}},"s":{"0":1,"6":1,"7":1,"15":1,"21":1,"22":1,"23":1,"25":1,"27":48,"28":48,"29":48,"30":48,"33":48,"34":48,"35":48,"36":48,"37":48,"40":48,"41":48,"42":48,"43":48,"44":48,"47":48,"48":48,"49":48,"50":22,"51":26,"52":48,"53":22,"54":26,"55":48,"56":22,"57":26,"58":48,"59":48,"60":48,"61":48,"63":48,"65":13,"67":13,"68":0,"69":13,"70":13,"71":13,"73":13,"74":13,"77":13,"80":13,"82":13,"83":13,"84":13,"85":13,"86":13,"87":13,"88":13,"89":13,"90":13,"91":13,"92":13,"93":13,"94":13,"95":13,"97":13,"99":13,"100":13,"101":13,"102":13,"106":13,"107":13,"109":13,"110":48,"116":48,"117":1,"118":1,"119":1,"120":1,"121":1,"123":48,"124":48,"125":48,"126":0,"127":0,"128":0,"129":48,"131":48,"132":48,"134":48,"135":48,"136":48,"137":48,"138":48,"139":48,"140":48,"141":48,"143":48,"144":21,"145":21,"147":21,"148":21,"149":21,"150":21,"151":21,"152":21,"153":21,"154":21,"156":21,"157":21,"158":21,"159":21,"160":21,"161":21,"162":21,"163":21,"165":48,"166":2,"167":2,"168":2,"169":2,"170":2,"171":2,"172":2,"173":2,"175":2,"176":2,"177":2,"178":2,"179":2,"180":2,"181":2,"182":2,"184":2,"185":2,"186":2,"187":2,"188":2,"189":2,"190":2,"192":2,"193":2,"194":2,"195":2,"196":2,"197":2,"198":2,"200":2,"201":2,"202":2,"203":2,"204":2,"205":2,"206":2,"208":2,"209":2,"210":2,"211":2,"212":2,"213":2,"214":2,"216":2,"217":2,"218":2,"219":2,"220":2,"221":2,"222":2,"224":2,"225":2,"226":2,"227":2,"228":2,"229":2,"230":2,"231":2,"234":48,"235":1,"236":1,"237":1,"238":1,"239":1,"240":1,"241":1,"242":1,"243":1,"244":1,"245":1,"246":1,"248":48,"250":48,"252":48,"253":48,"254":48,"255":48,"256":48,"257":48,"258":48,"259":48,"261":48,"262":10,"263":10,"264":10,"265":10,"266":10,"267":10,"268":10,"269":10,"270":10,"271":10,"273":10,"274":10,"275":10,"276":10,"277":10,"278":10,"279":10,"281":10,"282":7,"283":7,"284":7,"285":7,"286":7,"287":7,"288":7,"291":10,"292":10,"293":10,"294":10,"295":10,"296":10,"297":10,"299":10,"300":1,"301":1,"302":1,"303":1,"304":1,"305":1,"306":1,"307":1,"308":1,"309":1,"310":1,"311":1,"312":1,"313":1,"314":1,"315":1,"316":1,"317":1,"318":1,"319":1,"320":1,"321":1,"322":1,"325":10,"326":10,"327":10,"328":10,"329":10,"330":10,"331":10,"333":10,"334":10,"335":10,"336":10,"337":10,"338":10,"339":10,"340":10,"343":48,"344":15,"345":15,"346":15,"347":15,"348":15,"349":15,"350":15,"351":15,"352":15,"353":15,"355":15,"356":15,"357":15,"358":15,"359":15,"360":15,"361":15,"363":15,"364":15,"365":15,"366":15,"367":15,"368":15,"369":15,"370":15,"371":15,"372":15,"373":15,"374":15,"375":15,"376":15,"377":15,"378":15,"379":15,"380":15,"381":15,"382":15,"383":15,"385":15,"386":15,"387":15,"388":15,"389":15,"390":15,"391":15,"393":15,"394":15,"395":15,"396":15,"397":15,"398":15,"399":15,"400":15,"403":48,"404":19,"405":19,"406":19,"407":19,"408":19,"409":19,"410":19,"411":19,"412":19,"413":19,"414":19,"417":48,"418":48,"419":48,"420":48,"421":48,"422":48,"423":48,"424":48,"426":48},"branchMap":{"0":{"type":"branch","line":26,"loc":{"start":{"line":26,"column":7},"end":{"line":427,"column":1}},"locations":[{"start":{"line":26,"column":7},"end":{"line":427,"column":1}}]},"1":{"type":"branch","line":50,"loc":{"start":{"line":50,"column":28},"end":{"line":51,"column":40}},"locations":[{"start":{"line":50,"column":28},"end":{"line":51,"column":40}}]},"2":{"type":"branch","line":51,"loc":{"start":{"line":51,"column":39},"end":{"line":52,"column":16}},"locations":[{"start":{"line":51,"column":39},"end":{"line":52,"column":16}}]},"3":{"type":"branch","line":53,"loc":{"start":{"line":53,"column":28},"end":{"line":54,"column":40}},"locations":[{"start":{"line":53,"column":28},"end":{"line":54,"column":40}}]},"4":{"type":"branch","line":54,"loc":{"start":{"line":54,"column":39},"end":{"line":55,"column":16}},"locations":[{"start":{"line":54,"column":39},"end":{"line":55,"column":16}}]},"5":{"type":"branch","line":56,"loc":{"start":{"line":56,"column":24},"end":{"line":57,"column":36}},"locations":[{"start":{"line":56,"column":24},"end":{"line":57,"column":36}}]},"6":{"type":"branch","line":57,"loc":{"start":{"line":57,"column":35},"end":{"line":58,"column":16}},"locations":[{"start":{"line":57,"column":35},"end":{"line":58,"column":16}}]},"7":{"type":"branch","line":144,"loc":{"start":{"line":144,"column":23},"end":{"line":144,"column":57}},"locations":[{"start":{"line":144,"column":23},"end":{"line":144,"column":57}}]},"8":{"type":"branch","line":144,"loc":{"start":{"line":144,"column":45},"end":{"line":164,"column":20}},"locations":[{"start":{"line":144,"column":45},"end":{"line":164,"column":20}}]},"9":{"type":"branch","line":150,"loc":{"start":{"line":150,"column":80},"end":{"line":150,"column":119}},"locations":[{"start":{"line":150,"column":80},"end":{"line":150,"column":119}}]},"10":{"type":"branch","line":150,"loc":{"start":{"line":150,"column":89},"end":{"line":150,"column":121}},"locations":[{"start":{"line":150,"column":89},"end":{"line":150,"column":121}}]},"11":{"type":"branch","line":166,"loc":{"start":{"line":166,"column":23},"end":{"line":166,"column":60}},"locations":[{"start":{"line":166,"column":23},"end":{"line":166,"column":60}}]},"12":{"type":"branch","line":166,"loc":{"start":{"line":166,"column":48},"end":{"line":232,"column":20}},"locations":[{"start":{"line":166,"column":48},"end":{"line":232,"column":20}}]},"13":{"type":"branch","line":178,"loc":{"start":{"line":178,"column":83},"end":{"line":178,"column":122}},"locations":[{"start":{"line":178,"column":83},"end":{"line":178,"column":122}}]},"14":{"type":"branch","line":178,"loc":{"start":{"line":178,"column":92},"end":{"line":178,"column":124}},"locations":[{"start":{"line":178,"column":92},"end":{"line":178,"column":124}}]},"15":{"type":"branch","line":235,"loc":{"start":{"line":235,"column":22},"end":{"line":247,"column":12}},"locations":[{"start":{"line":235,"column":22},"end":{"line":247,"column":12}}]},"16":{"type":"branch","line":262,"loc":{"start":{"line":262,"column":9},"end":{"line":341,"column":20}},"locations":[{"start":{"line":262,"column":9},"end":{"line":341,"column":20}}]},"17":{"type":"branch","line":282,"loc":{"start":{"line":282,"column":13},"end":{"line":289,"column":16}},"locations":[{"start":{"line":282,"column":13},"end":{"line":289,"column":16}}]},"18":{"type":"branch","line":300,"loc":{"start":{"line":300,"column":13},"end":{"line":323,"column":16}},"locations":[{"start":{"line":300,"column":13},"end":{"line":323,"column":16}}]},"19":{"type":"branch","line":344,"loc":{"start":{"line":344,"column":9},"end":{"line":401,"column":20}},"locations":[{"start":{"line":344,"column":9},"end":{"line":401,"column":20}}]},"20":{"type":"branch","line":404,"loc":{"start":{"line":404,"column":9},"end":{"line":415,"column":20}},"locations":[{"start":{"line":404,"column":9},"end":{"line":415,"column":20}}]},"21":{"type":"branch","line":29,"loc":{"start":{"line":29,"column":4},"end":{"line":29,"column":39}},"locations":[{"start":{"line":29,"column":4},"end":{"line":29,"column":39}}]},"22":{"type":"branch","line":64,"loc":{"start":{"line":64,"column":12},"end":{"line":111,"column":5}},"locations":[{"start":{"line":64,"column":12},"end":{"line":111,"column":5}}]},"23":{"type":"branch","line":68,"loc":{"start":{"line":68,"column":25},"end":{"line":70,"column":11}},"locations":[{"start":{"line":68,"column":25},"end":{"line":70,"column":11}}]},"24":{"type":"branch","line":75,"loc":{"start":{"line":75,"column":14},"end":{"line":75,"column":46}},"locations":[{"start":{"line":75,"column":14},"end":{"line":75,"column":46}}]},"25":{"type":"branch","line":78,"loc":{"start":{"line":78,"column":28},"end":{"line":108,"column":6}},"locations":[{"start":{"line":78,"column":28},"end":{"line":108,"column":6}}]},"26":{"type":"branch","line":117,"loc":{"start":{"line":117,"column":48},"end":{"line":122,"column":4}},"locations":[{"start":{"line":117,"column":48},"end":{"line":122,"column":4}}]},"27":{"type":"branch","line":118,"loc":{"start":{"line":118,"column":28},"end":{"line":121,"column":5}},"locations":[{"start":{"line":118,"column":28},"end":{"line":121,"column":5}}]}},"b":{"0":[48],"1":[22],"2":[26],"3":[22],"4":[26],"5":[22],"6":[26],"7":[28],"8":[21],"9":[20],"10":[1],"11":[47],"12":[2],"13":[1],"14":[1],"15":[1],"16":[10],"17":[7],"18":[1],"19":[15],"20":[19],"21":[13],"22":[13],"23":[0],"24":[0],"25":[13],"26":[1],"27":[1]},"fnMap":{"0":{"name":"App","decl":{"start":{"line":26,"column":7},"end":{"line":427,"column":1}},"loc":{"start":{"line":26,"column":7},"end":{"line":427,"column":1}},"line":26},"1":{"name":"fetchFieldsInfo","decl":{"start":{"line":78,"column":28},"end":{"line":108,"column":6}},"loc":{"start":{"line":78,"column":28},"end":{"line":108,"column":6}},"line":78},"2":{"name":"onSubmit","decl":{"start":{"line":117,"column":48},"end":{"line":122,"column":4}},"loc":{"start":{"line":117,"column":48},"end":{"line":122,"column":4}},"line":117}},"f":{"0":48,"1":13,"2":1}}
,"/workspaces/21-kintone/packages/ktplug-rcs300-felica-reader/src/components/customize/App.tsx": {"path":"/workspaces/21-kintone/packages/ktplug-rcs300-felica-reader/src/components/customize/App.tsx","all":false,"statementMap":{"0":{"start":{"line":1,"column":0},"end":{"line":1,"column":62}},"1":{"start":{"line":2,"column":0},"end":{"line":2,"column":45}},"2":{"start":{"line":3,"column":0},"end":{"line":3,"column":8}},"7":{"start":{"line":8,"column":0},"end":{"line":8,"column":8}},"11":{"start":{"line":12,"column":0},"end":{"line":12,"column":8}},"15":{"start":{"line":16,"column":0},"end":{"line":16,"column":44}},"24":{"start":{"line":25,"column":0},"end":{"line":25,"column":65}},"26":{"start":{"line":27,"column":0},"end":{"line":27,"column":68}},"27":{"start":{"line":28,"column":0},"end":{"line":28,"column":24}},"28":{"start":{"line":29,"column":0},"end":{"line":29,"column":41}},"29":{"start":{"line":30,"column":0},"end":{"line":30,"column":3}},"30":{"start":{"line":31,"column":0},"end":{"line":31,"column":29}},"38":{"start":{"line":39,"column":0},"end":{"line":39,"column":22}},"39":{"start":{"line":40,"column":0},"end":{"line":40,"column":17}},"40":{"start":{"line":41,"column":0},"end":{"line":41,"column":23}},"41":{"start":{"line":42,"column":0},"end":{"line":42,"column":24}},"42":{"start":{"line":43,"column":0},"end":{"line":43,"column":8}},"43":{"start":{"line":44,"column":0},"end":{"line":44,"column":44}},"44":{"start":{"line":45,"column":0},"end":{"line":45,"column":43}},"46":{"start":{"line":47,"column":0},"end":{"line":47,"column":64}},"47":{"start":{"line":48,"column":0},"end":{"line":48,"column":46}},"48":{"start":{"line":49,"column":0},"end":{"line":49,"column":5}},"50":{"start":{"line":51,"column":0},"end":{"line":51,"column":21}},"51":{"start":{"line":52,"column":0},"end":{"line":52,"column":45}},"53":{"start":{"line":54,"column":0},"end":{"line":54,"column":66}},"54":{"start":{"line":55,"column":0},"end":{"line":55,"column":48}},"55":{"start":{"line":56,"column":0},"end":{"line":56,"column":7}},"56":{"start":{"line":57,"column":0},"end":{"line":57,"column":5}},"58":{"start":{"line":59,"column":0},"end":{"line":59,"column":35}},"59":{"start":{"line":60,"column":0},"end":{"line":60,"column":4}},"64":{"start":{"line":65,"column":0},"end":{"line":65,"column":32}},"66":{"start":{"line":67,"column":0},"end":{"line":67,"column":34}},"67":{"start":{"line":68,"column":0},"end":{"line":68,"column":62}},"68":{"start":{"line":69,"column":0},"end":{"line":69,"column":53}},"69":{"start":{"line":70,"column":0},"end":{"line":70,"column":8}},"70":{"start":{"line":71,"column":0},"end":{"line":71,"column":30}},"71":{"start":{"line":72,"column":0},"end":{"line":72,"column":35}},"72":{"start":{"line":73,"column":0},"end":{"line":73,"column":15}},"73":{"start":{"line":74,"column":0},"end":{"line":74,"column":7}},"75":{"start":{"line":76,"column":0},"end":{"line":76,"column":49}},"76":{"start":{"line":77,"column":0},"end":{"line":77,"column":55}},"77":{"start":{"line":78,"column":0},"end":{"line":78,"column":22}},"78":{"start":{"line":79,"column":0},"end":{"line":79,"column":35}},"79":{"start":{"line":80,"column":0},"end":{"line":80,"column":17}},"80":{"start":{"line":81,"column":0},"end":{"line":81,"column":9}},"81":{"start":{"line":82,"column":0},"end":{"line":82,"column":19}},"82":{"start":{"line":83,"column":0},"end":{"line":83,"column":21}},"83":{"start":{"line":84,"column":0},"end":{"line":84,"column":41}},"84":{"start":{"line":85,"column":0},"end":{"line":85,"column":41}},"85":{"start":{"line":86,"column":0},"end":{"line":86,"column":10}},"86":{"start":{"line":87,"column":0},"end":{"line":87,"column":14}},"87":{"start":{"line":88,"column":0},"end":{"line":88,"column":46}},"88":{"start":{"line":89,"column":0},"end":{"line":89,"column":27}},"89":{"start":{"line":90,"column":0},"end":{"line":90,"column":35}},"90":{"start":{"line":91,"column":0},"end":{"line":91,"column":10}},"91":{"start":{"line":92,"column":0},"end":{"line":92,"column":22}},"92":{"start":{"line":93,"column":0},"end":{"line":93,"column":35}},"93":{"start":{"line":94,"column":0},"end":{"line":94,"column":17}},"94":{"start":{"line":95,"column":0},"end":{"line":95,"column":9}},"95":{"start":{"line":96,"column":0},"end":{"line":96,"column":19}},"96":{"start":{"line":97,"column":0},"end":{"line":97,"column":28}},"97":{"start":{"line":98,"column":0},"end":{"line":98,"column":44}},"98":{"start":{"line":99,"column":0},"end":{"line":99,"column":44}},"99":{"start":{"line":100,"column":0},"end":{"line":100,"column":10}},"101":{"start":{"line":102,"column":0},"end":{"line":102,"column":52}},"102":{"start":{"line":103,"column":0},"end":{"line":103,"column":21}},"103":{"start":{"line":104,"column":0},"end":{"line":104,"column":23}},"104":{"start":{"line":105,"column":0},"end":{"line":105,"column":43}},"105":{"start":{"line":106,"column":0},"end":{"line":106,"column":43}},"106":{"start":{"line":107,"column":0},"end":{"line":107,"column":12}},"107":{"start":{"line":108,"column":0},"end":{"line":108,"column":9}},"108":{"start":{"line":109,"column":0},"end":{"line":109,"column":7}},"109":{"start":{"line":110,"column":0},"end":{"line":110,"column":6}},"111":{"start":{"line":112,"column":0},"end":{"line":112,"column":15}},"112":{"start":{"line":113,"column":0},"end":{"line":113,"column":4}},"114":{"start":{"line":115,"column":0},"end":{"line":115,"column":10}},"115":{"start":{"line":116,"column":0},"end":{"line":116,"column":40}},"116":{"start":{"line":117,"column":0},"end":{"line":117,"column":11}},"117":{"start":{"line":118,"column":0},"end":{"line":118,"column":55}},"119":{"start":{"line":120,"column":0},"end":{"line":120,"column":17}},"120":{"start":{"line":121,"column":0},"end":{"line":121,"column":12}},"121":{"start":{"line":122,"column":0},"end":{"line":122,"column":10}},"123":{"start":{"line":124,"column":0},"end":{"line":124,"column":1}},"135":{"start":{"line":136,"column":0},"end":{"line":136,"column":26}},"136":{"start":{"line":137,"column":0},"end":{"line":137,"column":12}},"137":{"start":{"line":138,"column":0},"end":{"line":138,"column":12}},"138":{"start":{"line":139,"column":0},"end":{"line":139,"column":49}},"139":{"start":{"line":140,"column":0},"end":{"line":140,"column":45}},"141":{"start":{"line":142,"column":0},"end":{"line":142,"column":19}},"143":{"start":{"line":144,"column":0},"end":{"line":144,"column":69}},"144":{"start":{"line":145,"column":0},"end":{"line":145,"column":48}},"145":{"start":{"line":146,"column":0},"end":{"line":146,"column":29}},"146":{"start":{"line":147,"column":0},"end":{"line":147,"column":29}},"147":{"start":{"line":148,"column":0},"end":{"line":148,"column":5}},"148":{"start":{"line":149,"column":0},"end":{"line":149,"column":9}},"153":{"start":{"line":154,"column":0},"end":{"line":154,"column":38}},"154":{"start":{"line":155,"column":0},"end":{"line":155,"column":34}},"155":{"start":{"line":156,"column":0},"end":{"line":156,"column":38}},"156":{"start":{"line":157,"column":0},"end":{"line":157,"column":56}},"159":{"start":{"line":160,"column":0},"end":{"line":160,"column":72}},"160":{"start":{"line":161,"column":0},"end":{"line":161,"column":28}},"161":{"start":{"line":162,"column":0},"end":{"line":162,"column":45}},"162":{"start":{"line":163,"column":0},"end":{"line":163,"column":7}},"163":{"start":{"line":164,"column":0},"end":{"line":164,"column":33}},"166":{"start":{"line":167,"column":0},"end":{"line":167,"column":60}},"167":{"start":{"line":168,"column":0},"end":{"line":168,"column":30}},"170":{"start":{"line":171,"column":0},"end":{"line":171,"column":26}},"171":{"start":{"line":172,"column":0},"end":{"line":172,"column":22}},"172":{"start":{"line":173,"column":0},"end":{"line":173,"column":48}},"173":{"start":{"line":174,"column":0},"end":{"line":174,"column":16}},"174":{"start":{"line":175,"column":0},"end":{"line":175,"column":22}},"175":{"start":{"line":176,"column":0},"end":{"line":176,"column":48}},"176":{"start":{"line":177,"column":0},"end":{"line":177,"column":16}},"177":{"start":{"line":178,"column":0},"end":{"line":178,"column":7}},"178":{"start":{"line":179,"column":0},"end":{"line":179,"column":6}},"180":{"start":{"line":181,"column":0},"end":{"line":181,"column":15}},"181":{"start":{"line":182,"column":0},"end":{"line":182,"column":4}},"183":{"start":{"line":184,"column":0},"end":{"line":184,"column":10}},"184":{"start":{"line":185,"column":0},"end":{"line":185,"column":40}},"185":{"start":{"line":186,"column":0},"end":{"line":186,"column":13}},"186":{"start":{"line":187,"column":0},"end":{"line":187,"column":47}},"187":{"start":{"line":188,"column":0},"end":{"line":188,"column":21}},"188":{"start":{"line":189,"column":0},"end":{"line":189,"column":38}},"189":{"start":{"line":190,"column":0},"end":{"line":190,"column":7}},"191":{"start":{"line":192,"column":0},"end":{"line":192,"column":15}},"192":{"start":{"line":193,"column":0},"end":{"line":193,"column":68}},"193":{"start":{"line":194,"column":0},"end":{"line":194,"column":10}},"195":{"start":{"line":196,"column":0},"end":{"line":196,"column":1}},"200":{"start":{"line":201,"column":0},"end":{"line":201,"column":60}},"201":{"start":{"line":202,"column":0},"end":{"line":202,"column":50}},"202":{"start":{"line":203,"column":0},"end":{"line":203,"column":16}},"203":{"start":{"line":204,"column":0},"end":{"line":204,"column":1}},"208":{"start":{"line":209,"column":0},"end":{"line":209,"column":32}},"209":{"start":{"line":210,"column":0},"end":{"line":210,"column":37}},"210":{"start":{"line":211,"column":0},"end":{"line":211,"column":37}},"211":{"start":{"line":212,"column":0},"end":{"line":212,"column":3}},"212":{"start":{"line":213,"column":0},"end":{"line":213,"column":51}},"214":{"start":{"line":215,"column":0},"end":{"line":215,"column":67}},"215":{"start":{"line":216,"column":0},"end":{"line":216,"column":5}},"216":{"start":{"line":217,"column":0},"end":{"line":217,"column":31}},"217":{"start":{"line":218,"column":0},"end":{"line":218,"column":23}},"218":{"start":{"line":219,"column":0},"end":{"line":219,"column":29}},"219":{"start":{"line":220,"column":0},"end":{"line":220,"column":51}},"220":{"start":{"line":221,"column":0},"end":{"line":221,"column":47}},"221":{"start":{"line":222,"column":0},"end":{"line":222,"column":8}},"222":{"start":{"line":223,"column":0},"end":{"line":223,"column":6}},"223":{"start":{"line":224,"column":0},"end":{"line":224,"column":5}},"225":{"start":{"line":226,"column":0},"end":{"line":226,"column":30}},"226":{"start":{"line":227,"column":0},"end":{"line":227,"column":31}},"228":{"start":{"line":229,"column":0},"end":{"line":229,"column":61}},"229":{"start":{"line":230,"column":0},"end":{"line":230,"column":34}},"230":{"start":{"line":231,"column":0},"end":{"line":231,"column":78}},"231":{"start":{"line":232,"column":0},"end":{"line":232,"column":6}},"233":{"start":{"line":234,"column":0},"end":{"line":234,"column":31}},"234":{"start":{"line":235,"column":0},"end":{"line":235,"column":3}},"235":{"start":{"line":236,"column":0},"end":{"line":236,"column":19}},"236":{"start":{"line":237,"column":0},"end":{"line":237,"column":1}},"244":{"start":{"line":245,"column":0},"end":{"line":245,"column":24}},"245":{"start":{"line":246,"column":0},"end":{"line":246,"column":40}},"246":{"start":{"line":247,"column":0},"end":{"line":247,"column":23}},"247":{"start":{"line":248,"column":0},"end":{"line":248,"column":36}},"249":{"start":{"line":250,"column":0},"end":{"line":250,"column":29}},"250":{"start":{"line":251,"column":0},"end":{"line":251,"column":58}},"251":{"start":{"line":252,"column":0},"end":{"line":252,"column":49}},"252":{"start":{"line":253,"column":0},"end":{"line":253,"column":4}},"254":{"start":{"line":255,"column":0},"end":{"line":255,"column":26}},"255":{"start":{"line":256,"column":0},"end":{"line":256,"column":31}},"256":{"start":{"line":257,"column":0},"end":{"line":257,"column":36}},"257":{"start":{"line":258,"column":0},"end":{"line":258,"column":11}},"258":{"start":{"line":259,"column":0},"end":{"line":259,"column":3}},"261":{"start":{"line":262,"column":0},"end":{"line":262,"column":29}},"262":{"start":{"line":263,"column":0},"end":{"line":263,"column":35}},"263":{"start":{"line":264,"column":0},"end":{"line":264,"column":38}},"264":{"start":{"line":265,"column":0},"end":{"line":265,"column":16}},"265":{"start":{"line":266,"column":0},"end":{"line":266,"column":9}},"267":{"start":{"line":268,"column":0},"end":{"line":268,"column":51}},"269":{"start":{"line":270,"column":0},"end":{"line":270,"column":10}},"270":{"start":{"line":271,"column":0},"end":{"line":271,"column":51}},"271":{"start":{"line":272,"column":0},"end":{"line":272,"column":51}},"272":{"start":{"line":273,"column":0},"end":{"line":273,"column":11}},"273":{"start":{"line":274,"column":0},"end":{"line":274,"column":9}},"274":{"start":{"line":275,"column":0},"end":{"line":275,"column":31}},"275":{"start":{"line":276,"column":0},"end":{"line":276,"column":18}},"276":{"start":{"line":277,"column":0},"end":{"line":277,"column":76}},"277":{"start":{"line":278,"column":0},"end":{"line":278,"column":22}},"278":{"start":{"line":279,"column":0},"end":{"line":279,"column":7}},"279":{"start":{"line":280,"column":0},"end":{"line":280,"column":26}},"280":{"start":{"line":281,"column":0},"end":{"line":281,"column":57}},"281":{"start":{"line":282,"column":0},"end":{"line":282,"column":14}},"282":{"start":{"line":283,"column":0},"end":{"line":283,"column":5}},"283":{"start":{"line":284,"column":0},"end":{"line":284,"column":3}},"286":{"start":{"line":287,"column":0},"end":{"line":287,"column":95}},"287":{"start":{"line":288,"column":0},"end":{"line":288,"column":127}},"288":{"start":{"line":289,"column":0},"end":{"line":289,"column":24}},"289":{"start":{"line":290,"column":0},"end":{"line":290,"column":79}},"292":{"start":{"line":293,"column":0},"end":{"line":293,"column":43}},"294":{"start":{"line":295,"column":0},"end":{"line":295,"column":25}},"295":{"start":{"line":296,"column":0},"end":{"line":296,"column":1}},"304":{"start":{"line":305,"column":0},"end":{"line":305,"column":22}},"305":{"start":{"line":306,"column":0},"end":{"line":306,"column":14}},"306":{"start":{"line":307,"column":0},"end":{"line":307,"column":25}},"307":{"start":{"line":308,"column":0},"end":{"line":308,"column":23}},"308":{"start":{"line":309,"column":0},"end":{"line":309,"column":3}},"309":{"start":{"line":310,"column":0},"end":{"line":310,"column":6}},"310":{"start":{"line":311,"column":0},"end":{"line":311,"column":51}},"311":{"start":{"line":312,"column":0},"end":{"line":312,"column":30}},"313":{"start":{"line":314,"column":0},"end":{"line":314,"column":51}},"314":{"start":{"line":315,"column":0},"end":{"line":315,"column":44}},"316":{"start":{"line":317,"column":0},"end":{"line":317,"column":125}},"319":{"start":{"line":320,"column":0},"end":{"line":320,"column":48}},"320":{"start":{"line":321,"column":0},"end":{"line":321,"column":58}},"321":{"start":{"line":322,"column":0},"end":{"line":322,"column":25}},"322":{"start":{"line":323,"column":0},"end":{"line":323,"column":31}},"323":{"start":{"line":324,"column":0},"end":{"line":324,"column":13}},"324":{"start":{"line":325,"column":0},"end":{"line":325,"column":5}},"325":{"start":{"line":326,"column":0},"end":{"line":326,"column":3}},"328":{"start":{"line":329,"column":0},"end":{"line":329,"column":46}},"329":{"start":{"line":330,"column":0},"end":{"line":330,"column":65}},"332":{"start":{"line":333,"column":0},"end":{"line":333,"column":27}},"333":{"start":{"line":334,"column":0},"end":{"line":334,"column":62}},"334":{"start":{"line":335,"column":0},"end":{"line":335,"column":86}},"335":{"start":{"line":336,"column":0},"end":{"line":336,"column":58}},"339":{"start":{"line":340,"column":0},"end":{"line":340,"column":7}},"340":{"start":{"line":341,"column":0},"end":{"line":341,"column":10}},"341":{"start":{"line":342,"column":0},"end":{"line":342,"column":12}},"342":{"start":{"line":343,"column":0},"end":{"line":343,"column":7}},"345":{"start":{"line":346,"column":0},"end":{"line":346,"column":44}},"346":{"start":{"line":347,"column":0},"end":{"line":347,"column":43}},"347":{"start":{"line":348,"column":0},"end":{"line":348,"column":13}},"348":{"start":{"line":349,"column":0},"end":{"line":349,"column":5}},"349":{"start":{"line":350,"column":0},"end":{"line":350,"column":3}},"352":{"start":{"line":353,"column":0},"end":{"line":353,"column":35}},"353":{"start":{"line":354,"column":0},"end":{"line":354,"column":6}},"354":{"start":{"line":355,"column":0},"end":{"line":355,"column":43}},"355":{"start":{"line":356,"column":0},"end":{"line":356,"column":41}},"356":{"start":{"line":357,"column":0},"end":{"line":357,"column":5}},"357":{"start":{"line":358,"column":0},"end":{"line":358,"column":71}},"358":{"start":{"line":359,"column":0},"end":{"line":359,"column":41}},"359":{"start":{"line":360,"column":0},"end":{"line":360,"column":73}},"360":{"start":{"line":361,"column":0},"end":{"line":361,"column":5}},"361":{"start":{"line":362,"column":0},"end":{"line":362,"column":3}},"362":{"start":{"line":363,"column":0},"end":{"line":363,"column":6}},"363":{"start":{"line":364,"column":0},"end":{"line":364,"column":46}},"364":{"start":{"line":365,"column":0},"end":{"line":365,"column":41}},"365":{"start":{"line":366,"column":0},"end":{"line":366,"column":5}},"366":{"start":{"line":367,"column":0},"end":{"line":367,"column":77}},"367":{"start":{"line":368,"column":0},"end":{"line":368,"column":44}},"368":{"start":{"line":369,"column":0},"end":{"line":369,"column":79}},"369":{"start":{"line":370,"column":0},"end":{"line":370,"column":5}},"370":{"start":{"line":371,"column":0},"end":{"line":371,"column":3}},"371":{"start":{"line":372,"column":0},"end":{"line":372,"column":6}},"372":{"start":{"line":373,"column":0},"end":{"line":373,"column":52}},"373":{"start":{"line":374,"column":0},"end":{"line":374,"column":46}},"374":{"start":{"line":375,"column":0},"end":{"line":375,"column":5}},"376":{"start":{"line":377,"column":0},"end":{"line":377,"column":79}},"377":{"start":{"line":378,"column":0},"end":{"line":378,"column":72}},"378":{"start":{"line":379,"column":0},"end":{"line":379,"column":5}},"379":{"start":{"line":380,"column":0},"end":{"line":380,"column":3}},"382":{"start":{"line":383,"column":0},"end":{"line":383,"column":7}},"383":{"start":{"line":384,"column":0},"end":{"line":384,"column":51}},"385":{"start":{"line":386,"column":0},"end":{"line":386,"column":48}},"386":{"start":{"line":387,"column":0},"end":{"line":387,"column":33}},"387":{"start":{"line":388,"column":0},"end":{"line":388,"column":5}},"388":{"start":{"line":389,"column":0},"end":{"line":389,"column":62}},"389":{"start":{"line":390,"column":0},"end":{"line":390,"column":38}},"390":{"start":{"line":391,"column":0},"end":{"line":391,"column":24}},"391":{"start":{"line":392,"column":0},"end":{"line":392,"column":38}},"392":{"start":{"line":393,"column":0},"end":{"line":393,"column":40}},"393":{"start":{"line":394,"column":0},"end":{"line":394,"column":29}},"394":{"start":{"line":395,"column":0},"end":{"line":395,"column":3}},"395":{"start":{"line":396,"column":0},"end":{"line":396,"column":1}},"404":{"start":{"line":405,"column":0},"end":{"line":405,"column":22}},"405":{"start":{"line":406,"column":0},"end":{"line":406,"column":14}},"406":{"start":{"line":407,"column":0},"end":{"line":407,"column":25}},"407":{"start":{"line":408,"column":0},"end":{"line":408,"column":23}},"408":{"start":{"line":409,"column":0},"end":{"line":409,"column":3}},"409":{"start":{"line":410,"column":0},"end":{"line":410,"column":6}},"410":{"start":{"line":411,"column":0},"end":{"line":411,"column":51}},"411":{"start":{"line":412,"column":0},"end":{"line":412,"column":30}},"413":{"start":{"line":414,"column":0},"end":{"line":414,"column":51}},"415":{"start":{"line":416,"column":0},"end":{"line":416,"column":44}},"416":{"start":{"line":417,"column":0},"end":{"line":417,"column":125}},"419":{"start":{"line":420,"column":0},"end":{"line":420,"column":48}},"420":{"start":{"line":421,"column":0},"end":{"line":421,"column":58}},"421":{"start":{"line":422,"column":0},"end":{"line":422,"column":25}},"422":{"start":{"line":423,"column":0},"end":{"line":423,"column":31}},"423":{"start":{"line":424,"column":0},"end":{"line":424,"column":13}},"424":{"start":{"line":425,"column":0},"end":{"line":425,"column":5}},"425":{"start":{"line":426,"column":0},"end":{"line":426,"column":3}},"428":{"start":{"line":429,"column":0},"end":{"line":429,"column":63}},"429":{"start":{"line":430,"column":0},"end":{"line":430,"column":68}},"430":{"start":{"line":431,"column":0},"end":{"line":431,"column":84}},"431":{"start":{"line":432,"column":0},"end":{"line":432,"column":56}},"435":{"start":{"line":436,"column":0},"end":{"line":436,"column":5}},"436":{"start":{"line":437,"column":0},"end":{"line":437,"column":8}},"437":{"start":{"line":438,"column":0},"end":{"line":438,"column":10}},"438":{"start":{"line":439,"column":0},"end":{"line":439,"column":5}},"440":{"start":{"line":441,"column":0},"end":{"line":441,"column":44}},"441":{"start":{"line":442,"column":0},"end":{"line":442,"column":43}},"442":{"start":{"line":443,"column":0},"end":{"line":443,"column":11}},"443":{"start":{"line":444,"column":0},"end":{"line":444,"column":3}},"444":{"start":{"line":445,"column":0},"end":{"line":445,"column":42}},"445":{"start":{"line":446,"column":0},"end":{"line":446,"column":50}},"446":{"start":{"line":447,"column":0},"end":{"line":447,"column":11}},"447":{"start":{"line":448,"column":0},"end":{"line":448,"column":3}},"448":{"start":{"line":449,"column":0},"end":{"line":449,"column":50}},"451":{"start":{"line":452,"column":0},"end":{"line":452,"column":35}},"452":{"start":{"line":453,"column":0},"end":{"line":453,"column":69}},"453":{"start":{"line":454,"column":0},"end":{"line":454,"column":62}},"454":{"start":{"line":455,"column":0},"end":{"line":455,"column":3}},"456":{"start":{"line":457,"column":0},"end":{"line":457,"column":7}},"457":{"start":{"line":458,"column":0},"end":{"line":458,"column":38}},"458":{"start":{"line":459,"column":0},"end":{"line":459,"column":10}},"459":{"start":{"line":460,"column":0},"end":{"line":460,"column":34}},"460":{"start":{"line":461,"column":0},"end":{"line":461,"column":21}},"461":{"start":{"line":462,"column":0},"end":{"line":462,"column":7}},"462":{"start":{"line":463,"column":0},"end":{"line":463,"column":48}},"463":{"start":{"line":464,"column":0},"end":{"line":464,"column":33}},"464":{"start":{"line":465,"column":0},"end":{"line":465,"column":5}},"465":{"start":{"line":466,"column":0},"end":{"line":466,"column":62}},"466":{"start":{"line":467,"column":0},"end":{"line":467,"column":38}},"467":{"start":{"line":468,"column":0},"end":{"line":468,"column":24}},"468":{"start":{"line":469,"column":0},"end":{"line":469,"column":23}},"469":{"start":{"line":470,"column":0},"end":{"line":470,"column":29}},"470":{"start":{"line":471,"column":0},"end":{"line":471,"column":3}},"471":{"start":{"line":472,"column":0},"end":{"line":472,"column":1}},"478":{"start":{"line":479,"column":0},"end":{"line":479,"column":30}},"479":{"start":{"line":480,"column":0},"end":{"line":480,"column":23}},"480":{"start":{"line":481,"column":0},"end":{"line":481,"column":25}},"481":{"start":{"line":482,"column":0},"end":{"line":482,"column":11}},"482":{"start":{"line":483,"column":0},"end":{"line":483,"column":39}},"483":{"start":{"line":484,"column":0},"end":{"line":484,"column":15}},"484":{"start":{"line":485,"column":0},"end":{"line":485,"column":71}},"485":{"start":{"line":486,"column":0},"end":{"line":486,"column":18}},"486":{"start":{"line":487,"column":0},"end":{"line":487,"column":77}},"487":{"start":{"line":488,"column":0},"end":{"line":488,"column":16}},"488":{"start":{"line":489,"column":0},"end":{"line":489,"column":51}},"489":{"start":{"line":490,"column":0},"end":{"line":490,"column":73}},"490":{"start":{"line":491,"column":0},"end":{"line":491,"column":7}},"491":{"start":{"line":492,"column":0},"end":{"line":492,"column":77}
[...]
ine":516,"column":0},"end":{"line":516,"column":95}},"516":{"start":{"line":517,"column":0},"end":{"line":517,"column":94}},"517":{"start":{"line":518,"column":0},"end":{"line":518,"column":64}},"518":{"start":{"line":519,"column":0},"end":{"line":519,"column":59}},"519":{"start":{"line":520,"column":0},"end":{"line":520,"column":57}},"521":{"start":{"line":522,"column":0},"end":{"line":522,"column":57}},"524":{"start":{"line":525,"column":0},"end":{"line":525,"column":53}},"525":{"start":{"line":526,"column":0},"end":{"line":526,"column":19}},"526":{"start":{"line":527,"column":0},"end":{"line":527,"column":26}},"527":{"start":{"line":528,"column":0},"end":{"line":528,"column":33}},"528":{"start":{"line":529,"column":0},"end":{"line":529,"column":34}},"529":{"start":{"line":530,"column":0},"end":{"line":530,"column":34}},"530":{"start":{"line":531,"column":0},"end":{"line":531,"column":35}},"531":{"start":{"line":532,"column":0},"end":{"line":532,"column":36}},"532":{"start":{"line":533,"column":0},"end":{"line":533,"column":92}},"533":{"start":{"line":534,"column":0},"end":{"line":534,"column":53}},"534":{"start":{"line":535,"column":0},"end":{"line":535,"column":50}},"537":{"start":{"line":538,"column":0},"end":{"line":538,"column":42}},"538":{"start":{"line":539,"column":0},"end":{"line":539,"column":39}},"539":{"start":{"line":540,"column":0},"end":{"line":540,"column":73}},"540":{"start":{"line":541,"column":0},"end":{"line":541,"column":27}},"541":{"start":{"line":542,"column":0},"end":{"line":542,"column":41}},"543":{"start":{"line":544,"column":0},"end":{"line":544,"column":31}},"544":{"start":{"line":545,"column":0},"end":{"line":545,"column":3}},"551":{"start":{"line":552,"column":0},"end":{"line":552,"column":69}},"553":{"start":{"line":554,"column":0},"end":{"line":554,"column":44}},"557":{"start":{"line":558,"column":0},"end":{"line":558,"column":56}},"558":{"start":{"line":559,"column":0},"end":{"line":559,"column":33}},"559":{"start":{"line":560,"column":0},"end":{"line":560,"column":32}},"562":{"start":{"line":563,"column":0},"end":{"line":563,"column":20}},"563":{"start":{"line":564,"column":0},"end":{"line":564,"column":27}},"564":{"start":{"line":565,"column":0},"end":{"line":565,"column":54}},"565":{"start":{"line":566,"column":0},"end":{"line":566,"column":12}},"566":{"start":{"line":567,"column":0},"end":{"line":567,"column":21}},"567":{"start":{"line":568,"column":0},"end":{"line":568,"column":31}},"568":{"start":{"line":569,"column":0},"end":{"line":569,"column":49}},"569":{"start":{"line":570,"column":0},"end":{"line":570,"column":6}},"570":{"start":{"line":571,"column":0},"end":{"line":571,"column":3}},"576":{"start":{"line":577,"column":0},"end":{"line":577,"column":42}},"577":{"start":{"line":578,"column":0},"end":{"line":578,"column":21}},"578":{"start":{"line":579,"column":0},"end":{"line":579,"column":77}},"580":{"start":{"line":581,"column":0},"end":{"line":581,"column":9}},"581":{"start":{"line":582,"column":0},"end":{"line":582,"column":51}},"582":{"start":{"line":583,"column":0},"end":{"line":583,"column":19}},"583":{"start":{"line":584,"column":0},"end":{"line":584,"column":32}},"584":{"start":{"line":585,"column":0},"end":{"line":585,"column":46}},"585":{"start":{"line":586,"column":0},"end":{"line":586,"column":33}},"586":{"start":{"line":587,"column":0},"end":{"line":587,"column":46}},"587":{"start":{"line":588,"column":0},"end":{"line":588,"column":7}},"588":{"start":{"line":589,"column":0},"end":{"line":589,"column":26}},"589":{"start":{"line":590,"column":0},"end":{"line":590,"column":58}},"590":{"start":{"line":591,"column":0},"end":{"line":591,"column":14}},"591":{"start":{"line":592,"column":0},"end":{"line":592,"column":5}},"593":{"start":{"line":594,"column":0},"end":{"line":594,"column":20}},"594":{"start":{"line":595,"column":0},"end":{"line":595,"column":3}},"600":{"start":{"line":601,"column":0},"end":{"line":601,"column":55}},"601":{"start":{"line":602,"column":0},"end":{"line":602,"column":9}},"602":{"start":{"line":603,"column":0},"end":{"line":603,"column":51}},"604":{"start":{"line":605,"column":0},"end":{"line":605,"column":29}},"605":{"start":{"line":606,"column":0},"end":{"line":606,"column":25}},"606":{"start":{"line":607,"column":0},"end":{"line":607,"column":7}},"608":{"start":{"line":609,"column":0},"end":{"line":609,"column":30}},"609":{"start":{"line":610,"column":0},"end":{"line":610,"column":53}},"610":{"start":{"line":611,"column":0},"end":{"line":611,"column":28}},"611":{"start":{"line":612,"column":0},"end":{"line":612,"column":21}},"612":{"start":{"line":613,"column":0},"end":{"line":613,"column":8}},"613":{"start":{"line":614,"column":0},"end":{"line":614,"column":31}},"615":{"start":{"line":616,"column":0},"end":{"line":616,"column":20}},"616":{"start":{"line":617,"column":0},"end":{"line":617,"column":26}},"617":{"start":{"line":618,"column":0},"end":{"line":618,"column":58}},"618":{"start":{"line":619,"column":0},"end":{"line":619,"column":31}},"619":{"start":{"line":620,"column":0},"end":{"line":620,"column":25}},"620":{"start":{"line":621,"column":0},"end":{"line":621,"column":33}},"621":{"start":{"line":622,"column":0},"end":{"line":622,"column":7}},"622":{"start":{"line":623,"column":0},"end":{"line":623,"column":5}},"623":{"start":{"line":624,"column":0},"end":{"line":624,"column":3}},"629":{"start":{"line":630,"column":0},"end":{"line":630,"column":66}},"630":{"start":{"line":631,"column":0},"end":{"line":631,"column":9}},"631":{"start":{"line":632,"column":0},"end":{"line":632,"column":51}},"633":{"start":{"line":634,"column":0},"end":{"line":634,"column":29}},"634":{"start":{"line":635,"column":0},"end":{"line":635,"column":25}},"635":{"start":{"line":636,"column":0},"end":{"line":636,"column":7}},"637":{"start":{"line":638,"column":0},"end":{"line":638,"column":30}},"638":{"start":{"line":639,"column":0},"end":{"line":639,"column":60}},"639":{"start":{"line":640,"column":0},"end":{"line":640,"column":28}},"640":{"start":{"line":641,"column":0},"end":{"line":641,"column":15}},"641":{"start":{"line":642,"column":0},"end":{"line":642,"column":8}},"642":{"start":{"line":643,"column":0},"end":{"line":643,"column":31}},"645":{"start":{"line":646,"column":0},"end":{"line":646,"column":20}},"646":{"start":{"line":647,"column":0},"end":{"line":647,"column":26}},"647":{"start":{"line":648,"column":0},"end":{"line":648,"column":58}},"648":{"start":{"line":649,"column":0},"end":{"line":649,"column":31}},"649":{"start":{"line":650,"column":0},"end":{"line":650,"column":25}},"650":{"start":{"line":651,"column":0},"end":{"line":651,"column":7}},"651":{"start":{"line":652,"column":0},"end":{"line":652,"column":5}},"652":{"start":{"line":653,"column":0},"end":{"line":653,"column":3}},"653":{"start":{"line":654,"column":0},"end":{"line":654,"column":1}}},"s":{"11":1,"13":3,"15":3,"16":3,"17":3,"18":3,"19":3,"20":3,"21":3,"22":3,"23":3,"24":3,"30":3,"31":3,"32":3,"33":3,"39":3,"40":5,"41":5,"42":5,"43":5,"45":5,"48":5,"49":5,"50":3,"51":6,"52":6,"53":11,"54":5,"55":6,"56":6,"57":2,"58":2,"59":2,"60":6,"61":3,"64":5,"65":3,"66":3,"67":3,"68":3,"69":3,"70":2,"71":1,"72":1,"73":3,"75":3,"76":5,"82":3,"83":0,"84":0,"85":0,"86":0,"87":0,"88":0,"89":0,"90":0,"91":0,"93":0,"94":0,"96":0,"97":0,"98":0,"99":0,"100":0,"101":0,"102":0,"103":0,"105":0,"106":0,"107":0,"108":0,"109":0,"110":0,"111":0,"112":0,"114":0,"115":0,"116":0,"117":0,"118":0,"119":0,"120":0,"121":0,"122":0,"123":0,"124":0,"125":0,"131":3,"132":0,"134":0,"135":0,"136":0,"138":0,"139":0,"140":0,"141":0,"142":0,"144":0,"145":0,"146":0,"147":0,"148":0,"150":0,"151":0,"152":0,"153":0,"155":0,"156":0,"157":0,"158":0,"160":0,"161":0,"167":3,"168":0,"170":0,"171":0,"172":0,"173":0,"175":0,"176":0,"177":0,"178":0,"179":0,"181":0,"182":0,"184":0,"185":0,"192":3,"193":0,"194":0,"201":3,"202":0,"203":0,"204":0,"205":0,"206":0,"207":0,"208":0,"209":0,"210":0,"211":0,"212":0,"219":3,"220":0,"222":0,"223":0,"224":0,"225":0,"226":0,"227":0,"228":0,"229":0,"230":0,"237":3,"239":0,"240":0,"241":0,"242":0,"243":0,"244":0,"251":3,"252":0,"253":0,"254":0,"255":0,"256":0,"258":0,"259":0,"260":0,"261":0,"262":0,"263":0,"264":0,"271":3,"272":0,"273":0,"275":0,"277":0,"278":0,"279":0,"280":0,"281":0,"282":0,"283":0,"285":0,"287":0,"288":0,"295":3,"296":0,"297":0,"298":0,"300":0,"301":0,"302":0,"303":0,"304":0,"311":3,"312":0,"313":0,"314":0,"315":0,"316":0,"318":0,"319":0,"320":0,"321":0,"323":0,"324":0,"330":3,"331":0,"332":0,"334":0,"335":0,"336":0,"337":0,"338":0,"340":0,"342":0,"343":0,"344":0,"345":0,"346":0,"352":3,"353":0,"354":0,"355":0,"356":0,"357":0,"358":0,"360":0,"361":0,"363":0,"364":0,"365":0,"366":0,"368":0,"369":0,"370":0,"371":0,"372":0,"374":0,"376":0,"377":0,"378":0,"379":0,"380":0,"381":0,"389":3,"390":0,"391":0,"393":0,"395":0,"396":0,"397":0,"398":0,"400":0,"401":0,"402":0,"403":0,"404":0,"405":0,"406":0,"407":0,"408":0,"409":0,"410":0,"411":0,"417":3,"418":0,"419":0,"420":0,"421":0,"423":0,"424":0,"425":0,"426":0,"429":0,"431":0,"433":0,"435":0,"436":0,"437":0,"438":0,"439":0,"440":0,"441":0,"442":0,"444":0,"445":0,"446":0,"447":0,"448":0,"449":0,"450":0,"451":0,"452":0,"453":0,"454":0,"455":0,"456":0,"457":0,"458":0,"459":0,"460":0,"461":0,"462":0,"463":0,"467":0,"469":0,"470":0,"471":0,"472":0,"473":0,"474":0,"476":0,"477":0,"478":0,"479":0,"480":0,"482":0,"484":0,"485":0,"486":0,"487":0,"488":0,"489":0,"490":0,"491":0,"497":3,"498":0,"499":0,"500":0,"501":0,"502":0,"503":0,"504":0,"505":0,"506":0,"514":3,"515":0,"516":0,"517":0,"518":0,"519":0,"521":0,"524":0,"525":0,"526":0,"527":0,"528":0,"529":0,"530":0,"531":0,"532":0,"533":0,"534":0,"537":0,"538":0,"539":0,"540":0,"541":0,"543":0,"544":0,"551":3,"553":0,"557":0,"558":0,"559":0,"562":0,"563":0,"564":0,"565":0,"566":0,"567":0,"568":0,"569":0,"570":0,"576":3,"577":0,"578":0,"580":0,"581":0,"582":0,"583":0,"584":0,"585":0,"586":0,"587":0,"588":0,"589":0,"590":0,"591":0,"593":0,"594":0,"600":3,"601":0,"602":0,"604":0,"605":0,"606":0,"608":0,"609":0,"610":0,"611":0,"612":0,"613":0,"615":0,"616":0,"617":0,"618":0,"619":0,"620":0,"621":0,"622":0,"623":0,"629":3,"630":0,"631":0,"633":0,"634":0,"635":0,"637":0,"638":0,"639":0,"640":0,"641":0,"642":0,"645":0,"646":0,"647":0,"648":0,"649":0,"650":0,"651":0,"652":0,"653":3},"branchMap":{"0":{"type":"branch","line":12,"loc":{"start":{"line":12,"column":30},"end":{"line":654,"column":1}},"locations":[{"start":{"line":12,"column":30},"end":{"line":654,"column":1}}]},"1":{"type":"branch","line":31,"loc":{"start":{"line":31,"column":10},"end":{"line":34,"column":6}},"locations":[{"start":{"line":31,"column":10},"end":{"line":34,"column":6}}]},"2":{"type":"branch","line":40,"loc":{"start":{"line":40,"column":2},"end":{"line":77,"column":3}},"locations":[{"start":{"line":40,"column":2},"end":{"line":77,"column":3}}]},"3":{"type":"branch","line":50,"loc":{"start":{"line":50,"column":23},"end":{"line":62,"column":5}},"locations":[{"start":{"line":50,"column":23},"end":{"line":62,"column":5}}]},"4":{"type":"branch","line":51,"loc":{"start":{"line":51,"column":28},"end":{"line":61,"column":7}},"locations":[{"start":{"line":51,"column":28},"end":{"line":61,"column":7}}]},"5":{"type":"branch","line":57,"loc":{"start":{"line":57,"column":30},"end":{"line":60,"column":9}},"locations":[{"start":{"line":57,"column":30},"end":{"line":60,"column":9}}]},"6":{"type":"branch","line":65,"loc":{"start":{"line":65,"column":20},"end":{"line":76,"column":52}},"locations":[{"start":{"line":65,"column":20},"end":{"line":76,"column":52}}]},"7":{"type":"branch","line":69,"loc":{"start":{"line":69,"column":9},"end":{"line":70,"column":15}},"locations":[{"start":{"line":69,"column":9},"end":{"line":70,"column":15}}]},"8":{"type":"branch","line":70,"loc":{"start":{"line":70,"column":6},"end":{"line":73,"column":7}},"locations":[{"start":{"line":70,"column":6},"end":{"line":73,"column":7}}]},"9":{"type":"branch","line":71,"loc":{"start":{"line":71,"column":42},"end":{"line":73,"column":7}},"locations":[{"start":{"line":71,"column":42},"end":{"line":73,"column":7}}]},"10":{"type":"branch","line":53,"loc":{"start":{"line":53,"column":10},"end":{"line":55,"column":53}},"locations":[{"start":{"line":53,"column":10},"end":{"line":55,"column":53}}]},"11":{"type":"branch","line":54,"loc":{"start":{"line":54,"column":42},"end":{"line":55,"column":53}},"locations":[{"start":{"line":54,"column":42},"end":{"line":55,"column":53}}]}},"b":{"0":[3],"1":[3],"2":[5],"3":[3],"4":[6],"5":[2],"6":[3],"7":[1],"8":[2],"9":[1],"10":[11],"11":[5]},"fnMap":{"0":{"name":"<instance_members_initializer>","decl":{"start":{"line":12,"column":30},"end":{"line":654,"column":1}},"loc":{"start":{"line":12,"column":30},"end":{"line":654,"column":1}},"line":12},"1":{"name":"WebUsbCardReader","decl":{"start":{"line":31,"column":10},"end":{"line":34,"column":6}},"loc":{"start":{"line":31,"column":10},"end":{"line":34,"column":6}},"line":31},"2":{"name":"connect","decl":{"start":{"line":40,"column":2},"end":{"line":77,"column":3}},"loc":{"start":{"line":40,"column":2},"end":{"line":77,"column":3}},"line":40},"3":{"name":"getUsbConfigration","decl":{"start":{"line":83,"column":10},"end":{"line":126,"column":3}},"loc":{"start":{"line":83,"column":10},"end":{"line":126,"column":3}},"line":83},"4":{"name":"openDevice","decl":{"start":{"line":132,"column":2},"end":{"line":162,"column":3}},"loc":{"start":{"line":132,"column":2},"end":{"line":162,"column":3}},"line":132},"5":{"name":"closeDevice","decl":{"start":{"line":168,"column":2},"end":{"line":186,"column":3}},"loc":{"start":{"line":168,"column":2},"end":{"line":186,"column":3}},"line":168},"6":{"name":"sleep","decl":{"start":{"line":193,"column":2},"end":{"line":195,"column":3}},"loc":{"start":{"line":193,"column":2},"end":{"line":195,"column":3}},"line":193},"7":{"name":"arrayToHex","decl":{"start":{"line":202,"column":10},"end":{"line":213,"column":3}},"loc":{"start":{"line":202,"column":10},"end":{"line":213,"column":3}},"line":202},"8":{"name":"binArrayToHex","decl":{"start":{"line":220,"column":10},"end":{"line":231,"column":3}},"loc":{"start":{"line":220,"column":10},"end":{"line":231,"column":3}},"line":220},"9":{"name":"dataviewToArray","decl":{"start":{"line":238,"column":28},"end":{"line":245,"column":4}},"loc":{"start":{"line":238,"column":28},"end":{"line":245,"column":4}},"line":238},"10":{"name":"hexStringToByteArray","decl":{"start":{"line":252,"column":10},"end":{"line":265,"column":3}},"loc":{"start":{"line":252,"column":10},"end":{"line":265,"column":3}},"line":252},"11":{"name":"addReqHeader","decl":{"start":{"line":272,"column":25},"end":{"line":289,"column":4}},"loc":{"start":{"line":272,"column":25},"end":{"line":289,"column":4}},"line":272},"12":{"name":"sendUsb","decl":{"start":{"line":296,"column":2},"end":{"line":305,"column":3}},"loc":{"start":{"line":296,"column":2},"end":{"line":305,"column":3}},"line":296},"13":{"name":"recvUsb","decl":{"start":{"line":312,"column":2},"end":{"line":325,"column":3}},"loc":{"start":{"line":312,"column":2},"end":{"line":325,"column":3}},"line":312},"14":{"name":"felicaPolling","decl":{"start":{"line":331,"column":2},"end":{"line":347,"column":3}},"loc":{"start":{"line":331,"column":2},"end":{"line":347,"column":3}},"line":331},"15":{"name":"felicaRequestService","decl":{"start":{"line":353,"column":2},"end":{"line":382,"column":3}},"loc":{"start":{"line":353,"column":2},"end":{"line":382,"column":3}},"line":353},"16":{"name":"constructBlkList","decl":{"start":{"line":390,"column":10},"end":{"line":412,"column":3}},"loc":{"start":{"line":390,"column":10},"end":{"line":412,"column":3}},"line":390},"17":{"name":"felicaReadWithoutEncryption","decl":{"start":{"line":418,"column":2},"end":{"line":492,"column":3}},"loc":{"start":{"line":418,"column":2},"end":{"line":492,"column":3}},"line":418},"18":{"name":"felicaOperation","decl":{"start":{"line":498,"column":2},"end":{"line":507,"column":3}},"loc":{"start":{"line":498,"column":2},"end":{"line":507,"column":3}},"line":498},"19":{"name":"wrapCTXIns","decl":{"start":{"line":515,"column":2},"end":{"line":545,"column":3}},"loc":{"start":{"line":515,"column":2},"end":{"line":545,"column":3}},"line":515},"20":{"name":"unwrapCTXResponse","decl":{"start":{"line":552,"column":2},"end":{"line":571,"column":3}},"loc":{"start":{"line":552,"column":2},"end":{"line":571,"column":3}},"line":552},"21":{"name":"polling","decl":{"start":{"line":577,"column":2},"end":{"line":595,"column":3}},"loc":{"start":{"line":577,"column":2},"end":{"line":595,"column":3}},"line":577},"22":{"name":"requestService","decl":{"start":{"line":601,"column":2},"end":{"line":624,"column":3}},"loc":{"start":{"line":601,"column":2},"end":{"line":624,"column":3}},"line":601},"23":{"name":"readWithoutEncryption","decl":{"start":{"line":630,"column":2},"end":{"line":653,"column":3}},"loc":{"start":{"line":630,"column":2},"end":{"line":653,"column":3}},"line":630}},"f":{"0":3,"1":3,"2":5,"3":0,"4":0,"5":0,"6":0,"7":0,"8":0,"9":0,"10":0,"11":0,"12":0,"13":0,"14":0,"15":0,"16":0,"17":0,"18":0,"19":0,"20":0,"21":0,"22":0,"23":0}}
,"/workspaces/21-kintone/packages/ktplug-rcs300-felica-reader/src/lib/utils.ts": {"path":"/workspaces/21-kintone/packages/ktplug-rcs300-felica-reader/src/lib/utils.ts","all":false,"statementMap":{"0":{"start":{"line":1,"column":0},"end":{"line":1,"column":55}},"2":{"start":{"line":3,"column":0},"end":{"line":3,"column":55}},"5":{"start":{"line":6,"column":0},"end":{"line":6,"column":40}},"6":{"start":{"line":7,"column":0},"end":{"line":7,"column":64}},"7":{"start":{"line":8,"column":0},"end":{"line":8,"column":3}},"10":{"start":{"line":11,"column":0},"end":{"line":11,"column":23}},"11":{"start":{"line":12,"column":0},"end":{"line":12,"column":54}},"12":{"start":{"line":13,"column":0},"end":{"line":13,"column":63}},"13":{"start":{"line":14,"column":0},"end":{"line":14,"column":52}},"16":{"start":{"line":17,"column":0},"end":{"line":17,"column":35}},"17":{"start":{"line":18,"column":0},"end":{"line":18,"column":54}},"18":{"start":{"line":19,"column":0},"end":{"line":19,"column":5}},"20":{"start":{"line":21,"column":0},"end":{"line":21,"column":51}},"21":{"start":{"line":22,"column":0},"end":{"line":22,"column":3}},"23":{"start":{"line":24,"column":0},"end":{"line":24,"column":21}},"24":{"start":{"line":25,"column":0},"end":{"line":25,"column":1}}},"s":{"0":1,"2":9,"5":9,"6":1,"7":1,"10":8,"11":9,"12":29,"13":29,"16":29,"17":1,"18":1,"20":28,"21":28,"23":7,"24":7},"branchMap":{"0":{"type":"branch","line":1,"loc":{"start":{"line":1,"column":7},"end":{"line":25,"column":1}},"locations":[{"start":{"line":1,"column":7},"end":{"line":25,"column":1}}]},"1":{"type":"branch","line":6,"loc":{"start":{"line":6,"column":39},"end":{"line":8,"column":3}},"locations":[{"start":{"line":6,"column":39},"end":{"line":8,"column":3}}]},"2":{"type":"branch","line":8,"loc":{"start":{"line":8,"column":2},"end":{"line":12,"column":53}},"locations":[{"start":{"line":8,"column":2},"end":{"line":12,"column":53}}]},"3":{"type":"branch","line":12,"loc":{"start":{"line":12,"column":53},"end":{"line":22,"column":3}},"locations":[{"start":{"line":12,"column":53},"end":{"line":22,"column":3}}]},"4":{"type":"branch","line":17,"loc":{"start":{"line":17,"column":34},"end":{"line":19,"column":5}},"locations":[{"start":{"line":17,"column":34},"end":{"line":19,"column":5}}]},"5":{"type":"branch","line":19,"loc":{"start":{"line":19,"column":4},"end":{"line":22,"column":3}},"locations":[{"start":{"line":19,"column":4},"end":{"line":22,"column":3}}]},"6":{"type":"branch","line":22,"loc":{"start":{"line":22,"column":2},"end":{"line":25,"column":1}},"locations":[{"start":{"line":22,"column":2},"end":{"line":25,"column":1}}]}},"b":{"0":[9],"1":[1],"2":[8],"3":[29],"4":[1],"5":[28],"6":[7]},"fnMap":{"0":{"name":"hexToAscii","decl":{"start":{"line":1,"column":7},"end":{"line":25,"column":1}},"loc":{"start":{"line":1,"column":7},"end":{"line":25,"column":1}},"line":1}},"f":{"0":9}}
}
