{"/workspaces/21-kintone/packages/ktplug-qrcode-reader/src/config.tsx": {"path":"/workspaces/21-kintone/packages/ktplug-qrcode-reader/src/config.tsx","all":false,"statementMap":{"0":{"start":{"line":1,"column":0},"end":{"line":1,"column":46}},"1":{"start":{"line":2,"column":0},"end":{"line":2,"column":46}},"5":{"start":{"line":6,"column":0},"end":{"line":6,"column":23}},"7":{"start":{"line":8,"column":0},"end":{"line":8,"column":61}},"8":{"start":{"line":9,"column":0},"end":{"line":9,"column":16}},"9":{"start":{"line":10,"column":0},"end":{"line":10,"column":44}},"10":{"start":{"line":11,"column":0},"end":{"line":11,"column":11}},"11":{"start":{"line":12,"column":0},"end":{"line":12,"column":3}},"12":{"start":{"line":13,"column":0},"end":{"line":13,"column":34}},"13":{"start":{"line":14,"column":0},"end":{"line":14,"column":45}},"14":{"start":{"line":15,"column":0},"end":{"line":15,"column":23}}},"s":{"0":1,"1":1,"5":1,"7":2,"8":2,"9":1,"10":1,"11":1,"12":1,"13":1,"14":1},"branchMap":{"0":{"type":"branch","line":6,"loc":{"start":{"line":6,"column":1},"end":{"line":15,"column":3}},"locations":[{"start":{"line":6,"column":1},"end":{"line":15,"column":3}}]},"1":{"type":"branch","line":9,"loc":{"start":{"line":9,"column":15},"end":{"line":15,"column":3}},"locations":[{"start":{"line":9,"column":15},"end":{"line":15,"column":3}}]}},"b":{"0":[2],"1":[1]},"fnMap":{},"f":{}}
,"/workspaces/21-kintone/packages/ktplug-qrcode-reader/src/customize.tsx": {"path":"/workspaces/21-kintone/packages/ktplug-qrcode-reader/src/customize.tsx","all":false,"statementMap":{"0":{"start":{"line":1,"column":0},"end":{"line":1,"column":58}},"1":{"start":{"line":2,"column":0},"end":{"line":2,"column":46}},"2":{"start":{"line":3,"column":0},"end":{"line":3,"column":8}},"7":{"start":{"line":8,"column":0},"end":{"line":8,"column":64}},"12":{"start":{"line":13,"column":0},"end":{"line":13,"column":17}},"16":{"start":{"line":17,"column":0},"end":{"line":17,"column":20}},"17":{"start":{"line":18,"column":0},"end":{"line":18,"column":55}},"18":{"start":{"line":19,"column":0},"end":{"line":19,"column":16}},"20":{"start":{"line":21,"column":0},"end":{"line":21,"column":42}},"23":{"start":{"line":24,"column":0},"end":{"line":24,"column":35}},"24":{"start":{"line":25,"column":0},"end":{"line":25,"column":15}},"25":{"start":{"line":26,"column":0},"end":{"line":26,"column":7}},"28":{"start":{"line":29,"column":0},"end":{"line":29,"column":60}},"29":{"start":{"line":30,"column":0},"end":{"line":30,"column":71}},"30":{"start":{"line":31,"column":0},"end":{"line":31,"column":15}},"31":{"start":{"line":32,"column":0},"end":{"line":32,"column":36}},"32":{"start":{"line":33,"column":0},"end":{"line":33,"column":51}},"33":{"start":{"line":34,"column":0},"end":{"line":34,"column":14}},"34":{"start":{"line":35,"column":0},"end":{"line":35,"column":24}},"35":{"start":{"line":36,"column":0},"end":{"line":36,"column":55}},"36":{"start":{"line":37,"column":0},"end":{"line":37,"column":10}},"37":{"start":{"line":38,"column":0},"end":{"line":38,"column":7}},"38":{"start":{"line":39,"column":0},"end":{"line":39,"column":19}},"39":{"start":{"line":40,"column":0},"end":{"line":40,"column":6}},"40":{"start":{"line":41,"column":0},"end":{"line":41,"column":4}},"45":{"start":{"line":46,"column":0},"end":{"line":46,"column":59}},"47":{"start":{"line":48,"column":0},"end":{"line":48,"column":40}},"50":{"start":{"line":51,"column":0},"end":{"line":51,"column":48}},"51":{"start":{"line":52,"column":0},"end":{"line":52,"column":8}},"52":{"start":{"line":53,"column":0},"end":{"line":53,"column":34}},"53":{"start":{"line":54,"column":0},"end":{"line":54,"column":65}},"54":{"start":{"line":55,"column":0},"end":{"line":55,"column":7}},"55":{"start":{"line":56,"column":0},"end":{"line":56,"column":22}},"56":{"start":{"line":57,"column":0},"end":{"line":57,"column":5}},"57":{"start":{"line":58,"column":0},"end":{"line":58,"column":8}},"58":{"start":{"line":59,"column":0},"end":{"line":59,"column":34}},"59":{"start":{"line":60,"column":0},"end":{"line":60,"column":65}},"60":{"start":{"line":61,"column":0},"end":{"line":61,"column":7}},"61":{"start":{"line":62,"column":0},"end":{"line":62,"column":22}},"62":{"start":{"line":63,"column":0},"end":{"line":63,"column":5}},"63":{"start":{"line":64,"column":0},"end":{"line":64,"column":8}},"64":{"start":{"line":65,"column":0},"end":{"line":65,"column":34}},"65":{"start":{"line":66,"column":0},"end":{"line":66,"column":65}},"66":{"start":{"line":67,"column":0},"end":{"line":67,"column":7}},"67":{"start":{"line":68,"column":0},"end":{"line":68,"column":22}},"68":{"start":{"line":69,"column":0},"end":{"line":69,"column":5}},"71":{"start":{"line":72,"column":0},"end":{"line":72,"column":15}},"72":{"start":{"line":73,"column":0},"end":{"line":73,"column":53}},"73":{"start":{"line":74,"column":0},"end":{"line":74,"column":15}},"74":{"start":{"line":75,"column":0},"end":{"line":75,"column":36}},"75":{"start":{"line":76,"column":0},"end":{"line":76,"column":62}},"76":{"start":{"line":77,"column":0},"end":{"line":77,"column":14}},"77":{"start":{"line":78,"column":0},"end":{"line":78,"column":24}},"78":{"start":{"line":79,"column":0},"end":{"line":79,"column":41}},"79":{"start":{"line":80,"column":0},"end":{"line":80,"column":10}},"80":{"start":{"line":81,"column":0},"end":{"line":81,"column":7}},"81":{"start":{"line":82,"column":0},"end":{"line":82,"column":5}},"82":{"start":{"line":83,"column":0},"end":{"line":83,"column":17}},"83":{"start":{"line":84,"column":0},"end":{"line":84,"column":5}},"84":{"start":{"line":85,"column":0},"end":{"line":85,"column":23}},"91":{"start":{"line":92,"column":0},"end":{"line":92,"column":56}},"92":{"start":{"line":93,"column":0},"end":{"line":93,"column":68}},"106":{"start":{"line":107,"column":0},"end":{"line":107,"column":16}},"107":{"start":{"line":108,"column":0},"end":{"line":108,"column":2}}},"s":{"0":1,"1":1,"2":1,"7":1,"12":1,"16":1,"17":1,"18":1,"20":4,"23":4,"24":1,"25":1,"28":3,"29":3,"30":4,"31":2,"32":2,"33":4,"34":1,"35":1,"36":1,"37":1,"38":2,"39":4,"40":1,"45":1,"47":5,"50":5,"51":5,"52":5,"53":1,"54":5,"55":1,"56":1,"57":5,"58":5,"59":1,"60":5,"61":1,"62":1,"63":5,"64":5,"65":2,"66":5,"67":2,"68":2,"71":5,"72":4,"73":4,"74":3,"75":3,"76":4,"77":1,"78":1,"79":1,"80":1,"81":4,"82":4,"83":1,"84":1,"91":1,"92":9,"106":9,"107":9},"branchMap":{"0":{"type":"branch","line":13,"loc":{"start":{"line":13,"column":1},"end":{"line":85,"column":3}},"locations":[{"start":{"line":13,"column":1},"end":{"line":85,"column":3}}]},"1":{"type":"branch","line":19,"loc":{"start":{"line":19,"column":4},"end":{"line":40,"column":6}},"locations":[{"start":{"line":19,"column":4},"end":{"line":40,"column":6}}]},"2":{"type":"branch","line":24,"loc":{"start":{"line":24,"column":34},"end":{"line":26,"column":7}},"locations":[{"start":{"line":24,"column":34},"end":{"line":26,"column":7}}]},"3":{"type":"branch","line":26,"loc":{"start":{"line":26,"column":6},"end":{"line":31,"column":14}},"locations":[{"start":{"line":26,"column":6},"end":{"line":31,"column":14}}]},"4":{"type":"branch","line":31,"loc":{"start":{"line":31,"column":14},"end":{"line":34,"column":13}},"locations":[{"start":{"line":31,"column":14},"end":{"line":34,"column":13}}]},"5":{"type":"branch","line":34,"loc":{"start":{"line":34,"column":6},"end":{"line":38,"column":7}},"locations":[{"start":{"line":34,"column":6},"end":{"line":38,"column":7}}]},"6":{"type":"branch","line":38,"loc":{"start":{"line":38,"column":6},"end":{"line":39,"column":19}},"locations":[{"start":{"line":38,"column":6},"end":{"line":39,"column":19}}]},"7":{"type":"branch","line":46,"loc":{"start":{"line":46,"column":47},"end":{"line":84,"column":3}},"locations":[{"start":{"line":46,"column":47},"end":{"line":84,"column":3}}]},"8":{"type":"branch","line":53,"loc":{"start":{"line":53,"column":21},"end":{"line":54,"column":65}},"locations":[{"start":{"line":53,"column":21},"end":{"line":54,"column":65}}]},"9":{"type":"branch","line":55,"loc":{"start":{"line":55,"column":6},"end":{"line":57,"column":5}},"locations":[{"start":{"line":55,"column":6},"end":{"line":57,"column":5}}]},"10":{"type":"branch","line":59,"loc":{"start":{"line":59,"column":21},"end":{"line":60,"column":65}},"locations":[{"start":{"line":59,"column":21},"end":{"line":60,"column":65}}]},"11":{"type":"branch","line":61,"loc":{"start":{"line":61,"column":6},"end":{"line":63,"column":5}},"locations":[{"start":{"line":61,"column":6},"end":{"line":63,"column":5}}]},"12":{"type":"branch","line":65,"loc":{"start":{"line":65,"column":21},"end":{"line":66,"column":65}},"locations":[{"start":{"line":65,"column":21},"end":{"line":66,"column":65}}]},"13":{"type":"branch","line":67,"loc":{"start":{"line":67,"column":6},"end":{"line":69,"column":5}},"locations":[{"start":{"line":67,"column":6},"end":{"line":69,"column":5}}]},"14":{"type":"branch","line":72,"loc":{"start":{"line":72,"column":14},"end":{"line":83,"column":17}},"locations":[{"start":{"line":72,"column":14},"end":{"line":83,"column":17}}]},"15":{"type":"branch","line":74,"loc":{"start":{"line":74,"column":14},"end":{"line":77,"column":13}},"locations":[{"start":{"line":74,"column":14},"end":{"line":77,"column":13}}]},"16":{"type":"branch","line":77,"loc":{"start":{"line":77,"column":6},"end":{"line":81,"column":7}},"locations":[{"start":{"line":77,"column":6},"end":{"line":81,"column":7}}]},"17":{"type":"branch","line":92,"loc":{"start":{"line":92,"column":18},"end":{"line":108,"column":2}},"locations":[{"start":{"line":92,"column":18},"end":{"line":108,"column":2}}]}},"b":{"0":[1],"1":[4],"2":[1],"3":[3],"4":[2],"5":[1],"6":[2],"7":[5],"8":[1],"9":[1],"10":[1],"11":[1],"12":[2],"13":[2],"14":[4],"15":[3],"16":[1],"17":[9]},"fnMap":{"0":{"name":"getConfig","decl":{"start":{"line":92,"column":18},"end":{"line":108,"column":2}},"loc":{"start":{"line":92,"column":18},"end":{"line":108,"column":2}},"line":92}},"f":{"0":9}}
,"/workspaces/21-kintone/packages/ktplug-qrcode-reader/src/types.ts": {"path":"/workspaces/21-kintone/packages/ktplug-qrcode-reader/src/types.ts","all":false,"statementMap":{"0":{"start":{"line":1,"column":0},"end":{"line":1,"column":8}},"10":{"start":{"line":11,"column":0},"end":{"line":11,"column":40}},"11":{"start":{"line":12,"column":0},"end":{"line":12,"column":42}},"12":{"start":{"line":13,"column":0},"end":{"line":13,"column":42}},"13":{"start":{"line":14,"column":0},"end":{"line":14,"column":42}},"14":{"start":{"line":15,"column":0},"end":{"line":15,"column":36}},"15":{"start":{"line":16,"column":0},"end":{"line":16,"column":11}},"20":{"start":{"line":21,"column":0},"end":{"line":21,"column":26}},"21":{"start":{"line":22,"column":0},"end":{"line":22,"column":9}},"22":{"start":{"line":23,"column":0},"end":{"line":23,"column":14}},"23":{"start":{"line":24,"column":0},"end":{"line":24,"column":35}},"24":{"start":{"line":25,"column":0},"end":{"line":25,"column":14}},"25":{"start":{"line":26,"column":0},"end":{"line":26,"column":17}},"26":{"start":{"line":27,"column":0},"end":{"line":27,"column":56}},"27":{"start":{"line":28,"column":0},"end":{"line":28,"column":7}},"28":{"start":{"line":29,"column":0},"end":{"line":29,"column":3}},"29":{"start":{"line":30,"column":0},"end":{"line":30,"column":10}},"34":{"start":{"line":35,"column":0},"end":{"line":35,"column":41}},"35":{"start":{"line":36,"column":0},"end":{"line":36,"column":40}},"36":{"start":{"line":37,"column":0},"end":{"line":37,"column":41}},"37":{"start":{"line":38,"column":0},"end":{"line":38,"column":3}},"43":{"start":{"line":44,"column":0},"end":{"line":44,"column":45}},"44":{"start":{"line":45,"column":0},"end":{"line":45,"column":40}},"45":{"start":{"line":46,"column":0},"end":{"line":46,"column":27}},"46":{"start":{"line":47,"column":0},"end":{"line":47,"column":55}},"47":{"start":{"line":48,"column":0},"end":{"line":48,"column":35}},"48":{"start":{"line":49,"column":0},"end":{"line":49,"column":48}},"49":{"start":{"line":50,"column":0},"end":{"line":50,"column":3}},"55":{"start":{"line":56,"column":0},"end":{"line":56,"column":44}},"56":{"start":{"line":57,"column":0},"end":{"line":57,"column":49}},"57":{"start":{"line":58,"column":0},"end":{"line":58,"column":5}},"58":{"start":{"line":59,"column":0},"end":{"line":59,"column":44}},"59":{"start":{"line":60,"column":0},"end":{"line":60,"column":41}},"60":{"start":{"line":61,"column":0},"end":{"line":61,"column":6}},"61":{"start":{"line":62,"column":0},"end":{"line":62,"column":5}},"62":{"start":{"line":63,"column":0},"end":{"line":63,"column":36}},"63":{"start":{"line":64,"column":0},"end":{"line":64,"column":54}},"64":{"start":{"line":65,"column":0},"end":{"line":65,"column":6}},"65":{"start":{"line":66,"column":0},"end":{"line":66,"column":5}},"66":{"start":{"line":67,"column":0},"end":{"line":67,"column":29}},"67":{"start":{"line":68,"column":0},"end":{"line":68,"column":2}},"73":{"start":{"line":74,"column":0},"end":{"line":74,"column":41}},"74":{"start":{"line":75,"column":0},"end":{"line":75,"column":40}},"75":{"start":{"line":76,"column":0},"end":{"line":76,"column":41}},"76":{"start":{"line":77,"column":0},"end":{"line":77,"column":33}},"77":{"start":{"line":78,"column":0},"end":{"line":78,"column":3}},"82":{"start":{"line":83,"column":0},"end":{"line":83,"column":37}},"83":{"start":{"line":84,"column":0},"end":{"line":84,"column":20}},"84":{"start":{"line":85,"column":0},"end":{"line":85,"column":3}},"89":{"start":{"line":90,"column":0},"end":{"line":90,"column":73}},"93":{"start":{"line":94,"column":0},"end":{"line":94,"column":47}},"100":{"start":{"line":101,"column":0},"end":{"line":101,"column":34}},"101":{"start":{"line":102,"column":0},"end":{"line":102,"column":23}},"102":{"start":{"line":103,"column":0},"end":{"line":103,"column":52}},"103":{"start":{"line":104,"column":0},"end":{"line":104,"column":52}},"104":{"start":{"line":105,"column":0},"end":{"line":105,"column":16}},"105":{"start":{"line":106,"column":0},"end":{"line":106,"column":3}},"106":{"start":{"line":107,"column":0},"end":{"line":107,"column":6}},"107":{"start":{"line":108,"column":0},"end":{"line":108,"column":33}},"108":{"start":{"line":109,"column":0},"end":{"line":109,"column":33}},"109":{"start":{"line":110,"column":0},"end":{"line":110,"column":63}},"110":{"start":{"line":111,"column":0},"end":{"line":111,"column":5}},"111":{"start":{"line":112,"column":0},"end":{"line":112,"column":34}},"112":{"start":{"line":113,"column":0},"end":{"line":113,"column":18}},"113":{"start":{"line":114,"column":0},"end":{"line":114,"column":34}},"114":{"start":{"line":115,"column":0},"end":{"line":115,"column":19}},"115":{"start":{"line":116,"column":0},"end":{"line":116,"column":38}},"116":{"start":{"line":117,"column":0},"end":{"line":117,"column":7}},"117":{"start":{"line":118,"column":0},"end":{"line":118,"column":18}},"118":{"start":{"line":119,"column":0},"end":{"line":119,"column":34}},"119":{"start":{"line":120,"column":0},"end":{"line":120,"column":19}},"120":{"start":{"line":121,"column":0},"end":{"line":121,"column":38}},"121":{"start":{"line":122,"column":0},"end":{"line":122,"column":7}},"122":{"start":{"line":123,"column":0},"end":{"line":123,"column":3}},"123":{"start":{"line":124,"column":0},"end":{"line":124,"column":1}},"129":{"start":{"line":130,"column":0},"end":{"line":130,"column":36}},"130":{"start":{"line":131,"column":0},"end":{"line":131,"column":43}},"131":{"start":{"line":132,"column":0},"end":{"line":132,"column":48}},"132":{"start":{"line":133,"column":0},"end":{"line":133,"column":48}},"133":{"start":{"line":134,"column":0},"end":{"line":134,"column":48}},"134":{"start":{"line":135,"column":0},"end":{"line":135,"column":40}},"135":{"start":{"line":136,"column":0},"end":{"line":136,"column":3}},"141":{"start":{"line":142,"column":0},"end":{"line":142,"column":35}},"142":{"start":{"line":143,"column":0},"end":{"line":143,"column":66}},"143":{"start":{"line":144,"column":0},"end":{"line":144,"column":19}},"145":{"start":{"line":146,"column":0},"end":{"line":146,"column":33}},"146":{"start":{"line":147,"column":0},"end":{"line":147,"column":47}},"147":{"start":{"line":148,"column":0},"end":{"line":148,"column":12}},"148":{"start":{"line":149,"column":0},"end":{"line":149,"column":45}},"149":{"start":{"line":150,"column":0},"end":{"line":150,"column":41}},"150":{"start":{"line":151,"column":0},"end":{"line":151,"column":11}},"151":{"start":{"line":152,"column":0},"end":{"line":152,"column":24}},"152":{"start":{"line":153,"column":0},"end":{"line":153,"column":40}},"153":{"start":{"line":154,"column":0},"end":{"line":154,"column":53}},"154":{"start":{"line":155,"column":0},"end":{"line":155,"column":32}},"155":{"start":{"line":156,"column":0},"end":{"line":156,"column":13}},"156":{"start":{"line":157,"column":0},"end":{"line":157,"column":9}},"157":{"start":{"line":158,"column":0},"end":{"line":158,"column":7}},"160":{"start":{"line":161,"column":0},"end":{"line":161,"column":70}},"161":{"start":{"line":162,"column":0},"end":{"line":162,"column":70}},"162":{"start":{"line":163,"column":0},"end":{"line":163,"column":70}},"163":{"start":{"line":164,"column":0},"end":{"line":164,"column":7}},"164":{"start":{"line":165,"column":0},"end":{"line":165,"column":2}},"170":{"start":{"line":171,"column":0},"end":{"line":171,"column":37}},"171":{"start":{"line":172,"column":0},"end":{"line":172,"column":42}},"172":{"start":{"line":173,"column":0},"end":{"line":173,"column":31}},"173":{"start":{"line":174,"column":0},"end":{"line":174,"column":3}},"179":{"start":{"line":180,"column":0},"end":{"line":180,"column":44}},"180":{"start":{"line":181,"column":0},"end":{"line":181,"column":25}},"181":{"start":{"line":182,"column":0},"end":{"line":182,"column":29}},"182":{"start":{"line":183,"column":0},"end":{"line":183,"column":3}}},"s":{"0":1,"10":1,"11":1,"12":1,"13":1,"14":1,"15":1,"20":1,"21":1,"22":1,"23":1,"24":1,"25":1,"26":1,"27":1,"28":1,"29":1,"34":1,"35":1,"36":1,"37":1,"43":1,"44":1,"45":1,"46":1,"47":1,"48":1,"49":1,"55":1,"56":1,"57":1,"58":1,"59":1,"60":1,"61":1,"62":1,"63":1,"64":1,"65":1,"66":1,"67":1,"73":1,"74":1,"75":1,"76":1,"77":1,"82":1,"83":1,"84":1,"89":1,"93":1,"100":51,"101":51,"102":51,"103":51,"104":51,"105":51,"106":51,"107":51,"108":19,"109":4,"110":51,"111":1,"112":1,"113":1,"114":1,"115":1,"116":1,"117":1,"118":1,"119":1,"120":1,"121":1,"122":1,"123":51,"129":1,"130":1,"131":1,"132":1,"133":1,"134":1,"135":1,"141":1,"142":1,"143":1,"145":1,"146":17,"147":68,"148":68,"149":20,"150":68,"151":4,"152":4,"153":4,"154":4,"155":4,"156":4,"157":68,"160":17,"161":17,"162":17,"163":1,"164":1,"170":1,"171":1,"172":1,"173":1,"179":1,"180":1,"181":1,"182":1},"branchMap":{"0":{"type":"branch","line":90,"loc":{"start":{"line":90,"column":49},"end":{"line":90,"column":67}},"locations":[{"start":{"line":90,"column":49},"end":{"line":90,"column":67}}]},"1":{"type":"branch","line":101,"loc":{"start":{"line":101,"column":0},"end":{"line":124,"column":1}},"locations":[{"start":{"line":101,"column":0},"end":{"line":124,"column":1}}]},"2":{"type":"branch","line":108,"loc":{"start":{"line":108,"column":29},"end":{"line":109,"column":33}},"locations":[{"start":{"line":108,"column":29},"end":{"line":109,"column":33}}]},"3":{"type":"branch","line":109,"loc":{"start":{"line":109,"column":29},"end":{"line":110,"column":63}},"locations":[{"start":{"line":109,"column":29},"end":{"line":110,"column":63}}]},"4":{"type":"branch","line":111,"loc":{"start":{"line":111,"column":4},"end":{"line":123,"column":3}},"locations":[{"start":{"line":111,"column":4},"end":{"line":123,"column":3}}]},"5":{"type":"branch","line":146,"loc":{"start":{"line":146,"column":17},"end":{"line":164,"column":5}},"locations":[{"start":{"line":146,"column":17},"end":{"line":164,"column":5}}]},"6":{"type":"branch","line":147,"loc":{"start":{"line":147,"column":46},"end":{"line":158,"column":7}},"locations":[{"start":{"line":147,"column":46},"end":{"line":158,"column":7}}]},"7":{"type":"branch","line":149,"loc":{"start":{"line":149,"column":41},"end":{"line":150,"column":41}},"locations":[{"start":{"line":149,"column":41},"end":{"line":150,"column":41}}]},"8":{"type":"branch","line":151,"loc":{"start":{"line":151,"column":10},"end":{"line":157,"column":9}},"locations":[{"start":{"line":151,"column":10},"end":{"line":157,"column":9}}]}},"b":{"0":[16],"1":[51],"2":[19],"3":[4],"4":[1],"5":[17],"6":[68],"7":[20],"8":[4]},"fnMap":{"0":{"name":"validateDifferentTargets","decl":{"start":{"line":101,"column":0},"end":{"line":124,"column":1}},"loc":{"start":{"line":101,"column":0},"end":{"line":124,"column":1}},"line":101}},"f":{"0":51}}
,"/workspaces/21-kintone/packages/ktplug-qrcode-reader/src/components/config/App.tsx": {"path":"/workspaces/21-kintone/packages/ktplug-qrcode-reader/src/components/config/App.tsx","all":false,"statementMap":{"0":{"start":{"line":1,"column":0},"end":{"line":1,"column":8}},"5":{"start":{"line":6,"column":0},"end":{"line":6,"column":54}},"6":{"start":{"line":7,"column":0},"end":{"line":7,"column":8}},"13":{"start":{"line":14,"column":0},"end":{"line":14,"column":8}},"19":{"start":{"line":20,"column":0},"end":{"line":20,"column":53}},"20":{"start":{"line":21,"column":0},"end":{"line":21,"column":62}},"21":{"start":{"line":22,"column":0},"end":{"line":22,"column":30}},"28":{"start":{"line":29,"column":0},"end":{"line":29,"column":59}},"30":{"start":{"line":31,"column":0},"end":{"line":31,"column":41}},"31":{"start":{"line":32,"column":0},"end":{"line":32,"column":39}},"32":{"start":{"line":33,"column":0},"end":{"line":33,"column":7}},"33":{"start":{"line":34,"column":0},"end":{"line":34,"column":4}},"36":{"start":{"line":37,"column":0},"end":{"line":37,"column":59}},"37":{"start":{"line":38,"column":0},"end":{"line":38,"column":69}},"38":{"start":{"line":39,"column":0},"end":{"line":39,"column":65}},"41":{"start":{"line":42,"column":0},"end":{"line":42,"column":41}},"42":{"start":{"line":43,"column":0},"end":{"line":43,"column":29}},"43":{"start":{"line":44,"column":0},"end":{"line":44,"column":73}},"44":{"start":{"line":45,"column":0},"end":{"line":45,"column":5}},"45":{"start":{"line":46,"column":0},"end":{"line":46,"column":49}},"48":{"start":{"line":49,"column":0},"end":{"line":49,"column":46}},"49":{"start":{"line":50,"column":0},"end":{"line":50,"column":40}},"50":{"start":{"line":51,"column":0},"end":{"line":51,"column":41}},"51":{"start":{"line":52,"column":0},"end":{"line":52,"column":16}},"52":{"start":{"line":53,"column":0},"end":{"line":53,"column":40}},"53":{"start":{"line":54,"column":0},"end":{"line":54,"column":41}},"54":{"start":{"line":55,"column":0},"end":{"line":55,"column":16}},"55":{"start":{"line":56,"column":0},"end":{"line":56,"column":40}},"56":{"start":{"line":57,"column":0},"end":{"line":57,"column":41}},"57":{"start":{"line":58,"column":0},"end":{"line":58,"column":16}},"58":{"start":{"line":59,"column":0},"end":{"line":59,"column":36}},"59":{"start":{"line":60,"column":0},"end":{"line":60,"column":37}},"60":{"start":{"line":61,"column":0},"end":{"line":61,"column":16}},"61":{"start":{"line":62,"column":0},"end":{"line":62,"column":41}},"62":{"start":{"line":63,"column":0},"end":{"line":63,"column":45}},"63":{"start":{"line":64,"column":0},"end":{"line":64,"column":4}},"64":{"start":{"line":65,"column":0},"end":{"line":65,"column":62}},"66":{"start":{"line":67,"column":0},"end":{"line":67,"column":19}},"68":{"start":{"line":69,"column":0},"end":{"line":69,"column":41}},"70":{"start":{"line":71,"column":0},"end":{"line":71,"column":72}},"72":{"start":{"line":73,"column":0},"end":{"line":73,"column":78}},"74":{"start":{"line":75,"column":0},"end":{"line":75,"column":61}},"75":{"start":{"line":76,"column":0},"end":{"line":76,"column":27}},"76":{"start":{"line":77,"column":0},"end":{"line":77,"column":15}},"77":{"start":{"line":78,"column":0},"end":{"line":78,"column":19}},"78":{"start":{"line":79,"column":0},"end":{"line":79,"column":20}},"79":{"start":{"line":80,"column":0},"end":{"line":80,"column":20}},"80":{"start":{"line":81,"column":0},"end":{"line":81,"column":26}},"81":{"start":{"line":82,"column":0},"end":{"line":82,"column":23}},"82":{"start":{"line":83,"column":0},"end":{"line":83,"column":17}},"83":{"start":{"line":84,"column":0},"end":{"line":84,"column":23}},"84":{"start":{"line":85,"column":0},"end":{"line":85,"column":20}},"85":{"start":{"line":86,"column":0},"end":{"line":86,"column":9}},"87":{"start":{"line":88,"column":0},"end":{"line":88,"column":68}},"89":{"start":{"line":90,"column":0},"end":{"line":90,"column":34}},"90":{"start":{"line":91,"column":0},"end":{"line":91,"column":24}},"91":{"start":{"line":92,"column":0},"end":{"line":92,"column":30}},"95":{"start":{"line":96,"column":0},"end":{"line":96,"column":20}},"96":{"start":{"line":97,"column":0},"end":{"line":97,"column":6}},"98":{"start":{"line":99,"column":0},"end":{"line":99,"column":22}},"99":{"start":{"line":100,"column":0},"end":{"line":100,"column":49}},"105":{"start":{"line":106,"column":0},"end":{"line":106,"column":61}},"106":{"start":{"line":107,"column":0},"end":{"line":107,"column":35}},"107":{"start":{"line":108,"column":0},"end":{"line":108,"column":41}},"108":{"start":{"line":109,"column":0},"end":{"line":109,"column":69}},"109":{"start":{"line":110,"column":0},"end":{"line":110,"column":7}},"110":{"start":{"line":111,"column":0},"end":{"line":111,"column":4}},"112":{"start":{"line":113,"column":0},"end":{"line":113,"column":10}},"113":{"start":{"line":114,"column":0},"end":{"line":114,"column":46}},"115":{"start":{"line":116,"column":0},"end":{"line":116,"column":17}},"116":{"start":{"line":117,"column":0},"end":{"line":117,"column":58}},"117":{"start":{"line":118,"column":0},"end":{"line":118,"column":32}},"118":{"start":{"line":119,"column":0},"end":{"line":119,"column":32}},"119":{"start":{"line":120,"column":0},"end":{"line":120,"column":25}},"120":{"start":{"line":121,"column":0},"end":{"line":121,"column":51}},"121":{"start":{"line":122,"column":0},"end":{"line":122,"column":34}},"122":{"start":{"line":123,"column":0},"end":{"line":123,"column":12}},"123":{"start":{"line":124,"column":0},"end":{"line":124,"column":28}},"124":{"start":{"line":125,"column":0},"end":{"line":125,"column":32}},"125":{"start":{"line":126,"column":0},"end":{"line":126,"column":28}},"126":{"start":{"line":127,"column":0},"end":{"line":127,"column":63}},"127":{"start":{"line":128,"column":0},"end":{"line":128,"column":31}},"128":{"start":{"line":129,"column":0},"end":{"line":129,"column":28}},"129":{"start":{"line":130,"column":0},"end":{"line":130,"column":20}},"130":{"start":{"line":131,"column":0},"end":{"line":131,"column":12}},"131":{"start":{"line":132,"column":0},"end":{"line":132,"column":18}},"134":{"start":{"line":135,"column":0},"end":{"line":135,"column":12}},"135":{"start":{"line":136,"column":0},"end":{"line":136,"column":53}},"137":{"start":{"line":138,"column":0},"end":{"line":138,"column":26}},"138":{"start":{"line":139,"column":0},"end":{"line":139,"column":28}},"139":{"start":{"line":140,"column":0},"end":{"line":140,"column":22}},"140":{"start":{"line":141,"column":0},"end":{"line":141,"column":48}},"141":{"start":{"line":142,"column":0},"end":{"line":142,"column":28}},"142":{"start":{"line":143,"column":0},"end":{"line":143,"column":41}},"143":{"start":{"line":144,"column":0},"end":{"line":144,"column":8}},"144":{"start":{"line":145,"column":0},"end":{"line":145,"column":29}},"145":{"start":{"line":146,"column":0},"end":{"line":146,"column":17}},"146":{"start":{"line":147,"column":0},"end":{"line":147,"column":59}},"148":{"start":{"line":149,"column":0},"end":{"line":149,"column":28}},"149":{"start":{"line":150,"column":0},"end":{"line":150,"column":32}},"150":{"start":{"line":151,"column":0},"end":{"line":151,"column":23}},"151":{"start":{"line":152,"column":0},"end":{"line":152,"column":49}},"152":{"start":{"line":153,"column":0},"end":{"line":153,"column":52}},"153":{"start":{"line":154,"column":0},"end":{"line":154,"column":31}},"154":{"start":{"line":155,"column":0},"end":{"line":155,"column":20}},"155":{"start":{"line":156,"column":0},"end":{"line":156,"column":12}},"157":{"start":{"line":158,"column":0},"end":{"line":158,"column":32}},"158":{"start":{"line":159,"column":0},"end":{"line":159,"column":32}},"159":{"start":{"line":160,"column":0},"end":{"line":160,"column":26}},"160":{"start":{"line":161,"column":0},"end":{"line":161,"column":126}},"161":{"start":{"line":162,"column":0},"end":{"line":162,"column":53}},"162":{"start":{"line":163,"column":0},"end":{"line":163,"column":37}},"163":{"start":{"line":164,"column":0},"end":{"line":164,"column":12}},"164":{"start":{"line":165,"column":0},"end":{"line":165,"column":18}},"167":{"start":{"line":168,"column":0},"end":{"line":168,"column":29}},"168":{"start":{"line":169,"column":0},"end":{"line":169,"column":17}},"169":{"start":{"line":170,"column":0},"end":{"line":170,"column":59}},"171":{"start":{"line":172,"column":0},"end":{"line":172,"column":28}},"172":{"start":{"line":173,"column":0},"end":{"line":173,"column":32}},"173":{"start":{"line":174,"column":0},"end":{"line":174,"column":23}},"174":{"start":{"line":175,"column":0},"end":{"line":175,"column":49}},"175":{"start":{"line":176,"column":0},"end":{"line":176,"column":52}},"176":{"start":{"line":177,"column":0},"end":{"line":177,"column":31}},"177":{"start":{"line":178,"column":0},"end":{"line":178,"column":20}},"178":{"start":{"line":179,"column":0},"end":{"line":179,"column":12}},"180":{"start":{"line":181,"column":0},"end":{"line":181,"column":37}},"181":{"start":{"line":182,"column":0},"end":{"line":182,"column":32}},"182":{"start":{"line":183,"column":0},"end":{"line":183,"column":28}},"183":{"start":{"line":184,"column":0},"end":{"line":184,"column":73}},"184":{"start":{"line":185,"column":0},"end":{"line":185,"column":36}},"185":{"start":{"line":186,"column":0},"end":{"line":186,"column":49}},"186":{"start":{"line":187,"column":0},"end":{"line":187,"column":12}},"188":{"start":{"line":189,"column":0},"end":{"line":189,"column":27}},"189":{"start":{"line":190,"column":0},"end":{"line":190,"column":34}},"190":{"start":{"line":191,"column":0},"end":{"line":191,"column":34}},"191":{"start":{"line":192,"column":0},"end":{"line":192,"column":36}},"192":{"start":{"line":193,"column":0},"end":{"line":193,"column":128}},"193":{"start":{"line":194,"column":0},"end":{"line":194,"column":69}},"194":{"start":{"line":195,"column":0},"end":{"line":195,"column":39}},"195":{"start":{"line":196,"column":0},"end":{"line":196,"column":14}},"198":{"start":{"line":199,"column":0},"end":{"line":199,"column":37}},"199":{"start":{"line":200,"column":0},"end":{"line":200,"column":32}},"200":{"start":{"line":201,"column":0},"end":{"line":201,"column":28}},"201":{"start":{"line":202,"column":0},"end":{"line":202,"column":57}},"202":{"start":{"line":203,"column":0},"end":{"line":203,"column":32}},"203":{"start":{"line":204,"column":0},"end":{"line":204,"column":57}},"204":{"start":{"line":205,"column":0},"end":{"line":205,"column":12}},"206":{"start":{"line":207,"column":0},"end":{"line":207,"column":40}},"207":{"start":{"line":208,"column":0},"end":{"line":208,"column":29}},"208":{"start":{"line":209,"column":0},"end":{"line":209,"column":34}},"209":{"start":{"line":210,"column":0},"end":{"line":210,"column":27}},"210":{"start":{"line":211,"column":0},"end":{"line":211,"column":176}},"211":{"start":{"line":212,"column":0},"end":{"line":212,"column":56}},"212":{"start":{"line":213,"column":0},"end":{"line":213,"column":53}},"213":{"start":{"line":214,"column":0},"end":{"line":214,"column":27}},"214":{"start":{"line":215,"column":0},"end":{"line":215,"column":17}},"215":{"start":{"line":216,"column":0},"end":{"line":216,"column":33}},"216":{"start":{"line":217,"column":0},"end":{"line":217,"column":31}},"217":{"start":{"line":218,"column":0},"end":{"line":218,"column":36}},"218":{"start":{"line":219,"column":0},"end":{"line":219,"column":34}},"219":{"start":{"line":220,"column":0},"end":{"line":220,"column":18}},"220":{"start":{"line":221,"column":0},"end":{"line":221,"column":17}},"221":{"start":{"line":222,"column":0},"end":{"line":222,"column":37}},"222":{"start":{"line":223,"column":0},"end":{"line":223,"column":31}},"223":{"start":{"line":224,"column":0},"end":{"line":224,"column":31}},"224":{"start":{"line":225,"column":0},"end":{"line":225,"column":26}},"225":{"start":{"line":226,"column":0},"end":{"line":226,"column":34}},"226":{"start":{"line":227,"column":0},"end":{"line":227,"column":20}},"227":{"start":{"line":228,"column":0},"end":{"line":228,"column":18}},"228":{"start":{"line":229,"column":0},"end":{"line":229,"column":16}},"229":{"start":{"line":230,"column":0},"end":{"line":230,"column":14}},"231":{"start":{"line":232,"column":0},"end":{"line":232,"column":18}},"234":{"start":{"line":235,"column":0},"end":{"line":235,"column":29}},"235":{"start":{"line":236,"column":0},"end":{"line":236,"column":17}},"236":{"start":{"line":237,"column":0},"end":{"line":237,"column":59}},"238":{"start":{"line":239,"column":0},"end":{"line":239,"column":28}},"239":{"start":{"line":240,"column":0},"end":{"line":240,"column":32}},"240":{"start":{"line":241,"column":0},"end":{"line":241,"column":23}},"241":{"start":{"line":242,"column":0},"end":{"line":242,"column":49}},"242":{"start":{"line":243,"column":0},"end":{"line":243,"column":52}},"243":{"start":{"line":244,"column":0},"end":{"line":244,"column":31}},"244":{"start":{"line":245,"column":0},"end":{"line":245,"column":20}},"245":{"start":{"line":246,"column":0},"end":{"line":246,"column":12}},"247":{"start":{"line":248,"column":0},"end":{"line":248,"column":32}},"248":{"start":{"line":249,"column":0},"end":{"line":249,"column":32}},"249":{"start":{"line":250,"column":0},"end":{"line":250,"column":26}},"250":{"start":{"line":251,"column":0},"end":{"line":251,"column":126}},"251":{"start":{"line":252,"column":0},"end":{"line":252,"column":53}},"252":{"start":{"line":253,"column":0},"end":{"line":253,"column":37}},"253":{"start":{"line":254,"column":0},"end":{"line":254,"column":12}},"255":{"start":{"line":256,"column":0},"end":{"line":256,"column":27}},"256":{"start":{"line":257,"column":0},"end":{"line":257,"column":32}},"257":{"start":{"line":258,"column":0},"end":{"line":258,"column":23}},"258":{"start":{"line":259,"column":0},"end":{"line":259,"column":174}},"259":{"start":{"line":260,"column":0},"end":{"line":260,"column":50}},"260":{"start":{"line":261,"column":0},"end":{"line":261,"column":51}},"261":{"start":{"line":262,"column":0},"end":{"line":262,"column":25}},"262":{"start":{"line":263,"column":0},"end":{"line":263,"column":15}},"263":{"start":{"line":264,"column":0},"end":{"line":264,"column":31}},"264":{"start":{"line":265,"column":0},"end":{"line":265,"column":29}},"265":{"start":{"line":266,"column":0},"end":{"line":266,"column":34}},"266":{"start":{"line":267,"column":0},"end":{"line":267,"column":32}},"267":{"start":{"line":268,"column":0},"end":{"line":268,"column":16}},"268":{"start":{"line":269,"column":0},"end":{"line":269,"column":15}},"269":{"start":{"line":270,"column":0},"end":{"line":270,"column":35}},"270":{"start":{"line":271,"column":0},"end":{"line":271,"column":29}},"271":{"start":{"line":272,"column":0},"end":{"line":272,"column":29}},"272":{"start":{"line":273,"column":0},"end":{"line":273,"column":41}},"273":{"start":{"line":274,"column":0},"end":{"line":274,"column":16}},"274":{"start":{"line":275,"column":0},"end":{"line":275,"column":14}},"275":{"start":{"line":276,"column":0},"end":{"line":276,"column":12}},"276":{"start":{"line":277,"column":0},"end":{"line":277,"column":18}},"279":{"start":{"line":280,"column":0},"end":{"line":280,"column":25}},"280":{"start":{"line":281,"column":0},"end":{"line":281,"column":17}},"281":{"start":{"line":282,"column":0},"end":{"line":282,"column":57}},"283":{"start":{"line":284,"column":0},"end":{"line":284,"column":28}},"284":{"start":{"line":285,"column":0},"end":{"line":285,"column":32}},"285":{"start":{"line":286,"column":0},"end":{"line":286,"column":36}},"286":{"start":{"line":287,"column":0},"end":{"line":287,"column":63}},"287":{"start":{"line":288,"column":0},"end":{"line":288,"column":39}},"288":{"start":{"line":289,"column":0},"end":{"line":289,"column":33}},"289":{"start":{"line":290,"column":0},"end":{"line":290,"column":20}},"290":{"start":{"line":291,"column":0},"end":{"line":291,"column":12}},"291":{"start":{"line":292,"column":0},"end":{"line":292,"column":18}},"294":{"start":{"line":295,"column":0},"end":{"line":295,"column":12}},"295":{"start":{"line":296,"column":0},"end":{"line":296,"column":47}},"296":{"start":{"line":297,"column":0},"end":{"line":297,"column":21}},"297":{"start":{"line":298,"column":0},"end":{"line":298,"column":21}},"298":{"start":{"line":299,"column":0},"end":{"line":299,"column":21}},"299":{"start":{"line":300,"column":0},"end":{"line":300,"column":8}},"300":{"start":{"line":301,"column":0},"end":{"line":301,"column":11}},"302":{"start":{"line":303,"column":0},"end":{"line":303,"column":1}}},"s":{"0":1,"5":1,"6":1,"13":1,"19":1,"20":1,"21":1,"28":1,"30":22,"31":22,"32":22,"33":22,"36":22,"37":22,"38":22,"41":22,"42":22,"43":22,"44":22,"45":22,"48":22,"49":22,"50":12,"51":10,"52":22,"53":12,"54":10,"55":22,"56":12,"57":10,"58":22,"59":12,"60":10,"61":22,"62":22,"63":22,"64":22,"66":22,"68":9,"70":9,"72":9,"74":9,"75":9,"76":9,"77":9,"78":9,"79":9,"80":9,"81":9,"82":9,"83":9,"84":9,"85":9,"87":9,"89":9,"90":9,"91":9,"95":9,"96":9,"98":9,"99":22,"105":22,"106":1,"107":1,"108":1,"109":1,"110":1,"112":22,"113":22,"115":22,"116":22,"117":22,"118":22,"119":22,"120":22,"121":22,"122":22,"123":22,"124":22,"125":22,"126":22,"127":22,"128":22,"129":22,"130":22,"131":22,"134":22,"135":22,"137":22,"138":22,"139":22,"140":22,"141":22,"142":22,"143":22,"144":22,"145":1,"146":1,"148":1,"149":1,"150":1,"151":1,"152":1,"153":1,"154":1,"155":1,"157":1,"158":1,"159":1,"160":1,"161":1,"162":1,"163":1,"164":1,"167":22,"168":5,"169":5,"171":5,"172":5,"173":5,"174":5,"175":5,"176":5,"177":5,"178":5,"180":5,"181":5,"182":5,"183":5,"184":5,"185":5,"186":5,"188":5,"189":1,"190":1,"191":1,"192":1,"193":1,"194":1,"195":1,"198":5,"199":5,"200":5,"201":5,"202":5,"203":5,"204":5,"206":5,"207":3,"208":3,"209":3,"210":3,"211":3,"212":3,"213":3,"214":3,"215":3,"216":3,"217":3,"218":3,"219":3,"220":3,"221":3,"222":3,"223":3,"224":3,"225":3,"226":3,"227":3,"228":3,"229":3,"231":5,"234":22,"235":1,"236":1,"238":1,"239":1,"240":1,"241":1,"242":1,"243":1,"244":1,"245":1,"247":1,"248":1,"249":1,"250":1,"251":1,"252":1,"253":1,"255":1,"256":1,"257":1,"258":1,"259":1,"260":1,"261":1,"262":1,"263":1,"264":1,"265":1,"266":1,"267":1,"268":1,"269":1,"270":1,"271":1,"272":1,"273":1,"274":1,"275":1,"276":1,"279":22,"280":4,"281":4,"283":4,"284":4,"285":4,"286":4,"287":4,"288":4,"289":4,"290":4,"291":4,"294":22,"295":22,"296":22,"297":22,"298":22,"299":22,"300":22,"302":22},"branchMap":{"0":{"type":"branch","line":29,"loc":{"start":{"line":29,"column":7},"end":{"line":303,"column":1}},"locations":[{"start":{"line":29,"column":7},"end":{"line":303,"column":1}}]},"1":{"type":"branch","line":50,"loc":{"start":{"line":50,"column":28},"end":{"line":51,"column":41}},"locations":[{"start":{"line":50,"column":28},"end":{"line":51,"column":41}}]},"2":{"type":"branch","line":51,"loc":{"start":{"line":51,"column":40},"end":{"line":52,"column":16}},"locations":[{"start":{"line":51,"column":40},"end":{"line":52,"column":16}}]},"3":{"type":"branch","line":53,"loc":{"start":{"line":53,"column":28},"end":{"line":54,"column":41}},"locations":[{"start":{"line":53,"column":28},"end":{"line":54,"column":41}}]},"4":{"type":"branch","line":54,"loc":{"start":{"line":54,"column":40},"end":{"line":55,"column":16}},"locations":[{"start":{"line":54,"column":40},"end":{"line":55,"column":16}}]},"5":{"type":"branch","line":56,"loc":{"start":{"line":56,"column":28},"end":{"line":57,"column":41}},"locations":[{"start":{"line":56,"column":28},"end":{"line":57,"column":41}}]},"6":{"type":"branch","line":57,"loc":{"start":{"line":57,"column":40},"end":{"line":58,"column":16}},"locations":[{"start":{"line":57,"column":40},"end":{"line":58,"column":16}}]},"7":{"type":"branch","line":59,"loc":{"start":{"line":59,"column":24},"end":{"line":60,"column":37}},"locations":[{"start":{"line":59,"column":24},"end":{"line":60,"column":37}}]},"8":{"type":"branch","line":60,"loc":{"start":{"line":60,"column":36},"end":{"line":61,"column":16}},"locations":[{"start":{"line":60,"column":36},"end":{"line":61,"column":16}}]},"9":{"type":"branch","line":145,"loc":{"start":{"line":145,"column":7},"end":{"line":165,"column":18}},"locations":[{"start":{"line":145,"column":7},"end":{"line":165,"column":18}}]},"10":{"type":"branch","line":168,"loc":{"start":{"line":168,"column":7},"end":{"line":232,"column":18}},"locations":[{"start":{"line":168,"column":7},"end":{"line":232,"column":18}}]},"11":{"type":"branch","line":189,"loc":{"start":{"line":189,"column":11},"end":{"line":196,"column":14}},"locations":[{"start":{"line":189,"column":11},"end":{"line":196,"column":14}}]},"12":{"type":"branch","line":207,"loc":{"start":{"line":207,"column":11},"end":{"line":230,"column":14}},"locations":[{"start":{"line":207,"column":11},"end":{"line":230,"column":14}}]},"13":{"type":"branch","line":235,"loc":{"start":{"line":235,"column":7},"end":{"line":277,"column":18}},"locations":[{"start":{"line":235,"column":7},"end":{"line":277,"column":18}}]},"14":{"type":"branch","line":280,"loc":{"start":{"line":280,"column":7},"end":{"line":292,"column":18}},"locations":[{"start":{"line":280,"column":7},"end":{"line":292,"column":18}}]},"15":{"type":"branch","line":32,"loc":{"start":{"line":32,"column":4},"end":{"line":32,"column":39}},"locations":[{"start":{"line":32,"column":4},"end":{"line":32,"column":39}}]},"16":{"type":"branch","line":67,"loc":{"start":{"line":67,"column":12},"end":{"line":100,"column":5}},"locations":[{"start":{"line":67,"column":12},"end":{"line":100,"column":5}}]},"17":{"type":"branch","line":69,"loc":{"start":{"line":69,"column":28},"end":{"line":97,"column":6}},"locations":[{"start":{"line":69,"column":28},"end":{"line":97,"column":6}}]},"18":{"type":"branch","line":106,"loc":{"start":{"line":106,"column":50},"end":{"line":111,"column":4}},"locations":[{"start":{"line":106,"column":50},"end":{"line":111,"column":4}}]},"19":{"type":"branch","line":107,"loc":{"start":{"line":107,"column":28},"end":{"line":110,"column":5}},"locations":[{"start":{"line":107,"column":28},"end":{"line":110,"column":5}}]}},"b":{"0":[22],"1":[12],"2":[10],"3":[12],"4":[10],"5":[12],"6":[10],"7":[12],"8":[10],"9":[1],"10":[5],"11":[1],"12":[3],"13":[1],"14":[4],"15":[9],"16":[9],"17":[9],"18":[1],"19":[1]},"fnMap":{"0":{"name":"App","decl":{"start":{"line":29,"column":7},"end":{"line":303,"column":1}},"loc":{"start":{"line":29,"column":7},"end":{"line":303,"column":1}},"line":29},"1":{"name":"fetchFieldsInfo","decl":{"start":{"line":69,"column":28},"end":{"line":97,"column":6}},"loc":{"start":{"line":69,"column":28},"end":{"line":97,"column":6}},"line":69},"2":{"name":"saveConfig","decl":{"start":{"line":106,"column":50},"end":{"line":111,"column":4}},"loc":{"start":{"line":106,"column":50},"end":{"line":111,"column":4}},"line":106}},"f":{"0":22,"1":9,"2":1}}
,"/workspaces/21-kintone/packages/ktplug-qrcode-reader/src/components/customize/App.tsx": {"path":"/workspaces/21-kintone/packages/ktplug-qrcode-reader/src/components/customize/App.tsx","all":false,"statementMap":{"1":{"start":{"line":2,"column":0},"end":{"line":2,"column":8}},"5":{"start":{"line":6,"column":0},"end":{"line":6,"column":71}},"6":{"start":{"line":7,"column":0},"end":{"line":7,"column":59}},"13":{"start":{"line":14,"column":0},"end":{"line":14,"column":65}},"19":{"start":{"line":20,"column":0},"end":{"line":20,"column":59}},"20":{"start":{"line":21,"column":0},"end":{"line":21,"column":44}},"21":{"start":{"line":22,"column":0},"end":{"line":22,"column":42}},"23":{"start":{"line":24,"column":0},"end":{"line":24,"column":63}},"24":{"start":{"line":25,"column":0},"end":{"line":25,"column":45}},"25":{"start":{"line":26,"column":0},"end":{"line":26,"column":5}},"27":{"start":{"line":28,"column":0},"end":{"line":28,"column":35}},"28":{"start":{"line":29,"column":0},"end":{"line":29,"column":4}},"30":{"start":{"line":31,"column":0},"end":{"line":31,"column":10}},"31":{"start":{"line":32,"column":0},"end":{"line":32,"column":35}},"32":{"start":{"line":33,"column":0},"end":{"line":33,"column":15}},"33":{"start":{"line":34,"column":0},"end":{"line":34,"column":50}},"34":{"start":{"line":35,"column":0},"end":{"line":35,"column":42}},"35":{"start":{"line":36,"column":0},"end":{"line":36,"column":55}},"36":{"start":{"line":37,"column":0},"end":{"line":37,"column":10}},"37":{"start":{"line":38,"column":0},"end":{"line":38,"column":25}},"38":{"start":{"line":39,"column":0},"end":{"line":39,"column":8}},"39":{"start":{"line":40,"column":0},"end":{"line":40,"column":10}},"41":{"start":{"line":42,"column":0},"end":{"line":42,"column":1}},"53":{"start":{"line":54,"column":0},"end":{"line":54,"column":26}},"54":{"start":{"line":55,"column":0},"end":{"line":55,"column":9}},"55":{"start":{"line":56,"column":0},"end":{"line":56,"column":7}},"56":{"start":{"line":57,"column":0},"end":{"line":57,"column":47}},"57":{"start":{"line":58,"column":0},"end":{"line":58,"column":57}},"58":{"start":{"line":59,"column":0},"end":{"line":59,"column":36}},"59":{"start":{"line":60,"column":0},"end":{"line":60,"column":47}},"61":{"start":{"line":62,"column":0},"end":{"line":62,"column":19}},"62":{"start":{"line":63,"column":0},"end":{"line":63,"column":20}},"63":{"start":{"line":64,"column":0},"end":{"line":64,"column":47}},"64":{"start":{"line":65,"column":0},"end":{"line":65,"column":14}},"65":{"start":{"line":66,"column":0},"end":{"line":66,"column":20}},"66":{"start":{"line":67,"column":0},"end":{"line":67,"column":47}},"67":{"start":{"line":68,"column":0},"end":{"line":68,"column":14}},"68":{"start":{"line":69,"column":0},"end":{"line":69,"column":20}},"69":{"start":{"line":70,"column":0},"end":{"line":70,"column":47}},"70":{"start":{"line":71,"column":0},"end":{"line":71,"column":14}},"71":{"start":{"line":72,"column":0},"end":{"line":72,"column":14}},"73":{"start":{"line":74,"column":0},"end":{"line":74,"column":29}},"74":{"start":{"line":75,"column":0},"end":{"line":75,"column":52}},"75":{"start":{"line":76,"column":0},"end":{"line":76,"column":5}},"76":{"start":{"line":77,"column":0},"end":{"line":77,"column":4}},"78":{"start":{"line":79,"column":0},"end":{"line":79,"column":10}},"79":{"start":{"line":80,"column":0},"end":{"line":80,"column":35}},"80":{"start":{"line":81,"column":0},"end":{"line":81,"column":15}},"81":{"start":{"line":82,"column":0},"end":{"line":82,"column":23}},"82":{"start":{"line":83,"column":0},"end":{"line":83,"column":50}},"83":{"start":{"line":84,"column":0},"end":{"line":84,"column":24}},"84":{"start":{"line":85,"column":0},"end":{"line":85,"column":8}},"85":{"start":{"line":86,"column":0},"end":{"line":86,"column":10}},"87":{"start":{"line":88,"column":0},"end":{"line":88,"column":1}},"95":{"start":{"line":96,"column":0},"end":{"line":96,"column":79}},"96":{"start":{"line":97,"column":0},"end":{"line":97,"column":66}},"98":{"start":{"line":99,"column":0},"end":{"line":99,"column":60}},"99":{"start":{"line":100,"column":0},"end":{"line":100,"column":25}},"101":{"start":{"line":102,"column":0},"end":{"line":102,"column":44}},"104":{"start":{"line":105,"column":0},"end":{"line":105,"column":46}},"106":{"start":{"line":107,"column":0},"end":{"line":107,"column":27}},"107":{"start":{"line":108,"column":0},"end":{"line":108,"column":62}},"108":{"start":{"line":109,"column":0},"end":{"line":109,"column":113}},"109":{"start":{"line":110,"column":0},"end":{"line":110,"column":58}},"113":{"start":{"line":114,"column":0},"end":{"line":114,"column":7}},"114":{"start":{"line":115,"column":0},"end":{"line":115,"column":10}},"115":{"start":{"line":116,"column":0},"end":{"line":116,"column":12}},"116":{"start":{"line":117,"column":0},"end":{"line":117,"column":7}},"119":{"start":{"line":120,"column":0},"end":{"line":120,"column":44}},"120":{"start":{"line":121,"column":0},"end":{"line":121,"column":43}},"121":{"start":{"line":122,"column":0},"end":{"line":122,"column":13}},"122":{"start":{"line":123,"column":0},"end":{"line":123,"column":5}},"123":{"start":{"line":124,"column":0},"end":{"line":124,"column":3}},"125":{"start":{"line":126,"column":0},"end":{"line":126,"column":35}},"126":{"start":{"line":127,"column":0},"end":{"line":127,"column":55}},"127":{"start":{"line":128,"column":0},"end":{"line":128,"column":6}},"128":{"start":{"line":129,"column":0},"end":{"line":129,"column":53}},"129":{"start":{"line":130,"column":0},"end":{"line":130,"column":46}},"130":{"start":{"line":131,"column":0},"end":{"line":131,"column":5}},"131":{"start":{"line":132,"column":0},"end":{"line":132,"column":79}},"132":{"start":{"line":133,"column":0},"end":{"line":133,"column":72}},"133":{"start":{"line":134,"column":0},"end":{"line":134,"column":5}},"134":{"start":{"line":135,"column":0},"end":{"line":135,"column":3}},"135":{"start":{"line":136,"column":0},"end":{"line":136,"column":49}},"137":{"start":{"line":138,"column":0},"end":{"line":138,"column":18}},"139":{"start":{"line":140,"column":0},"end":{"line":140,"column":27}},"140":{"start":{"line":141,"column":0},"end":{"line":141,"column":1}},"148":{"start":{"line":149,"column":0},"end":{"line":149,"column":79}},"149":{"start":{"line":150,"column":0},"end":{"line":150,"column":66}},"151":{"start":{"line":152,"column":0},"end":{"line":152,"column":60}},"152":{"start":{"line":153,"column":0},"end":{"line":153,"column":25}},"154":{"start":{"line":155,"column":0},"end":{"line":155,"column":44}},"157":{"start":{"line":158,"column":0},"end":{"line":158,"column":68}},"158":{"start":{"line":159,"column":0},"end":{"line":159,"column":111}},"159":{"start":{"line":160,"column":0},"end":{"line":160,"column":56}},"164":{"start":{"line":165,"column":0},"end":{"line":165,"column":5}},"165":{"start":{"line":166,"column":0},"end":{"line":166,"column":8}},"166":{"start":{"line":167,"column":0},"end":{"line":167,"column":10}},"167":{"start":{"line":168,"column":0},"end":{"line":168,"column":5}},"170":{"start":{"line":171,"column":0},"end":{"line":171,"column":44}},"171":{"start":{"line":172,"column":0},"end":{"line":172,"column":43}},"172":{"start":{"line":173,"column":0},"end":{"line":173,"column":11}},"173":{"start":{"line":174,"column":0},"end":{"line":174,"column":3}},"174":{"start":{"line":175,"column":0},"end":{"line":175,"column":42}},"175":{"start":{"line":176,"column":0},"end":{"line":176,"column":50}},"176":{"start":{"line":177,"column":0},"end":{"line":177,"column":11}},"177":{"start":{"line":178,"column":0},"end":{"line":178,"column":3}},"178":{"start":{"line":179,"column":0},"end":{"line":179,"column":50}},"181":{"start":{"line":182,"column":0},"end":{"line":182,"column":35}},"182":{"start":{"line":183,"column":0},"end":{"line":183,"column":69}},"183":{"start":{"line":184,"column":0},"end":{"line":184,"column":62}},"184":{"start":{"line":185,"column":0},"end":{"line":185,"column":3}},"185":{"start":{"line":186,"column":0},"end":{"line":186,"column":7}},"186":{"start":{"line":187,"column":0},"end":{"line":187,"column":38}},"187":{"start":{"line":188,"column":0},"end":{"line":188,"column":10}},"188":{"start":{"line":189,"column":0},"end":{"line":189,"column":34}},"189":{"start":{"line":190,"column":0},"end":{"line":190,"column":46}},"190":{"start":{"line":191,"column":0},"end":{"line":191,"column":21}},"191":{"start":{"line":192,"column":0},"end":{"line":192,"column":7}},"192":{"start":{"line":193,"column":0},"end":{"line":193,"column":15}},"193":{"start":{"line":194,"column":0},"end":{"line":194,"column":10}},"194":{"start":{"line":195,"column":0},"end":{"line":195,"column":72}},"195":{"start":{"line":196,"column":0},"end":{"line":196,"column":6}},"196":{"start":{"line":197,"column":0},"end":{"line":197,"column":11}},"197":{"start":{"line":198,"column":0},"end":{"line":198,"column":3}},"199":{"start":{"line":200,"column":0},"end":{"line":200,"column":18}},"201":{"start":{"line":202,"column":0},"end":{"line":202,"column":27}},"202":{"start":{"line":203,"column":0},"end":{"line":203,"column":1}},"210":{"start":{"line":211,"column":0},"end":{"line":211,"column":79}},"211":{"start":{"line":212,"column":0},"end":{"line":212,"column":66}},"213":{"start":{"line":214,"column":0},"end":{"line":214,"column":44}},"216":{"start":{"line":217,"column":0},"end":{"line":217,"column":68}},"217":{"start":{"line":218,"column":0},"end":{"line":218,"column":111}},"218":{"start":{"line":219,"column":0},"end":{"line":219,"column":56}},"222":{"start":{"line":223,"column":0},"end":{"line":223,"column":5}},"223":{"start":{"line":224,"column":0},"end":{"line":224,"column":8}},"224":{"start":{"line":225,"column":0},"end":{"line":225,"column":10}},"225":{"start":{"line":226,"column":0},"end":{"line":226,"column":5}},"228":{"start":{"line":229,"column":0},"end":{"line":229,"column":44}},"229":{"start":{"line":230,"column":0},"end":{"line":230,"column":43}},"230":{"start":{"line":231,"column":0},"end":{"line":231,"column":11}},"231":{"start":{"line":232,"column":0},"end":{"line":232,"column":3}},"232":{"start":{"line":233,"column":0},"end":{"line":233,"column":42}},"233":{"start":{"line":234,"column":0},"end":{"line":234,"column":10}},"234":{"start":{"line":235,"column":0},"end":{"line":235,"column":52}},"235":{"start":{"line":236,"column":0},"end":{"line":236,"column":6}},"236":{"start":{"line":237,"column":0},"end":{"line":237,"column":11}},"237":{"start":{"line":238,"column":0},"end":{"line":238,"column":3}},"240":{"start":{"line":241,"column":0},"end":{"line":241,"column":50}},"241":{"start":{"line":242,"column":0},"end":{"line":242,"column":38}},"242":{"start":{"line":243,"column":0},"end":{"line":243,"column":17}},"243":{"start":{"line":244,"column":0},"end":{"line":244,"column":8}},"244":{"start":{"line":245,"column":0},"end":{"line":245,"column":38}},"245":{"start":{"line":246,"column":0},"end":{"line":246,"column":5}},"246":{"start":{"line":247,"column":0},"end":{"line":247,"column":32}},"247":{"start":{"line":248,"column":0},"end":{"line":248,"column":1}}},"s":{"1":1,"5":1,"6":1,"13":1,"19":2,"20":2,"21":2,"23":2,"24":1,"25":1,"27":2,"28":2,"30":2,"31":2,"32":2,"33":2,"34":2,"35":2,"36":2,"37":2,"38":2,"39":2,"41":2,"53":1,"54":22,"55":22,"56":22,"57":22,"58":22,"59":22,"61":21,"62":22,"63":8,"64":7,"65":22,"66":7,"67":6,"68":22,"69":5,"70":4,"71":22,"73":1,"74":1,"75":22,"76":22,"78":22,"79":22,"80":22,"81":22,"82":22,"83":22,"84":22,"85":22,"87":22,"95":8,"96":8,"98":7,"99":7,"101":6,"104":8,"106":4,"107":4,"108":4,"109":4,"113":4,"114":4,"115":4,"116":4,"119":4,"120":1,"121":1,"122":1,"123":4,"125":5,"126":5,"127":5,"128":5,"129":1,"130":8,"131":1,"132":2,"133":2,"134":1,"135":5,"137":5,"139":5,"140":5,"148":7,"149":7,"151":6,"152":6,"154":5,"157":5,"158":7,"159":7,"164":7,"165":7,"166":7,"167":7,"170":7,"171":1,"172":1,"173":1,"174":7,"175":1,"176":1,"177":1,"178":3,"181":3,"182":7,"183":5,"184":5,"185":3,"186":3,"187":3,"188":3,"189":3,"190":3,"191":3,"192":7,"193":1,"194":1,"195":1,"196":1,"197":1,"199":2,"201":2,"202":2,"210":5,"211":5,"213":4,"216":4,"217":5,"218":5,"222":5,"223":5,"224":5,"225":5,"228":5,"229":1,"230":1,"231":1,"232":5,"233":1,"234":1,"235":1,"236":1,"237":1,"240":2,"241":2,"242":2,"243":2,"244":2,"245":2,"246":2,"247":2},"branchMap":{"0":{"type":"branch","line":14,"loc":{"start":{"line":14,"column":7},"end":{"line":42,"column":1}},"locations":[{"start":{"line":14,"column":7},"end":{"line":42,"column":1}}]},"1":{"type":"branch","line":20,"loc":{"start":{"line":20,"column":21},"end":{"line":29,"column":4}},"locations":[{"start":{"line":20,"column":21},"end":{"line":29,"column":4}}]},"2":{"type":"branch","line":24,"loc":{"start":{"line":24,"column":62},"end":{"line":26,"column":5}},"locations":[{"start":{"line":24,"column":62},"end":{"line":26,"column":5}}]},"3":{"type":"branch","line":35,"loc":{"start":{"line":35,"column":16},"end":{"line":37,"column":10}},"locations":[{"start":{"line":35,"column":16},"end":{"line":37,"column":10}}]},"4":{"type":"branch","line":54,"loc":{"start":{"line":54,"column":7},"end":{"line":88,"column":1}},"locations":[{"start":{"line":54,"column":7},"end":{"line":88,"column":1}}]},"5":{"type":"branch","line":58,"loc":{"start":{"line":58,"column":33},"end":{"line":77,"column":4}},"locations":[{"start":{"line":58,"column":33},"end":{"line":77,"column":4}}]},"6":{"type":"branch","line":60,"loc":{"start":{"line":60,"column":14},"end":{"line":60,"column":47}},"locations":[{"start":{"line":60,"column":14},"end":{"line":60,"column":47}}]},"7":{"type":"branch","line":60,"loc":{"start":{"line":60,"column":45},"end":{"line":62,"column":19}},"locations":[{"start":{"line":60,"column":45},"end":{"line":62,"column":19}}]},"8":{"type":"branch","line":63,"loc":{"start":{"line":63,"column":6},"end":{"line":65,"column":14}},"locations":[{"start":{"line":63,"column":6},"end":{"line":65,"column":14}}]},"9":{"type":"branch","line":64,"loc":{"start":{"line":64,"column":45},"end":{"line":65,"column":14}},"locations":[{"start":{"line":64,"column":45},"end":{"line":65,"column":14}}]},"10":{"type":"branch","line":66,"loc":{"start":{"line":66,"column":6},"end":{"line":68,"column":14}},"locations":[{"start":{"line":66,"column":6},"end":{"line":68,"column":14}}]},"11":{"type":"branch","line":67,"loc":{"start":{"line":67,"column":45},"end":{"line":68,"column":14}},"locations":[{"start":{"line":67,"column":45},"end":{"line":68,"column":14}}]},"12":{"type":"branch","line":69,"loc":{"start":{"line":69,"column":6},"end":{"line":71,"column":14}},"locations":[{"start":{"line":69,"column":6},"end":{"line":71,"column":14}}]},"13":{"type":"branch","line":70,"loc":{"start":{"line":70,"column":45},"end":{"line":71,"column":14}},"locations":[{"start":{"line":70,"column":45},"end":{"line":71,"column":14}}]},"14":{"type":"branch","line":72,"loc":{"start":{"line":72,"column":6},"end":{"line":75,"column":52}},"locations":[{"start":{"line":72,"column":6},"end":{"line":75,"column":52}}]},"15":{"type":"branch","line":96,"loc":{"start":{"line":96,"column":0},"end":{"line":141,"column":1}},"locations":[{"start":{"line":96,"column":0},"end":{"line":141,"column":1}}]},"16":{"type":"branch","line":97,"loc":{"start":{"line":97,"column":34},"end":{"line":97,"column":66}},"locations":[{"start":{"line":97,"column":34},"end":{"line":97,"column":66}}]},"17":{"type":"branch","line":97,"loc":{"start":{"line":97,"column":64},"end":{"line":100,"column":25}},"locations":[{"start":{"line":97,"column":64},"end":{"line":100,"column":25}}]},"18":{"type":"branch","line":100,"loc":{"start":{"line":100,"column":18},"end":{"line":100,"column":25}},"locations":[{"start":{"line":100,"column":18},"end":{"line":100,"column":25}}]},"19":{"type":"branch","line":100,"loc":{"start":{"line":100,"column":18},"end":{"line":105,"column":45}},"locations":[{"start":{"line":100,"column":18},"end":{"line":105,"column":45}}]},"20":{"type":"branch","line":105,"loc":{"start":{"line":105,"column":45},"end":{"line":124,"column":3}},"locations":[{"start":{"line":105,"column":45},"end":{"line":124,"column":3}}]},"21":{"type":"branch","line":109,"loc":{"start":{"line":109,"column":62},"end":{"line":109,"column":108}},"locations":[{"start":{"line":109,"column":62},"end":{"line":109,"column":108}}]},"22":{"type":"branch","line":109,"loc":{"start":{"line":109,"column":103},"end":{"line":109,"column":110}},"locations":[{"start":{"line":109,"column":103},"end":{"line":109,"column":110}}]},"23":{"type":"branch","line":120,"loc":{"start":{"line":120,"column":43},"end":{"line":123,"column":5}},"locations":[{"start":{"line":120,"column":43},"end":{"line":123,"column":5}}]},"24":{"type":"branch","line":124,"loc":{"start":{"line":124,"column":2},"end":{"line":129,"column":53}},"locations":[{"start":{"line":124,"column":2},"end":{"line":129,"column":53}}]},"25":{"type":"branch","line":129,"loc":{"start":{"line":129,"column":31},"end":{"line":130,"column":46}},"locations":[{"start":{"line":129,"column":31},"end":{"line":130,"column":46}}]},"26":{"type":"branch","line":131,"loc":{"start":{"line":131,"column":4},"end":{"line":135,"column":3}},"locations":[{"start":{"line":131,"column":4},"end":{"line":135,"column":3}}]},"27":{"type":"branch","line":132,"loc":{"start":{"line":132,"column":78},"end":{"line":134,"column":5}},"locations":[{"start":{"line":132,"column":78},"end":{"line":134,"column":5}}]},"28":{"type":"branch","line":135,"loc":{"start":{"line":135,"column":2},"end":{"line":141,"column":1}},"locations":[{"start":{"line":135,"column":2},"end":{"line":141,"column":1}}]},"29":{"type":"branch","line":149,"loc":{"start":{"line":149,"column":0},"end":{"line":203,"column":1}},"locations":[{"start":{"line":149,"column":0},"end":{"line":203,"column":1}}]},"30":{"type":"branch","line":150,"loc":{"start":{"line":150,"column":34},"end":{"line":150,"column":66}},"locations":[{"start":{"line":150,"column":34},"end":{"line":150,"column":66}}]},"31":{"type":"branch","line":150,"loc":{"start":{"line":150,"column":64},"end":{"line":153,"column":25}},"locations":[{"start":{"line":150,"column":64},"end":{"line":153,"column":25}}]},"32":{"type":"branch","line":153,"loc":{"start":{"line":153,"column":18},"end":{"line":153,"column":25}},"locations":[{"start":{"line":153,"column":18},"end":{"line":153,"column":25}}]},"33":{"type":"branch","line":153,"loc":{"start":{"line":153,"column":18},"end":{"line":159,"column":78}},"locations":[{"start":{"line":153,"column":18},"end":{"line":159,"column":78}}]},"34":{"type":"branch","line":159,"loc":{"start":{"line":159,"column":60},"end":{"line":159,"column":106}},"locations":[{"start":{"line":159,"column":60},"end":{"line":159,"column":106}}]},"35":{"type":"branch","line":159,"loc":{"start":{"line":159,"column":101},"end":{"line":159,"column":108}},"locations":[{"start":{"line":159,"column":101},"end":{"line":159,"column":108}}]},"36":{"type":"branch","line":168,"loc":{"start":{"line":168,"column":3},"end":{"line":171,"column":43}},"locations":[{"start":{"line":168,"column":3},"end":{"line":171,"column":43}}]},"37":{"type":"branch","line":171,"loc":{"start":{"line":171,"column":43},"end":{"line":174,"column":3}},"locations":[{"start":{"line":171,"column":43},"end":{"line":174,"column":3}}]},"38":{"type":"branch","line":174,"loc":{"start":{"line":174,"column":2},"end":{"line":175,"column":41}},"locations":[{"start":{"line":174,"column":2},"end":{"line":175,"column":41}}]},"39":{"type":"branch","line":175,"loc":{"start":{"line":175,"column":41},"end":{"line":178,"column":3}},"locations":[{"start":{"line":175,"column":41},"end":{"line":178,"column":3}}]},"40":{"type":"branch","line":178,"loc":{"start":{"line":178,"column":2},"end":{"line":183,"column":68}},"locations":[{"start":{"line":178,"column":2},"end":{"line":183,"column":68}}]},"41":{"type":"branch","line":183,"loc":{"start":{"line":183,"column":68},"end":{"line":185,"column":3}},"locations":[{"start":{"line":183,"column":68},"end":{"line":185,"column":3}}]},"42":{"type":"branch","line":185,"loc":{"start":{"line":185,"column":2},"end":{"line":192,"column":7}},"locations":[{"start":{"line":185,"column":2},"end":{"line":192,"column":7}}]},"43":{"type":"branch","line":192,"loc":{"start":{"line":192,"column":5},"end":{"line":193,"column":11}},"locations":[{"start":{"line":192,"column":5},"end":{"line":193,"column":11}}]},"44":{"type":"branch","line":193,"loc":{"start":{"line":193,"column":2},"end":{"line":198,"column":3}},"locations":[{"start":{"line":193,"column":2},"end":{"line":198,"column":3}}]},"45":{"type":"branch","line":198,"loc":{"start":{"line":198,"column":2},"end":{"line":203,"column":1}},"locations":[{"start":{"line":198,"column":2},"end":{"line":203,"column":1}}]},"46":{"type":"branch","line":211,"loc":{"start":{"line":211,"column":0},"end":{"line":248,"column":1}},"locations":[{"start":{"line":211,"column":0},"end":{"line":248,"column":1}}]},"47":{"type":"branch","line":212,"loc":{"start":{"line":212,"column":34},"end":{"line":212,"column":66}},"locations":[{"start":{"line":212,"column":34},"end":{"line":212,"column":66}}]},"48":{"type":"branch","line":212,"loc":{"start":{"line":212,"column":64},"end":{"line":218,"column":78}},"locations":[{"start":{"line":212,"column":64},"end":{"line":218,"column":78}}]},"49":{"type":"branch","line":218,"loc":{"start":{"line":218,"column":60},"end":{"line":218,"column":106}},"locations":[{"start":{"line":218,"column":60},"end":{"line":218,"column":106}}]},"50":{"type":"branch","line":218,"loc":{"start":{"line":218,"column":101},"end":{"line":218,"column":108}},"locations":[{"start":{"line":218,"column":101},"end":{"line":218,"column":108}}]},"51":{"type":"branch","line":226,"loc":{"start":{"line":226,"column":3},"end":{"line":229,"column":43}},"locations":[{"start":{"line":226,"column":3},"end":{"line":229,"column":43}}]},"52":{"type":"branch","line":229,"loc":{"start":{"line":229,"column":43},"end":{"line":232,"column":3}},"locations":[{"start":{"line":229,"column":43},"end":{"line":232,"column":3}}]},"53":{"type":"branch","line":232,"loc":{"start":{"line":232,"column":2},"end":{"line":233,"column":41}},"locations":[{"start":{"line":232,"column":2},"end":{"line":233,"column":41}}]},"54":{"type":"branch","line":233,"loc":{"start":{"line":233,"column":41},"end":{"line":238,"column":3}},"locations":[{"start":{"line":233,"column":41},"end":{"line":238,"column":3}}]},"55":{"type":"branch","line":238,"loc":{"start":{"line":238,"column":2},"end":{"line":248,"column":1}},"locations":[{"start":{"line":238,"column":2},"end":{"line":248,"column":1}}]}},"b":{"0":[2],"1":[2],"2":[1],"3":[2],"4":[22],"5":[22],"6":[1],"7":[21],"8":[8],"9":[7],"10":[7],"11":[6],"12":[5],"13":[4],"14":[1],"15":[8],"16":[1],"17":[7],"18":[1],"19":[6],"20":[4],"21":[1],"22":[3],"23":[1],"24":[5],"25":[1],"26":[1],"27":[2],"28":[5],"29":[7],"30":[1],"31":[6],"32":[1],"33":[5],"34":[1],"35":[4],"36":[5],"37":[1],"38":[4],"39":[1],"40":[3],"41":[5],"42":[3],"43":[2],"44":[1],"45":[2],"46":[5],"47":[1],"48":[4],"49":[1],"50":[3],"51":[4],"52":[1],"53":[3],"54":[1],"55":[2]},"fnMap":{"0":{"name":"AppRecord","decl":{"start":{"line":14,"column":7},"end":{"line":42,"column":1}},"loc":{"start":{"line":14,"column":7},"end":{"line":42,"column":1}},"line":14},"1":{"name":"editRecord","decl":{"start":{"line":20,"column":21},"end":{"line":29,"column":4}},"loc":{"start":{"line":20,"column":21},"end":{"line":29,"column":4}},"line":20},"2":{"name":"action","decl":{"start":{"line":35,"column":16},"end":{"line":37,"column":10}},"loc":{"start":{"line":35,"column":16},"end":{"line":37,"column":10}},"line":35},"3":{"name":"AppIndex","decl":{"start":{"line":54,"column":7},"end":{"line":88,"column":1}},"loc":{"start":{"line":54,"column":7},"end":{"line":88,"column":1}},"line":54},"4":{"name":"action","decl":{"start":{"line":58,"column":33},"end":{"line":77,"column":4}},"loc":{"start":{"line":58,"column":33},"end":{"line":77,"column":4}},"line":58},"5":{"name":"regist","decl":{"start":{"line":96,"column":0},"end":{"line":141,"column":1}},"loc":{"start":{"line":96,"column":0},"end":{"line":141,"column":1}},"line":96},"6":{"name":"update","decl":{"start":{"line":149,"column":0},"end":{"line":203,"column":1}},"loc":{"start":{"line":149,"column":0},"end":{"line":203,"column":1}},"line":149},"7":{"name":"search","decl":{"start":{"line":211,"column":0},"end":{"line":248,"column":1}},"loc":{"start":{"line":211,"column":0},"end":{"line":248,"column":1}},"line":211}},"f":{"0":2,"1":2,"2":2,"3":22,"4":22,"5":8,"6":7,"7":5}}
,"/workspaces/21-kintone/packages/ktplug-qrcode-reader/src/components/customize/QrReader.tsx": {"path":"/workspaces/21-kintone/packages/ktplug-qrcode-reader/src/components/customize/QrReader.tsx","all":false,"statementMap":{"0":{"start":{"line":1,"column":0},"end":{"line":1,"column":50}},"1":{"start":{"line":2,"column":0},"end":{"line":2,"column":65}},"2":{"start":{"line":3,"column":0},"end":{"line":3,"column":30}},"4":{"start":{"line":5,"column":0},"end":{"line":5,"column":38}},"6":{"start":{"line":7,"column":0},"end":{"line":7,"column":39}},"7":{"start":{"line":8,"column":0},"end":{"line":8,"column":61}},"8":{"start":{"line":9,"column":0},"end":{"line":9,"column":2}},"37":{"start":{"line":38,"column":0},"end":{"line":38,"column":70}},"38":{"start":{"line":39,"column":0},"end":{"line":39,"column":45}},"39":{"start":{"line":40,"column":0},"end":{"line":40,"column":49}},"40":{"start":{"line":41,"column":0},"end":{"line":41,"column":36}},"41":{"start":{"line":42,"column":0},"end":{"line":42,"column":4}},"42":{"start":{"line":43,"column":0},"end":{"line":43,"column":79}},"43":{"start":{"line":44,"column":0},"end":{"line":44,"column":61}},"48":{"start":{"line":49,"column":0},"end":{"line":49,"column":64}},"49":{"start":{"line":50,"column":0},"end":{"line":50,"column":38}},"50":{"start":{"line":51,"column":0},"end":{"line":51,"column":30}},"51":{"start":{"line":52,"column":0},"end":{"line":52,"column":29}},"54":{"start":{"line":55,"column":0},"end":{"line":55,"column":48}},"55":{"start":{"line":56,"column":0},"end":{"line":56,"column":24}},"56":{"start":{"line":57,"column":0},"end":{"line":57,"column":54}},"57":{"start":{"line":58,"column":0},"end":{"line":58,"column":12}},"58":{"start":{"line":59,"column":0},"end":{"line":59,"column":6}},"61":{"start":{"line":62,"column":0},"end":{"line":62,"column":30}},"62":{"start":{"line":63,"column":0},"end":{"line":63,"column":46}},"63":{"start":{"line":64,"column":0},"end":{"line":64,"column":34}},"64":{"start":{"line":65,"column":0},"end":{"line":65,"column":32}},"65":{"start":{"line":66,"column":0},"end":{"line":66,"column":8}},"66":{"start":{"line":67,"column":0},"end":{"line":67,"column":18}},"67":{"start":{"line":68,"column":0},"end":{"line":68,"column":53}},"68":{"start":{"line":69,"column":0},"end":{"line":69,"column":8}},"69":{"start":{"line":70,"column":0},"end":{"line":70,"column":6}},"70":{"start":{"line":71,"column":0},"end":{"line":71,"column":9}},"75":{"start":{"line":76,"column":0},"end":{"line":76,"column":61}},"76":{"start":{"line":77,"column":0},"end":{"line":77,"column":32}},"77":{"start":{"line":78,"column":0},"end":{"line":78,"column":11}},"78":{"start":{"line":79,"column":0},"end":{"line":79,"column":41}},"79":{"start":{"line":80,"column":0},"end":{"line":80,"column":26}},"80":{"start":{"line":81,"column":0},"end":{"line":81,"column":34}},"81":{"start":{"line":82,"column":0},"end":{"line":82,"column":19}},"82":{"start":{"line":83,"column":0},"end":{"line":83,"column":39}},"83":{"start":{"line":84,"column":0},"end":{"line":84,"column":7}},"84":{"start":{"line":85,"column":0},"end":{"line":85,"column":5}},"86":{"start":{"line":87,"column":0},"end":{"line":87,"column":17}},"87":{"start":{"line":88,"column":0},"end":{"line":88,"column":33}},"88":{"start":{"line":89,"column":0},"end":{"line":89,"column":12}},"89":{"start":{"line":90,"column":0},"end":{"line":90,"column":21}},"90":{"start":{"line":91,"column":0},"end":{"line":91,"column":5}},"91":{"start":{"line":92,"column":0},"end":{"line":92,"column":29}},"92":{"start":{"line":93,"column":0},"end":{"line":93,"column":29}},"93":{"start":{"line":94,"column":0},"end":{"line":94,"column":9}},"98":{"start":{"line":99,"column":0},"end":{"line":99,"column":50}},"99":{"start":{"line":100,"column":0},"end":{"line":100,"column":29}},"100":{"start":{"line":101,"column":0},"end":{"line":101,"column":31}},"101":{"start":{"line":102,"column":0},"end":{"line":102,"column":12}},"102":{"start":{"line":103,"column":0},"end":{"line":103,"column":27}},"103":{"start":{"line":104,"column":0},"end":{"line":104,"column":5}},"104":{"start":{"line":105,"column":0},"end":{"line":105,"column":42}},"109":{"start":{"line":110,"column":0},"end":{"line":110,"column":19}},"110":{"start":{"line":111,"column":0},"end":{"line":111,"column":40}},"111":{"start":{"line":112,"column":0},"end":{"line":112,"column":40}},"117":{"start":{"line":118,"column":0},"end":{"line":118,"column":34}},"118":{"start":{"line":119,"column":0},"end":{"line":119,"column":27}},"119":{"start":{"line":120,"column":0},"end":{"line":120,"column":4}},"121":{"start":{"line":122,"column":0},"end":{"line":122,"column":10}},"122":{"start":{"line":123,"column":0},"end":{"line":123,"column":6}},"123":{"start":{"line":124,"column":0},"end":{"line":124,"column":13}},"124":{"start":{"line":125,"column":0},"end":{"line":125,"column":21}},"125":{"start":{"line":126,"column":0},"end":{"line":126,"column":28}},"126":{"start":{"line":127,"column":0},"end":{"line":127,"column":47}},"128":{"start":{"line":129,"column":0},"end":{"line":129,"column":21}},"129":{"start":{"line":130,"column":0},"end":{"line":130,"column":15}},"131":{"start":{"line":132,"column":0},"end":{"line":132,"column":73}},"133":{"start":{"line":134,"column":0},"end":{"line":134,"column":10}},"134":{"start":{"line":135,"column":0},"end":{"line":135,"column":26}},"135":{"start":{"line":136,"column":0},"end":{"line":136,"column":31}},"136":{"start":{"line":137,"column":0},"end":{"line":137,"column":30}},"137":{"start":{"line":138,"column":0},"end":{"line":138,"column":16}},"138":{"start":{"line":139,"column":0},"end":{"line":139,"column":28}},"139":{"start":{"line":140,"column":0},"end":{"line":140,"column":30}},"140":{"start":{"line":141,"column":0},"end":{"line":141,"column":33}},"141":{"start":{"line":142,"column":0},"end":{"line":142,"column":10}},"142":{"start":{"line":143,"column":0},"end":{"line":143,"column":8}},"143":{"start":{"line":144,"column":0},"end":{"line":144,"column":7}},"145":{"start":{"line":146,"column":0},"end":{"line":146,"column":1}}},"s":{"0":1,"1":1,"2":1,"4":1,"6":1,"7":5,"8":5,"37":1,"38":18,"39":18,"40":18,"41":18,"42":18,"43":18,"48":18,"49":8,"50":8,"51":8,"54":8,"55":8,"56":8,"57":8,"58":8,"61":8,"62":8,"63":3,"64":3,"65":3,"66":8,"67":1,"68":1,"69":8,"70":18,"75":18,"76":5,"77":6,"78":6,"79":5,"80":4,"81":6,"82":1,"83":1,"84":6,"86":5,"87":2,"88":2,"89":2,"90":2,"91":4,"92":4,"93":18,"98":18,"99":9,"100":2,"101":9,"102":7,"103":7,"104":18,"109":18,"110":7,"111":18,"117":18,"118":9,"119":9,"121":18,"122":18,"123":18,"124":18,"125":18,"126":18,"128":18,"129":18,"131":18,"133":18,"134":18,"135":18,"136":18,"137":18,"138":18,"139":18,"140":18,"141":18,"142":18,"143":18,"145":18},"branchMap":{"0":{"type":"branch","line":7,"loc":{"start":{"line":7,"column":14},"end":{"line":9,"column":2}},"locations":[{"start":{"line":7,"column":14},"end":{"line":9,"column":2}}]},"1":{"type":"branch","line":8,"loc":{"start":{"line":8,"column":21},"end":{"line":8,"column":59}},"locations":[{"start":{"line":8,"column":21},"end":{"line":8,"column":59}}]},"2":{"type":"branch","line":38,"loc":{"start":{"line":38,"column":7},"end":{"line":146,"column":1}},"locations":[{"start":{"line":38,"column":7},"end":{"line":146,"column":1}}]},"3":{"type":"branch","line":41,"loc":{"start":{"line":41,"column":4},"end":{"line":41,"column":27}},"locations":[{"start":{"line":41,"column":4},"end":{"line":41,"column":27}}]},"4":{"type":"branch","line":41,"loc":{"start":{"line":41,"column":16},"end":{"line":41,"column":36}},"locations":[{"start":{"line":41,"column":16},"end":{"line":41,"column":36}}]},"5":{"type":"branch","line":49,"loc":{"start":{"line":49,"column":35},"end":{"line":71,"column":5}},"locations":[{"start":{"line":49,"column":35},"end":{"line":71,"column":5}}]},"6":{"type":"branch","line":63,"loc":{"start":{"line":63,"column":6},"end":{"line":66,"column":8}},"locations":[{"start":{"line":63,"column":6},"end":{"line":66,"column":8}}]},"7":{"type":"branch","line":65,"loc":{"start":{"line":65,"column":30},"end":{"line":65,"column":32}},"locations":[{"start":{"line":65,"column":30},"end":{"line":65,"column":32}}]},"8":{"type":"branch","line":67,"loc":{"start":{"line":67,"column":6},"end":{"line":69,"column":8}},"locations":[{"start":{"line":67,"column":6},"end":{"line":69,"column":8}}]},"9":{"type":"branch","line":76,"loc":{"start":{"line":76,"column":34},"end":{"line":94,"column":5}},"locations":[{"start":{"line":76,"column":34},"end":{"line":94,"column":5}}]},"10":{"type":"branch","line":77,"loc":{"start":{"line":77,"column":31},"end":{"line":85,"column":5}},"locations":[{"start":{"line":77,"column":31},"end":{"line":85,"column":5}}]},"11":{"type":"branch","line":79,"loc":{"start":{"line":79,"column":39},"end":{"line":80,"column":26}},"locations":[{"start":{"line":79,"column":39},"end":{"line":80,"column":26}}]},"12":{"type":"branch","line":80,"loc":{"start":{"line":80,"column":24},"end":{"line":82,"column":15}},"locations":[{"start":{"line":80,"column":24},"end":{"line":82,"column":15}}]},"13":{"type":"branch","line":82,"loc":{"start":{"line":82,"column":6},"end":{"line":84,"column":7}},"locations":[{"start":{"line":82,"column":6},"end":{"line":84,"column":7}}]},"14":{"type":"branch","line":85,"loc":{"start":{"line":85,"column":4},"end":{"line":87,"column":16}},"locations":[{"start":{"line":85,"column":4},"end":{"line":87,"column":16}}]},"15":{"type":"branch","line":87,"loc":{"start":{"line":87,"column":16},"end":{"line":91,"column":5}},"locations":[{"start":{"line":87,"column":16},"end":{"line":91,"column":5}}]},"16":{"type":"branch","line":91,"loc":{"start":{"line":91,"column":4},"end":{"line":93,"column":29}},"locations":[{"start":{"line":91,"column":4},"end":{"line":93,"column":29}}]},"17":{"type":"branch","line":99,"loc":{"start":{"line":99,"column":37},"end":{"line":105,"column":5}},"locations":[{"start":{"line":99,"column":37},"end":{"line":105,"column":5}}]},"18":{"type":"branch","line":100,"loc":{"start":{"line":100,"column":28},"end":{"line":102,"column":11}},"locations":[{"start":{"line":100,"column":28},"end":{"line":102,"column":11}}]},"19":{"type":"branch","line":102,"loc":{"start":{"line":102,"column":4},"end":{"line":104,"column":5}},"locations":[{"start":{"line":102,"column":4},"end":{"line":104,"column":5}}]},"20":{"type":"branch","line":110,"loc":{"start":{"line":110,"column":12},"end":{"line":112,"column":5}},"locations":[{"start":{"line":110,"column":12},"end":{"line":112,"column":5}}]},"21":{"type":"branch","line":111,"loc":{"start":{"line":111,"column":19},"end":{"line":111,"column":40}},"locations":[{"start":{"line":111,"column":19},"end":{"line":111,"column":40}}]},"22":{"type":"branch","line":118,"loc":{"start":{"line":118,"column":21},"end":{"line":120,"column":4}},"locations":[{"start":{"line":118,"column":21},"end":{"line":120,"column":4}}]}},"b":{"0":[5],"1":[5],"2":[18],"3":[2],"4":[16],"5":[8],"6":[3],"7":[2],"8":[1],"9":[5],"10":[6],"11":[5],"12":[4],"13":[1],"14":[4],"15":[2],"16":[4],"17":[9],"18":[2],"19":[7],"20":[7],"21":[1],"22":[9]},"fnMap":{"0":{"name":"sleep","decl":{"start":{"line":7,"column":14},"end":{"line":9,"column":2}},"loc":{"start":{"line":7,"column":14},"end":{"line":9,"column":2}},"line":7},"1":{"name":"QrReader","decl":{"start":{"line":38,"column":7},"end":{"line":146,"column":1}},"loc":{"start":{"line":38,"column":7},"end":{"line":146,"column":1}},"line":38},"2":{"name":"onbtnClick","decl":{"start":{"line":118,"column":21},"end":{"line":120,"column":4}},"loc":{"start":{"line":118,"column":21},"end":{"line":120,"column":4}},"line":118}},"f":{"0":5,"1":18,"2":9}}
,"/workspaces/21-kintone/packages/ktplug-qrcode-reader/src/lib/utils.ts": {"path":"/workspaces/21-kintone/packages/ktplug-qrcode-reader/src/lib/utils.ts","all":true,"statementMap":{},"s":{},"branchMap":{"0":{"type":"branch","line":1,"loc":{"start":{"line":1,"column":0},"end":{"line":1,"column":0}},"locations":[{"start":{"line":1,"column":0},"end":{"line":1,"column":0}}]}},"b":{"0":[1]},"fnMap":{"0":{"name":"(empty-report)","decl":{"start":{"line":1,"column":0},"end":{"line":1,"column":0}},"loc":{"start":{"line":1,"column":0},"end":{"line":1,"column":0}},"line":1}},"f":{"0":1}}
}
